TpTrace Verbose: 0 : 74604, 1, 2021/09/14, 21:26:28.343, 3870416225024, testhost.x86.exe, Version: 16.10.0
TpTrace Information: 0 : 74604, 1, 2021/09/14, 21:26:28.347, 3870416255536, testhost.x86.exe, DefaultEngineInvoker.Invoke: Testhost process started with args :[--port, 50670],[--endpoint, 127.0.0.1:050670],[--role, client],[--parentprocessid, 73460],[--diag, D:\SoftwareEngineering\individual-project-JiaFeiMiao-K-Cat\ExercisesGenerator\ToolsUnitTest\bin\Release\net40\fine-code-coverage\coverage-tool-output\diagnostics.host.21-09-14_21-26-28_19511_1.log],[--tracelevel, 4],[--datacollectionport, 50669],[--telemetryoptedin, false]
TpTrace Information: 0 : 74604, 1, 2021/09/14, 21:26:28.348, 3870416262795, testhost.x86.exe, DefaultEngineInvoker: Using Application Configuration: '<?xml version="1.0" encoding="utf-8"?>
<configuration>
  <startup useLegacyV2RuntimeActivationPolicy="true">
    <supportedRuntime version="v4.0" sku=".NETFramework,Version=v4.0" />
  </startup>
  <runtime>
    <legacyUnhandledExceptionPolicy enabled="1" />
    <legacyCorruptedStateExceptionsPolicy enabled="true" />
    <!-- To get stacktrace information for portable and embedded pdbs when net472 installed on machine.
          More details https://github.com/dotnet/designs/blob/master/accepted/diagnostics/debugging-with-symbols-and-sources.md#stack-traces -->
    <AppContextSwitchOverrides value="Switch.System.Diagnostics.IgnorePortablePDBsInStackTraces=false" />
    <assemblyBinding xmlns="urn:schemas-microsoft-com:asm.v1">
      <probing privatePath="Extensions" />
      <!-- Test adapters compiled against version 11-14, need to be redirected to version 15. -->
      <dependentAssembly>
        <assemblyIdentity name="Microsoft.VisualStudio.TestPlatform.ObjectModel" publicKeyToken="b03f5f7f11d50a3a" culture="neutral" />
        <bindingRedirect oldVersion="11.0.0.0-14.0.0.0" newVersion="15.0.0.0" />
      </dependentAssembly>
      <dependentAssembly>
        <assemblyIdentity name="Microsoft.VisualStudio.TestWindow.Interfaces" publicKeyToken="b03f5f7f11d50a3a" culture="neutral" />
        <bindingRedirect oldVersion="11.0.0.0-15.0.0.0" newVersion="16.0.0.0" />
      </dependentAssembly>
      <dependentAssembly>
        <assemblyIdentity name="Microsoft.VisualStudio.QualityTools.UnitTestFramework" publicKeyToken="b03f5f7f11d50a3a" culture="neutral" />
        <bindingRedirect oldVersion="10.1.0.0" newVersion="10.0.0.0" />
      </dependentAssembly>
      <dependentAssembly>
        <assemblyIdentity name="Microsoft.VisualStudio.QualityTools.Resource" publicKeyToken="b03f5f7f11d50a3a" culture="neutral" />
        <bindingRedirect oldVersion="10.0.0.0-15.0.0.0" newVersion="16.0.0.0" />
      </dependentAssembly>
      <dependentAssembly>
        <assemblyIdentity name="Microsoft.VisualStudio.QualityTools.ControllerObject" publicKeyToken="b03f5f7f11d50a3a" culture="neutral" />
        <bindingRedirect oldVersion="10.0.0.0-15.0.0.0" newVersion="16.0.0.0" />
      </dependentAssembly>
      <dependentAssembly>
        <assemblyIdentity name="Microsoft.VisualStudio.QualityTools.ExecutionCommon" publicKeyToken="b03f5f7f11d50a3a" culture="neutral" />
        <bindingRedirect oldVersion="10.0.0.0-15.0.0.0" newVersion="16.0.0.0" />
      </dependentAssembly>
      <dependentAssembly>
        <assemblyIdentity name="Microsoft.VisualStudio.QualityTools.Common" publicKeyToken="b03f5f7f11d50a3a" culture="neutral" />
        <bindingRedirect oldVersion="10.0.0.0-15.0.0.0" newVersion="16.0.0.0" />
      </dependentAssembly>
      <dependentAssembly>
        <assemblyIdentity name="Microsoft.VisualStudio.QualityTools.Tips.UnitTest.ObjectModel" publicKeyToken="b03f5f7f11d50a3a" culture="neutral" />
        <bindingRedirect oldVersion="10.0.0.0-15.0.0.0" newVersion="16.0.0.0" />
      </dependentAssembly>
    </assemblyBinding>
  </runtime>
  <system.diagnostics>
    <switches>
      <add name="TpTraceLevel" value="0" />
    </switches>
  </system.diagnostics>
  <appSettings>
    <!--<add key="ExecutionThreadApartmentState" value ="MTA"/>-->
    <!--<add key="TraceLogMaxFileSizeInKb" value ="10240"/>-->
    <!-- MsTest Adapter Specific AppSettings -->
    <!-- This flag is added to support test execution for net35 tests through TMI adapter. -->
    <add key="TestProjectRetargetTo35Allowed" value="true" />
  </appSettings>
</configuration>'
TpTrace Information: 0 : 74604, 1, 2021/09/14, 21:26:28.348, 3870416269388, testhost.x86.exe, DefaultEngineInvoker.SetParentProcessExitCallback: Monitoring parent process with id: '73460'
TpTrace Information: 0 : 74604, 1, 2021/09/14, 21:26:28.370, 3870416486844, testhost.x86.exe, DefaultEngineInvoker.GetConnectionInfo: Initialize communication on endpoint address: '127.0.0.1:050670'
TpTrace Information: 0 : 74604, 1, 2021/09/14, 21:26:28.385, 3870416635433, testhost.x86.exe, SocketClient.Start: connecting to server endpoint: 127.0.0.1:050670
TpTrace Information: 0 : 74604, 1, 2021/09/14, 21:26:28.388, 3870416657291, testhost.x86.exe, DefaultEngineInvoker.ConnectToDatacollector: Connecting to datacollector, port: 50669
TpTrace Information: 0 : 74604, 7, 2021/09/14, 21:26:28.389, 3870416669695, testhost.x86.exe, SocketClient.OnServerConnected: connected to server endpoint: 127.0.0.1:050670
TpTrace Information: 0 : 74604, 1, 2021/09/14, 21:26:28.390, 3870416680906, testhost.x86.exe, Trying to connect to server on socket : 127.0.0.1:50669 
TpTrace Verbose: 0 : 74604, 7, 2021/09/14, 21:26:28.390, 3870416683992, testhost.x86.exe, Connected to server, and starting MessageLoopAsync
TpTrace Verbose: 0 : 74604, 1, 2021/09/14, 21:26:28.390, 3870416684757, testhost.x86.exe, SocketCommunicationManager : SetupClientAsync : Attempting to connect to the server.
TpTrace Information: 0 : 74604, 8, 2021/09/14, 21:26:28.391, 3870416694024, testhost.x86.exe, Connected to the server successfully 
TpTrace Information: 0 : 74604, 8, 2021/09/14, 21:26:28.391, 3870416695126, testhost.x86.exe, Using the buffer size of 16384 bytes
TpTrace Information: 0 : 74604, 1, 2021/09/14, 21:26:28.392, 3870416702736, testhost.x86.exe, DefaultEngineInvoker.Invoke: Start Request Processing.
TpTrace Verbose: 0 : 74604, 7, 2021/09/14, 21:26:28.392, 3870416703291, testhost.x86.exe, TcpClientExtensions.MessageLoopAsync: Polling on remoteEndPoint: 127.0.0.1:50670 localEndPoint: 127.0.0.1:50671
TpTrace Verbose: 0 : 74604, 7, 2021/09/14, 21:26:28.392, 3870416705560, testhost.x86.exe, TcpClientExtensions.MessageLoopAsync: NotifyDataAvailable remoteEndPoint: 127.0.0.1:50670 localEndPoint: 127.0.0.1:50671
TpTrace Information: 0 : 74604, 10, 2021/09/14, 21:26:28.393, 3870416713235, testhost.x86.exe, DefaultEngineInvoker.StartProcessingAsync: Connected to vstest.console, Starting process requests.
TpTrace Information: 0 : 74604, 7, 2021/09/14, 21:26:28.505, 3870417839784, testhost.x86.exe, TestRequestHandler.OnMessageReceived: received message: (ProtocolVersion) -> 5
TpTrace Verbose: 0 : 74604, 7, 2021/09/14, 21:26:28.570, 3870418484630, testhost.x86.exe, TestRequestHandler.SendData:  sending data from testhost: {"Version":5,"MessageType":"TestSession.Message","Payload":{"MessageLevel":0,"Message":"在文件 D:\\SoftwareEngineering\\individual-project-JiaFeiMiao-K-Cat\\ExercisesGenerator\\ToolsUnitTest\\bin\\Release\\net40\\fine-code-coverage\\coverage-tool-output\\diagnostics.host.21-09-14_21-26-28_19511_1.log 中记录 TestHost 诊断"}}
TpTrace Verbose: 0 : 74604, 7, 2021/09/14, 21:26:28.570, 3870418486448, testhost.x86.exe, TcpClientExtensions.MessageLoopAsync: Polling on remoteEndPoint: 127.0.0.1:50670 localEndPoint: 127.0.0.1:50671
TpTrace Verbose: 0 : 74604, 7, 2021/09/14, 21:26:28.570, 3870418487214, testhost.x86.exe, TcpClientExtensions.MessageLoopAsync: NotifyDataAvailable remoteEndPoint: 127.0.0.1:50670 localEndPoint: 127.0.0.1:50671
TpTrace Information: 0 : 74604, 7, 2021/09/14, 21:26:28.573, 3870418520760, testhost.x86.exe, TestRequestHandler.OnMessageReceived: received message: (TestExecution.Initialize) -> [
  "C:\\Program Files\\dotnet\\sdk\\5.0.302\\Extensions\\Microsoft.Diagnostics.NETCore.Client.dll",
  "C:\\Program Files\\dotnet\\sdk\\5.0.302\\Extensions\\Microsoft.TestPlatform.Extensions.BlameDataCollector.dll",
  "C:\\Program Files\\dotnet\\sdk\\5.0.302\\Extensions\\Microsoft.TestPlatform.Extensions.EventLogCollector.dll",
  "C:\\Program Files\\dotnet\\sdk\\5.0.302\\Extensions\\Microsoft.TestPlatform.TestHostRuntimeProvider.dll",
  "C:\\Program Files\\dotnet\\sdk\\5.0.302\\Extensions\\Microsoft.VisualStudio.TestPlatform.Extensions.Html.TestLogger.dll",
  "C:\\Program Files\\dotnet\\sdk\\5.0.302\\Extensions\\Microsoft.VisualStudio.TestPlatform.Extensions.Trx.TestLogger.dll",
  "D:\\SoftwareEngineering\\individual-project-JiaFeiMiao-K-Cat\\ExercisesGenerator\\ToolsUnitTest\\bin\\Release\\net40\\fine-code-coverage\\build-output\\NUnit3.TestAdapter.dll"
]
TpTrace Verbose: 0 : 74604, 7, 2021/09/14, 21:26:28.584, 3870418629875, testhost.x86.exe, TcpClientExtensions.MessageLoopAsync: Polling on remoteEndPoint: 127.0.0.1:50670 localEndPoint: 127.0.0.1:50671
TpTrace Verbose: 0 : 74604, 7, 2021/09/14, 21:26:28.584, 3870418631295, testhost.x86.exe, TcpClientExtensions.MessageLoopAsync: NotifyDataAvailable remoteEndPoint: 127.0.0.1:50670 localEndPoint: 127.0.0.1:50671
TpTrace Information: 0 : 74604, 3, 2021/09/14, 21:26:28.585, 3870418634979, testhost.x86.exe, TestRequestHandler.OnMessageReceived: Running job 'TestExecution.Initialize'.
TpTrace Information: 0 : 74604, 7, 2021/09/14, 21:26:28.587, 3870418656621, testhost.x86.exe, TestRequestHandler.OnMessageReceived: received message: (TestExecution.StartWithSources) -> {
  "AdapterSourceMap": {
    "_none_": [
      "D:\\SoftwareEngineering\\individual-project-JiaFeiMiao-K-Cat\\ExercisesGenerator\\ToolsUnitTest\\bin\\Release\\net40\\fine-code-coverage\\build-output\\ToolsUnitTest.dll"
    ]
  },
  "RunSettings": "<RunSettings>\r\n  <RunConfiguration>\r\n    <ResultsDirectory>D:\\SoftwareEngineering\\individual-project-JiaFeiMiao-K-Cat\\ExercisesGenerator\\ToolsUnitTest\\bin\\Release\\net40\\fine-code-coverage\\coverage-tool-output</ResultsDirectory>\r\n    <TargetPlatform>X86</TargetPlatform>\r\n    <TargetFrameworkVersion>.NETFramework,Version=v4.0</TargetFrameworkVersion>\r\n    <DesignMode>False</DesignMode>\r\n    <CollectSourceInformation>False</CollectSourceInformation>\r\n  </RunConfiguration>\r\n  <LoggerRunSettings>\r\n    <Loggers>\r\n      <Logger friendlyName=\"blame\" enabled=\"True\" />\r\n      <Logger friendlyName=\"Console\" uri=\"logger://microsoft/TestPlatform/ConsoleLogger/v1\" assemblyQualifiedName=\"Microsoft.VisualStudio.TestPlatform.CommandLine.Internal.ConsoleLogger, vstest.console, Version=15.0.0.0, Culture=neutral, PublicKeyToken=b03f5f7f11d50a3a\" codeBase=\"C:\\Program Files\\dotnet\\sdk\\5.0.302\\vstest.console.dll\" enabled=\"True\" />\r\n    </Loggers>\r\n  </LoggerRunSettings>\r\n  <DataCollectionRunSettings>\r\n    <DataCollectors>\r\n      <DataCollector friendlyName=\"blame\" enabled=\"True\">\r\n        <Configuration>\r\n          <ResultsDirectory>D:\\SoftwareEngineering\\individual-project-JiaFeiMiao-K-Cat\\ExercisesGenerator\\ToolsUnitTest\\bin\\Release\\net40\\fine-code-coverage\\coverage-tool-output</ResultsDirectory>\r\n        </Configuration>\r\n      </DataCollector>\r\n    </DataCollectors>\r\n  </DataCollectionRunSettings>\r\n</RunSettings>",
  "TestExecutionContext": {
    "FrequencyOfRunStatsChangeEvent": 10,
    "RunStatsChangeEventTimeout": "00:00:01.5000000",
    "InIsolation": false,
    "KeepAlive": false,
    "AreTestCaseLevelEventsRequired": false,
    "IsDebug": false,
    "TestCaseFilter": null,
    "FilterOptions": null
  },
  "Package": null
}
TpTrace Verbose: 0 : 74604, 3, 2021/09/14, 21:26:28.593, 3870418714828, testhost.x86.exe, TestExecutorService: Loading the extensions
TpTrace Verbose: 0 : 74604, 3, 2021/09/14, 21:26:28.596, 3870418745594, testhost.x86.exe, TestPluginCache.DiscoverTestExtensions: finding test extensions in assemblies ends with: TestAdapter.dll TPluginInfo: Microsoft.VisualStudio.TestPlatform.Common.ExtensionFramework.Utilities.TestExecutorPluginInformation TExtension: Microsoft.VisualStudio.TestPlatform.ObjectModel.Adapter.ITestExecutor
TpTrace Verbose: 0 : 74604, 3, 2021/09/14, 21:26:28.598, 3870418761356, testhost.x86.exe, TestPluginCache.GetExtensionPaths: Filtered extension paths: 
TpTrace Verbose: 0 : 74604, 3, 2021/09/14, 21:26:28.598, 3870418762943, testhost.x86.exe, TestPluginCache.GetExtensionPaths: Added default extension paths: C:\Program Files\dotnet\sdk\5.0.302\Extensions\Microsoft.Diagnostics.NETCore.Client.dll
C:\Program Files\dotnet\sdk\5.0.302\Extensions\Microsoft.TestPlatform.Extensions.BlameDataCollector.dll
C:\Program Files\dotnet\sdk\5.0.302\Extensions\Microsoft.TestPlatform.Extensions.EventLogCollector.dll
C:\Program Files\dotnet\sdk\5.0.302\Extensions\Microsoft.TestPlatform.TestHostRuntimeProvider.dll
C:\Program Files\dotnet\sdk\5.0.302\Extensions\Microsoft.VisualStudio.TestPlatform.Extensions.Html.TestLogger.dll
C:\Program Files\dotnet\sdk\5.0.302\Extensions\Microsoft.VisualStudio.TestPlatform.Extensions.Trx.TestLogger.dll
D:\SoftwareEngineering\individual-project-JiaFeiMiao-K-Cat\ExercisesGenerator\ToolsUnitTest\bin\Release\net40\fine-code-coverage\build-output\NUnit3.TestAdapter.dll
TpTrace Verbose: 0 : 74604, 3, 2021/09/14, 21:26:28.598, 3870418763593, testhost.x86.exe, TestPluginCache.GetExtensionPaths: Added unfilterableExtensionPaths: 
TpTrace Information: 0 : 74604, 3, 2021/09/14, 21:26:28.599, 3870418778535, testhost.x86.exe, AssemblyResolver.ctor: Creating AssemblyResolver with searchDirectories C:\Program Files\dotnet\sdk\5.0.302\Extensions,D:\SoftwareEngineering\individual-project-JiaFeiMiao-K-Cat\ExercisesGenerator\ToolsUnitTest\bin\Release\net40\fine-code-coverage\build-output,C:\Program Files\dotnet\sdk\5.0.302\TestHost
TpTrace Verbose: 0 : 74604, 3, 2021/09/14, 21:26:28.600, 3870418782605, testhost.x86.exe, TestPluginCache.DiscoverTestExtensions: Discovering the extensions using extension path.
TpTrace Verbose: 0 : 74604, 3, 2021/09/14, 21:26:28.600, 3870418783498, testhost.x86.exe, TestPluginCache.GetExtensionPaths: Filtered extension paths: 
TpTrace Verbose: 0 : 74604, 3, 2021/09/14, 21:26:28.600, 3870418784142, testhost.x86.exe, TestPluginCache.GetExtensionPaths: Added default extension paths: C:\Program Files\dotnet\sdk\5.0.302\Extensions\Microsoft.Diagnostics.NETCore.Client.dll
C:\Program Files\dotnet\sdk\5.0.302\Extensions\Microsoft.TestPlatform.Extensions.BlameDataCollector.dll
C:\Program Files\dotnet\sdk\5.0.302\Extensions\Microsoft.TestPlatform.Extensions.EventLogCollector.dll
C:\Program Files\dotnet\sdk\5.0.302\Extensions\Microsoft.TestPlatform.TestHostRuntimeProvider.dll
C:\Program Files\dotnet\sdk\5.0.302\Extensions\Microsoft.VisualStudio.TestPlatform.Extensions.Html.TestLogger.dll
C:\Program Files\dotnet\sdk\5.0.302\Extensions\Microsoft.VisualStudio.TestPlatform.Extensions.Trx.TestLogger.dll
D:\SoftwareEngineering\individual-project-JiaFeiMiao-K-Cat\ExercisesGenerator\ToolsUnitTest\bin\Release\net40\fine-code-coverage\build-output\NUnit3.TestAdapter.dll
TpTrace Verbose: 0 : 74604, 3, 2021/09/14, 21:26:28.600, 3870418784894, testhost.x86.exe, TestPluginCache.GetExtensionPaths: Added unfilterableExtensionPaths: 
TpTrace Verbose: 0 : 74604, 3, 2021/09/14, 21:26:28.600, 3870418785470, testhost.x86.exe, TestPluginCache.DiscoverTestExtensions: Discovering the extensions using allExtensionPaths: C:\Program Files\dotnet\sdk\5.0.302\Extensions\Microsoft.Diagnostics.NETCore.Client.dll
C:\Program Files\dotnet\sdk\5.0.302\Extensions\Microsoft.TestPlatform.Extensions.BlameDataCollector.dll
C:\Program Files\dotnet\sdk\5.0.302\Extensions\Microsoft.TestPlatform.Extensions.EventLogCollector.dll
C:\Program Files\dotnet\sdk\5.0.302\Extensions\Microsoft.TestPlatform.TestHostRuntimeProvider.dll
C:\Program Files\dotnet\sdk\5.0.302\Extensions\Microsoft.VisualStudio.TestPlatform.Extensions.Html.TestLogger.dll
C:\Program Files\dotnet\sdk\5.0.302\Extensions\Microsoft.VisualStudio.TestPlatform.Extensions.Trx.TestLogger.dll
D:\SoftwareEngineering\individual-project-JiaFeiMiao-K-Cat\ExercisesGenerator\ToolsUnitTest\bin\Release\net40\fine-code-coverage\build-output\NUnit3.TestAdapter.dll
TpTrace Information: 0 : 74604, 3, 2021/09/14, 21:26:28.601, 3870418793091, testhost.x86.exe, AssemblyResolver.AddSearchDirectories: Adding more searchDirectories C:\Program Files\dotnet\sdk\5.0.302\Extensions,C:\Program Files\dotnet\sdk\5.0.302\TestHost
TpTrace Information: 0 : 74604, 3, 2021/09/14, 21:26:28.601, 3870418793990, testhost.x86.exe, AssemblyResolver.AddSearchDirectories: Adding more searchDirectories C:\Program Files\dotnet\sdk\5.0.302\Extensions,C:\Program Files\dotnet\sdk\5.0.302\TestHost
TpTrace Information: 0 : 74604, 3, 2021/09/14, 21:26:28.601, 3870418794621, testhost.x86.exe, AssemblyResolver.AddSearchDirectories: Adding more searchDirectories C:\Program Files\dotnet\sdk\5.0.302\Extensions,C:\Program Files\dotnet\sdk\5.0.302\TestHost
TpTrace Information: 0 : 74604, 3, 2021/09/14, 21:26:28.601, 3870418795150, testhost.x86.exe, AssemblyResolver.AddSearchDirectories: Adding more searchDirectories C:\Program Files\dotnet\sdk\5.0.302\Extensions,C:\Program Files\dotnet\sdk\5.0.302\TestHost
TpTrace Information: 0 : 74604, 3, 2021/09/14, 21:26:28.601, 3870418795711, testhost.x86.exe, AssemblyResolver.AddSearchDirectories: Adding more searchDirectories C:\Program Files\dotnet\sdk\5.0.302\Extensions,C:\Program Files\dotnet\sdk\5.0.302\TestHost
TpTrace Information: 0 : 74604, 3, 2021/09/14, 21:26:28.601, 3870418796297, testhost.x86.exe, AssemblyResolver.AddSearchDirectories: Adding more searchDirectories C:\Program Files\dotnet\sdk\5.0.302\Extensions,C:\Program Files\dotnet\sdk\5.0.302\TestHost
TpTrace Information: 0 : 74604, 3, 2021/09/14, 21:26:28.601, 3870418796855, testhost.x86.exe, AssemblyResolver.AddSearchDirectories: Adding more searchDirectories D:\SoftwareEngineering\individual-project-JiaFeiMiao-K-Cat\ExercisesGenerator\ToolsUnitTest\bin\Release\net40\fine-code-coverage\build-output,C:\Program Files\dotnet\sdk\5.0.302\TestHost
TpTrace Information: 0 : 74604, 3, 2021/09/14, 21:26:28.605, 3870418834861, testhost.x86.exe, AssemblyResolver.OnResolve: Microsoft.Diagnostics.NETCore.Client: Resolving assembly.
TpTrace Information: 0 : 74604, 3, 2021/09/14, 21:26:28.605, 3870418835895, testhost.x86.exe, AssemblyResolver.OnResolve: Microsoft.Diagnostics.NETCore.Client: Searching in: 'C:\Program Files\dotnet\sdk\5.0.302\Extensions'.
TpTrace Information: 0 : 74604, 3, 2021/09/14, 21:26:28.607, 3870418851098, testhost.x86.exe, AssemblyResolver.OnResolve: Microsoft.Diagnostics.NETCore.Client: Loading assembly 'C:\Program Files\dotnet\sdk\5.0.302\Extensions\Microsoft.Diagnostics.NETCore.Client.dll'.
TpTrace Verbose: 0 : 74604, 7, 2021/09/14, 21:26:28.608, 3870418863014, testhost.x86.exe, TcpClientExtensions.MessageLoopAsync: Polling on remoteEndPoint: 127.0.0.1:50670 localEndPoint: 127.0.0.1:50671
TpTrace Information: 0 : 74604, 3, 2021/09/14, 21:26:28.643, 3870419208815, testhost.x86.exe, AssemblyResolver.OnResolve: Microsoft.Diagnostics.NETCore.Client: Failed to load assembly. Reason:System.BadImageFormatException: 未能加载文件或程序集“Microsoft.Diagnostics.NETCore.Client, Version=0.2.2.41902, Culture=neutral, PublicKeyToken=31bf3856ad364e35”或它的某一个依赖项。试图加载格式不正确的程序。
文件名:“Microsoft.Diagnostics.NETCore.Client, Version=0.2.2.41902, Culture=neutral, PublicKeyToken=31bf3856ad364e35”
   在 System.Reflection.RuntimeAssembly._nLoad(AssemblyName fileName, String codeBase, Evidence assemblySecurity, RuntimeAssembly locationHint, StackCrawlMark& stackMark, IntPtr pPrivHostBinder, Boolean throwOnFileNotFound, Boolean forIntrospection, Boolean suppressSecurityChecks)
   在 System.Reflection.RuntimeAssembly.nLoad(AssemblyName fileName, String codeBase, Evidence assemblySecurity, RuntimeAssembly locationHint, StackCrawlMark& stackMark, IntPtr pPrivHostBinder, Boolean throwOnFileNotFound, Boolean forIntrospection, Boolean suppressSecurityChecks)
   在 System.Reflection.RuntimeAssembly.InternalLoadAssemblyName(AssemblyName assemblyRef, Evidence assemblySecurity, RuntimeAssembly reqAssembly, StackCrawlMark& stackMark, IntPtr pPrivHostBinder, Boolean throwOnFileNotFound, Boolean forIntrospection, Boolean suppressSecurityChecks)
   在 System.Reflection.RuntimeAssembly.InternalLoadFrom(String assemblyFile, Evidence securityEvidence, Byte[] hashValue, AssemblyHashAlgorithm hashAlgorithm, Boolean forIntrospection, Boolean suppressSecurityChecks, StackCrawlMark& stackMark)
   在 System.Reflection.Assembly.LoadFrom(String assemblyFile)
   在 Microsoft.VisualStudio.TestPlatform.PlatformAbstractions.PlatformAssemblyLoadContext.LoadAssemblyFromPath(String assemblyPath)
   在 Microsoft.VisualStudio.TestPlatform.Common.Utilities.AssemblyResolver.OnResolve(Object sender, AssemblyResolveEventArgs args)

 
TpTrace Information: 0 : 74604, 3, 2021/09/14, 21:26:28.643, 3870419212494, testhost.x86.exe, AssemblyResolver.OnResolve: Microsoft.Diagnostics.NETCore.Client: Assembly path does not exist: 'C:\Program Files\dotnet\sdk\5.0.302\Extensions\Microsoft.Diagnostics.NETCore.Client.exe', returning.
TpTrace Information: 0 : 74604, 3, 2021/09/14, 21:26:28.643, 3870419213813, testhost.x86.exe, AssemblyResolver.OnResolve: Microsoft.Diagnostics.NETCore.Client: Searching in: 'D:\SoftwareEngineering\individual-project-JiaFeiMiao-K-Cat\ExercisesGenerator\ToolsUnitTest\bin\Release\net40\fine-code-coverage\build-output'.
TpTrace Information: 0 : 74604, 3, 2021/09/14, 21:26:28.643, 3870419215425, testhost.x86.exe, AssemblyResolver.OnResolve: Microsoft.Diagnostics.NETCore.Client: Assembly path does not exist: 'D:\SoftwareEngineering\individual-project-JiaFeiMiao-K-Cat\ExercisesGenerator\ToolsUnitTest\bin\Release\net40\fine-code-coverage\build-output\Microsoft.Diagnostics.NETCore.Client.dll', returning.
TpTrace Information: 0 : 74604, 3, 2021/09/14, 21:26:28.643, 3870419216789, testhost.x86.exe, AssemblyResolver.OnResolve: Microsoft.Diagnostics.NETCore.Client: Assembly path does not exist: 'D:\SoftwareEngineering\individual-project-JiaFeiMiao-K-Cat\ExercisesGenerator\ToolsUnitTest\bin\Release\net40\fine-code-coverage\build-output\Microsoft.Diagnostics.NETCore.Client.exe', returning.
TpTrace Information: 0 : 74604, 3, 2021/09/14, 21:26:28.643, 3870419217382, testhost.x86.exe, AssemblyResolver.OnResolve: Microsoft.Diagnostics.NETCore.Client: Searching in: 'C:\Program Files\dotnet\sdk\5.0.302\TestHost'.
TpTrace Information: 0 : 74604, 3, 2021/09/14, 21:26:28.643, 3870419218812, testhost.x86.exe, AssemblyResolver.OnResolve: Microsoft.Diagnostics.NETCore.Client: Assembly path does not exist: 'C:\Program Files\dotnet\sdk\5.0.302\TestHost\Microsoft.Diagnostics.NETCore.Client.dll', returning.
TpTrace Information: 0 : 74604, 3, 2021/09/14, 21:26:28.644, 3870419220074, testhost.x86.exe, AssemblyResolver.OnResolve: Microsoft.Diagnostics.NETCore.Client: Assembly path does not exist: 'C:\Program Files\dotnet\sdk\5.0.302\TestHost\Microsoft.Diagnostics.NETCore.Client.exe', returning.
TpTrace Information: 0 : 74604, 3, 2021/09/14, 21:26:28.644, 3870419220754, testhost.x86.exe, AssemblyResolver.OnResolve: Microsoft.Diagnostics.NETCore.Client: Failed to load assembly.
TpTrace Verbose: 0 : 74604, 3, 2021/09/14, 21:26:28.644, 3870419226248, testhost.x86.exe, CurrentDomainAssemblyResolve: Resolving assembly 'Microsoft.Diagnostics.NETCore.Client'.
TpTrace Information: 0 : 74604, 3, 2021/09/14, 21:26:28.644, 3870419228204, testhost.x86.exe, AssemblyResolver.OnResolve: Microsoft.Diagnostics.NETCore.Client: Resolving assembly.
TpTrace Information: 0 : 74604, 3, 2021/09/14, 21:26:28.644, 3870419228869, testhost.x86.exe, AssemblyResolver.OnResolve: Microsoft.Diagnostics.NETCore.Client: Resolved from cache.
TpTrace Verbose: 0 : 74604, 3, 2021/09/14, 21:26:28.644, 3870419229394, testhost.x86.exe, CurrentDomainAssemblyResolve: Resolving assembly 'Microsoft.Diagnostics.NETCore.Client'.
TpTrace Verbose: 0 : 74604, 3, 2021/09/14, 21:26:28.645, 3870419229846, testhost.x86.exe, CurrentDomainAssemblyResolve: Failed to resolve assembly 'Microsoft.Diagnostics.NETCore.Client'.
TpTrace Verbose: 0 : 74604, 3, 2021/09/14, 21:26:28.645, 3870419231147, testhost.x86.exe, CurrentDomainAssemblyResolve: Failed to resolve assembly 'Microsoft.Diagnostics.NETCore.Client'.
TpTrace Warning: 0 : 74604, 3, 2021/09/14, 21:26:28.647, 3870419254672, testhost.x86.exe, TestPluginDiscoverer: Failed to load extensions from file 'C:\Program Files\dotnet\sdk\5.0.302\Extensions\Microsoft.Diagnostics.NETCore.Client.dll'.  Skipping test extension scan for this file.  Error: System.IO.FileNotFoundException: 未能加载文件或程序集“Microsoft.Diagnostics.NETCore.Client”或它的某一个依赖项。系统找不到指定的文件。
文件名:“Microsoft.Diagnostics.NETCore.Client” ---> System.IO.FileNotFoundException: 未能加载文件或程序集“Microsoft.Diagnostics.NETCore.Client”或它的某一个依赖项。系统找不到指定的文件。
文件名:“Microsoft.Diagnostics.NETCore.Client”
   在 System.Reflection.RuntimeAssembly._nLoad(AssemblyName fileName, String codeBase, Evidence assemblySecurity, RuntimeAssembly locationHint, StackCrawlMark& stackMark, IntPtr pPrivHostBinder, Boolean throwOnFileNotFound, Boolean forIntrospection, Boolean suppressSecurityChecks)
   在 System.Reflection.RuntimeAssembly.nLoad(AssemblyName fileName, String codeBase, Evidence assemblySecurity, RuntimeAssembly locationHint, StackCrawlMark& stackMark, IntPtr pPrivHostBinder, Boolean throwOnFileNotFound, Boolean forIntrospection, Boolean suppressSecurityChecks)
   在 System.Reflection.RuntimeAssembly.InternalLoadAssemblyName(AssemblyName assemblyRef, Evidence assemblySecurity, RuntimeAssembly reqAssembly, StackCrawlMark& stackMark, IntPtr pPrivHostBinder, Boolean throwOnFileNotFound, Boolean forIntrospection, Boolean suppressSecurityChecks)
   在 System.Reflection.Assembly.Load(AssemblyName assemblyRef)
   在 Microsoft.VisualStudio.TestPlatform.Common.ExtensionFramework.TestPluginCache.CurrentDomainAssemblyResolve(Object sender, AssemblyResolveEventArgs args)
   在 Microsoft.VisualStudio.TestPlatform.PlatformAbstractions.PlatformAssemblyResolver.AssemblyResolverEvent(Object sender, Object eventArgs)
   在 System.AppDomain.OnAssemblyResolveEvent(RuntimeAssembly assembly, String assemblyFullName)

警告: 程序集绑定日志记录被关闭。
要启用程序集绑定失败日志记录，请将注册表值 [HKLM\Software\Microsoft\Fusion!EnableLog] (DWORD)设置为 1。
注意: 会有一些与程序集绑定失败日志记录关联的性能损失。
要关闭此功能，请移除注册表值 [HKLM\Software\Microsoft\Fusion!EnableLog]。

   在 System.Reflection.RuntimeAssembly._nLoad(AssemblyName fileName, String codeBase, Evidence assemblySecurity, RuntimeAssembly locationHint, StackCrawlMark& stackMark, IntPtr pPrivHostBinder, Boolean throwOnFileNotFound, Boolean forIntrospection, Boolean suppressSecurityChecks)
   在 System.Reflection.RuntimeAssembly.nLoad(AssemblyName fileName, String codeBase, Evidence assemblySecurity, RuntimeAssembly locationHint, StackCrawlMark& stackMark, IntPtr pPrivHostBinder, Boolean throwOnFileNotFound, Boolean forIntrospection, Boolean suppressSecurityChecks)
   在 System.Reflection.RuntimeAssembly.InternalLoadAssemblyName(AssemblyName assemblyRef, Evidence assemblySecurity, RuntimeAssembly reqAssembly, StackCrawlMark& stackMark, IntPtr pPrivHostBinder, Boolean throwOnFileNotFound, Boolean forIntrospection, Boolean suppressSecurityChecks)
   在 System.Reflection.Assembly.Load(AssemblyName assemblyRef)
   在 Microsoft.VisualStudio.TestPlatform.Common.ExtensionFramework.TestPluginDiscoverer.GetTestExtensionsFromFiles[TPluginInfo,TExtension](String[] files, Dictionary`2 pluginInfos)


TpTrace Information: 0 : 74604, 3, 2021/09/14, 21:26:28.648, 3870419265894, testhost.x86.exe, AssemblyResolver.OnResolve: Microsoft.TestPlatform.Extensions.BlameDataCollector: Resolving assembly.
TpTrace Information: 0 : 74604, 3, 2021/09/14, 21:26:28.648, 3870419266745, testhost.x86.exe, AssemblyResolver.OnResolve: Microsoft.TestPlatform.Extensions.BlameDataCollector: Searching in: 'C:\Program Files\dotnet\sdk\5.0.302\Extensions'.
TpTrace Information: 0 : 74604, 3, 2021/09/14, 21:26:28.649, 3870419279409, testhost.x86.exe, AssemblyResolver.OnResolve: Microsoft.TestPlatform.Extensions.BlameDataCollector: Loading assembly 'C:\Program Files\dotnet\sdk\5.0.302\Extensions\Microsoft.TestPlatform.Extensions.BlameDataCollector.dll'.
TpTrace Information: 0 : 74604, 3, 2021/09/14, 21:26:28.652, 3870419305374, testhost.x86.exe, AssemblyResolver.OnResolve: Microsoft.TestPlatform.Extensions.BlameDataCollector: Failed to load assembly. Reason:System.BadImageFormatException: 未能加载文件或程序集“Microsoft.TestPlatform.Extensions.BlameDataCollector, Version=15.0.0.0, Culture=neutral, PublicKeyToken=b03f5f7f11d50a3a”或它的某一个依赖项。试图加载格式不正确的程序。
文件名:“Microsoft.TestPlatform.Extensions.BlameDataCollector, Version=15.0.0.0, Culture=neutral, PublicKeyToken=b03f5f7f11d50a3a”
   在 System.Reflection.RuntimeAssembly._nLoad(AssemblyName fileName, String codeBase, Evidence assemblySecurity, RuntimeAssembly locationHint, StackCrawlMark& stackMark, IntPtr pPrivHostBinder, Boolean throwOnFileNotFound, Boolean forIntrospection, Boolean suppressSecurityChecks)
   在 System.Reflection.RuntimeAssembly.nLoad(AssemblyName fileName, String codeBase, Evidence assemblySecurity, RuntimeAssembly locationHint, StackCrawlMark& stackMark, IntPtr pPrivHostBinder, Boolean throwOnFileNotFound, Boolean forIntrospection, Boolean suppressSecurityChecks)
   在 System.Reflection.RuntimeAssembly.InternalLoadAssemblyName(AssemblyName assemblyRef, Evidence assemblySecurity, RuntimeAssembly reqAssembly, StackCrawlMark& stackMark, IntPtr pPrivHostBinder, Boolean throwOnFileNotFound, Boolean forIntrospection, Boolean suppressSecurityChecks)
   在 System.Reflection.RuntimeAssembly.InternalLoadFrom(String assemblyFile, Evidence securityEvidence, Byte[] hashValue, AssemblyHashAlgorithm hashAlgorithm, Boolean forIntrospection, Boolean suppressSecurityChecks, StackCrawlMark& stackMark)
   在 System.Reflection.Assembly.LoadFrom(String assemblyFile)
   在 Microsoft.VisualStudio.TestPlatform.PlatformAbstractions.PlatformAssemblyLoadContext.LoadAssemblyFromPath(String assemblyPath)
   在 Microsoft.VisualStudio.TestPlatform.Common.Utilities.AssemblyResolver.OnResolve(Object sender, AssemblyResolveEventArgs args)

 
TpTrace Information: 0 : 74604, 3, 2021/09/14, 21:26:28.652, 3870419308317, testhost.x86.exe, AssemblyResolver.OnResolve: Microsoft.TestPlatform.Extensions.BlameDataCollector: Assembly path does not exist: 'C:\Program Files\dotnet\sdk\5.0.302\Extensions\Microsoft.TestPlatform.Extensions.BlameDataCollector.exe', returning.
TpTrace Information: 0 : 74604, 3, 2021/09/14, 21:26:28.652, 3870419309325, testhost.x86.exe, AssemblyResolver.OnResolve: Microsoft.TestPlatform.Extensions.BlameDataCollector: Searching in: 'D:\SoftwareEngineering\individual-project-JiaFeiMiao-K-Cat\ExercisesGenerator\ToolsUnitTest\bin\Release\net40\fine-code-coverage\build-output'.
TpTrace Information: 0 : 74604, 3, 2021/09/14, 21:26:28.653, 3870419311327, testhost.x86.exe, AssemblyResolver.OnResolve: Microsoft.TestPlatform.Extensions.BlameDataCollector: Assembly path does not exist: 'D:\SoftwareEngineering\individual-project-JiaFeiMiao-K-Cat\ExercisesGenerator\ToolsUnitTest\bin\Release\net40\fine-code-coverage\build-output\Microsoft.TestPlatform.Extensions.BlameDataCollector.dll', returning.
TpTrace Information: 0 : 74604, 3, 2021/09/14, 21:26:28.653, 3870419313311, testhost.x86.exe, AssemblyResolver.OnResolve: Microsoft.TestPlatform.Extensions.BlameDataCollector: Assembly path does not exist: 'D:\SoftwareEngineering\individual-project-JiaFeiMiao-K-Cat\ExercisesGenerator\ToolsUnitTest\bin\Release\net40\fine-code-coverage\build-output\Microsoft.TestPlatform.Extensions.BlameDataCollector.exe', returning.
TpTrace Information: 0 : 74604, 3, 2021/09/14, 21:26:28.653, 3870419314283, testhost.x86.exe, AssemblyResolver.OnResolve: Microsoft.TestPlatform.Extensions.BlameDataCollector: Searching in: 'C:\Program Files\dotnet\sdk\5.0.302\TestHost'.
TpTrace Information: 0 : 74604, 3, 2021/09/14, 21:26:28.653, 3870419316510, testhost.x86.exe, AssemblyResolver.OnResolve: Microsoft.TestPlatform.Extensions.BlameDataCollector: Assembly path does not exist: 'C:\Program Files\dotnet\sdk\5.0.302\TestHost\Microsoft.TestPlatform.Extensions.BlameDataCollector.dll', returning.
TpTrace Information: 0 : 74604, 3, 2021/09/14, 21:26:28.653, 3870419319130, testhost.x86.exe, AssemblyResolver.OnResolve: Microsoft.TestPlatform.Extensions.BlameDataCollector: Assembly path does not exist: 'C:\Program Files\dotnet\sdk\5.0.302\TestHost\Microsoft.TestPlatform.Extensions.BlameDataCollector.exe', returning.
TpTrace Information: 0 : 74604, 3, 2021/09/14, 21:26:28.654, 3870419320174, testhost.x86.exe, AssemblyResolver.OnResolve: Microsoft.TestPlatform.Extensions.BlameDataCollector: Failed to load assembly.
TpTrace Verbose: 0 : 74604, 3, 2021/09/14, 21:26:28.654, 3870419321061, testhost.x86.exe, CurrentDomainAssemblyResolve: Resolving assembly 'Microsoft.TestPlatform.Extensions.BlameDataCollector'.
TpTrace Information: 0 : 74604, 3, 2021/09/14, 21:26:28.654, 3870419323420, testhost.x86.exe, AssemblyResolver.OnResolve: Microsoft.TestPlatform.Extensions.BlameDataCollector: Resolving assembly.
TpTrace Information: 0 : 74604, 3, 2021/09/14, 21:26:28.654, 3870419324254, testhost.x86.exe, AssemblyResolver.OnResolve: Microsoft.TestPlatform.Extensions.BlameDataCollector: Resolved from cache.
TpTrace Verbose: 0 : 74604, 3, 2021/09/14, 21:26:28.654, 3870419325276, testhost.x86.exe, CurrentDomainAssemblyResolve: Resolving assembly 'Microsoft.TestPlatform.Extensions.BlameDataCollector'.
TpTrace Verbose: 0 : 74604, 3, 2021/09/14, 21:26:28.654, 3870419326137, testhost.x86.exe, CurrentDomainAssemblyResolve: Failed to resolve assembly 'Microsoft.TestPlatform.Extensions.BlameDataCollector'.
TpTrace Verbose: 0 : 74604, 3, 2021/09/14, 21:26:28.654, 3870419327726, testhost.x86.exe, CurrentDomainAssemblyResolve: Failed to resolve assembly 'Microsoft.TestPlatform.Extensions.BlameDataCollector'.
TpTrace Warning: 0 : 74604, 3, 2021/09/14, 21:26:28.655, 3870419331653, testhost.x86.exe, TestPluginDiscoverer: Failed to load extensions from file 'C:\Program Files\dotnet\sdk\5.0.302\Extensions\Microsoft.TestPlatform.Extensions.BlameDataCollector.dll'.  Skipping test extension scan for this file.  Error: System.IO.FileNotFoundException: 未能加载文件或程序集“Microsoft.TestPlatform.Extensions.BlameDataCollector”或它的某一个依赖项。系统找不到指定的文件。
文件名:“Microsoft.TestPlatform.Extensions.BlameDataCollector” ---> System.IO.FileNotFoundException: 未能加载文件或程序集“Microsoft.TestPlatform.Extensions.BlameDataCollector”或它的某一个依赖项。系统找不到指定的文件。
文件名:“Microsoft.TestPlatform.Extensions.BlameDataCollector”
   在 System.Reflection.RuntimeAssembly._nLoad(AssemblyName fileName, String codeBase, Evidence assemblySecurity, RuntimeAssembly locationHint, StackCrawlMark& stackMark, IntPtr pPrivHostBinder, Boolean throwOnFileNotFound, Boolean forIntrospection, Boolean suppressSecurityChecks)
   在 System.Reflection.RuntimeAssembly.nLoad(AssemblyName fileName, String codeBase, Evidence assemblySecurity, RuntimeAssembly locationHint, StackCrawlMark& stackMark, IntPtr pPrivHostBinder, Boolean throwOnFileNotFound, Boolean forIntrospection, Boolean suppressSecurityChecks)
   在 System.Reflection.RuntimeAssembly.InternalLoadAssemblyName(AssemblyName assemblyRef, Evidence assemblySecurity, RuntimeAssembly reqAssembly, StackCrawlMark& stackMark, IntPtr pPrivHostBinder, Boolean throwOnFileNotFound, Boolean forIntrospection, Boolean suppressSecurityChecks)
   在 System.Reflection.Assembly.Load(AssemblyName assemblyRef)
   在 Microsoft.VisualStudio.TestPlatform.Common.ExtensionFramework.TestPluginCache.CurrentDomainAssemblyResolve(Object sender, AssemblyResolveEventArgs args)
   在 Microsoft.VisualStudio.TestPlatform.PlatformAbstractions.PlatformAssemblyResolver.AssemblyResolverEvent(Object sender, Object eventArgs)
   在 System.AppDomain.OnAssemblyResolveEvent(RuntimeAssembly assembly, String assemblyFullName)

警告: 程序集绑定日志记录被关闭。
要启用程序集绑定失败日志记录，请将注册表值 [HKLM\Software\Microsoft\Fusion!EnableLog] (DWORD)设置为 1。
注意: 会有一些与程序集绑定失败日志记录关联的性能损失。
要关闭此功能，请移除注册表值 [HKLM\Software\Microsoft\Fusion!EnableLog]。

   在 System.Reflection.RuntimeAssembly._nLoad(AssemblyName fileName, String codeBase, Evidence assemblySecurity, RuntimeAssembly locationHint, StackCrawlMark& stackMark, IntPtr pPrivHostBinder, Boolean throwOnFileNotFound, Boolean forIntrospection, Boolean suppressSecurityChecks)
   在 System.Reflection.RuntimeAssembly.nLoad(AssemblyName fileName, String codeBase, Evidence assemblySecurity, RuntimeAssembly locationHint, StackCrawlMark& stackMark, IntPtr pPrivHostBinder, Boolean throwOnFileNotFound, Boolean forIntrospection, Boolean suppressSecurityChecks)
   在 System.Reflection.RuntimeAssembly.InternalLoadAssemblyName(AssemblyName assemblyRef, Evidence assemblySecurity, RuntimeAssembly reqAssembly, StackCrawlMark& stackMark, IntPtr pPrivHostBinder, Boolean throwOnFileNotFound, Boolean forIntrospection, Boolean suppressSecurityChecks)
   在 System.Reflection.Assembly.Load(AssemblyName assemblyRef)
   在 Microsoft.VisualStudio.TestPlatform.Common.ExtensionFramework.TestPluginDiscoverer.GetTestExtensionsFromFiles[TPluginInfo,TExtension](String[] files, Dictionary`2 pluginInfos)


TpTrace Information: 0 : 74604, 3, 2021/09/14, 21:26:28.656, 3870419345155, testhost.x86.exe, AssemblyResolver.OnResolve: Microsoft.TestPlatform.Extensions.EventLogCollector: Resolving assembly.
TpTrace Information: 0 : 74604, 3, 2021/09/14, 21:26:28.656, 3870419346245, testhost.x86.exe, AssemblyResolver.OnResolve: Microsoft.TestPlatform.Extensions.EventLogCollector: Searching in: 'C:\Program Files\dotnet\sdk\5.0.302\Extensions'.
TpTrace Information: 0 : 74604, 3, 2021/09/14, 21:26:28.657, 3870419355504, testhost.x86.exe, AssemblyResolver.OnResolve: Microsoft.TestPlatform.Extensions.EventLogCollector: Loading assembly 'C:\Program Files\dotnet\sdk\5.0.302\Extensions\Microsoft.TestPlatform.Extensions.EventLogCollector.dll'.
TpTrace Information: 0 : 74604, 3, 2021/09/14, 21:26:28.659, 3870419380183, testhost.x86.exe, AssemblyResolver.OnResolve: Resolved assembly: Microsoft.TestPlatform.Extensions.EventLogCollector, from path: C:\Program Files\dotnet\sdk\5.0.302\Extensions\Microsoft.TestPlatform.Extensions.EventLogCollector.dll
TpTrace Information: 0 : 74604, 3, 2021/09/14, 21:26:28.665, 3870419436940, testhost.x86.exe, AssemblyResolver.OnResolve: Microsoft.TestPlatform.TestHostRuntimeProvider: Resolving assembly.
TpTrace Information: 0 : 74604, 3, 2021/09/14, 21:26:28.665, 3870419438081, testhost.x86.exe, AssemblyResolver.OnResolve: Microsoft.TestPlatform.TestHostRuntimeProvider: Searching in: 'C:\Program Files\dotnet\sdk\5.0.302\Extensions'.
TpTrace Information: 0 : 74604, 3, 2021/09/14, 21:26:28.665, 3870419446545, testhost.x86.exe, AssemblyResolver.OnResolve: Microsoft.TestPlatform.TestHostRuntimeProvider: Loading assembly 'C:\Program Files\dotnet\sdk\5.0.302\Extensions\Microsoft.TestPlatform.TestHostRuntimeProvider.dll'.
TpTrace Information: 0 : 74604, 3, 2021/09/14, 21:26:28.668, 3870419468550, testhost.x86.exe, AssemblyResolver.OnResolve: Microsoft.TestPlatform.TestHostRuntimeProvider: Failed to load assembly. Reason:System.BadImageFormatException: 未能加载文件或程序集“Microsoft.TestPlatform.TestHostRuntimeProvider, Version=15.0.0.0, Culture=neutral, PublicKeyToken=b03f5f7f11d50a3a”或它的某一个依赖项。试图加载格式不正确的程序。
文件名:“Microsoft.TestPlatform.TestHostRuntimeProvider, Version=15.0.0.0, Culture=neutral, PublicKeyToken=b03f5f7f11d50a3a”
   在 System.Reflection.RuntimeAssembly._nLoad(AssemblyName fileName, String codeBase, Evidence assemblySecurity, RuntimeAssembly locationHint, StackCrawlMark& stackMark, IntPtr pPrivHostBinder, Boolean throwOnFileNotFound, Boolean forIntrospection, Boolean suppressSecurityChecks)
   在 System.Reflection.RuntimeAssembly.nLoad(AssemblyName fileName, String codeBase, Evidence assemblySecurity, RuntimeAssembly locationHint, StackCrawlMark& stackMark, IntPtr pPrivHostBinder, Boolean throwOnFileNotFound, Boolean forIntrospection, Boolean suppressSecurityChecks)
   在 System.Reflection.RuntimeAssembly.InternalLoadAssemblyName(AssemblyName assemblyRef, Evidence assemblySecurity, RuntimeAssembly reqAssembly, StackCrawlMark& stackMark, IntPtr pPrivHostBinder, Boolean throwOnFileNotFound, Boolean forIntrospection, Boolean suppressSecurityChecks)
   在 System.Reflection.RuntimeAssembly.InternalLoadFrom(String assemblyFile, Evidence securityEvidence, Byte[] hashValue, AssemblyHashAlgorithm hashAlgorithm, Boolean forIntrospection, Boolean suppressSecurityChecks, StackCrawlMark& stackMark)
   在 System.Reflection.Assembly.LoadFrom(String assemblyFile)
   在 Microsoft.VisualStudio.TestPlatform.PlatformAbstractions.PlatformAssemblyLoadContext.LoadAssemblyFromPath(String assemblyPath)
   在 Microsoft.VisualStudio.TestPlatform.Common.Utilities.AssemblyResolver.OnResolve(Object sender, AssemblyResolveEventArgs args)

 
TpTrace Information: 0 : 74604, 3, 2021/09/14, 21:26:28.668, 3870419470501, testhost.x86.exe, AssemblyResolver.OnResolve: Microsoft.TestPlatform.TestHostRuntimeProvider: Assembly path does not exist: 'C:\Program Files\dotnet\sdk\5.0.302\Extensions\Microsoft.TestPlatform.TestHostRuntimeProvider.exe', returning.
TpTrace Information: 0 : 74604, 3, 2021/09/14, 21:26:28.668, 3870419471212, testhost.x86.exe, AssemblyResolver.OnResolve: Microsoft.TestPlatform.TestHostRuntimeProvider: Searching in: 'D:\SoftwareEngineering\individual-project-JiaFeiMiao-K-Cat\ExercisesGenerator\ToolsUnitTest\bin\Release\net40\fine-code-coverage\build-output'.
TpTrace Information: 0 : 74604, 3, 2021/09/14, 21:26:28.668, 3870419472364, testhost.x86.exe, AssemblyResolver.OnResolve: Microsoft.TestPlatform.TestHostRuntimeProvider: Assembly path does not exist: 'D:\SoftwareEngineering\individual-project-JiaFeiMiao-K-Cat\ExercisesGenerator\ToolsUnitTest\bin\Release\net40\fine-code-coverage\build-output\Microsoft.TestPlatform.TestHostRuntimeProvider.dll', returning.
TpTrace Information: 0 : 74604, 3, 2021/09/14, 21:26:28.668, 3870419473427, testhost.x86.exe, AssemblyResolver.OnResolve: Microsoft.TestPlatform.TestHostRuntimeProvider: Assembly path does not exist: 'D:\SoftwareEngineering\individual-project-JiaFeiMiao-K-Cat\ExercisesGenerator\ToolsUnitTest\bin\Release\net40\fine-code-coverage\build-output\Microsoft.TestPlatform.TestHostRuntimeProvider.exe', returning.
TpTrace Information: 0 : 74604, 3, 2021/09/14, 21:26:28.668, 3870419474010, testhost.x86.exe, AssemblyResolver.OnResolve: Microsoft.TestPlatform.TestHostRuntimeProvider: Searching in: 'C:\Program Files\dotnet\sdk\5.0.302\TestHost'.
TpTrace Information: 0 : 74604, 3, 2021/09/14, 21:26:28.668, 3870419475160, testhost.x86.exe, AssemblyResolver.OnResolve: Microsoft.TestPlatform.TestHostRuntimeProvider: Assembly path does not exist: 'C:\Program Files\dotnet\sdk\5.0.302\TestHost\Microsoft.TestPlatform.TestHostRuntimeProvider.dll', returning.
TpTrace Information: 0 : 74604, 3, 2021/09/14, 21:26:28.668, 3870419476324, testhost.x86.exe, AssemblyResolver.OnResolve: Microsoft.TestPlatform.TestHostRuntimeProvider: Assembly path does not exist: 'C:\Program Files\dotnet\sdk\5.0.302\TestHost\Microsoft.TestPlatform.TestHostRuntimeProvider.exe', returning.
TpTrace Information: 0 : 74604, 3, 2021/09/14, 21:26:28.669, 3870419476915, testhost.x86.exe, AssemblyResolver.OnResolve: Microsoft.TestPlatform.TestHostRuntimeProvider: Failed to load assembly.
TpTrace Verbose: 0 : 74604, 3, 2021/09/14, 21:26:28.669, 3870419477528, testhost.x86.exe, CurrentDomainAssemblyResolve: Resolving assembly 'Microsoft.TestPlatform.TestHostRuntimeProvider'.
TpTrace Information: 0 : 74604, 3, 2021/09/14, 21:26:28.669, 3870419479143, testhost.x86.exe, AssemblyResolver.OnResolve: Microsoft.TestPlatform.TestHostRuntimeProvider: Resolving assembly.
TpTrace Information: 0 : 74604, 3, 2021/09/14, 21:26:28.669, 3870419479726, testhost.x86.exe, AssemblyResolver.OnResolve: Microsoft.TestPlatform.TestHostRuntimeProvider: Resolved from cache.
TpTrace Verbose: 0 : 74604, 3, 2021/09/14, 21:26:28.669, 3870419480244, testhost.x86.exe, CurrentDomainAssemblyResolve: Resolving assembly 'Microsoft.TestPlatform.TestHostRuntimeProvider'.
TpTrace Verbose: 0 : 74604, 3, 2021/09/14, 21:26:28.669, 3870419480759, testhost.x86.exe, CurrentDomainAssemblyResolve: Failed to resolve assembly 'Microsoft.TestPlatform.TestHostRuntimeProvider'.
TpTrace Verbose: 0 : 74604, 3, 2021/09/14, 21:26:28.669, 3870419481787, testhost.x86.exe, CurrentDomainAssemblyResolve: Failed to resolve assembly 'Microsoft.TestPlatform.TestHostRuntimeProvider'.
TpTrace Warning: 0 : 74604, 3, 2021/09/14, 21:26:28.669, 3870419484513, testhost.x86.exe, TestPluginDiscoverer: Failed to load extensions from file 'C:\Program Files\dotnet\sdk\5.0.302\Extensions\Microsoft.TestPlatform.TestHostRuntimeProvider.dll'.  Skipping test extension scan for this file.  Error: System.IO.FileNotFoundException: 未能加载文件或程序集“Microsoft.TestPlatform.TestHostRuntimeProvider”或它的某一个依赖项。系统找不到指定的文件。
文件名:“Microsoft.TestPlatform.TestHostRuntimeProvider” ---> System.IO.FileNotFoundException: 未能加载文件或程序集“Microsoft.TestPlatform.TestHostRuntimeProvider”或它的某一个依赖项。系统找不到指定的文件。
文件名:“Microsoft.TestPlatform.TestHostRuntimeProvider”
   在 System.Reflection.RuntimeAssembly._nLoad(AssemblyName fileName, String codeBase, Evidence assemblySecurity, RuntimeAssembly locationHint, StackCrawlMark& stackMark, IntPtr pPrivHostBinder, Boolean throwOnFileNotFound, Boolean forIntrospection, Boolean suppressSecurityChecks)
   在 System.Reflection.RuntimeAssembly.nLoad(AssemblyName fileName, String codeBase, Evidence assemblySecurity, RuntimeAssembly locationHint, StackCrawlMark& stackMark, IntPtr pPrivHostBinder, Boolean throwOnFileNotFound, Boolean forIntrospection, Boolean suppressSecurityChecks)
   在 System.Reflection.RuntimeAssembly.InternalLoadAssemblyName(AssemblyName assemblyRef, Evidence assemblySecurity, RuntimeAssembly reqAssembly, StackCrawlMark& stackMark, IntPtr pPrivHostBinder, Boolean throwOnFileNotFound, Boolean forIntrospection, Boolean suppressSecurityChecks)
   在 System.Reflection.Assembly.Load(AssemblyName assemblyRef)
   在 Microsoft.VisualStudio.TestPlatform.Common.ExtensionFramework.TestPluginCache.CurrentDomainAssemblyResolve(Object sender, AssemblyResolveEventArgs args)
   在 Microsoft.VisualStudio.TestPlatform.PlatformAbstractions.PlatformAssemblyResolver.AssemblyResolverEvent(Object sender, Object eventArgs)
   在 System.AppDomain.OnAssemblyResolveEvent(RuntimeAssembly assembly, String assemblyFullName)

警告: 程序集绑定日志记录被关闭。
要启用程序集绑定失败日志记录，请将注册表值 [HKLM\Software\Microsoft\Fusion!EnableLog] (DWORD)设置为 1。
注意: 会有一些与程序集绑定失败日志记录关联的性能损失。
要关闭此功能，请移除注册表值 [HKLM\Software\Microsoft\Fusion!EnableLog]。

   在 System.Reflection.RuntimeAssembly._nLoad(AssemblyName fileName, String codeBase, Evidence assemblySecurity, RuntimeAssembly locationHint, StackCrawlMark& stackMark, IntPtr pPrivHostBinder, Boolean throwOnFileNotFound, Boolean forIntrospection, Boolean suppressSecurityChecks)
   在 System.Reflection.RuntimeAssembly.nLoad(AssemblyName fileName, String codeBase, Evidence assemblySecurity, RuntimeAssembly locationHint, StackCrawlMark& stackMark, IntPtr pPrivHostBinder, Boolean throwOnFileNotFound, Boolean forIntrospection, Boolean suppressSecurityChecks)
   在 System.Reflection.RuntimeAssembly.InternalLoadAssemblyName(AssemblyName assemblyRef, Evidence assemblySecurity, RuntimeAssembly reqAssembly, StackCrawlMark& stackMark, IntPtr pPrivHostBinder, Boolean throwOnFileNotFound, Boolean forIntrospection, Boolean suppressSecurityChecks)
   在 System.Reflection.Assembly.Load(AssemblyName assemblyRef)
   在 Microsoft.VisualStudio.TestPlatform.Common.ExtensionFramework.TestPluginDiscoverer.GetTestExtensionsFromFiles[TPluginInfo,TExtension](String[] files, Dictionary`2 pluginInfos)


TpTrace Information: 0 : 74604, 3, 2021/09/14, 21:26:28.670, 3870419492976, testhost.x86.exe, AssemblyResolver.OnResolve: Microsoft.VisualStudio.TestPlatform.Extensions.Html.TestLogger: Resolving assembly.
TpTrace Information: 0 : 74604, 3, 2021/09/14, 21:26:28.670, 3870419493721, testhost.x86.exe, AssemblyResolver.OnResolve: Microsoft.VisualStudio.TestPlatform.Extensions.Html.TestLogger: Searching in: 'C:\Program Files\dotnet\sdk\5.0.302\Extensions'.
TpTrace Information: 0 : 74604, 3, 2021/09/14, 21:26:28.671, 3870419504364, testhost.x86.exe, AssemblyResolver.OnResolve: Microsoft.VisualStudio.TestPlatform.Extensions.Html.TestLogger: Loading assembly 'C:\Program Files\dotnet\sdk\5.0.302\Extensions\Microsoft.VisualStudio.TestPlatform.Extensions.Html.TestLogger.dll'.
TpTrace Information: 0 : 74604, 3, 2021/09/14, 21:26:28.675, 3870419534654, testhost.x86.exe, AssemblyResolver.OnResolve: Microsoft.VisualStudio.TestPlatform.Extensions.Html.TestLogger: Failed to load assembly. Reason:System.BadImageFormatException: 未能加载文件或程序集“Microsoft.VisualStudio.TestPlatform.Extensions.Html.TestLogger, Version=15.0.0.0, Culture=neutral, PublicKeyToken=b03f5f7f11d50a3a”或它的某一个依赖项。试图加载格式不正确的程序。
文件名:“Microsoft.VisualStudio.TestPlatform.Extensions.Html.TestLogger, Version=15.0.0.0, Culture=neutral, PublicKeyToken=b03f5f7f11d50a3a”
   在 System.Reflection.RuntimeAssembly._nLoad(AssemblyName fileName, String codeBase, Evidence assemblySecurity, RuntimeAssembly locationHint, StackCrawlMark& stackMark, IntPtr pPrivHostBinder, Boolean throwOnFileNotFound, Boolean forIntrospection, Boolean suppressSecurityChecks)
   在 System.Reflection.RuntimeAssembly.nLoad(AssemblyName fileName, String codeBase, Evidence assemblySecurity, RuntimeAssembly locationHint, StackCrawlMark& stackMark, IntPtr pPrivHostBinder, Boolean throwOnFileNotFound, Boolean forIntrospection, Boolean suppressSecurityChecks)
   在 System.Reflection.RuntimeAssembly.InternalLoadAssemblyName(AssemblyName assemblyRef, Evidence assemblySecurity, RuntimeAssembly reqAssembly, StackCrawlMark& stackMark, IntPtr pPrivHostBinder, Boolean throwOnFileNotFound, Boolean forIntrospection, Boolean suppressSecurityChecks)
   在 System.Reflection.RuntimeAssembly.InternalLoadFrom(String assemblyFile, Evidence securityEvidence, Byte[] hashValue, AssemblyHashAlgorithm hashAlgorithm, Boolean forIntrospection, Boolean suppressSecurityChecks, StackCrawlMark& stackMark)
   在 System.Reflection.Assembly.LoadFrom(String assemblyFile)
   在 Microsoft.VisualStudio.TestPlatform.PlatformAbstractions.PlatformAssemblyLoadContext.LoadAssemblyFromPath(String assemblyPath)
   在 Microsoft.VisualStudio.TestPlatform.Common.Utilities.AssemblyResolver.OnResolve(Object sender, AssemblyResolveEventArgs args)

 
TpTrace Information: 0 : 74604, 3, 2021/09/14, 21:26:28.675, 3870419537060, testhost.x86.exe, AssemblyResolver.OnResolve: Microsoft.VisualStudio.TestPlatform.Extensions.Html.TestLogger: Assembly path does not exist: 'C:\Program Files\dotnet\sdk\5.0.302\Extensions\Microsoft.VisualStudio.TestPlatform.Extensions.Html.TestLogger.exe', returning.
TpTrace Information: 0 : 74604, 3, 2021/09/14, 21:26:28.675, 3870419537764, testhost.x86.exe, AssemblyResolver.OnResolve: Microsoft.VisualStudio.TestPlatform.Extensions.Html.TestLogger: Searching in: 'D:\SoftwareEngineering\individual-project-JiaFeiMiao-K-Cat\ExercisesGenerator\ToolsUnitTest\bin\Release\net40\fine-code-coverage\build-output'.
TpTrace Information: 0 : 74604, 3, 2021/09/14, 21:26:28.676, 3870419539091, testhost.x86.exe, AssemblyResolver.OnResolve: Microsoft.VisualStudio.TestPlatform.Extensions.Html.TestLogger: Assembly path does not exist: 'D:\SoftwareEngineering\individual-project-JiaFeiMiao-K-Cat\ExercisesGenerator\ToolsUnitTest\bin\Release\net40\fine-code-coverage\build-output\Microsoft.VisualStudio.TestPlatform.Extensions.Html.TestLogger.dll', returning.
TpTrace Information: 0 : 74604, 3, 2021/09/14, 21:26:28.676, 3870419540366, testhost.x86.exe, AssemblyResolver.OnResolve: Microsoft.VisualStudio.TestPlatform.Extensions.Html.TestLogger: Assembly path does not exist: 'D:\SoftwareEngineering\individual-project-JiaFeiMiao-K-Cat\ExercisesGenerator\ToolsUnitTest\bin\Release\net40\fine-code-coverage\build-output\Microsoft.VisualStudio.TestPlatform.Extensions.Html.TestLogger.exe', returning.
TpTrace Information: 0 : 74604, 3, 2021/09/14, 21:26:28.676, 3870419541001, testhost.x86.exe, AssemblyResolver.OnResolve: Microsoft.VisualStudio.TestPlatform.Extensions.Html.TestLogger: Searching in: 'C:\Program Files\dotnet\sdk\5.0.302\TestHost'.
TpTrace Information: 0 : 74604, 3, 2021/09/14, 21:26:28.676, 3870419542280, testhost.x86.exe, AssemblyResolver.OnResolve: Microsoft.VisualStudio.TestPlatform.Extensions.Html.TestLogger: Assembly path does not exist: 'C:\Program Files\dotnet\sdk\5.0.302\TestHost\Microsoft.VisualStudio.TestPlatform.Extensions.Html.TestLogger.dll', returning.
TpTrace Information: 0 : 74604, 3, 2021/09/14, 21:26:28.676, 3870419543564, testhost.x86.exe, AssemblyResolver.OnResolve: Microsoft.VisualStudio.TestPlatform.Extensions.Html.TestLogger: Assembly path does not exist: 'C:\Program Files\dotnet\sdk\5.0.302\TestHost\Microsoft.VisualStudio.TestPlatform.Extensions.Html.TestLogger.exe', returning.
TpTrace Information: 0 : 74604, 3, 2021/09/14, 21:26:28.676, 3870419544209, testhost.x86.exe, AssemblyResolver.OnResolve: Microsoft.VisualStudio.TestPlatform.Extensions.Html.TestLogger: Failed to load assembly.
TpTrace Verbose: 0 : 74604, 3, 2021/09/14, 21:26:28.676, 3870419544808, testhost.x86.exe, CurrentDomainAssemblyResolve: Resolving assembly 'Microsoft.VisualStudio.TestPlatform.Extensions.Html.TestLogger'.
TpTrace Information: 0 : 74604, 3, 2021/09/14, 21:26:28.676, 3870419546750, testhost.x86.exe, AssemblyResolver.OnResolve: Microsoft.VisualStudio.TestPlatform.Extensions.Html.TestLogger: Resolving assembly.
TpTrace Information: 0 : 74604, 3, 2021/09/14, 21:26:28.676, 3870419547353, testhost.x86.exe, AssemblyResolver.OnResolve: Microsoft.VisualStudio.TestPlatform.Extensions.Html.TestLogger: Resolved from cache.
TpTrace Verbose: 0 : 74604, 3, 2021/09/14, 21:26:28.676, 3870419547857, testhost.x86.exe, CurrentDomainAssemblyResolve: Resolving assembly 'Microsoft.VisualStudio.TestPlatform.Extensions.Html.TestLogger'.
TpTrace Verbose: 0 : 74604, 3, 2021/09/14, 21:26:28.676, 3870419548342, testhost.x86.exe, CurrentDomainAssemblyResolve: Failed to resolve assembly 'Microsoft.VisualStudio.TestPlatform.Extensions.Html.TestLogger'.
TpTrace Verbose: 0 : 74604, 3, 2021/09/14, 21:26:28.677, 3870419549535, testhost.x86.exe, CurrentDomainAssemblyResolve: Failed to resolve assembly 'Microsoft.VisualStudio.TestPlatform.Extensions.Html.TestLogger'.
TpTrace Warning: 0 : 74604, 3, 2021/09/14, 21:26:28.677, 3870419552134, testhost.x86.exe, TestPluginDiscoverer: Failed to load extensions from file 'C:\Program Files\dotnet\sdk\5.0.302\Extensions\Microsoft.VisualStudio.TestPlatform.Extensions.Html.TestLogger.dll'.  Skipping test extension scan for this file.  Error: System.IO.FileNotFoundException: 未能加载文件或程序集“Microsoft.VisualStudio.TestPlatform.Extensions.Html.TestLogger”或它的某一个依赖项。系统找不到指定的文件。
文件名:“Microsoft.VisualStudio.TestPlatform.Extensions.Html.TestLogger” ---> System.IO.FileNotFoundException: 未能加载文件或程序集“Microsoft.VisualStudio.TestPlatform.Extensions.Html.TestLogger”或它的某一个依赖项。系统找不到指定的文件。
文件名:“Microsoft.VisualStudio.TestPlatform.Extensions.Html.TestLogger”
   在 System.Reflection.RuntimeAssembly._nLoad(AssemblyName fileName, String codeBase, Evidence assemblySecurity, RuntimeAssembly locationHint, StackCrawlMark& stackMark, IntPtr pPrivHostBinder, Boolean throwOnFileNotFound, Boolean forIntrospection, Boolean suppressSecurityChecks)
   在 System.Reflection.RuntimeAssembly.nLoad(AssemblyName fileName, String codeBase, Evidence assemblySecurity, RuntimeAssembly locationHint, StackCrawlMark& stackMark, IntPtr pPrivHostBinder, Boolean throwOnFileNotFound, Boolean forIntrospection, Boolean suppressSecurityChecks)
   在 System.Reflection.RuntimeAssembly.InternalLoadAssemblyName(AssemblyName assemblyRef, Evidence assemblySecurity, RuntimeAssembly reqAssembly, StackCrawlMark& stackMark, IntPtr pPrivHostBinder, Boolean throwOnFileNotFound, Boolean forIntrospection, Boolean suppressSecurityChecks)
   在 System.Reflection.Assembly.Load(AssemblyName assemblyRef)
   在 Microsoft.VisualStudio.TestPlatform.Common.ExtensionFramework.TestPluginCache.CurrentDomainAssemblyResolve(Object sender, AssemblyResolveEventArgs args)
   在 Microsoft.VisualStudio.TestPlatform.PlatformAbstractions.PlatformAssemblyResolver.AssemblyResolverEvent(Object sender, Object eventArgs)
   在 System.AppDomain.OnAssemblyResolveEvent(RuntimeAssembly assembly, String assemblyFullName)

警告: 程序集绑定日志记录被关闭。
要启用程序集绑定失败日志记录，请将注册表值 [HKLM\Software\Microsoft\Fusion!EnableLog] (DWORD)设置为 1。
注意: 会有一些与程序集绑定失败日志记录关联的性能损失。
要关闭此功能，请移除注册表值 [HKLM\Software\Microsoft\Fusion!EnableLog]。

   在 System.Reflection.RuntimeAssembly._nLoad(AssemblyName fileName, String codeBase, Evidence assemblySecurity, RuntimeAssembly locationHint, StackCrawlMark& stackMark, IntPtr pPrivHostBinder, Boolean throwOnFileNotFound, Boolean forIntrospection, Boolean suppressSecurityChecks)
   在 System.Reflection.RuntimeAssembly.nLoad(AssemblyName fileName, String codeBase, Evidence assemblySecurity, RuntimeAssembly locationHint, StackCrawlMark& stackMark, IntPtr pPrivHostBinder, Boolean throwOnFileNotFound, Boolean forIntrospection, Boolean suppressSecurityChecks)
   在 System.Reflection.RuntimeAssembly.InternalLoadAssemblyName(AssemblyName assemblyRef, Evidence assemblySecurity, RuntimeAssembly reqAssembly, StackCrawlMark& stackMark, IntPtr pPrivHostBinder, Boolean throwOnFileNotFound, Boolean forIntrospection, Boolean suppressSecurityChecks)
   在 System.Reflection.Assembly.Load(AssemblyName assemblyRef)
   在 Microsoft.VisualStudio.TestPlatform.Common.ExtensionFramework.TestPluginDiscoverer.GetTestExtensionsFromFiles[TPluginInfo,TExtension](String[] files, Dictionary`2 pluginInfos)


TpTrace Information: 0 : 74604, 3, 2021/09/14, 21:26:28.678, 3870419561003, testhost.x86.exe, AssemblyResolver.OnResolve: Microsoft.VisualStudio.TestPlatform.Extensions.Trx.TestLogger: Resolving assembly.
TpTrace Information: 0 : 74604, 3, 2021/09/14, 21:26:28.678, 3870419561869, testhost.x86.exe, AssemblyResolver.OnResolve: Microsoft.VisualStudio.TestPlatform.Extensions.Trx.TestLogger: Searching in: 'C:\Program Files\dotnet\sdk\5.0.302\Extensions'.
TpTrace Information: 0 : 74604, 3, 2021/09/14, 21:26:28.679, 3870419577294, testhost.x86.exe, AssemblyResolver.OnResolve: Microsoft.VisualStudio.TestPlatform.Extensions.Trx.TestLogger: Loading assembly 'C:\Program Files\dotnet\sdk\5.0.302\Extensions\Microsoft.VisualStudio.TestPlatform.Extensions.Trx.TestLogger.dll'.
TpTrace Information: 0 : 74604, 3, 2021/09/14, 21:26:28.682, 3870419604340, testhost.x86.exe, AssemblyResolver.OnResolve: Microsoft.VisualStudio.TestPlatform.Extensions.Trx.TestLogger: Failed to load assembly. Reason:System.BadImageFormatException: 未能加载文件或程序集“Microsoft.VisualStudio.TestPlatform.Extensions.Trx.TestLogger, Version=15.0.0.0, Culture=neutral, PublicKeyToken=b03f5f7f11d50a3a”或它的某一个依赖项。试图加载格式不正确的程序。
文件名:“Microsoft.VisualStudio.TestPlatform.Extensions.Trx.TestLogger, Version=15.0.0.0, Culture=neutral, PublicKeyToken=b03f5f7f11d50a3a”
   在 System.Reflection.RuntimeAssembly._nLoad(AssemblyName fileName, String codeBase, Evidence assemblySecurity, RuntimeAssembly locationHint, StackCrawlMark& stackMark, IntPtr pPrivHostBinder, Boolean throwOnFileNotFound, Boolean forIntrospection, Boolean suppressSecurityChecks)
   在 System.Reflection.RuntimeAssembly.nLoad(AssemblyName fileName, String codeBase, Evidence assemblySecurity, RuntimeAssembly locationHint, StackCrawlMark& stackMark, IntPtr pPrivHostBinder, Boolean throwOnFileNotFound, Boolean forIntrospection, Boolean suppressSecurityChecks)
   在 System.Reflection.RuntimeAssembly.InternalLoadAssemblyName(AssemblyName assemblyRef, Evidence assemblySecurity, RuntimeAssembly reqAssembly, StackCrawlMark& stackMark, IntPtr pPrivHostBinder, Boolean throwOnFileNotFound, Boolean forIntrospection, Boolean suppressSecurityChecks)
   在 System.Reflection.RuntimeAssembly.InternalLoadFrom(String assemblyFile, Evidence securityEvidence, Byte[] hashValue, AssemblyHashAlgorithm hashAlgorithm, Boolean forIntrospection, Boolean suppressSecurityChecks, StackCrawlMark& stackMark)
   在 System.Reflection.Assembly.LoadFrom(String assemblyFile)
   在 Microsoft.VisualStudio.TestPlatform.PlatformAbstractions.PlatformAssemblyLoadContext.LoadAssemblyFromPath(String assemblyPath)
   在 Microsoft.VisualStudio.TestPlatform.Common.Utilities.AssemblyResolver.OnResolve(Object sender, AssemblyResolveEventArgs args)

 
TpTrace Information: 0 : 74604, 3, 2021/09/14, 21:26:28.682, 3870419606422, testhost.x86.exe, AssemblyResolver.OnResolve: Microsoft.VisualStudio.TestPlatform.Extensions.Trx.TestLogger: Assembly path does not exist: 'C:\Program Files\dotnet\sdk\5.0.302\Extensions\Microsoft.VisualStudio.TestPlatform.Extensions.Trx.TestLogger.exe', returning.
TpTrace Information: 0 : 74604, 3, 2021/09/14, 21:26:28.682, 3870419607089, testhost.x86.exe, AssemblyResolver.OnResolve: Microsoft.VisualStudio.TestPlatform.Extensions.Trx.TestLogger: Searching in: 'D:\SoftwareEngineering\individual-project-JiaFeiMiao-K-Cat\ExercisesGenerator\ToolsUnitTest\bin\Release\net40\fine-code-coverage\build-output'.
TpTrace Information: 0 : 74604, 3, 2021/09/14, 21:26:28.682, 3870419608263, testhost.x86.exe, AssemblyResolver.OnResolve: Microsoft.VisualStudio.TestPlatform.Extensions.Trx.TestLogger: Assembly path does not exist: 'D:\SoftwareEngineering\individual-project-JiaFeiMiao-K-Cat\ExercisesGenerator\ToolsUnitTest\bin\Release\net40\fine-code-coverage\build-output\Microsoft.VisualStudio.TestPlatform.Extensions.Trx.TestLogger.dll', returning.
TpTrace Information: 0 : 74604, 3, 2021/09/14, 21:26:28.683, 3870419609459, testhost.x86.exe, AssemblyResolver.OnResolve: Microsoft.VisualStudio.TestPlatform.Extensions.Trx.TestLogger: Assembly path does not exist: 'D:\SoftwareEngineering\individual-project-JiaFeiMiao-K-Cat\ExercisesGenerator\ToolsUnitTest\bin\Release\net40\fine-code-coverage\build-output\Microsoft.VisualStudio.TestPlatform.Extensions.Trx.TestLogger.exe', returning.
TpTrace Information: 0 : 74604, 3, 2021/09/14, 21:26:28.683, 3870419610071, testhost.x86.exe, AssemblyResolver.OnResolve: Microsoft.VisualStudio.TestPlatform.Extensions.Trx.TestLogger: Searching in: 'C:\Program Files\dotnet\sdk\5.0.302\TestHost'.
TpTrace Information: 0 : 74604, 3, 2021/09/14, 21:26:28.683, 3870419611221, testhost.x86.exe, AssemblyResolver.OnResolve: Microsoft.VisualStudio.TestPlatform.Extensions.Trx.TestLogger: Assembly path does not exist: 'C:\Program Files\dotnet\sdk\5.0.302\TestHost\Microsoft.VisualStudio.TestPlatform.Extensions.Trx.TestLogger.dll', returning.
TpTrace Information: 0 : 74604, 3, 2021/09/14, 21:26:28.683, 3870419612462, testhost.x86.exe, AssemblyResolver.OnResolve: Microsoft.VisualStudio.TestPlatform.Extensions.Trx.TestLogger: Assembly path does not exist: 'C:\Program Files\dotnet\sdk\5.0.302\TestHost\Microsoft.VisualStudio.TestPlatform.Extensions.Trx.TestLogger.exe', returning.
TpTrace Information: 0 : 74604, 3, 2021/09/14, 21:26:28.683, 3870419613038, testhost.x86.exe, AssemblyResolver.OnResolve: Microsoft.VisualStudio.TestPlatform.Extensions.Trx.TestLogger: Failed to load assembly.
TpTrace Verbose: 0 : 74604, 3, 2021/09/14, 21:26:28.683, 3870419613575, testhost.x86.exe, CurrentDomainAssemblyResolve: Resolving assembly 'Microsoft.VisualStudio.TestPlatform.Extensions.Trx.TestLogger'.
TpTrace Information: 0 : 74604, 3, 2021/09/14, 21:26:28.683, 3870419615511, testhost.x86.exe, AssemblyResolver.OnResolve: Microsoft.VisualStudio.TestPlatform.Extensions.Trx.TestLogger: Resolving assembly.
TpTrace Information: 0 : 74604, 3, 2021/09/14, 21:26:28.683, 3870419616068, testhost.x86.exe, AssemblyResolver.OnResolve: Microsoft.VisualStudio.TestPlatform.Extensions.Trx.TestLogger: Resolved from cache.
TpTrace Verbose: 0 : 74604, 3, 2021/09/14, 21:26:28.683, 3870419616559, testhost.x86.exe, CurrentDomainAssemblyResolve: Resolving assembly 'Microsoft.VisualStudio.TestPlatform.Extensions.Trx.TestLogger'.
TpTrace Verbose: 0 : 74604, 3, 2021/09/14, 21:26:28.683, 3870419617028, testhost.x86.exe, CurrentDomainAssemblyResolve: Failed to resolve assembly 'Microsoft.VisualStudio.TestPlatform.Extensions.Trx.TestLogger'.
TpTrace Verbose: 0 : 74604, 3, 2021/09/14, 21:26:28.683, 3870419618007, testhost.x86.exe, CurrentDomainAssemblyResolve: Failed to resolve assembly 'Microsoft.VisualStudio.TestPlatform.Extensions.Trx.TestLogger'.
TpTrace Warning: 0 : 74604, 3, 2021/09/14, 21:26:28.685, 3870419636378, testhost.x86.exe, TestPluginDiscoverer: Failed to load extensions from file 'C:\Program Files\dotnet\sdk\5.0.302\Extensions\Microsoft.VisualStudio.TestPlatform.Extensions.Trx.TestLogger.dll'.  Skipping test extension scan for this file.  Error: System.IO.FileNotFoundException: 未能加载文件或程序集“Microsoft.VisualStudio.TestPlatform.Extensions.Trx.TestLogger”或它的某一个依赖项。系统找不到指定的文件。
文件名:“Microsoft.VisualStudio.TestPlatform.Extensions.Trx.TestLogger” ---> System.IO.FileNotFoundException: 未能加载文件或程序集“Microsoft.VisualStudio.TestPlatform.Extensions.Trx.TestLogger”或它的某一个依赖项。系统找不到指定的文件。
文件名:“Microsoft.VisualStudio.TestPlatform.Extensions.Trx.TestLogger”
   在 System.Reflection.RuntimeAssembly._nLoad(AssemblyName fileName, String codeBase, Evidence assemblySecurity, RuntimeAssembly locationHint, StackCrawlMark& stackMark, IntPtr pPrivHostBinder, Boolean throwOnFileNotFound, Boolean forIntrospection, Boolean suppressSecurityChecks)
   在 System.Reflection.RuntimeAssembly.nLoad(AssemblyName fileName, String codeBase, Evidence assemblySecurity, RuntimeAssembly locationHint, StackCrawlMark& stackMark, IntPtr pPrivHostBinder, Boolean throwOnFileNotFound, Boolean forIntrospection, Boolean suppressSecurityChecks)
   在 System.Reflection.RuntimeAssembly.InternalLoadAssemblyName(AssemblyName assemblyRef, Evidence assemblySecurity, RuntimeAssembly reqAssembly, StackCrawlMark& stackMark, IntPtr pPrivHostBinder, Boolean throwOnFileNotFound, Boolean forIntrospection, Boolean suppressSecurityChecks)
   在 System.Reflection.Assembly.Load(AssemblyName assemblyRef)
   在 Microsoft.VisualStudio.TestPlatform.Common.ExtensionFramework.TestPluginCache.CurrentDomainAssemblyResolve(Object sender, AssemblyResolveEventArgs args)
   在 Microsoft.VisualStudio.TestPlatform.PlatformAbstractions.PlatformAssemblyResolver.AssemblyResolverEvent(Object sender, Object eventArgs)
   在 System.AppDomain.OnAssemblyResolveEvent(RuntimeAssembly assembly, String assemblyFullName)

警告: 程序集绑定日志记录被关闭。
要启用程序集绑定失败日志记录，请将注册表值 [HKLM\Software\Microsoft\Fusion!EnableLog] (DWORD)设置为 1。
注意: 会有一些与程序集绑定失败日志记录关联的性能损失。
要关闭此功能，请移除注册表值 [HKLM\Software\Microsoft\Fusion!EnableLog]。

   在 System.Reflection.RuntimeAssembly._nLoad(AssemblyName fileName, String codeBase, Evidence assemblySecurity, RuntimeAssembly locationHint, StackCrawlMark& stackMark, IntPtr pPrivHostBinder, Boolean throwOnFileNotFound, Boolean forIntrospection, Boolean suppressSecurityChecks)
   在 System.Reflection.RuntimeAssembly.nLoad(AssemblyName fileName, String codeBase, Evidence assemblySecurity, RuntimeAssembly locationHint, StackCrawlMark& stackMark, IntPtr pPrivHostBinder, Boolean throwOnFileNotFound, Boolean forIntrospection, Boolean suppressSecurityChecks)
   在 System.Reflection.RuntimeAssembly.InternalLoadAssemblyName(AssemblyName assemblyRef, Evidence assemblySecurity, RuntimeAssembly reqAssembly, StackCrawlMark& stackMark, IntPtr pPrivHostBinder, Boolean throwOnFileNotFound, Boolean forIntrospection, Boolean suppressSecurityChecks)
   在 System.Reflection.Assembly.Load(AssemblyName assemblyRef)
   在 Microsoft.VisualStudio.TestPlatform.Common.ExtensionFramework.TestPluginDiscoverer.GetTestExtensionsFromFiles[TPluginInfo,TExtension](String[] files, Dictionary`2 pluginInfos)


TpTrace Information: 0 : 74604, 3, 2021/09/14, 21:26:28.686, 3870419645236, testhost.x86.exe, AssemblyResolver.OnResolve: NUnit3.TestAdapter: Resolving assembly.
TpTrace Information: 0 : 74604, 3, 2021/09/14, 21:26:28.686, 3870419646034, testhost.x86.exe, AssemblyResolver.OnResolve: NUnit3.TestAdapter: Searching in: 'C:\Program Files\dotnet\sdk\5.0.302\Extensions'.
TpTrace Information: 0 : 74604, 3, 2021/09/14, 21:26:28.686, 3870419647289, testhost.x86.exe, AssemblyResolver.OnResolve: NUnit3.TestAdapter: Assembly path does not exist: 'C:\Program Files\dotnet\sdk\5.0.302\Extensions\NUnit3.TestAdapter.dll', returning.
TpTrace Information: 0 : 74604, 3, 2021/09/14, 21:26:28.687, 3870419648527, testhost.x86.exe, AssemblyResolver.OnResolve: NUnit3.TestAdapter: Assembly path does not exist: 'C:\Program Files\dotnet\sdk\5.0.302\Extensions\NUnit3.TestAdapter.exe', returning.
TpTrace Information: 0 : 74604, 3, 2021/09/14, 21:26:28.687, 3870419649061, testhost.x86.exe, AssemblyResolver.OnResolve: NUnit3.TestAdapter: Searching in: 'D:\SoftwareEngineering\individual-project-JiaFeiMiao-K-Cat\ExercisesGenerator\ToolsUnitTest\bin\Release\net40\fine-code-coverage\build-output'.
TpTrace Information: 0 : 74604, 3, 2021/09/14, 21:26:28.688, 3870419660163, testhost.x86.exe, AssemblyResolver.OnResolve: NUnit3.TestAdapter: Loading assembly 'D:\SoftwareEngineering\individual-project-JiaFeiMiao-K-Cat\ExercisesGenerator\ToolsUnitTest\bin\Release\net40\fine-code-coverage\build-output\NUnit3.TestAdapter.dll'.
TpTrace Information: 0 : 74604, 3, 2021/09/14, 21:26:28.690, 3870419686525, testhost.x86.exe, AssemblyResolver.OnResolve: Resolved assembly: NUnit3.TestAdapter, from path: D:\SoftwareEngineering\individual-project-JiaFeiMiao-K-Cat\ExercisesGenerator\ToolsUnitTest\bin\Release\net40\fine-code-coverage\build-output\NUnit3.TestAdapter.dll
TpTrace Verbose: 0 : 74604, 3, 2021/09/14, 21:26:28.700, 3870419781403, testhost.x86.exe, TestPluginCache: Discovered the extensions using extension path ''.
TpTrace Verbose: 0 : 74604, 3, 2021/09/14, 21:26:28.701, 3870419791676, testhost.x86.exe, TestPluginCache: Discoverers are ''.
TpTrace Verbose: 0 : 74604, 3, 2021/09/14, 21:26:28.701, 3870419792504, testhost.x86.exe, TestPluginCache: Executors are 'executor://NUnit3TestExecutor'.
TpTrace Verbose: 0 : 74604, 3, 2021/09/14, 21:26:28.701, 3870419792968, testhost.x86.exe, TestPluginCache: Executors2 are ''.
TpTrace Verbose: 0 : 74604, 3, 2021/09/14, 21:26:28.701, 3870419793371, testhost.x86.exe, TestPluginCache: Setting providers are ''.
TpTrace Verbose: 0 : 74604, 3, 2021/09/14, 21:26:28.701, 3870419793768, testhost.x86.exe, TestPluginCache: Loggers are ''.
TpTrace Verbose: 0 : 74604, 3, 2021/09/14, 21:26:28.704, 3870419822167, testhost.x86.exe, TestPluginCache.DiscoverTestExtensions: finding test extensions in assemblies ends with: TestAdapter.dll TPluginInfo: Microsoft.VisualStudio.TestPlatform.Common.ExtensionFramework.Utilities.TestExecutorPluginInformation2 TExtension: Microsoft.VisualStudio.TestPlatform.ObjectModel.Adapter.ITestExecutor2
TpTrace Verbose: 0 : 74604, 3, 2021/09/14, 21:26:28.704, 3870419825333, testhost.x86.exe, TestPluginCache.GetExtensionPaths: Filtered extension paths: 
TpTrace Verbose: 0 : 74604, 3, 2021/09/14, 21:26:28.704, 3870419826035, testhost.x86.exe, TestPluginCache.GetExtensionPaths: Added default extension paths: C:\Program Files\dotnet\sdk\5.0.302\Extensions\Microsoft.Diagnostics.NETCore.Client.dll
C:\Program Files\dotnet\sdk\5.0.302\Extensions\Microsoft.TestPlatform.Extensions.BlameDataCollector.dll
C:\Program Files\dotnet\sdk\5.0.302\Extensions\Microsoft.TestPlatform.Extensions.EventLogCollector.dll
C:\Program Files\dotnet\sdk\5.0.302\Extensions\Microsoft.TestPlatform.TestHostRuntimeProvider.dll
C:\Program Files\dotnet\sdk\5.0.302\Extensions\Microsoft.VisualStudio.TestPlatform.Extensions.Html.TestLogger.dll
C:\Program Files\dotnet\sdk\5.0.302\Extensions\Microsoft.VisualStudio.TestPlatform.Extensions.Trx.TestLogger.dll
D:\SoftwareEngineering\individual-project-JiaFeiMiao-K-Cat\ExercisesGenerator\ToolsUnitTest\bin\Release\net40\fine-code-coverage\build-output\NUnit3.TestAdapter.dll
TpTrace Verbose: 0 : 74604, 3, 2021/09/14, 21:26:28.704, 3870419826632, testhost.x86.exe, TestPluginCache.GetExtensionPaths: Added unfilterableExtensionPaths: 
TpTrace Information: 0 : 74604, 3, 2021/09/14, 21:26:28.704, 3870419829365, testhost.x86.exe, AssemblyResolver.AddSearchDirectories: Adding more searchDirectories C:\Program Files\dotnet\sdk\5.0.302\Extensions,D:\SoftwareEngineering\individual-project-JiaFeiMiao-K-Cat\ExercisesGenerator\ToolsUnitTest\bin\Release\net40\fine-code-coverage\build-output,C:\Program Files\dotnet\sdk\5.0.302\TestHost
TpTrace Verbose: 0 : 74604, 3, 2021/09/14, 21:26:28.705, 3870419831558, testhost.x86.exe, TestPluginCache.DiscoverTestExtensions: Discovering the extensions using extension path.
TpTrace Verbose: 0 : 74604, 3, 2021/09/14, 21:26:28.705, 3870419832198, testhost.x86.exe, TestPluginCache.GetExtensionPaths: Filtered extension paths: 
TpTrace Verbose: 0 : 74604, 3, 2021/09/14, 21:26:28.705, 3870419832855, testhost.x86.exe, TestPluginCache.GetExtensionPaths: Added default extension paths: C:\Program Files\dotnet\sdk\5.0.302\Extensions\Microsoft.Diagnostics.NETCore.Client.dll
C:\Program Files\dotnet\sdk\5.0.302\Extensions\Microsoft.TestPlatform.Extensions.BlameDataCollector.dll
C:\Program Files\dotnet\sdk\5.0.302\Extensions\Microsoft.TestPlatform.Extensions.EventLogCollector.dll
C:\Program Files\dotnet\sdk\5.0.302\Extensions\Microsoft.TestPlatform.TestHostRuntimeProvider.dll
C:\Program Files\dotnet\sdk\5.0.302\Extensions\Microsoft.VisualStudio.TestPlatform.Extensions.Html.TestLogger.dll
C:\Program Files\dotnet\sdk\5.0.302\Extensions\Microsoft.VisualStudio.TestPlatform.Extensions.Trx.TestLogger.dll
D:\SoftwareEngineering\individual-project-JiaFeiMiao-K-Cat\ExercisesGenerator\ToolsUnitTest\bin\Release\net40\fine-code-coverage\build-output\NUnit3.TestAdapter.dll
TpTrace Verbose: 0 : 74604, 3, 2021/09/14, 21:26:28.705, 3870419833559, testhost.x86.exe, TestPluginCache.GetExtensionPaths: Added unfilterableExtensionPaths: 
TpTrace Verbose: 0 : 74604, 3, 2021/09/14, 21:26:28.705, 3870419834306, testhost.x86.exe, TestPluginCache.DiscoverTestExtensions: Discovering the extensions using allExtensionPaths: C:\Program Files\dotnet\sdk\5.0.302\Extensions\Microsoft.Diagnostics.NETCore.Client.dll
C:\Program Files\dotnet\sdk\5.0.302\Extensions\Microsoft.TestPlatform.Extensions.BlameDataCollector.dll
C:\Program Files\dotnet\sdk\5.0.302\Extensions\Microsoft.TestPlatform.Extensions.EventLogCollector.dll
C:\Program Files\dotnet\sdk\5.0.302\Extensions\Microsoft.TestPlatform.TestHostRuntimeProvider.dll
C:\Program Files\dotnet\sdk\5.0.302\Extensions\Microsoft.VisualStudio.TestPlatform.Extensions.Html.TestLogger.dll
C:\Program Files\dotnet\sdk\5.0.302\Extensions\Microsoft.VisualStudio.TestPlatform.Extensions.Trx.TestLogger.dll
D:\SoftwareEngineering\individual-project-JiaFeiMiao-K-Cat\ExercisesGenerator\ToolsUnitTest\bin\Release\net40\fine-code-coverage\build-output\NUnit3.TestAdapter.dll
TpTrace Information: 0 : 74604, 3, 2021/09/14, 21:26:28.705, 3870419835552, testhost.x86.exe, AssemblyResolver.AddSearchDirectories: Adding more searchDirectories C:\Program Files\dotnet\sdk\5.0.302\Extensions,C:\Program Files\dotnet\sdk\5.0.302\TestHost
TpTrace Information: 0 : 74604, 3, 2021/09/14, 21:26:28.705, 3870419836289, testhost.x86.exe, AssemblyResolver.AddSearchDirectories: Adding more searchDirectories C:\Program Files\dotnet\sdk\5.0.302\Extensions,C:\Program Files\dotnet\sdk\5.0.302\TestHost
TpTrace Information: 0 : 74604, 3, 2021/09/14, 21:26:28.705, 3870419837094, testhost.x86.exe, AssemblyResolver.AddSearchDirectories: Adding more searchDirectories C:\Program Files\dotnet\sdk\5.0.302\Extensions,C:\Program Files\dotnet\sdk\5.0.302\TestHost
TpTrace Information: 0 : 74604, 3, 2021/09/14, 21:26:28.705, 3870419838172, testhost.x86.exe, AssemblyResolver.AddSearchDirectories: Adding more searchDirectories C:\Program Files\dotnet\sdk\5.0.302\Extensions,C:\Program Files\dotnet\sdk\5.0.302\TestHost
TpTrace Information: 0 : 74604, 3, 2021/09/14, 21:26:28.705, 3870419839025, testhost.x86.exe, AssemblyResolver.AddSearchDirectories: Adding more searchDirectories C:\Program Files\dotnet\sdk\5.0.302\Extensions,C:\Program Files\dotnet\sdk\5.0.302\TestHost
TpTrace Information: 0 : 74604, 3, 2021/09/14, 21:26:28.705, 3870419839867, testhost.x86.exe, AssemblyResolver.AddSearchDirectories: Adding more searchDirectories C:\Program Files\dotnet\sdk\5.0.302\Extensions,C:\Program Files\dotnet\sdk\5.0.302\TestHost
TpTrace Information: 0 : 74604, 3, 2021/09/14, 21:26:28.705, 3870419840709, testhost.x86.exe, AssemblyResolver.AddSearchDirectories: Adding more searchDirectories D:\SoftwareEngineering\individual-project-JiaFeiMiao-K-Cat\ExercisesGenerator\ToolsUnitTest\bin\Release\net40\fine-code-coverage\build-output,C:\Program Files\dotnet\sdk\5.0.302\TestHost
TpTrace Warning: 0 : 74604, 3, 2021/09/14, 21:26:28.706, 3870419843894, testhost.x86.exe, TestPluginDiscoverer: Failed to load extensions from file 'C:\Program Files\dotnet\sdk\5.0.302\Extensions\Microsoft.Diagnostics.NETCore.Client.dll'.  Skipping test extension scan for this file.  Error: System.IO.FileNotFoundException: 未能加载文件或程序集“Microsoft.Diagnostics.NETCore.Client”或它的某一个依赖项。系统找不到指定的文件。
文件名:“Microsoft.Diagnostics.NETCore.Client”
   在 System.Reflection.RuntimeAssembly._nLoad(AssemblyName fileName, String codeBase, Evidence assemblySecurity, RuntimeAssembly locationHint, StackCrawlMark& stackMark, IntPtr pPrivHostBinder, Boolean throwOnFileNotFound, Boolean forIntrospection, Boolean suppressSecurityChecks)
   在 System.Reflection.RuntimeAssembly.nLoad(AssemblyName fileName, String codeBase, Evidence assemblySecurity, RuntimeAssembly locationHint, StackCrawlMark& stackMark, IntPtr pPrivHostBinder, Boolean throwOnFileNotFound, Boolean forIntrospection, Boolean suppressSecurityChecks)
   在 System.Reflection.RuntimeAssembly.InternalLoadAssemblyName(AssemblyName assemblyRef, Evidence assemblySecurity, RuntimeAssembly reqAssembly, StackCrawlMark& stackMark, IntPtr pPrivHostBinder, Boolean throwOnFileNotFound, Boolean forIntrospection, Boolean suppressSecurityChecks)
   在 System.Reflection.Assembly.Load(AssemblyName assemblyRef)
   在 Microsoft.VisualStudio.TestPlatform.Common.ExtensionFramework.TestPluginDiscoverer.GetTestExtensionsFromFiles[TPluginInfo,TExtension](String[] files, Dictionary`2 pluginInfos)

警告: 程序集绑定日志记录被关闭。
要启用程序集绑定失败日志记录，请将注册表值 [HKLM\Software\Microsoft\Fusion!EnableLog] (DWORD)设置为 1。
注意: 会有一些与程序集绑定失败日志记录关联的性能损失。
要关闭此功能，请移除注册表值 [HKLM\Software\Microsoft\Fusion!EnableLog]。

TpTrace Warning: 0 : 74604, 3, 2021/09/14, 21:26:28.706, 3870419846226, testhost.x86.exe, TestPluginDiscoverer: Failed to load extensions from file 'C:\Program Files\dotnet\sdk\5.0.302\Extensions\Microsoft.TestPlatform.Extensions.BlameDataCollector.dll'.  Skipping test extension scan for this file.  Error: System.IO.FileNotFoundException: 未能加载文件或程序集“Microsoft.TestPlatform.Extensions.BlameDataCollector”或它的某一个依赖项。系统找不到指定的文件。
文件名:“Microsoft.TestPlatform.Extensions.BlameDataCollector”
   在 System.Reflection.RuntimeAssembly._nLoad(AssemblyName fileName, String codeBase, Evidence assemblySecurity, RuntimeAssembly locationHint, StackCrawlMark& stackMark, IntPtr pPrivHostBinder, Boolean throwOnFileNotFound, Boolean forIntrospection, Boolean suppressSecurityChecks)
   在 System.Reflection.RuntimeAssembly.nLoad(AssemblyName fileName, String codeBase, Evidence assemblySecurity, RuntimeAssembly locationHint, StackCrawlMark& stackMark, IntPtr pPrivHostBinder, Boolean throwOnFileNotFound, Boolean forIntrospection, Boolean suppressSecurityChecks)
   在 System.Reflection.RuntimeAssembly.InternalLoadAssemblyName(AssemblyName assemblyRef, Evidence assemblySecurity, RuntimeAssembly reqAssembly, StackCrawlMark& stackMark, IntPtr pPrivHostBinder, Boolean throwOnFileNotFound, Boolean forIntrospection, Boolean suppressSecurityChecks)
   在 System.Reflection.Assembly.Load(AssemblyName assemblyRef)
   在 Microsoft.VisualStudio.TestPlatform.Common.ExtensionFramework.TestPluginDiscoverer.GetTestExtensionsFromFiles[TPluginInfo,TExtension](String[] files, Dictionary`2 pluginInfos)

警告: 程序集绑定日志记录被关闭。
要启用程序集绑定失败日志记录，请将注册表值 [HKLM\Software\Microsoft\Fusion!EnableLog] (DWORD)设置为 1。
注意: 会有一些与程序集绑定失败日志记录关联的性能损失。
要关闭此功能，请移除注册表值 [HKLM\Software\Microsoft\Fusion!EnableLog]。

TpTrace Warning: 0 : 74604, 3, 2021/09/14, 21:26:28.706, 3870419849154, testhost.x86.exe, TestPluginDiscoverer: Failed to load extensions from file 'C:\Program Files\dotnet\sdk\5.0.302\Extensions\Microsoft.TestPlatform.TestHostRuntimeProvider.dll'.  Skipping test extension scan for this file.  Error: System.IO.FileNotFoundException: 未能加载文件或程序集“Microsoft.TestPlatform.TestHostRuntimeProvider”或它的某一个依赖项。系统找不到指定的文件。
文件名:“Microsoft.TestPlatform.TestHostRuntimeProvider”
   在 System.Reflection.RuntimeAssembly._nLoad(AssemblyName fileName, String codeBase, Evidence assemblySecurity, RuntimeAssembly locationHint, StackCrawlMark& stackMark, IntPtr pPrivHostBinder, Boolean throwOnFileNotFound, Boolean forIntrospection, Boolean suppressSecurityChecks)
   在 System.Reflection.RuntimeAssembly.nLoad(AssemblyName fileName, String codeBase, Evidence assemblySecurity, RuntimeAssembly locationHint, StackCrawlMark& stackMark, IntPtr pPrivHostBinder, Boolean throwOnFileNotFound, Boolean forIntrospection, Boolean suppressSecurityChecks)
   在 System.Reflection.RuntimeAssembly.InternalLoadAssemblyName(AssemblyName assemblyRef, Evidence assemblySecurity, RuntimeAssembly reqAssembly, StackCrawlMark& stackMark, IntPtr pPrivHostBinder, Boolean throwOnFileNotFound, Boolean forIntrospection, Boolean suppressSecurityChecks)
   在 System.Reflection.Assembly.Load(AssemblyName assemblyRef)
   在 Microsoft.VisualStudio.TestPlatform.Common.ExtensionFramework.TestPluginDiscoverer.GetTestExtensionsFromFiles[TPluginInfo,TExtension](String[] files, Dictionary`2 pluginInfos)

警告: 程序集绑定日志记录被关闭。
要启用程序集绑定失败日志记录，请将注册表值 [HKLM\Software\Microsoft\Fusion!EnableLog] (DWORD)设置为 1。
注意: 会有一些与程序集绑定失败日志记录关联的性能损失。
要关闭此功能，请移除注册表值 [HKLM\Software\Microsoft\Fusion!EnableLog]。

TpTrace Warning: 0 : 74604, 3, 2021/09/14, 21:26:28.706, 3870419850795, testhost.x86.exe, TestPluginDiscoverer: Failed to load extensions from file 'C:\Program Files\dotnet\sdk\5.0.302\Extensions\Microsoft.VisualStudio.TestPlatform.Extensions.Html.TestLogger.dll'.  Skipping test extension scan for this file.  Error: System.IO.FileNotFoundException: 未能加载文件或程序集“Microsoft.VisualStudio.TestPlatform.Extensions.Html.TestLogger”或它的某一个依赖项。系统找不到指定的文件。
文件名:“Microsoft.VisualStudio.TestPlatform.Extensions.Html.TestLogger”
   在 System.Reflection.RuntimeAssembly._nLoad(AssemblyName fileName, String codeBase, Evidence assemblySecurity, RuntimeAssembly locationHint, StackCrawlMark& stackMark, IntPtr pPrivHostBinder, Boolean throwOnFileNotFound, Boolean forIntrospection, Boolean suppressSecurityChecks)
   在 System.Reflection.RuntimeAssembly.nLoad(AssemblyName fileName, String codeBase, Evidence assemblySecurity, RuntimeAssembly locationHint, StackCrawlMark& stackMark, IntPtr pPrivHostBinder, Boolean throwOnFileNotFound, Boolean forIntrospection, Boolean suppressSecurityChecks)
   在 System.Reflection.RuntimeAssembly.InternalLoadAssemblyName(AssemblyName assemblyRef, Evidence assemblySecurity, RuntimeAssembly reqAssembly, StackCrawlMark& stackMark, IntPtr pPrivHostBinder, Boolean throwOnFileNotFound, Boolean forIntrospection, Boolean suppressSecurityChecks)
   在 System.Reflection.Assembly.Load(AssemblyName assemblyRef)
   在 Microsoft.VisualStudio.TestPlatform.Common.ExtensionFramework.TestPluginDiscoverer.GetTestExtensionsFromFiles[TPluginInfo,TExtension](String[] files, Dictionary`2 pluginInfos)

警告: 程序集绑定日志记录被关闭。
要启用程序集绑定失败日志记录，请将注册表值 [HKLM\Software\Microsoft\Fusion!EnableLog] (DWORD)设置为 1。
注意: 会有一些与程序集绑定失败日志记录关联的性能损失。
要关闭此功能，请移除注册表值 [HKLM\Software\Microsoft\Fusion!EnableLog]。

TpTrace Warning: 0 : 74604, 3, 2021/09/14, 21:26:28.707, 3870419852712, testhost.x86.exe, TestPluginDiscoverer: Failed to load extensions from file 'C:\Program Files\dotnet\sdk\5.0.302\Extensions\Microsoft.VisualStudio.TestPlatform.Extensions.Trx.TestLogger.dll'.  Skipping test extension scan for this file.  Error: System.IO.FileNotFoundException: 未能加载文件或程序集“Microsoft.VisualStudio.TestPlatform.Extensions.Trx.TestLogger”或它的某一个依赖项。系统找不到指定的文件。
文件名:“Microsoft.VisualStudio.TestPlatform.Extensions.Trx.TestLogger”
   在 System.Reflection.RuntimeAssembly._nLoad(AssemblyName fileName, String codeBase, Evidence assemblySecurity, RuntimeAssembly locationHint, StackCrawlMark& stackMark, IntPtr pPrivHostBinder, Boolean throwOnFileNotFound, Boolean forIntrospection, Boolean suppressSecurityChecks)
   在 System.Reflection.RuntimeAssembly.nLoad(AssemblyName fileName, String codeBase, Evidence assemblySecurity, RuntimeAssembly locationHint, StackCrawlMark& stackMark, IntPtr pPrivHostBinder, Boolean throwOnFileNotFound, Boolean forIntrospection, Boolean suppressSecurityChecks)
   在 System.Reflection.RuntimeAssembly.InternalLoadAssemblyName(AssemblyName assemblyRef, Evidence assemblySecurity, RuntimeAssembly reqAssembly, StackCrawlMark& stackMark, IntPtr pPrivHostBinder, Boolean throwOnFileNotFound, Boolean forIntrospection, Boolean suppressSecurityChecks)
   在 System.Reflection.Assembly.Load(AssemblyName assemblyRef)
   在 Microsoft.VisualStudio.TestPlatform.Common.ExtensionFramework.TestPluginDiscoverer.GetTestExtensionsFromFiles[TPluginInfo,TExtension](String[] files, Dictionary`2 pluginInfos)

警告: 程序集绑定日志记录被关闭。
要启用程序集绑定失败日志记录，请将注册表值 [HKLM\Software\Microsoft\Fusion!EnableLog] (DWORD)设置为 1。
注意: 会有一些与程序集绑定失败日志记录关联的性能损失。
要关闭此功能，请移除注册表值 [HKLM\Software\Microsoft\Fusion!EnableLog]。

TpTrace Verbose: 0 : 74604, 3, 2021/09/14, 21:26:28.707, 3870419854862, testhost.x86.exe, TestPluginCache: Discovered the extensions using extension path ''.
TpTrace Verbose: 0 : 74604, 3, 2021/09/14, 21:26:28.707, 3870419855517, testhost.x86.exe, TestPluginCache: Discoverers are ''.
TpTrace Verbose: 0 : 74604, 3, 2021/09/14, 21:26:28.707, 3870419855965, testhost.x86.exe, TestPluginCache: Executors are 'executor://NUnit3TestExecutor'.
TpTrace Verbose: 0 : 74604, 3, 2021/09/14, 21:26:28.707, 3870419856421, testhost.x86.exe, TestPluginCache: Executors2 are ''.
TpTrace Verbose: 0 : 74604, 3, 2021/09/14, 21:26:28.707, 3870419856834, testhost.x86.exe, TestPluginCache: Setting providers are ''.
TpTrace Verbose: 0 : 74604, 3, 2021/09/14, 21:26:28.707, 3870419857272, testhost.x86.exe, TestPluginCache: Loggers are ''.
TpTrace Information: 0 : 74604, 3, 2021/09/14, 21:26:28.712, 3870419909796, testhost.x86.exe, AssemblyResolver.OnResolve: NUnit3.TestAdapter, Version=3.16.1.0, Culture=neutral, PublicKeyToken=4cb40d35494691ac: Resolving assembly.
TpTrace Information: 0 : 74604, 3, 2021/09/14, 21:26:28.712, 3870419910806, testhost.x86.exe, AssemblyResolver.OnResolve: NUnit3.TestAdapter, Version=3.16.1.0, Culture=neutral, PublicKeyToken=4cb40d35494691ac: Searching in: 'C:\Program Files\dotnet\sdk\5.0.302\Extensions'.
TpTrace Information: 0 : 74604, 3, 2021/09/14, 21:26:28.713, 3870419912138, testhost.x86.exe, AssemblyResolver.OnResolve: NUnit3.TestAdapter, Version=3.16.1.0, Culture=neutral, PublicKeyToken=4cb40d35494691ac: Assembly path does not exist: 'C:\Program Files\dotnet\sdk\5.0.302\Extensions\NUnit3.TestAdapter.dll', returning.
TpTrace Information: 0 : 74604, 3, 2021/09/14, 21:26:28.713, 3870419913569, testhost.x86.exe, AssemblyResolver.OnResolve: NUnit3.TestAdapter, Version=3.16.1.0, Culture=neutral, PublicKeyToken=4cb40d35494691ac: Assembly path does not exist: 'C:\Program Files\dotnet\sdk\5.0.302\Extensions\NUnit3.TestAdapter.exe', returning.
TpTrace Information: 0 : 74604, 3, 2021/09/14, 21:26:28.713, 3870419914112, testhost.x86.exe, AssemblyResolver.OnResolve: NUnit3.TestAdapter, Version=3.16.1.0, Culture=neutral, PublicKeyToken=4cb40d35494691ac: Searching in: 'D:\SoftwareEngineering\individual-project-JiaFeiMiao-K-Cat\ExercisesGenerator\ToolsUnitTest\bin\Release\net40\fine-code-coverage\build-output'.
TpTrace Information: 0 : 74604, 3, 2021/09/14, 21:26:28.713, 3870419919281, testhost.x86.exe, AssemblyResolver.OnResolve: NUnit3.TestAdapter, Version=3.16.1.0, Culture=neutral, PublicKeyToken=4cb40d35494691ac: Loading assembly 'D:\SoftwareEngineering\individual-project-JiaFeiMiao-K-Cat\ExercisesGenerator\ToolsUnitTest\bin\Release\net40\fine-code-coverage\build-output\NUnit3.TestAdapter.dll'.
TpTrace Information: 0 : 74604, 3, 2021/09/14, 21:26:28.713, 3870419920191, testhost.x86.exe, AssemblyResolver.OnResolve: Resolved assembly: NUnit3.TestAdapter, Version=3.16.1.0, Culture=neutral, PublicKeyToken=4cb40d35494691ac, from path: D:\SoftwareEngineering\individual-project-JiaFeiMiao-K-Cat\ExercisesGenerator\ToolsUnitTest\bin\Release\net40\fine-code-coverage\build-output\NUnit3.TestAdapter.dll
TpTrace Information: 0 : 74604, 3, 2021/09/14, 21:26:28.714, 3870419927941, testhost.x86.exe, TestPluginManager.CreateTestExtension: Attempting to load test extension: NUnit.VisualStudio.TestAdapter.NUnit3TestExecutor
TpTrace Verbose: 0 : 74604, 3, 2021/09/14, 21:26:28.715, 3870419933869, testhost.x86.exe, TestExecutorExtensionManager: Loading executor NUnit.VisualStudio.TestAdapter.NUnit3TestExecutor
TpTrace Verbose: 0 : 74604, 3, 2021/09/14, 21:26:28.715, 3870419934866, testhost.x86.exe, TestExecutorService: Loaded the executors
TpTrace Verbose: 0 : 74604, 3, 2021/09/14, 21:26:28.716, 3870419947576, testhost.x86.exe, TestPluginCache.DiscoverTestExtensions: finding test extensions in assemblies ends with: TestAdapter.dll TPluginInfo: Microsoft.VisualStudio.TestPlatform.Common.ExtensionFramework.Utilities.TestSettingsProviderPluginInformation TExtension: Microsoft.VisualStudio.TestPlatform.ObjectModel.Adapter.ISettingsProvider
TpTrace Verbose: 0 : 74604, 3, 2021/09/14, 21:26:28.716, 3870419948492, testhost.x86.exe, TestPluginCache.GetExtensionPaths: Filtered extension paths: 
TpTrace Verbose: 0 : 74604, 3, 2021/09/14, 21:26:28.716, 3870419949027, testhost.x86.exe, TestPluginCache.GetExtensionPaths: Added default extension paths: C:\Program Files\dotnet\sdk\5.0.302\Extensions\Microsoft.Diagnostics.NETCore.Client.dll
C:\Program Files\dotnet\sdk\5.0.302\Extensions\Microsoft.TestPlatform.Extensions.BlameDataCollector.dll
C:\Program Files\dotnet\sdk\5.0.302\Extensions\Microsoft.TestPlatform.Extensions.EventLogCollector.dll
C:\Program Files\dotnet\sdk\5.0.302\Extensions\Microsoft.TestPlatform.TestHostRuntimeProvider.dll
C:\Program Files\dotnet\sdk\5.0.302\Extensions\Microsoft.VisualStudio.TestPlatform.Extensions.Html.TestLogger.dll
C:\Program Files\dotnet\sdk\5.0.302\Extensions\Microsoft.VisualStudio.TestPlatform.Extensions.Trx.TestLogger.dll
D:\SoftwareEngineering\individual-project-JiaFeiMiao-K-Cat\ExercisesGenerator\ToolsUnitTest\bin\Release\net40\fine-code-coverage\build-output\NUnit3.TestAdapter.dll
TpTrace Verbose: 0 : 74604, 3, 2021/09/14, 21:26:28.716, 3870419949566, testhost.x86.exe, TestPluginCache.GetExtensionPaths: Added unfilterableExtensionPaths: 
TpTrace Information: 0 : 74604, 3, 2021/09/14, 21:26:28.717, 3870419951883, testhost.x86.exe, AssemblyResolver.AddSearchDirectories: Adding more searchDirectories C:\Program Files\dotnet\sdk\5.0.302\Extensions,D:\SoftwareEngineering\individual-project-JiaFeiMiao-K-Cat\ExercisesGenerator\ToolsUnitTest\bin\Release\net40\fine-code-coverage\build-output,C:\Program Files\dotnet\sdk\5.0.302\TestHost
TpTrace Verbose: 0 : 74604, 3, 2021/09/14, 21:26:28.717, 3870419952519, testhost.x86.exe, TestPluginCache.DiscoverTestExtensions: Discovering the extensions using extension path.
TpTrace Verbose: 0 : 74604, 3, 2021/09/14, 21:26:28.717, 3870419952971, testhost.x86.exe, TestPluginCache.GetExtensionPaths: Filtered extension paths: 
TpTrace Verbose: 0 : 74604, 3, 2021/09/14, 21:26:28.717, 3870419953594, testhost.x86.exe, TestPluginCache.GetExtensionPaths: Added default extension paths: C:\Program Files\dotnet\sdk\5.0.302\Extensions\Microsoft.Diagnostics.NETCore.Client.dll
C:\Program Files\dotnet\sdk\5.0.302\Extensions\Microsoft.TestPlatform.Extensions.BlameDataCollector.dll
C:\Program Files\dotnet\sdk\5.0.302\Extensions\Microsoft.TestPlatform.Extensions.EventLogCollector.dll
C:\Program Files\dotnet\sdk\5.0.302\Extensions\Microsoft.TestPlatform.TestHostRuntimeProvider.dll
C:\Program Files\dotnet\sdk\5.0.302\Extensions\Microsoft.VisualStudio.TestPlatform.Extensions.Html.TestLogger.dll
C:\Program Files\dotnet\sdk\5.0.302\Extensions\Microsoft.VisualStudio.TestPlatform.Extensions.Trx.TestLogger.dll
D:\SoftwareEngineering\individual-project-JiaFeiMiao-K-Cat\ExercisesGenerator\ToolsUnitTest\bin\Release\net40\fine-code-coverage\build-output\NUnit3.TestAdapter.dll
TpTrace Verbose: 0 : 74604, 3, 2021/09/14, 21:26:28.717, 3870419954081, testhost.x86.exe, TestPluginCache.GetExtensionPaths: Added unfilterableExtensionPaths: 
TpTrace Verbose: 0 : 74604, 3, 2021/09/14, 21:26:28.717, 3870419954546, testhost.x86.exe, TestPluginCache.DiscoverTestExtensions: Discovering the extensions using allExtensionPaths: C:\Program Files\dotnet\sdk\5.0.302\Extensions\Microsoft.Diagnostics.NETCore.Client.dll
C:\Program Files\dotnet\sdk\5.0.302\Extensions\Microsoft.TestPlatform.Extensions.BlameDataCollector.dll
C:\Program Files\dotnet\sdk\5.0.302\Extensions\Microsoft.TestPlatform.Extensions.EventLogCollector.dll
C:\Program Files\dotnet\sdk\5.0.302\Extensions\Microsoft.TestPlatform.TestHostRuntimeProvider.dll
C:\Program Files\dotnet\sdk\5.0.302\Extensions\Microsoft.VisualStudio.TestPlatform.Extensions.Html.TestLogger.dll
C:\Program Files\dotnet\sdk\5.0.302\Extensions\Microsoft.VisualStudio.TestPlatform.Extensions.Trx.TestLogger.dll
D:\SoftwareEngineering\individual-project-JiaFeiMiao-K-Cat\ExercisesGenerator\ToolsUnitTest\bin\Release\net40\fine-code-coverage\build-output\NUnit3.TestAdapter.dll
TpTrace Information: 0 : 74604, 3, 2021/09/14, 21:26:28.717, 3870419955272, testhost.x86.exe, AssemblyResolver.AddSearchDirectories: Adding more searchDirectories C:\Program Files\dotnet\sdk\5.0.302\Extensions,C:\Program Files\dotnet\sdk\5.0.302\TestHost
TpTrace Information: 0 : 74604, 3, 2021/09/14, 21:26:28.717, 3870419955865, testhost.x86.exe, AssemblyResolver.AddSearchDirectories: Adding more searchDirectories C:\Program Files\dotnet\sdk\5.0.302\Extensions,C:\Program Files\dotnet\sdk\5.0.302\TestHost
TpTrace Information: 0 : 74604, 3, 2021/09/14, 21:26:28.717, 3870419956389, testhost.x86.exe, AssemblyResolver.AddSearchDirectories: Adding more searchDirectories C:\Program Files\dotnet\sdk\5.0.302\Extensions,C:\Program Files\dotnet\sdk\5.0.302\TestHost
TpTrace Information: 0 : 74604, 3, 2021/09/14, 21:26:28.717, 3870419956933, testhost.x86.exe, AssemblyResolver.AddSearchDirectories: Adding more searchDirectories C:\Program Files\dotnet\sdk\5.0.302\Extensions,C:\Program Files\dotnet\sdk\5.0.302\TestHost
TpTrace Information: 0 : 74604, 3, 2021/09/14, 21:26:28.717, 3870419957487, testhost.x86.exe, AssemblyResolver.AddSearchDirectories: Adding more searchDirectories C:\Program Files\dotnet\sdk\5.0.302\Extensions,C:\Program Files\dotnet\sdk\5.0.302\TestHost
TpTrace Information: 0 : 74604, 3, 2021/09/14, 21:26:28.717, 3870419958013, testhost.x86.exe, AssemblyResolver.AddSearchDirectories: Adding more searchDirectories C:\Program Files\dotnet\sdk\5.0.302\Extensions,C:\Program Files\dotnet\sdk\5.0.302\TestHost
TpTrace Information: 0 : 74604, 3, 2021/09/14, 21:26:28.717, 3870419958547, testhost.x86.exe, AssemblyResolver.AddSearchDirectories: Adding more searchDirectories D:\SoftwareEngineering\individual-project-JiaFeiMiao-K-Cat\ExercisesGenerator\ToolsUnitTest\bin\Release\net40\fine-code-coverage\build-output,C:\Program Files\dotnet\sdk\5.0.302\TestHost
TpTrace Warning: 0 : 74604, 3, 2021/09/14, 21:26:28.717, 3870419960438, testhost.x86.exe, TestPluginDiscoverer: Failed to load extensions from file 'C:\Program Files\dotnet\sdk\5.0.302\Extensions\Microsoft.Diagnostics.NETCore.Client.dll'.  Skipping test extension scan for this file.  Error: System.IO.FileNotFoundException: 未能加载文件或程序集“Microsoft.Diagnostics.NETCore.Client”或它的某一个依赖项。系统找不到指定的文件。
文件名:“Microsoft.Diagnostics.NETCore.Client”
   在 System.Reflection.RuntimeAssembly._nLoad(AssemblyName fileName, String codeBase, Evidence assemblySecurity, RuntimeAssembly locationHint, StackCrawlMark& stackMark, IntPtr pPrivHostBinder, Boolean throwOnFileNotFound, Boolean forIntrospection, Boolean suppressSecurityChecks)
   在 System.Reflection.RuntimeAssembly.nLoad(AssemblyName fileName, String codeBase, Evidence assemblySecurity, RuntimeAssembly locationHint, StackCrawlMark& stackMark, IntPtr pPrivHostBinder, Boolean throwOnFileNotFound, Boolean forIntrospection, Boolean suppressSecurityChecks)
   在 System.Reflection.RuntimeAssembly.InternalLoadAssemblyName(AssemblyName assemblyRef, Evidence assemblySecurity, RuntimeAssembly reqAssembly, StackCrawlMark& stackMark, IntPtr pPrivHostBinder, Boolean throwOnFileNotFound, Boolean forIntrospection, Boolean suppressSecurityChecks)
   在 System.Reflection.Assembly.Load(AssemblyName assemblyRef)
   在 Microsoft.VisualStudio.TestPlatform.Common.ExtensionFramework.TestPluginDiscoverer.GetTestExtensionsFromFiles[TPluginInfo,TExtension](String[] files, Dictionary`2 pluginInfos)

警告: 程序集绑定日志记录被关闭。
要启用程序集绑定失败日志记录，请将注册表值 [HKLM\Software\Microsoft\Fusion!EnableLog] (DWORD)设置为 1。
注意: 会有一些与程序集绑定失败日志记录关联的性能损失。
要关闭此功能，请移除注册表值 [HKLM\Software\Microsoft\Fusion!EnableLog]。

TpTrace Warning: 0 : 74604, 3, 2021/09/14, 21:26:28.718, 3870419962072, testhost.x86.exe, TestPluginDiscoverer: Failed to load extensions from file 'C:\Program Files\dotnet\sdk\5.0.302\Extensions\Microsoft.TestPlatform.Extensions.BlameDataCollector.dll'.  Skipping test extension scan for this file.  Error: System.IO.FileNotFoundException: 未能加载文件或程序集“Microsoft.TestPlatform.Extensions.BlameDataCollector”或它的某一个依赖项。系统找不到指定的文件。
文件名:“Microsoft.TestPlatform.Extensions.BlameDataCollector”
   在 System.Reflection.RuntimeAssembly._nLoad(AssemblyName fileName, String codeBase, Evidence assemblySecurity, RuntimeAssembly locationHint, StackCrawlMark& stackMark, IntPtr pPrivHostBinder, Boolean throwOnFileNotFound, Boolean forIntrospection, Boolean suppressSecurityChecks)
   在 System.Reflection.RuntimeAssembly.nLoad(AssemblyName fileName, String codeBase, Evidence assemblySecurity, RuntimeAssembly locationHint, StackCrawlMark& stackMark, IntPtr pPrivHostBinder, Boolean throwOnFileNotFound, Boolean forIntrospection, Boolean suppressSecurityChecks)
   在 System.Reflection.RuntimeAssembly.InternalLoadAssemblyName(AssemblyName assemblyRef, Evidence assemblySecurity, RuntimeAssembly reqAssembly, StackCrawlMark& stackMark, IntPtr pPrivHostBinder, Boolean throwOnFileNotFound, Boolean forIntrospection, Boolean suppressSecurityChecks)
   在 System.Reflection.Assembly.Load(AssemblyName assemblyRef)
   在 Microsoft.VisualStudio.TestPlatform.Common.ExtensionFramework.TestPluginDiscoverer.GetTestExtensionsFromFiles[TPluginInfo,TExtension](String[] files, Dictionary`2 pluginInfos)

警告: 程序集绑定日志记录被关闭。
要启用程序集绑定失败日志记录，请将注册表值 [HKLM\Software\Microsoft\Fusion!EnableLog] (DWORD)设置为 1。
注意: 会有一些与程序集绑定失败日志记录关联的性能损失。
要关闭此功能，请移除注册表值 [HKLM\Software\Microsoft\Fusion!EnableLog]。

TpTrace Warning: 0 : 74604, 3, 2021/09/14, 21:26:28.718, 3870419964295, testhost.x86.exe, TestPluginDiscoverer: Failed to load extensions from file 'C:\Program Files\dotnet\sdk\5.0.302\Extensions\Microsoft.TestPlatform.TestHostRuntimeProvider.dll'.  Skipping test extension scan for this file.  Error: System.IO.FileNotFoundException: 未能加载文件或程序集“Microsoft.TestPlatform.TestHostRuntimeProvider”或它的某一个依赖项。系统找不到指定的文件。
文件名:“Microsoft.TestPlatform.TestHostRuntimeProvider”
   在 System.Reflection.RuntimeAssembly._nLoad(AssemblyName fileName, String codeBase, Evidence assemblySecurity, RuntimeAssembly locationHint, StackCrawlMark& stackMark, IntPtr pPrivHostBinder, Boolean throwOnFileNotFound, Boolean forIntrospection, Boolean suppressSecurityChecks)
   在 System.Reflection.RuntimeAssembly.nLoad(AssemblyName fileName, String codeBase, Evidence assemblySecurity, RuntimeAssembly locationHint, StackCrawlMark& stackMark, IntPtr pPrivHostBinder, Boolean throwOnFileNotFound, Boolean forIntrospection, Boolean suppressSecurityChecks)
   在 System.Reflection.RuntimeAssembly.InternalLoadAssemblyName(AssemblyName assemblyRef, Evidence assemblySecurity, RuntimeAssembly reqAssembly, StackCrawlMark& stackMark, IntPtr pPrivHostBinder, Boolean throwOnFileNotFound, Boolean forIntrospection, Boolean suppressSecurityChecks)
   在 System.Reflection.Assembly.Load(AssemblyName assemblyRef)
   在 Microsoft.VisualStudio.TestPlatform.Common.ExtensionFramework.TestPluginDiscoverer.GetTestExtensionsFromFiles[TPluginInfo,TExtension](String[] files, Dictionary`2 pluginInfos)

警告: 程序集绑定日志记录被关闭。
要启用程序集绑定失败日志记录，请将注册表值 [HKLM\Software\Microsoft\Fusion!EnableLog] (DWORD)设置为 1。
注意: 会有一些与程序集绑定失败日志记录关联的性能损失。
要关闭此功能，请移除注册表值 [HKLM\Software\Microsoft\Fusion!EnableLog]。

TpTrace Warning: 0 : 74604, 3, 2021/09/14, 21:26:28.718, 3870419965811, testhost.x86.exe, TestPluginDiscoverer: Failed to load extensions from file 'C:\Program Files\dotnet\sdk\5.0.302\Extensions\Microsoft.VisualStudio.TestPlatform.Extensions.Html.TestLogger.dll'.  Skipping test extension scan for this file.  Error: System.IO.FileNotFoundException: 未能加载文件或程序集“Microsoft.VisualStudio.TestPlatform.Extensions.Html.TestLogger”或它的某一个依赖项。系统找不到指定的文件。
文件名:“Microsoft.VisualStudio.TestPlatform.Extensions.Html.TestLogger”
   在 System.Reflection.RuntimeAssembly._nLoad(AssemblyName fileName, String codeBase, Evidence assemblySecurity, RuntimeAssembly locationHint, StackCrawlMark& stackMark, IntPtr pPrivHostBinder, Boolean throwOnFileNotFound, Boolean forIntrospection, Boolean suppressSecurityChecks)
   在 System.Reflection.RuntimeAssembly.nLoad(AssemblyName fileName, String codeBase, Evidence assemblySecurity, RuntimeAssembly locationHint, StackCrawlMark& stackMark, IntPtr pPrivHostBinder, Boolean throwOnFileNotFound, Boolean forIntrospection, Boolean suppressSecurityChecks)
   在 System.Reflection.RuntimeAssembly.InternalLoadAssemblyName(AssemblyName assemblyRef, Evidence assemblySecurity, RuntimeAssembly reqAssembly, StackCrawlMark& stackMark, IntPtr pPrivHostBinder, Boolean throwOnFileNotFound, Boolean forIntrospection, Boolean suppressSecurityChecks)
   在 System.Reflection.Assembly.Load(AssemblyName assemblyRef)
   在 Microsoft.VisualStudio.TestPlatform.Common.ExtensionFramework.TestPluginDiscoverer.GetTestExtensionsFromFiles[TPluginInfo,TExtension](String[] files, Dictionary`2 pluginInfos)

警告: 程序集绑定日志记录被关闭。
要启用程序集绑定失败日志记录，请将注册表值 [HKLM\Software\Microsoft\Fusion!EnableLog] (DWORD)设置为 1。
注意: 会有一些与程序集绑定失败日志记录关联的性能损失。
要关闭此功能，请移除注册表值 [HKLM\Software\Microsoft\Fusion!EnableLog]。

TpTrace Warning: 0 : 74604, 3, 2021/09/14, 21:26:28.718, 3870419967300, testhost.x86.exe, TestPluginDiscoverer: Failed to load extensions from file 'C:\Program Files\dotnet\sdk\5.0.302\Extensions\Microsoft.VisualStudio.TestPlatform.Extensions.Trx.TestLogger.dll'.  Skipping test extension scan for this file.  Error: System.IO.FileNotFoundException: 未能加载文件或程序集“Microsoft.VisualStudio.TestPlatform.Extensions.Trx.TestLogger”或它的某一个依赖项。系统找不到指定的文件。
文件名:“Microsoft.VisualStudio.TestPlatform.Extensions.Trx.TestLogger”
   在 System.Reflection.RuntimeAssembly._nLoad(AssemblyName fileName, String codeBase, Evidence assemblySecurity, RuntimeAssembly locationHint, StackCrawlMark& stackMark, IntPtr pPrivHostBinder, Boolean throwOnFileNotFound, Boolean forIntrospection, Boolean suppressSecurityChecks)
   在 System.Reflection.RuntimeAssembly.nLoad(AssemblyName fileName, String codeBase, Evidence assemblySecurity, RuntimeAssembly locationHint, StackCrawlMark& stackMark, IntPtr pPrivHostBinder, Boolean throwOnFileNotFound, Boolean forIntrospection, Boolean suppressSecurityChecks)
   在 System.Reflection.RuntimeAssembly.InternalLoadAssemblyName(AssemblyName assemblyRef, Evidence assemblySecurity, RuntimeAssembly reqAssembly, StackCrawlMark& stackMark, IntPtr pPrivHostBinder, Boolean throwOnFileNotFound, Boolean forIntrospection, Boolean suppressSecurityChecks)
   在 System.Reflection.Assembly.Load(AssemblyName assemblyRef)
   在 Microsoft.VisualStudio.TestPlatform.Common.ExtensionFramework.TestPluginDiscoverer.GetTestExtensionsFromFiles[TPluginInfo,TExtension](String[] files, Dictionary`2 pluginInfos)

警告: 程序集绑定日志记录被关闭。
要启用程序集绑定失败日志记录，请将注册表值 [HKLM\Software\Microsoft\Fusion!EnableLog] (DWORD)设置为 1。
注意: 会有一些与程序集绑定失败日志记录关联的性能损失。
要关闭此功能，请移除注册表值 [HKLM\Software\Microsoft\Fusion!EnableLog]。

TpTrace Verbose: 0 : 74604, 3, 2021/09/14, 21:26:28.718, 3870419969198, testhost.x86.exe, TestPluginCache: Discovered the extensions using extension path ''.
TpTrace Verbose: 0 : 74604, 3, 2021/09/14, 21:26:28.718, 3870419969759, testhost.x86.exe, TestPluginCache: Discoverers are ''.
TpTrace Verbose: 0 : 74604, 3, 2021/09/14, 21:26:28.718, 3870419970188, testhost.x86.exe, TestPluginCache: Executors are 'executor://NUnit3TestExecutor'.
TpTrace Verbose: 0 : 74604, 3, 2021/09/14, 21:26:28.718, 3870419970595, testhost.x86.exe, TestPluginCache: Executors2 are ''.
TpTrace Verbose: 0 : 74604, 3, 2021/09/14, 21:26:28.718, 3870419971040, testhost.x86.exe, TestPluginCache: Setting providers are ''.
TpTrace Verbose: 0 : 74604, 3, 2021/09/14, 21:26:28.718, 3870419971445, testhost.x86.exe, TestPluginCache: Loggers are ''.
TpTrace Verbose: 0 : 74604, 3, 2021/09/14, 21:26:28.719, 3870419979119, testhost.x86.exe, TestExecutorService: Loaded the settings providers
TpTrace Information: 0 : 74604, 3, 2021/09/14, 21:26:28.719, 3870419979735, testhost.x86.exe, TestExecutorService: Loaded the extensions
TpTrace Information: 0 : 74604, 3, 2021/09/14, 21:26:28.720, 3870419985938, testhost.x86.exe, TestRequestHandler.OnMessageReceived: Running job 'TestExecution.StartWithSources'.
TpTrace Information: 0 : 74604, 3, 2021/09/14, 21:26:28.734, 3870420131016, testhost.x86.exe, AssemblyResolver.OnResolve: Microsoft.VisualStudio.TestPlatform.Common.resources, Version=15.0.0.0, Culture=zh-CN, PublicKeyToken=b03f5f7f11d50a3a: Resolving assembly.
TpTrace Information: 0 : 74604, 3, 2021/09/14, 21:26:28.734, 3870420132394, testhost.x86.exe, AssemblyResolver.OnResolve: Microsoft.VisualStudio.TestPlatform.Common.resources, Version=15.0.0.0, Culture=zh-CN, PublicKeyToken=b03f5f7f11d50a3a: Searching in: 'C:\Program Files\dotnet\sdk\5.0.302\Extensions'.
TpTrace Information: 0 : 74604, 3, 2021/09/14, 21:26:28.734, 3870420133864, testhost.x86.exe, AssemblyResolver.OnResolve: Microsoft.VisualStudio.TestPlatform.Common.resources, Version=15.0.0.0, Culture=zh-CN, PublicKeyToken=b03f5f7f11d50a3a: Assembly path does not exist: 'C:\Program Files\dotnet\sdk\5.0.302\Extensions\Microsoft.VisualStudio.TestPlatform.Common.resources.dll', returning.
TpTrace Information: 0 : 74604, 3, 2021/09/14, 21:26:28.734, 3870420135180, testhost.x86.exe, AssemblyResolver.OnResolve: Microsoft.VisualStudio.TestPlatform.Common.resources, Version=15.0.0.0, Culture=zh-CN, PublicKeyToken=b03f5f7f11d50a3a: Assembly path does not exist: 'C:\Program Files\dotnet\sdk\5.0.302\Extensions\Microsoft.VisualStudio.TestPlatform.Common.resources.exe', returning.
TpTrace Information: 0 : 74604, 3, 2021/09/14, 21:26:28.734, 3870420135739, testhost.x86.exe, AssemblyResolver.OnResolve: Microsoft.VisualStudio.TestPlatform.Common.resources, Version=15.0.0.0, Culture=zh-CN, PublicKeyToken=b03f5f7f11d50a3a: Searching in: 'D:\SoftwareEngineering\individual-project-JiaFeiMiao-K-Cat\ExercisesGenerator\ToolsUnitTest\bin\Release\net40\fine-code-coverage\build-output'.
TpTrace Information: 0 : 74604, 3, 2021/09/14, 21:26:28.736, 3870420138564, testhost.x86.exe, AssemblyResolver.OnResolve: Microsoft.VisualStudio.TestPlatform.Common.resources, Version=15.0.0.0, Culture=zh-CN, PublicKeyToken=b03f5f7f11d50a3a: Assembly path does not exist: 'D:\SoftwareEngineering\individual-project-JiaFeiMiao-K-Cat\ExercisesGenerator\ToolsUnitTest\bin\Release\net40\fine-code-coverage\build-output\Microsoft.VisualStudio.TestPlatform.Common.resources.dll', returning.
TpTrace Information: 0 : 74604, 3, 2021/09/14, 21:26:28.736, 3870420139879, testhost.x86.exe, AssemblyResolver.OnResolve: Microsoft.VisualStudio.TestPlatform.Common.resources, Version=15.0.0.0, Culture=zh-CN, PublicKeyToken=b03f5f7f11d50a3a: Assembly path does not exist: 'D:\SoftwareEngineering\individual-project-JiaFeiMiao-K-Cat\ExercisesGenerator\ToolsUnitTest\bin\Release\net40\fine-code-coverage\build-output\Microsoft.VisualStudio.TestPlatform.Common.resources.exe', returning.
TpTrace Information: 0 : 74604, 3, 2021/09/14, 21:26:28.736, 3870420140499, testhost.x86.exe, AssemblyResolver.OnResolve: Microsoft.VisualStudio.TestPlatform.Common.resources, Version=15.0.0.0, Culture=zh-CN, PublicKeyToken=b03f5f7f11d50a3a: Searching in: 'C:\Program Files\dotnet\sdk\5.0.302\TestHost'.
TpTrace Information: 0 : 74604, 3, 2021/09/14, 21:26:28.736, 3870420141790, testhost.x86.exe, AssemblyResolver.OnResolve: Microsoft.VisualStudio.TestPlatform.Common.resources, Version=15.0.0.0, Culture=zh-CN, PublicKeyToken=b03f5f7f11d50a3a: Assembly path does not exist: 'C:\Program Files\dotnet\sdk\5.0.302\TestHost\Microsoft.VisualStudio.TestPlatform.Common.resources.dll', returning.
TpTrace Information: 0 : 74604, 3, 2021/09/14, 21:26:28.736, 3870420143074, testhost.x86.exe, AssemblyResolver.OnResolve: Microsoft.VisualStudio.TestPlatform.Common.resources, Version=15.0.0.0, Culture=zh-CN, PublicKeyToken=b03f5f7f11d50a3a: Assembly path does not exist: 'C:\Program Files\dotnet\sdk\5.0.302\TestHost\Microsoft.VisualStudio.TestPlatform.Common.resources.exe', returning.
TpTrace Information: 0 : 74604, 3, 2021/09/14, 21:26:28.736, 3870420143683, testhost.x86.exe, AssemblyResolver.OnResolve: Microsoft.VisualStudio.TestPlatform.Common.resources, Version=15.0.0.0, Culture=zh-CN, PublicKeyToken=b03f5f7f11d50a3a: Failed to load assembly.
TpTrace Information: 0 : 74604, 3, 2021/09/14, 21:26:28.736, 3870420150109, testhost.x86.exe, AssemblyResolver.OnResolve: Microsoft.VisualStudio.TestPlatform.Common.resources, Version=15.0.0.0, Culture=zh-CN, PublicKeyToken=b03f5f7f11d50a3a: Resolving assembly.
TpTrace Information: 0 : 74604, 3, 2021/09/14, 21:26:28.736, 3870420151112, testhost.x86.exe, AssemblyResolver.OnResolve: Microsoft.VisualStudio.TestPlatform.Common.resources, Version=15.0.0.0, Culture=zh-CN, PublicKeyToken=b03f5f7f11d50a3a: Resolved from cache.
TpTrace Information: 0 : 74604, 3, 2021/09/14, 21:26:28.738, 3870420163290, testhost.x86.exe, AssemblyResolver.OnResolve: Microsoft.VisualStudio.TestPlatform.Common.resources, Version=15.0.0.0, Culture=zh-CHS, PublicKeyToken=b03f5f7f11d50a3a: Resolving assembly.
TpTrace Information: 0 : 74604, 3, 2021/09/14, 21:26:28.738, 3870420164473, testhost.x86.exe, AssemblyResolver.OnResolve: Microsoft.VisualStudio.TestPlatform.Common.resources, Version=15.0.0.0, Culture=zh-CHS, PublicKeyToken=b03f5f7f11d50a3a: Searching in: 'C:\Program Files\dotnet\sdk\5.0.302\Extensions'.
TpTrace Information: 0 : 74604, 3, 2021/09/14, 21:26:28.738, 3870420165972, testhost.x86.exe, AssemblyResolver.OnResolve: Microsoft.VisualStudio.TestPlatform.Common.resources, Version=15.0.0.0, Culture=zh-CHS, PublicKeyToken=b03f5f7f11d50a3a: Assembly path does not exist: 'C:\Program Files\dotnet\sdk\5.0.302\Extensions\Microsoft.VisualStudio.TestPlatform.Common.resources.dll', returning.
TpTrace Information: 0 : 74604, 3, 2021/09/14, 21:26:28.738, 3870420167230, testhost.x86.exe, AssemblyResolver.OnResolve: Microsoft.VisualStudio.TestPlatform.Common.resources, Version=15.0.0.0, Culture=zh-CHS, PublicKeyToken=b03f5f7f11d50a3a: Assembly path does not exist: 'C:\Program Files\dotnet\sdk\5.0.302\Extensions\Microsoft.VisualStudio.TestPlatform.Common.resources.exe', returning.
TpTrace Information: 0 : 74604, 3, 2021/09/14, 21:26:28.738, 3870420167797, testhost.x86.exe, AssemblyResolver.OnResolve: Microsoft.VisualStudio.TestPlatform.Common.resources, Version=15.0.0.0, Culture=zh-CHS, PublicKeyToken=b03f5f7f11d50a3a: Searching in: 'D:\SoftwareEngineering\individual-project-JiaFeiMiao-K-Cat\ExercisesGenerator\ToolsUnitTest\bin\Release\net40\fine-code-coverage\build-output'.
TpTrace Information: 0 : 74604, 3, 2021/09/14, 21:26:28.738, 3870420168860, testhost.x86.exe, AssemblyResolver.OnResolve: Microsoft.VisualStudio.TestPlatform.Common.resources, Version=15.0.0.0, Culture=zh-CHS, PublicKeyToken=b03f5f7f11d50a3a: Assembly path does not exist: 'D:\SoftwareEngineering\individual-project-JiaFeiMiao-K-Cat\ExercisesGenerator\ToolsUnitTest\bin\Release\net40\fine-code-coverage\build-output\Microsoft.VisualStudio.TestPlatform.Common.resources.dll', returning.
TpTrace Information: 0 : 74604, 3, 2021/09/14, 21:26:28.738, 3870420169937, testhost.x86.exe, AssemblyResolver.OnResolve: Microsoft.VisualStudio.TestPlatform.Common.resources, Version=15.0.0.0, Culture=zh-CHS, PublicKeyToken=b03f5f7f11d50a3a: Assembly path does not exist: 'D:\SoftwareEngineering\individual-project-JiaFeiMiao-K-Cat\ExercisesGenerator\ToolsUnitTest\bin\Release\net40\fine-code-coverage\build-output\Microsoft.VisualStudio.TestPlatform.Common.resources.exe', returning.
TpTrace Information: 0 : 74604, 3, 2021/09/14, 21:26:28.738, 3870420170489, testhost.x86.exe, AssemblyResolver.OnResolve: Microsoft.VisualStudio.TestPlatform.Common.resources, Version=15.0.0.0, Culture=zh-CHS, PublicKeyToken=b03f5f7f11d50a3a: Searching in: 'C:\Program Files\dotnet\sdk\5.0.302\TestHost'.
TpTrace Information: 0 : 74604, 3, 2021/09/14, 21:26:28.739, 3870420171603, testhost.x86.exe, AssemblyResolver.OnResolve: Microsoft.VisualStudio.TestPlatform.Common.resources, Version=15.0.0.0, Culture=zh-CHS, PublicKeyToken=b03f5f7f11d50a3a: Assembly path does not exist: 'C:\Program Files\dotnet\sdk\5.0.302\TestHost\Microsoft.VisualStudio.TestPlatform.Common.resources.dll', returning.
TpTrace Information: 0 : 74604, 3, 2021/09/14, 21:26:28.739, 3870420172866, testhost.x86.exe, AssemblyResolver.OnResolve: Microsoft.VisualStudio.TestPlatform.Common.resources, Version=15.0.0.0, Culture=zh-CHS, PublicKeyToken=b03f5f7f11d50a3a: Assembly path does not exist: 'C:\Program Files\dotnet\sdk\5.0.302\TestHost\Microsoft.VisualStudio.TestPlatform.Common.resources.exe', returning.
TpTrace Information: 0 : 74604, 3, 2021/09/14, 21:26:28.739, 3870420173445, testhost.x86.exe, AssemblyResolver.OnResolve: Microsoft.VisualStudio.TestPlatform.Common.resources, Version=15.0.0.0, Culture=zh-CHS, PublicKeyToken=b03f5f7f11d50a3a: Failed to load assembly.
TpTrace Information: 0 : 74604, 3, 2021/09/14, 21:26:28.739, 3870420174429, testhost.x86.exe, AssemblyResolver.OnResolve: Microsoft.VisualStudio.TestPlatform.Common.resources, Version=15.0.0.0, Culture=zh-CHS, PublicKeyToken=b03f5f7f11d50a3a: Resolving assembly.
TpTrace Information: 0 : 74604, 3, 2021/09/14, 21:26:28.739, 3870420174916, testhost.x86.exe, AssemblyResolver.OnResolve: Microsoft.VisualStudio.TestPlatform.Common.resources, Version=15.0.0.0, Culture=zh-CHS, PublicKeyToken=b03f5f7f11d50a3a: Resolved from cache.
TpTrace Information: 0 : 74604, 3, 2021/09/14, 21:26:28.784, 3870420634635, testhost.x86.exe, TestDiscoveryManager: Discovering tests from sources D:\SoftwareEngineering\individual-project-JiaFeiMiao-K-Cat\ExercisesGenerator\ToolsUnitTest\bin\Release\net40\fine-code-coverage\build-output\ToolsUnitTest.dll
TpTrace Verbose: 0 : 74604, 3, 2021/09/14, 21:26:28.786, 3870420652666, testhost.x86.exe, TestPluginCache.DiscoverTestExtensions: finding test extensions in assemblies ends with: TestAdapter.dll TPluginInfo: Microsoft.VisualStudio.TestPlatform.Common.ExtensionFramework.Utilities.TestDiscovererPluginInformation TExtension: Microsoft.VisualStudio.TestPlatform.ObjectModel.Adapter.ITestDiscoverer
TpTrace Verbose: 0 : 74604, 3, 2021/09/14, 21:26:28.786, 3870420653722, testhost.x86.exe, TestPluginCache.GetExtensionPaths: Filtered extension paths: 
TpTrace Verbose: 0 : 74604, 3, 2021/09/14, 21:26:28.786, 3870420654320, testhost.x86.exe, TestPluginCache.GetExtensionPaths: Added default extension paths: C:\Program Files\dotnet\sdk\5.0.302\Extensions\Microsoft.Diagnostics.NETCore.Client.dll
C:\Program Files\dotnet\sdk\5.0.302\Extensions\Microsoft.TestPlatform.Extensions.BlameDataCollector.dll
C:\Program Files\dotnet\sdk\5.0.302\Extensions\Microsoft.TestPlatform.Extensions.EventLogCollector.dll
C:\Program Files\dotnet\sdk\5.0.302\Extensions\Microsoft.TestPlatform.TestHostRuntimeProvider.dll
C:\Program Files\dotnet\sdk\5.0.302\Extensions\Microsoft.VisualStudio.TestPlatform.Extensions.Html.TestLogger.dll
C:\Program Files\dotnet\sdk\5.0.302\Extensions\Microsoft.VisualStudio.TestPlatform.Extensions.Trx.TestLogger.dll
D:\SoftwareEngineering\individual-project-JiaFeiMiao-K-Cat\ExercisesGenerator\ToolsUnitTest\bin\Release\net40\fine-code-coverage\build-output\NUnit3.TestAdapter.dll
TpTrace Verbose: 0 : 74604, 3, 2021/09/14, 21:26:28.786, 3870420654829, testhost.x86.exe, TestPluginCache.GetExtensionPaths: Added unfilterableExtensionPaths: 
TpTrace Information: 0 : 74604, 3, 2021/09/14, 21:26:28.787, 3870420657587, testhost.x86.exe, AssemblyResolver.AddSearchDirectories: Adding more searchDirectories C:\Program Files\dotnet\sdk\5.0.302\Extensions,D:\SoftwareEngineering\individual-project-JiaFeiMiao-K-Cat\ExercisesGenerator\ToolsUnitTest\bin\Release\net40\fine-code-coverage\build-output,C:\Program Files\dotnet\sdk\5.0.302\TestHost
TpTrace Verbose: 0 : 74604, 3, 2021/09/14, 21:26:28.787, 3870420658400, testhost.x86.exe, TestPluginCache.DiscoverTestExtensions: Discovering the extensions using extension path.
TpTrace Verbose: 0 : 74604, 3, 2021/09/14, 21:26:28.787, 3870420658865, testhost.x86.exe, TestPluginCache.GetExtensionPaths: Filtered extension paths: 
TpTrace Verbose: 0 : 74604, 3, 2021/09/14, 21:26:28.787, 3870420659397, testhost.x86.exe, TestPluginCache.GetExtensionPaths: Added default extension paths: C:\Program Files\dotnet\sdk\5.0.302\Extensions\Microsoft.Diagnostics.NETCore.Client.dll
C:\Program Files\dotnet\sdk\5.0.302\Extensions\Microsoft.TestPlatform.Extensions.BlameDataCollector.dll
C:\Program Files\dotnet\sdk\5.0.302\Extensions\Microsoft.TestPlatform.Extensions.EventLogCollector.dll
C:\Program Files\dotnet\sdk\5.0.302\Extensions\Microsoft.TestPlatform.TestHostRuntimeProvider.dll
C:\Program Files\dotnet\sdk\5.0.302\Extensions\Microsoft.VisualStudio.TestPlatform.Extensions.Html.TestLogger.dll
C:\Program Files\dotnet\sdk\5.0.302\Extensions\Microsoft.VisualStudio.TestPlatform.Extensions.Trx.TestLogger.dll
D:\SoftwareEngineering\individual-project-JiaFeiMiao-K-Cat\ExercisesGenerator\ToolsUnitTest\bin\Release\net40\fine-code-coverage\build-output\NUnit3.TestAdapter.dll
TpTrace Verbose: 0 : 74604, 3, 2021/09/14, 21:26:28.787, 3870420659925, testhost.x86.exe, TestPluginCache.GetExtensionPaths: Added unfilterableExtensionPaths: 
TpTrace Verbose: 0 : 74604, 3, 2021/09/14, 21:26:28.787, 3870420660417, testhost.x86.exe, TestPluginCache.DiscoverTestExtensions: Discovering the extensions using allExtensionPaths: C:\Program Files\dotnet\sdk\5.0.302\Extensions\Microsoft.Diagnostics.NETCore.Client.dll
C:\Program Files\dotnet\sdk\5.0.302\Extensions\Microsoft.TestPlatform.Extensions.BlameDataCollector.dll
C:\Program Files\dotnet\sdk\5.0.302\Extensions\Microsoft.TestPlatform.Extensions.EventLogCollector.dll
C:\Program Files\dotnet\sdk\5.0.302\Extensions\Microsoft.TestPlatform.TestHostRuntimeProvider.dll
C:\Program Files\dotnet\sdk\5.0.302\Extensions\Microsoft.VisualStudio.TestPlatform.Extensions.Html.TestLogger.dll
C:\Program Files\dotnet\sdk\5.0.302\Extensions\Microsoft.VisualStudio.TestPlatform.Extensions.Trx.TestLogger.dll
D:\SoftwareEngineering\individual-project-JiaFeiMiao-K-Cat\ExercisesGenerator\ToolsUnitTest\bin\Release\net40\fine-code-coverage\build-output\NUnit3.TestAdapter.dll
TpTrace Information: 0 : 74604, 3, 2021/09/14, 21:26:28.787, 3870420661211, testhost.x86.exe, AssemblyResolver.AddSearchDirectories: Adding more searchDirectories C:\Program Files\dotnet\sdk\5.0.302\Extensions,C:\Program Files\dotnet\sdk\5.0.302\TestHost
TpTrace Information: 0 : 74604, 3, 2021/09/14, 21:26:28.787, 3870420661807, testhost.x86.exe, AssemblyResolver.AddSearchDirectories: Adding more searchDirectories C:\Program Files\dotnet\sdk\5.0.302\Extensions,C:\Program Files\dotnet\sdk\5.0.302\TestHost
TpTrace Information: 0 : 74604, 3, 2021/09/14, 21:26:28.787, 3870420662330, testhost.x86.exe, AssemblyResolver.AddSearchDirectories: Adding more searchDirectories C:\Program Files\dotnet\sdk\5.0.302\Extensions,C:\Program Files\dotnet\sdk\5.0.302\TestHost
TpTrace Information: 0 : 74604, 3, 2021/09/14, 21:26:28.787, 3870420662843, testhost.x86.exe, AssemblyResolver.AddSearchDirectories: Adding more searchDirectories C:\Program Files\dotnet\sdk\5.0.302\Extensions,C:\Program Files\dotnet\sdk\5.0.302\TestHost
TpTrace Information: 0 : 74604, 3, 2021/09/14, 21:26:28.787, 3870420663363, testhost.x86.exe, AssemblyResolver.AddSearchDirectories: Adding more searchDirectories C:\Program Files\dotnet\sdk\5.0.302\Extensions,C:\Program Files\dotnet\sdk\5.0.302\TestHost
TpTrace Information: 0 : 74604, 3, 2021/09/14, 21:26:28.787, 3870420663881, testhost.x86.exe, AssemblyResolver.AddSearchDirectories: Adding more searchDirectories C:\Program Files\dotnet\sdk\5.0.302\Extensions,C:\Program Files\dotnet\sdk\5.0.302\TestHost
TpTrace Information: 0 : 74604, 3, 2021/09/14, 21:26:28.787, 3870420664488, testhost.x86.exe, AssemblyResolver.AddSearchDirectories: Adding more searchDirectories D:\SoftwareEngineering\individual-project-JiaFeiMiao-K-Cat\ExercisesGenerator\ToolsUnitTest\bin\Release\net40\fine-code-coverage\build-output,C:\Program Files\dotnet\sdk\5.0.302\TestHost
TpTrace Warning: 0 : 74604, 3, 2021/09/14, 21:26:28.788, 3870420666594, testhost.x86.exe, TestPluginDiscoverer: Failed to load extensions from file 'C:\Program Files\dotnet\sdk\5.0.302\Extensions\Microsoft.Diagnostics.NETCore.Client.dll'.  Skipping test extension scan for this file.  Error: System.IO.FileNotFoundException: 未能加载文件或程序集“Microsoft.Diagnostics.NETCore.Client”或它的某一个依赖项。系统找不到指定的文件。
文件名:“Microsoft.Diagnostics.NETCore.Client”
   在 System.Reflection.RuntimeAssembly._nLoad(AssemblyName fileName, String codeBase, Evidence assemblySecurity, RuntimeAssembly locationHint, StackCrawlMark& stackMark, IntPtr pPrivHostBinder, Boolean throwOnFileNotFound, Boolean forIntrospection, Boolean suppressSecurityChecks)
   在 System.Reflection.RuntimeAssembly.nLoad(AssemblyName fileName, String codeBase, Evidence assemblySecurity, RuntimeAssembly locationHint, StackCrawlMark& stackMark, IntPtr pPrivHostBinder, Boolean throwOnFileNotFound, Boolean forIntrospection, Boolean suppressSecurityChecks)
   在 System.Reflection.RuntimeAssembly.InternalLoadAssemblyName(AssemblyName assemblyRef, Evidence assemblySecurity, RuntimeAssembly reqAssembly, StackCrawlMark& stackMark, IntPtr pPrivHostBinder, Boolean throwOnFileNotFound, Boolean forIntrospection, Boolean suppressSecurityChecks)
   在 System.Reflection.Assembly.Load(AssemblyName assemblyRef)
   在 Microsoft.VisualStudio.TestPlatform.Common.ExtensionFramework.TestPluginDiscoverer.GetTestExtensionsFromFiles[TPluginInfo,TExtension](String[] files, Dictionary`2 pluginInfos)

警告: 程序集绑定日志记录被关闭。
要启用程序集绑定失败日志记录，请将注册表值 [HKLM\Software\Microsoft\Fusion!EnableLog] (DWORD)设置为 1。
注意: 会有一些与程序集绑定失败日志记录关联的性能损失。
要关闭此功能，请移除注册表值 [HKLM\Software\Microsoft\Fusion!EnableLog]。

TpTrace Warning: 0 : 74604, 3, 2021/09/14, 21:26:28.788, 3870420668249, testhost.x86.exe, TestPluginDiscoverer: Failed to load extensions from file 'C:\Program Files\dotnet\sdk\5.0.302\Extensions\Microsoft.TestPlatform.Extensions.BlameDataCollector.dll'.  Skipping test extension scan for this file.  Error: System.IO.FileNotFoundException: 未能加载文件或程序集“Microsoft.TestPlatform.Extensions.BlameDataCollector”或它的某一个依赖项。系统找不到指定的文件。
文件名:“Microsoft.TestPlatform.Extensions.BlameDataCollector”
   在 System.Reflection.RuntimeAssembly._nLoad(AssemblyName fileName, String codeBase, Evidence assemblySecurity, RuntimeAssembly locationHint, StackCrawlMark& stackMark, IntPtr pPrivHostBinder, Boolean throwOnFileNotFound, Boolean forIntrospection, Boolean suppressSecurityChecks)
   在 System.Reflection.RuntimeAssembly.nLoad(AssemblyName fileName, String codeBase, Evidence assemblySecurity, RuntimeAssembly locationHint, StackCrawlMark& stackMark, IntPtr pPrivHostBinder, Boolean throwOnFileNotFound, Boolean forIntrospection, Boolean suppressSecurityChecks)
   在 System.Reflection.RuntimeAssembly.InternalLoadAssemblyName(AssemblyName assemblyRef, Evidence assemblySecurity, RuntimeAssembly reqAssembly, StackCrawlMark& stackMark, IntPtr pPrivHostBinder, Boolean throwOnFileNotFound, Boolean forIntrospection, Boolean suppressSecurityChecks)
   在 System.Reflection.Assembly.Load(AssemblyName assemblyRef)
   在 Microsoft.VisualStudio.TestPlatform.Common.ExtensionFramework.TestPluginDiscoverer.GetTestExtensionsFromFiles[TPluginInfo,TExtension](String[] files, Dictionary`2 pluginInfos)

警告: 程序集绑定日志记录被关闭。
要启用程序集绑定失败日志记录，请将注册表值 [HKLM\Software\Microsoft\Fusion!EnableLog] (DWORD)设置为 1。
注意: 会有一些与程序集绑定失败日志记录关联的性能损失。
要关闭此功能，请移除注册表值 [HKLM\Software\Microsoft\Fusion!EnableLog]。

TpTrace Warning: 0 : 74604, 3, 2021/09/14, 21:26:28.788, 3870420670596, testhost.x86.exe, TestPluginDiscoverer: Failed to load extensions from file 'C:\Program Files\dotnet\sdk\5.0.302\Extensions\Microsoft.TestPlatform.TestHostRuntimeProvider.dll'.  Skipping test extension scan for this file.  Error: System.IO.FileNotFoundException: 未能加载文件或程序集“Microsoft.TestPlatform.TestHostRuntimeProvider”或它的某一个依赖项。系统找不到指定的文件。
文件名:“Microsoft.TestPlatform.TestHostRuntimeProvider”
   在 System.Reflection.RuntimeAssembly._nLoad(AssemblyName fileName, String codeBase, Evidence assemblySecurity, RuntimeAssembly locationHint, StackCrawlMark& stackMark, IntPtr pPrivHostBinder, Boolean throwOnFileNotFound, Boolean forIntrospection, Boolean suppressSecurityChecks)
   在 System.Reflection.RuntimeAssembly.nLoad(AssemblyName fileName, String codeBase, Evidence assemblySecurity, RuntimeAssembly locationHint, StackCrawlMark& stackMark, IntPtr pPrivHostBinder, Boolean throwOnFileNotFound, Boolean forIntrospection, Boolean suppressSecurityChecks)
   在 System.Reflection.RuntimeAssembly.InternalLoadAssemblyName(AssemblyName assemblyRef, Evidence assemblySecurity, RuntimeAssembly reqAssembly, StackCrawlMark& stackMark, IntPtr pPrivHostBinder, Boolean throwOnFileNotFound, Boolean forIntrospection, Boolean suppressSecurityChecks)
   在 System.Reflection.Assembly.Load(AssemblyName assemblyRef)
   在 Microsoft.VisualStudio.TestPlatform.Common.ExtensionFramework.TestPluginDiscoverer.GetTestExtensionsFromFiles[TPluginInfo,TExtension](String[] files, Dictionary`2 pluginInfos)

警告: 程序集绑定日志记录被关闭。
要启用程序集绑定失败日志记录，请将注册表值 [HKLM\Software\Microsoft\Fusion!EnableLog] (DWORD)设置为 1。
注意: 会有一些与程序集绑定失败日志记录关联的性能损失。
要关闭此功能，请移除注册表值 [HKLM\Software\Microsoft\Fusion!EnableLog]。

TpTrace Warning: 0 : 74604, 3, 2021/09/14, 21:26:28.788, 3870420672635, testhost.x86.exe, TestPluginDiscoverer: Failed to load extensions from file 'C:\Program Files\dotnet\sdk\5.0.302\Extensions\Microsoft.VisualStudio.TestPlatform.Extensions.Html.TestLogger.dll'.  Skipping test extension scan for this file.  Error: System.IO.FileNotFoundException: 未能加载文件或程序集“Microsoft.VisualStudio.TestPlatform.Extensions.Html.TestLogger”或它的某一个依赖项。系统找不到指定的文件。
文件名:“Microsoft.VisualStudio.TestPlatform.Extensions.Html.TestLogger”
   在 System.Reflection.RuntimeAssembly._nLoad(AssemblyName fileName, String codeBase, Evidence assemblySecurity, RuntimeAssembly locationHint, StackCrawlMark& stackMark, IntPtr pPrivHostBinder, Boolean throwOnFileNotFound, Boolean forIntrospection, Boolean suppressSecurityChecks)
   在 System.Reflection.RuntimeAssembly.nLoad(AssemblyName fileName, String codeBase, Evidence assemblySecurity, RuntimeAssembly locationHint, StackCrawlMark& stackMark, IntPtr pPrivHostBinder, Boolean throwOnFileNotFound, Boolean forIntrospection, Boolean suppressSecurityChecks)
   在 System.Reflection.RuntimeAssembly.InternalLoadAssemblyName(AssemblyName assemblyRef, Evidence assemblySecurity, RuntimeAssembly reqAssembly, StackCrawlMark& stackMark, IntPtr pPrivHostBinder, Boolean throwOnFileNotFound, Boolean forIntrospection, Boolean suppressSecurityChecks)
   在 System.Reflection.Assembly.Load(AssemblyName assemblyRef)
   在 Microsoft.VisualStudio.TestPlatform.Common.ExtensionFramework.TestPluginDiscoverer.GetTestExtensionsFromFiles[TPluginInfo,TExtension](String[] files, Dictionary`2 pluginInfos)

警告: 程序集绑定日志记录被关闭。
要启用程序集绑定失败日志记录，请将注册表值 [HKLM\Software\Microsoft\Fusion!EnableLog] (DWORD)设置为 1。
注意: 会有一些与程序集绑定失败日志记录关联的性能损失。
要关闭此功能，请移除注册表值 [HKLM\Software\Microsoft\Fusion!EnableLog]。

TpTrace Warning: 0 : 74604, 3, 2021/09/14, 21:26:28.788, 3870420674155, testhost.x86.exe, TestPluginDiscoverer: Failed to load extensions from file 'C:\Program Files\dotnet\sdk\5.0.302\Extensions\Microsoft.VisualStudio.TestPlatform.Extensions.Trx.TestLogger.dll'.  Skipping test extension scan for this file.  Error: System.IO.FileNotFoundException: 未能加载文件或程序集“Microsoft.VisualStudio.TestPlatform.Extensions.Trx.TestLogger”或它的某一个依赖项。系统找不到指定的文件。
文件名:“Microsoft.VisualStudio.TestPlatform.Extensions.Trx.TestLogger”
   在 System.Reflection.RuntimeAssembly._nLoad(AssemblyName fileName, String codeBase, Evidence assemblySecurity, RuntimeAssembly locationHint, StackCrawlMark& stackMark, IntPtr pPrivHostBinder, Boolean throwOnFileNotFound, Boolean forIntrospection, Boolean suppressSecurityChecks)
   在 System.Reflection.RuntimeAssembly.nLoad(AssemblyName fileName, String codeBase, Evidence assemblySecurity, RuntimeAssembly locationHint, StackCrawlMark& stackMark, IntPtr pPrivHostBinder, Boolean throwOnFileNotFound, Boolean forIntrospection, Boolean suppressSecurityChecks)
   在 System.Reflection.RuntimeAssembly.InternalLoadAssemblyName(AssemblyName assemblyRef, Evidence assemblySecurity, RuntimeAssembly reqAssembly, StackCrawlMark& stackMark, IntPtr pPrivHostBinder, Boolean throwOnFileNotFound, Boolean forIntrospection, Boolean suppressSecurityChecks)
   在 System.Reflection.Assembly.Load(AssemblyName assemblyRef)
   在 Microsoft.VisualStudio.TestPlatform.Common.ExtensionFramework.TestPluginDiscoverer.GetTestExtensionsFromFiles[TPluginInfo,TExtension](String[] files, Dictionary`2 pluginInfos)

警告: 程序集绑定日志记录被关闭。
要启用程序集绑定失败日志记录，请将注册表值 [HKLM\Software\Microsoft\Fusion!EnableLog] (DWORD)设置为 1。
注意: 会有一些与程序集绑定失败日志记录关联的性能损失。
要关闭此功能，请移除注册表值 [HKLM\Software\Microsoft\Fusion!EnableLog]。

TpTrace Verbose: 0 : 74604, 3, 2021/09/14, 21:26:28.798, 3870420766525, testhost.x86.exe, TestPluginCache: Discovered the extensions using extension path ''.
TpTrace Verbose: 0 : 74604, 3, 2021/09/14, 21:26:28.798, 3870420768111, testhost.x86.exe, TestPluginCache: Discoverers are 'NUnit.VisualStudio.TestAdapter.NUnit3TestDiscoverer, NUnit3.TestAdapter, Version=3.16.1.0, Culture=neutral, PublicKeyToken=4cb40d35494691ac'.
TpTrace Verbose: 0 : 74604, 3, 2021/09/14, 21:26:28.798, 3870420770340, testhost.x86.exe, TestPluginCache: Executors are 'executor://NUnit3TestExecutor'.
TpTrace Verbose: 0 : 74604, 3, 2021/09/14, 21:26:28.799, 3870420772515, testhost.x86.exe, TestPluginCache: Executors2 are ''.
TpTrace Verbose: 0 : 74604, 3, 2021/09/14, 21:26:28.799, 3870420773525, testhost.x86.exe, TestPluginCache: Setting providers are ''.
TpTrace Verbose: 0 : 74604, 3, 2021/09/14, 21:26:28.799, 3870420774112, testhost.x86.exe, TestPluginCache: Loggers are ''.
TpTrace Information: 0 : 74604, 3, 2021/09/14, 21:26:28.850, 3870421287767, testhost.x86.exe, PEReaderHelper.GetAssemblyType: Determined assemblyType:'Managed' for source: 'D:\SoftwareEngineering\individual-project-JiaFeiMiao-K-Cat\ExercisesGenerator\ToolsUnitTest\bin\Release\net40\fine-code-coverage\build-output\ToolsUnitTest.dll'
TpTrace Verbose: 0 : 74604, 3, 2021/09/14, 21:26:28.855, 3870421333477, testhost.x86.exe, BaseRunTests.RunTestInternalWithExecutors: Running tests for executor://NUnit3TestExecutor
TpTrace Verbose: 0 : 74604, 3, 2021/09/14, 21:26:28.855, 3870421338597, testhost.x86.exe, BaseRunTests.TryToRunInSTAThread: Using STA thread to call adapter API.
TpTrace Information: 0 : 74604, 12, 2021/09/14, 21:26:28.869, 3870421484983, testhost.x86.exe, NUnit Adapter 3.16.1.0: Test execution started
TpTrace Verbose: 0 : 74604, 12, 2021/09/14, 21:26:28.870, 3870421486644, testhost.x86.exe, TestRequestHandler.SendData:  sending data from testhost: {"Version":5,"MessageType":"TestSession.Message","Payload":{"MessageLevel":0,"Message":"NUnit Adapter 3.16.1.0: Test execution started"}}
TpTrace Information: 0 : 74604, 12, 2021/09/14, 21:26:28.904, 3870421822246, testhost.x86.exe, Running all tests in D:\SoftwareEngineering\individual-project-JiaFeiMiao-K-Cat\ExercisesGenerator\ToolsUnitTest\bin\Release\net40\fine-code-coverage\build-output\ToolsUnitTest.dll
TpTrace Verbose: 0 : 74604, 12, 2021/09/14, 21:26:28.904, 3870421823923, testhost.x86.exe, TestRequestHandler.SendData:  sending data from testhost: {"Version":5,"MessageType":"TestSession.Message","Payload":{"MessageLevel":0,"Message":"Running all tests in D:\\SoftwareEngineering\\individual-project-JiaFeiMiao-K-Cat\\ExercisesGenerator\\ToolsUnitTest\\bin\\Release\\net40\\fine-code-coverage\\build-output\\ToolsUnitTest.dll"}}
TpTrace Information: 0 : 74604, 12, 2021/09/14, 21:26:28.920, 3870421994797, testhost.x86.exe, AssemblyResolver.OnResolve: Mono.Cecil, Version=0.9.6.0, Culture=neutral, PublicKeyToken=0738eb9f132ed756: Resolving assembly.
TpTrace Information: 0 : 74604, 12, 2021/09/14, 21:26:28.921, 3870421996203, testhost.x86.exe, AssemblyResolver.OnResolve: Mono.Cecil, Version=0.9.6.0, Culture=neutral, PublicKeyToken=0738eb9f132ed756: Searching in: 'C:\Program Files\dotnet\sdk\5.0.302\Extensions'.
TpTrace Information: 0 : 74604, 12, 2021/09/14, 21:26:28.922, 3870421998383, testhost.x86.exe, AssemblyResolver.OnResolve: Mono.Cecil, Version=0.9.6.0, Culture=neutral, PublicKeyToken=0738eb9f132ed756: Assembly path does not exist: 'C:\Program Files\dotnet\sdk\5.0.302\Extensions\Mono.Cecil.dll', returning.
TpTrace Information: 0 : 74604, 12, 2021/09/14, 21:26:28.922, 3870422000144, testhost.x86.exe, AssemblyResolver.OnResolve: Mono.Cecil, Version=0.9.6.0, Culture=neutral, PublicKeyToken=0738eb9f132ed756: Assembly path does not exist: 'C:\Program Files\dotnet\sdk\5.0.302\Extensions\Mono.Cecil.exe', returning.
TpTrace Information: 0 : 74604, 12, 2021/09/14, 21:26:28.922, 3870422000760, testhost.x86.exe, AssemblyResolver.OnResolve: Mono.Cecil, Version=0.9.6.0, Culture=neutral, PublicKeyToken=0738eb9f132ed756: Searching in: 'D:\SoftwareEngineering\individual-project-JiaFeiMiao-K-Cat\ExercisesGenerator\ToolsUnitTest\bin\Release\net40\fine-code-coverage\build-output'.
TpTrace Information: 0 : 74604, 12, 2021/09/14, 21:26:28.922, 3870422001828, testhost.x86.exe, AssemblyResolver.OnResolve: Mono.Cecil, Version=0.9.6.0, Culture=neutral, PublicKeyToken=0738eb9f132ed756: Assembly path does not exist: 'D:\SoftwareEngineering\individual-project-JiaFeiMiao-K-Cat\ExercisesGenerator\ToolsUnitTest\bin\Release\net40\fine-code-coverage\build-output\Mono.Cecil.dll', returning.
TpTrace Information: 0 : 74604, 12, 2021/09/14, 21:26:28.922, 3870422002929, testhost.x86.exe, AssemblyResolver.OnResolve: Mono.Cecil, Version=0.9.6.0, Culture=neutral, PublicKeyToken=0738eb9f132ed756: Assembly path does not exist: 'D:\SoftwareEngineering\individual-project-JiaFeiMiao-K-Cat\ExercisesGenerator\ToolsUnitTest\bin\Release\net40\fine-code-coverage\build-output\Mono.Cecil.exe', returning.
TpTrace Information: 0 : 74604, 12, 2021/09/14, 21:26:28.922, 3870422003492, testhost.x86.exe, AssemblyResolver.OnResolve: Mono.Cecil, Version=0.9.6.0, Culture=neutral, PublicKeyToken=0738eb9f132ed756: Searching in: 'C:\Program Files\dotnet\sdk\5.0.302\TestHost'.
TpTrace Information: 0 : 74604, 12, 2021/09/14, 21:26:28.922, 3870422005130, testhost.x86.exe, AssemblyResolver.OnResolve: Mono.Cecil, Version=0.9.6.0, Culture=neutral, PublicKeyToken=0738eb9f132ed756: Assembly path does not exist: 'C:\Program Files\dotnet\sdk\5.0.302\TestHost\Mono.Cecil.dll', returning.
TpTrace Information: 0 : 74604, 12, 2021/09/14, 21:26:28.922, 3870422006938, testhost.x86.exe, AssemblyResolver.OnResolve: Mono.Cecil, Version=0.9.6.0, Culture=neutral, PublicKeyToken=0738eb9f132ed756: Assembly path does not exist: 'C:\Program Files\dotnet\sdk\5.0.302\TestHost\Mono.Cecil.exe', returning.
TpTrace Information: 0 : 74604, 12, 2021/09/14, 21:26:28.922, 3870422007915, testhost.x86.exe, AssemblyResolver.OnResolve: Mono.Cecil, Version=0.9.6.0, Culture=neutral, PublicKeyToken=0738eb9f132ed756: Failed to load assembly.
TpTrace Information: 0 : 74604, 12, 2021/09/14, 21:26:29.204, 3870424825074, testhost.x86.exe,    NUnit3TestExecutor converted 5 of 5 NUnit test cases
TpTrace Verbose: 0 : 74604, 12, 2021/09/14, 21:26:29.204, 3870424826677, testhost.x86.exe, TestRequestHandler.SendData:  sending data from testhost: {"Version":5,"MessageType":"TestSession.Message","Payload":{"MessageLevel":0,"Message":"   NUnit3TestExecutor converted 5 of 5 NUnit test cases"}}
TpTrace Verbose: 0 : 74604, 14, 2021/09/14, 21:26:29.243, 3870425216402, testhost.x86.exe, TestExecutionRecorder.RecordStart: Starting test: ToolsUnitTest.Tests.TestCalculatePostfix.
TpTrace Verbose: 0 : 74604, 14, 2021/09/14, 21:26:29.335, 3870426140264, testhost.x86.exe, TestExecutionRecorder.RecordEnd: test: ToolsUnitTest.Tests.TestCalculatePostfix execution completed.
TpTrace Verbose: 0 : 74604, 14, 2021/09/14, 21:26:29.347, 3870426257537, testhost.x86.exe, TestExecutionRecorder.RecordResult: Received result for test: ToolsUnitTest.Tests.TestCalculatePostfix.
TpTrace Warning: 0 : 74604, 14, 2021/09/14, 21:26:29.351, 3870426291397, testhost.x86.exe, TestRunCache: InProgressTests is null
TpTrace Warning: 0 : 74604, 14, 2021/09/14, 21:26:29.351, 3870426292678, testhost.x86.exe, TestRunCache: No test found corresponding to testResult 'TestCalculatePostfix' in inProgress list.
TpTrace Verbose: 0 : 74604, 14, 2021/09/14, 21:26:29.352, 3870426298065, testhost.x86.exe, TestExecutionRecorder.RecordStart: Starting test: ToolsUnitTest.Tests.TestInfixToPostfix.
TpTrace Verbose: 0 : 74604, 14, 2021/09/14, 21:26:29.353, 3870426312541, testhost.x86.exe, TestExecutionRecorder.RecordEnd: test: ToolsUnitTest.Tests.TestInfixToPostfix execution completed.
TpTrace Verbose: 0 : 74604, 14, 2021/09/14, 21:26:29.354, 3870426320867, testhost.x86.exe, TestExecutionRecorder.RecordResult: Received result for test: ToolsUnitTest.Tests.TestInfixToPostfix.
TpTrace Warning: 0 : 74604, 14, 2021/09/14, 21:26:29.354, 3870426322943, testhost.x86.exe, TestRunCache: InProgressTests is null
TpTrace Warning: 0 : 74604, 14, 2021/09/14, 21:26:29.354, 3870426323579, testhost.x86.exe, TestRunCache: No test found corresponding to testResult 'TestInfixToPostfix' in inProgress list.
TpTrace Verbose: 0 : 74604, 14, 2021/09/14, 21:26:29.355, 3870426328389, testhost.x86.exe, TestExecutionRecorder.RecordStart: Starting test: ToolsUnitTest.Tests.TestListToString.
TpTrace Verbose: 0 : 74604, 14, 2021/09/14, 21:26:29.356, 3870426340631, testhost.x86.exe, TestExecutionRecorder.RecordEnd: test: ToolsUnitTest.Tests.TestListToString execution completed.
TpTrace Verbose: 0 : 74604, 14, 2021/09/14, 21:26:29.356, 3870426347671, testhost.x86.exe, TestExecutionRecorder.RecordResult: Received result for test: ToolsUnitTest.Tests.TestListToString.
TpTrace Warning: 0 : 74604, 14, 2021/09/14, 21:26:29.357, 3870426348617, testhost.x86.exe, TestRunCache: InProgressTests is null
TpTrace Warning: 0 : 74604, 14, 2021/09/14, 21:26:29.357, 3870426349163, testhost.x86.exe, TestRunCache: No test found corresponding to testResult 'TestListToString' in inProgress list.
TpTrace Verbose: 0 : 74604, 14, 2021/09/14, 21:26:29.357, 3870426353829, testhost.x86.exe, TestExecutionRecorder.RecordStart: Starting test: ToolsUnitTest.Tests.TestQuickPower.
TpTrace Verbose: 0 : 74604, 14, 2021/09/14, 21:26:29.359, 3870426375422, testhost.x86.exe, TestExecutionRecorder.RecordEnd: test: ToolsUnitTest.Tests.TestQuickPower execution completed.
TpTrace Verbose: 0 : 74604, 14, 2021/09/14, 21:26:29.360, 3870426384555, testhost.x86.exe, TestExecutionRecorder.RecordResult: Received result for test: ToolsUnitTest.Tests.TestQuickPower.
TpTrace Warning: 0 : 74604, 14, 2021/09/14, 21:26:29.360, 3870426385685, testhost.x86.exe, TestRunCache: InProgressTests is null
TpTrace Warning: 0 : 74604, 14, 2021/09/14, 21:26:29.360, 3870426386147, testhost.x86.exe, TestRunCache: No test found corresponding to testResult 'TestQuickPower' in inProgress list.
TpTrace Verbose: 0 : 74604, 14, 2021/09/14, 21:26:29.360, 3870426390785, testhost.x86.exe, TestExecutionRecorder.RecordStart: Starting test: ToolsUnitTest.Tests.TestStringToList.
TpTrace Verbose: 0 : 74604, 14, 2021/09/14, 21:26:29.369, 3870426479241, testhost.x86.exe, TestExecutionRecorder.RecordEnd: test: ToolsUnitTest.Tests.TestStringToList execution completed.
TpTrace Verbose: 0 : 74604, 14, 2021/09/14, 21:26:29.374, 3870426519154, testhost.x86.exe, TestExecutionRecorder.RecordResult: Received result for test: ToolsUnitTest.Tests.TestStringToList.
TpTrace Warning: 0 : 74604, 14, 2021/09/14, 21:26:29.374, 3870426521285, testhost.x86.exe, TestRunCache: InProgressTests is null
TpTrace Warning: 0 : 74604, 14, 2021/09/14, 21:26:29.374, 3870426522193, testhost.x86.exe, TestRunCache: No test found corresponding to testResult 'TestStringToList' in inProgress list.
TpTrace Information: 0 : 74604, 12, 2021/09/14, 21:26:29.390, 3870426681801, testhost.x86.exe, NUnit Adapter 3.16.1.0: Test execution complete
TpTrace Verbose: 0 : 74604, 12, 2021/09/14, 21:26:29.390, 3870426683425, testhost.x86.exe, TestRequestHandler.SendData:  sending data from testhost: {"Version":5,"MessageType":"TestSession.Message","Payload":{"MessageLevel":0,"Message":"NUnit Adapter 3.16.1.0: Test execution complete"}}
TpTrace Verbose: 0 : 74604, 3, 2021/09/14, 21:26:29.395, 3870426734697, testhost.x86.exe, BaseRunTests.RunTestInternalWithExecutors: Completed running tests for executor://NUnit3TestExecutor
TpTrace Information: 0 : 74604, 3, 2021/09/14, 21:26:29.399, 3870426776833, testhost.x86.exe, Sending test run complete
TpTrace Verbose: 0 : 74604, 3, 2021/09/14, 21:26:29.427, 3870427054608, testhost.x86.exe, TestRequestHandler.SendData:  sending data from testhost: {"Version":5,"MessageType":"TestExecution.Completed","Payload":{"TestRunCompleteArgs":{"TestRunStatistics":{"ExecutedTests":5,"Stats":{"Passed":5}},"IsCanceled":false,"IsAborted":false,"Error":null,"AttachmentSets":[],"ElapsedTimeInRunningTests":"00:00:00.5438900","Metrics":{}},"LastRunTests":{"NewTestResults":[{"TestCase":{"Id":"d6b6e39c-181d-cc94-0b19-316fa3aa4b56","FullyQualifiedName":"ToolsUnitTest.Tests.TestCalculatePostfix","DisplayName":"TestCalculatePostfix","ExecutorUri":"executor://NUnit3TestExecutor","Source":"D:\\SoftwareEngineering\\individual-project-JiaFeiMiao-K-Cat\\ExercisesGenerator\\ToolsUnitTest\\bin\\Release\\net40\\fine-code-coverage\\build-output\\ToolsUnitTest.dll","CodeFilePath":null,"LineNumber":0,"Properties":[]},"Attachments":[],"Outcome":1,"ErrorMessage":null,"ErrorStackTrace":null,"DisplayName":"TestCalculatePostfix","Messages":[],"ComputerName":"LAPTOP-LGFH7TT9","Duration":"00:00:00.0860000","StartTime":"2021-09-14T13:26:29.24176+00:00","EndTime":"2021-09-14T13:26:29.3273577+00:00","Properties":[]},{"TestCase":{"Id":"1618cbab-458a-3213-fc03-8029798a6eb4","FullyQualifiedName":"ToolsUnitTest.Tests.TestInfixToPostfix","DisplayName":"TestInfixToPostfix","ExecutorUri":"executor://NUnit3TestExecutor","Source":"D:\\SoftwareEngineering\\individual-project-JiaFeiMiao-K-Cat\\ExercisesGenerator\\ToolsUnitTest\\bin\\Release\\net40\\fine-code-coverage\\build-output\\ToolsUnitTest.dll","CodeFilePath":null,"LineNumber":0,"Properties":[]},"Attachments":[],"Outcome":1,"ErrorMessage":null,"ErrorStackTrace":null,"DisplayName":"TestInfixToPostfix","Messages":[],"ComputerName":"LAPTOP-LGFH7TT9","Duration":"00:00:00.0150000","StartTime":"2021-09-14T13:26:29.3298647+00:00","EndTime":"2021-09-14T13:26:29.344018+00:00","Properties":[]},{"TestCase":{"Id":"cba2f2c8-677f-5e65-85bb-d077f6e33044","FullyQualifiedName":"ToolsUnitTest.Tests.TestListToString","DisplayName":"TestListToString","ExecutorUri":"executor://NUnit3TestExecutor","Source":"D:\\SoftwareEngineering\\individual-project-JiaFeiMiao-K-Cat\\ExercisesGenerator\\ToolsUnitTest\\bin\\Release\\net40\\fine-code-coverage\\build-output\\ToolsUnitTest.dll","CodeFilePath":null,"LineNumber":0,"Properties":[]},"Attachments":[],"Outcome":1,"ErrorMessage":null,"ErrorStackTrace":null,"DisplayName":"TestListToString","Messages":[],"ComputerName":"LAPTOP-LGFH7TT9","Duration":"00:00:00.0020000","StartTime":"2021-09-14T13:26:29.344018+00:00","EndTime":"2021-09-14T13:26:29.3460664+00:00","Properties":[]},{"TestCase":{"Id":"b2a2f890-c747-9a68-cab1-6a833f9d0689","FullyQualifiedName":"ToolsUnitTest.Tests.TestQuickPower","DisplayName":"TestQuickPower","ExecutorUri":"executor://NUnit3TestExecutor","Source":"D:\\SoftwareEngineering\\individual-project-JiaFeiMiao-K-Cat\\ExercisesGenerator\\ToolsUnitTest\\bin\\Release\\net40\\fine-code-coverage\\build-output\\ToolsUnitTest.dll","CodeFilePath":null,"LineNumber":0,"Properties":[]},"Attachments":[],"Outcome":1,"ErrorMessage":null,"ErrorStackTrace":null,"DisplayName":"TestQuickPower","Messages":[],"ComputerName":"LAPTOP-LGFH7TT9","Duration":"00:00:00.0000001","StartTime":"2021-09-14T13:26:29.3460664+00:00","EndTime":"2021-09-14T13:26:29.3460664+00:00","Properties":[]},{"TestCase":{"Id":"635e9e65-ecf9-bed2-7c16-a21257d00f95","FullyQualifiedName":"ToolsUnitTest.Tests.TestStringToList","DisplayName":"TestStringToList","ExecutorUri":"executor://NUnit3TestExecutor","Source":"D:\\SoftwareEngineering\\individual-project-JiaFeiMiao-K-Cat\\ExercisesGenerator\\ToolsUnitTest\\bin\\Release\\net40\\fine-code-coverage\\build-output\\ToolsUnitTest.dll","CodeFilePath":null,"LineNumber":0,"Properties":[]},"Attachments":[],"Outcome":1,"ErrorMessage":null,"ErrorStackTrace":null,"DisplayName":"TestStringToList","Messages":[],"ComputerName":"LAPTOP-LGFH7TT9","Duration":"00:00:00.0190000","StartTime":"2021-09-14T13:26:29.3460664+00:00","EndTime":"2021-09-14T13:26:29.3657004+00:00","Properties":[]}],"TestRunStatistics":{"ExecutedTests":5,"Stats":{"Passed":5}},"ActiveTests":[]},"RunAttachments":[],"ExecutorUris":["executor://nunit3testexecutor/"]}}
TpTrace Verbose: 0 : 74604, 3, 2021/09/14, 21:26:29.428, 3870427058618, testhost.x86.exe, BaseRunTests.RunTests: Run is complete.
TpTrace Verbose: 0 : 74604, 7, 2021/09/14, 21:26:29.430, 3870427087859, testhost.x86.exe, TcpClientExtensions.MessageLoopAsync: NotifyDataAvailable remoteEndPoint: 127.0.0.1:50670 localEndPoint: 127.0.0.1:50671
TpTrace Information: 0 : 74604, 7, 2021/09/14, 21:26:29.431, 3870427089438, testhost.x86.exe, TestRequestHandler.OnMessageReceived: received message: (TestSession.Terminate) -> null
TpTrace Information: 0 : 74604, 7, 2021/09/14, 21:26:29.431, 3870427090002, testhost.x86.exe, Session End message received from server. Closing the connection.
TpTrace Information: 0 : 74604, 7, 2021/09/14, 21:26:29.431, 3870427092994, testhost.x86.exe, SocketClient.Stop: Stop communication from server endpoint: 127.0.0.1:050670
TpTrace Information: 0 : 74604, 7, 2021/09/14, 21:26:29.431, 3870427093677, testhost.x86.exe, SocketClient: Stop: Cancellation requested. Stopping message loop.
TpTrace Verbose: 0 : 74604, 7, 2021/09/14, 21:26:29.431, 3870427095040, testhost.x86.exe, LengthPrefixCommunicationChannel.Dispose: Dispose reader and writer.
TpTrace Information: 0 : 74604, 7, 2021/09/14, 21:26:29.431, 3870427095701, testhost.x86.exe, Closing the connection !
TpTrace Information: 0 : 74604, 1, 2021/09/14, 21:26:29.432, 3870427099160, testhost.x86.exe, Closing the connection !
TpTrace Information: 0 : 74604, 1, 2021/09/14, 21:26:29.432, 3870427100906, testhost.x86.exe, SocketClient.Stop: Stop communication from server endpoint: 127.0.0.1:050670
TpTrace Information: 0 : 74604, 1, 2021/09/14, 21:26:29.432, 3870427101611, testhost.x86.exe, SocketClient: Stop: Cancellation requested. Stopping message loop.
TpTrace Verbose: 0 : 74604, 1, 2021/09/14, 21:26:29.432, 3870427102308, testhost.x86.exe, LengthPrefixCommunicationChannel.Dispose: Dispose reader and writer.
TpTrace Information: 0 : 74604, 1, 2021/09/14, 21:26:29.432, 3870427103514, testhost.x86.exe, Testhost process exiting.
