<?xml version="1.0" encoding="utf-8"?>
<!DOCTYPE coverage SYSTEM "http://cobertura.sourceforge.net/xml/coverage-04.dtd">
<coverage line-rate="1" branch-rate="1" lines-covered="429" lines-valid="429" branches-covered="98" branches-valid="98" complexity="107" version="0" timestamp="1631316832">
  <sources>
    <source>D:\SoftwareEngineering\individual-project-JiaFeiMiao-K-Cat\ExercisesGenerator\</source>
  </sources>
  <packages>
    <package name="Tools" line-rate="1" branch-rate="1" complexity="101">
      <classes>
        <class name="MyTools.Maps" filename="D:\SoftwareEngineering\individual-project-JiaFeiMiao-K-Cat\ExercisesGenerator\Tools\MyTools.cs" line-rate="1" branch-rate="1" complexity="1">
          <methods>
            <method name=".cctor" signature="()" line-rate="1" branch-rate="1" complexity="1">
              <lines>
                <line number="11" hits="1" branch="false" />
                <line number="12" hits="1" branch="false" />
                <line number="13" hits="1" branch="false" />
                <line number="14" hits="1" branch="false" />
                <line number="15" hits="1" branch="false" />
                <line number="16" hits="1" branch="false" />
                <line number="17" hits="1" branch="false" />
                <line number="18" hits="1" branch="false" />
                <line number="19" hits="1" branch="false" />
                <line number="21" hits="1" branch="false" />
                <line number="22" hits="1" branch="false" />
                <line number="23" hits="1" branch="false" />
                <line number="24" hits="1" branch="false" />
                <line number="25" hits="1" branch="false" />
                <line number="26" hits="1" branch="false" />
                <line number="27" hits="1" branch="false" />
                <line number="28" hits="1" branch="false" />
                <line number="29" hits="1" branch="false" />
                <line number="31" hits="1" branch="false" />
                <line number="32" hits="1" branch="false" />
                <line number="33" hits="1" branch="false" />
                <line number="34" hits="1" branch="false" />
                <line number="35" hits="1" branch="false" />
                <line number="36" hits="1" branch="false" />
                <line number="37" hits="1" branch="false" />
                <line number="38" hits="1" branch="false" />
              </lines>
            </method>
          </methods>
          <lines>
            <line number="11" hits="1" branch="false" />
            <line number="12" hits="1" branch="false" />
            <line number="13" hits="1" branch="false" />
            <line number="14" hits="1" branch="false" />
            <line number="15" hits="1" branch="false" />
            <line number="16" hits="1" branch="false" />
            <line number="17" hits="1" branch="false" />
            <line number="18" hits="1" branch="false" />
            <line number="19" hits="1" branch="false" />
            <line number="21" hits="1" branch="false" />
            <line number="22" hits="1" branch="false" />
            <line number="23" hits="1" branch="false" />
            <line number="24" hits="1" branch="false" />
            <line number="25" hits="1" branch="false" />
            <line number="26" hits="1" branch="false" />
            <line number="27" hits="1" branch="false" />
            <line number="28" hits="1" branch="false" />
            <line number="29" hits="1" branch="false" />
            <line number="31" hits="1" branch="false" />
            <line number="32" hits="1" branch="false" />
            <line number="33" hits="1" branch="false" />
            <line number="34" hits="1" branch="false" />
            <line number="35" hits="1" branch="false" />
            <line number="36" hits="1" branch="false" />
            <line number="37" hits="1" branch="false" />
            <line number="38" hits="1" branch="false" />
          </lines>
        </class>
        <class name="MyTools.Tools" filename="D:\SoftwareEngineering\individual-project-JiaFeiMiao-K-Cat\ExercisesGenerator\Tools\MyTools.cs" line-rate="1" branch-rate="1" complexity="94">
          <methods>
            <method name="QuickPower" signature="(...)" line-rate="1" branch-rate="1" complexity="10">
              <lines>
                <line number="81" hits="10" branch="false" />
                <line number="82" hits="10" branch="true" condition-coverage="100% (6/6)" />
                <line number="83" hits="2" branch="false" />
                <line number="84" hits="2" branch="false" />
                <line number="87" hits="8" branch="false" />
                <line number="88" hits="16" branch="false" />
                <line number="89" hits="27" branch="true" condition-coverage="100% (2/2)" />
                <line number="90" hits="19" branch="false" />
                <line number="91" hits="19" branch="true" condition-coverage="100% (2/2)" />
                <line number="92" hits="11" branch="false" />
                <line number="93" hits="11" branch="false" />
                <line number="94" hits="11" branch="false" />
                <line number="95" hits="19" branch="false" />
                <line number="96" hits="19" branch="false" />
                <line number="97" hits="19" branch="false" />
                <line number="98" hits="8" branch="false" />
                <line number="100" hits="10" branch="false" />
              </lines>
            </method>
            <method name="StringToList" signature="(...)" line-rate="1" branch-rate="1" complexity="24">
              <lines>
                <line number="103" hits="5" branch="false" />
                <line number="104" hits="5" branch="true" condition-coverage="100% (2/2)" />
                <line number="105" hits="3" branch="false" />
                <line number="106" hits="3" branch="false" />
                <line number="108" hits="2" branch="false" />
                <line number="109" hits="2" branch="false" />
                <line number="110" hits="32" branch="true" condition-coverage="100% (2/2)" />
                <line number="111" hits="14" branch="false" />
                <line number="112" hits="14" branch="true" condition-coverage="100% (2/2)" />
                <line number="113" hits="3" branch="false" />
                <line number="114" hits="3" branch="false" />
                <line number="115" hits="3" branch="false" />
                <line number="116" hits="11" branch="true" condition-coverage="100% (4/4)" />
                <line number="117" hits="4" branch="false" />
                <line number="118" hits="4" branch="false" />
                <line number="119" hits="4" branch="false" />
                <line number="120" hits="4" branch="false" />
                <line number="121" hits="3" branch="false" />
                <line number="122" hits="3" branch="false" />
                <line number="123" hits="3" branch="false" />
                <line number="124" hits="11" branch="true" condition-coverage="100% (4/4)" />
                <line number="125" hits="7" branch="false" />
                <line number="126" hits="7" branch="true" condition-coverage="100% (4/4)" />
                <line number="127" hits="4" branch="false" />
                <line number="128" hits="4" branch="true" condition-coverage="100% (2/2)" />
                <line number="129" hits="4" branch="false" />
                <line number="130" hits="4" branch="false" />
                <line number="131" hits="24" branch="true" condition-coverage="100% (4/4)" />
                <line number="132" hits="8" branch="false" />
                <line number="133" hits="8" branch="false" />
                <line number="134" hits="8" branch="false" />
                <line number="135" hits="8" branch="false" />
                <line number="136" hits="4" branch="false" />
                <line number="137" hits="4" branch="false" />
                <line number="138" hits="4" branch="false" />
                <line number="139" hits="4" branch="false" />
                <line number="141" hits="3" branch="false" />
                <line number="142" hits="3" branch="false" />
                <line number="143" hits="3" branch="false" />
                <line number="144" hits="3" branch="false" />
                <line number="145" hits="3" branch="false" />
                <line number="146" hits="7" branch="false" />
                <line number="148" hits="4" branch="false" />
                <line number="149" hits="4" branch="false" />
                <line number="150" hits="4" branch="false" />
                <line number="151" hits="4" branch="false" />
                <line number="152" hits="4" branch="false" />
                <line number="153" hits="14" branch="false" />
                <line number="154" hits="2" branch="false" />
                <line number="155" hits="5" branch="false" />
              </lines>
            </method>
            <method name="ListToString" signature="(...)" line-rate="1" branch-rate="1" complexity="6">
              <lines>
                <line number="158" hits="4" branch="false" />
                <line number="159" hits="4" branch="true" condition-coverage="100% (4/4)" />
                <line number="160" hits="2" branch="false" />
                <line number="161" hits="2" branch="false" />
                <line number="163" hits="2" branch="false" />
                <line number="164" hits="34" branch="true" condition-coverage="100% (2/2)" />
                <line number="165" hits="14" branch="false" />
                <line number="166" hits="14" branch="false" />
                <line number="167" hits="14" branch="false" />
                <line number="168" hits="14" branch="false" />
                <line number="169" hits="2" branch="false" />
                <line number="170" hits="2" branch="false" />
                <line number="171" hits="4" branch="false" />
              </lines>
            </method>
            <method name="InfixToPostfix" signature="(...)" line-rate="1" branch-rate="1" complexity="24">
              <lines>
                <line number="174" hits="5" branch="false" />
                <line number="175" hits="5" branch="true" condition-coverage="100% (4/4)" />
                <line number="176" hits="2" branch="false" />
                <line number="177" hits="2" branch="false" />
                <line number="179" hits="3" branch="false" />
                <line number="180" hits="3" branch="false" />
                <line number="181" hits="79" branch="true" condition-coverage="100% (2/2)" />
                <line number="182" hits="35" branch="false" />
                <line number="183" hits="35" branch="true" condition-coverage="100% (2/2)" />
                <line number="184" hits="17" branch="false" />
                <line number="185" hits="17" branch="false" />
                <line number="186" hits="17" branch="false" />
                <line number="188" hits="18" branch="false" />
                <line number="189" hits="18" branch="true" condition-coverage="100% (2/2)" />
                <line number="190" hits="3" branch="false" />
                <line number="191" hits="3" branch="false" />
                <line number="192" hits="3" branch="false" />
                <line number="194" hits="15" branch="false" />
                <line number="195" hits="17" branch="true" condition-coverage="100% (2/2)" />
                <line number="196" hits="2" branch="false" />
                <line number="197" hits="2" branch="false" />
                <line number="198" hits="15" branch="true" condition-coverage="100% (2/2)" />
                <line number="199" hits="6" branch="true" condition-coverage="100% (2/2)" />
                <line number="200" hits="2" branch="false" />
                <line number="201" hits="2" branch="false" />
                <line number="202" hits="2" branch="false" />
                <line number="203" hits="2" branch="false" />
                <line number="205" hits="11" branch="true" condition-coverage="100% (2/2)" />
                <line number="206" hits="4" branch="false" />
                <line number="207" hits="4" branch="false" />
                <line number="208" hits="4" branch="false" />
                <line number="211" hits="7" branch="false" />
                <line number="212" hits="10" branch="true" condition-coverage="100% (4/4)" />
                <line number="213" hits="10" branch="false" />
                <line number="214" hits="10" branch="false" />
                <line number="215" hits="3" branch="false" />
                <line number="216" hits="3" branch="false" />
                <line number="217" hits="3" branch="false" />
                <line number="218" hits="7" branch="false" />
                <line number="219" hits="7" branch="false" />
                <line number="220" hits="15" branch="false" />
                <line number="221" hits="18" branch="false" />
                <line number="222" hits="35" branch="false" />
                <line number="223" hits="12" branch="true" condition-coverage="100% (2/2)" />
                <line number="224" hits="9" branch="false" />
                <line number="225" hits="9" branch="false" />
                <line number="226" hits="9" branch="false" />
                <line number="227" hits="3" branch="false" />
                <line number="228" hits="5" branch="false" />
              </lines>
            </method>
            <method name="CalculatePostfix" signature="(...)" line-rate="1" branch-rate="1" complexity="30">
              <lines>
                <line number="231" hits="12" branch="false" />
                <line number="232" hits="12" branch="true" condition-coverage="100% (4/4)" />
                <line number="233" hits="2" branch="false" />
                <line number="234" hits="2" branch="false" />
                <line number="237" hits="10" branch="false" />
                <line number="238" hits="10" branch="false" />
                <line number="239" hits="143" branch="true" condition-coverage="100% (2/2)" />
                <line number="240" hits="60" branch="false" />
                <line number="241" hits="60" branch="true" condition-coverage="100% (2/2)" />
                <line number="242" hits="37" branch="false" />
                <line number="243" hits="37" branch="false" />
                <line number="244" hits="37" branch="false" />
                <line number="246" hits="23" branch="false" />
                <line number="247" hits="23" branch="true" condition-coverage="100% (2/2)" />
                <line number="248" hits="1" branch="false" />
                <line number="249" hits="1" branch="false" />
                <line number="251" hits="22" branch="false" />
                <line number="252" hits="22" branch="false" />
                <line number="254" hits="22" branch="true" condition-coverage="100% (6/6)" />
                <line number="257" hits="4" branch="false" />
                <line number="258" hits="4" branch="false" />
                <line number="260" hits="5" branch="false" />
                <line number="261" hits="5" branch="false" />
                <line number="263" hits="5" branch="false" />
                <line number="264" hits="5" branch="false" />
                <line number="266" hits="3" branch="true" condition-coverage="100% (2/2)" />
                <line number="267" hits="1" branch="false" />
                <line number="268" hits="1" branch="false" />
                <line number="269" hits="1" branch="false" />
                <line number="271" hits="2" branch="false" />
                <line number="272" hits="2" branch="false" />
                <line number="273" hits="2" branch="false" />
                <line number="274" hits="3" branch="false" />
                <line number="276" hits="4" branch="false" />
                <line number="277" hits="4" branch="false" />
                <line number="279" hits="1" branch="false" />
                <line number="280" hits="1" branch="false" />
                <line number="282" hits="22" branch="true" condition-coverage="100% (2/2)" />
                <line number="283" hits="2" branch="false" />
                <line number="284" hits="2" branch="false" />
                <line number="286" hits="20" branch="true" condition-coverage="100% (8/8)" />
                <line number="287" hits="4" branch="false" />
                <line number="288" hits="4" branch="false" />
                <line number="290" hits="16" branch="false" />
                <line number="291" hits="16" branch="false" />
                <line number="292" hits="53" branch="false" />
                <line number="293" hits="3" branch="true" condition-coverage="100% (2/2)" />
                <line number="294" hits="1" branch="false" />
                <line number="295" hits="1" branch="false" />
                <line number="298" hits="2" branch="false" />
                <line number="299" hits="2" branch="false" />
                <line number="302" hits="12" branch="false" />
              </lines>
            </method>
          </methods>
          <lines>
            <line number="81" hits="10" branch="false" />
            <line number="82" hits="10" branch="true" condition-coverage="100% (6/6)" />
            <line number="83" hits="2" branch="false" />
            <line number="84" hits="2" branch="false" />
            <line number="87" hits="8" branch="false" />
            <line number="88" hits="16" branch="false" />
            <line number="89" hits="27" branch="true" condition-coverage="100% (2/2)" />
            <line number="90" hits="19" branch="false" />
            <line number="91" hits="19" branch="true" condition-coverage="100% (2/2)" />
            <line number="92" hits="11" branch="false" />
            <line number="93" hits="11" branch="false" />
            <line number="94" hits="11" branch="false" />
            <line number="95" hits="19" branch="false" />
            <line number="96" hits="19" branch="false" />
            <line number="97" hits="19" branch="false" />
            <line number="98" hits="8" branch="false" />
            <line number="100" hits="10" branch="false" />
            <line number="103" hits="5" branch="false" />
            <line number="104" hits="5" branch="true" condition-coverage="100% (2/2)" />
            <line number="105" hits="3" branch="false" />
            <line number="106" hits="3" branch="false" />
            <line number="108" hits="2" branch="false" />
            <line number="109" hits="2" branch="false" />
            <line number="110" hits="32" branch="true" condition-coverage="100% (2/2)" />
            <line number="111" hits="14" branch="false" />
            <line number="112" hits="14" branch="true" condition-coverage="100% (2/2)" />
            <line number="113" hits="3" branch="false" />
            <line number="114" hits="3" branch="false" />
            <line number="115" hits="3" branch="false" />
            <line number="116" hits="11" branch="true" condition-coverage="100% (4/4)" />
            <line number="117" hits="4" branch="false" />
            <line number="118" hits="4" branch="false" />
            <line number="119" hits="4" branch="false" />
            <line number="120" hits="4" branch="false" />
            <line number="121" hits="3" branch="false" />
            <line number="122" hits="3" branch="false" />
            <line number="123" hits="3" branch="false" />
            <line number="124" hits="11" branch="true" condition-coverage="100% (4/4)" />
            <line number="125" hits="7" branch="false" />
            <line number="126" hits="7" branch="true" condition-coverage="100% (4/4)" />
            <line number="127" hits="4" branch="false" />
            <line number="128" hits="4" branch="true" condition-coverage="100% (2/2)" />
            <line number="129" hits="4" branch="false" />
            <line number="130" hits="4" branch="false" />
            <line number="131" hits="24" branch="true" condition-coverage="100% (4/4)" />
            <line number="132" hits="8" branch="false" />
            <line number="133" hits="8" branch="false" />
            <line number="134" hits="8" branch="false" />
            <line number="135" hits="8" branch="false" />
            <line number="136" hits="4" branch="false" />
            <line number="137" hits="4" branch="false" />
            <line number="138" hits="4" branch="false" />
            <line number="139" hits="4" branch="false" />
            <line number="141" hits="3" branch="false" />
            <line number="142" hits="3" branch="false" />
            <line number="143" hits="3" branch="false" />
            <line number="144" hits="3" branch="false" />
            <line number="145" hits="3" branch="false" />
            <line number="146" hits="7" branch="false" />
            <line number="148" hits="4" branch="false" />
            <line number="149" hits="4" branch="false" />
            <line number="150" hits="4" branch="false" />
            <line number="151" hits="4" branch="false" />
            <line number="152" hits="4" branch="false" />
            <line number="153" hits="14" branch="false" />
            <line number="154" hits="2" branch="false" />
            <line number="155" hits="5" branch="false" />
            <line number="158" hits="4" branch="false" />
            <line number="159" hits="4" branch="true" condition-coverage="100% (4/4)" />
            <line number="160" hits="2" branch="false" />
            <line number="161" hits="2" branch="false" />
            <line number="163" hits="2" branch="false" />
            <line number="164" hits="34" branch="true" condition-coverage="100% (2/2)" />
            <line number="165" hits="14" branch="false" />
            <line number="166" hits="14" branch="false" />
            <line number="167" hits="14" branch="false" />
            <line number="168" hits="14" branch="false" />
            <line number="169" hits="2" branch="false" />
            <line number="170" hits="2" branch="false" />
            <line number="171" hits="4" branch="false" />
            <line number="174" hits="5" branch="false" />
            <line number="175" hits="5" branch="true" condition-coverage="100% (4/4)" />
            <line number="176" hits="2" branch="false" />
            <line number="177" hits="2" branch="false" />
            <line number="179" hits="3" branch="false" />
            <line number="180" hits="3" branch="false" />
            <line number="181" hits="79" branch="true" condition-coverage="100% (2/2)" />
            <line number="182" hits="35" branch="false" />
            <line number="183" hits="35" branch="true" condition-coverage="100% (2/2)" />
            <line number="184" hits="17" branch="false" />
            <line number="185" hits="17" branch="false" />
            <line number="186" hits="17" branch="false" />
            <line number="188" hits="18" branch="false" />
            <line number="189" hits="18" branch="true" condition-coverage="100% (2/2)" />
            <line number="190" hits="3" branch="false" />
            <line number="191" hits="3" branch="false" />
            <line number="192" hits="3" branch="false" />
            <line number="194" hits="15" branch="false" />
            <line number="195" hits="17" branch="true" condition-coverage="100% (2/2)" />
            <line number="196" hits="2" branch="false" />
            <line number="197" hits="2" branch="false" />
            <line number="198" hits="15" branch="true" condition-coverage="100% (2/2)" />
            <line number="199" hits="6" branch="true" condition-coverage="100% (2/2)" />
            <line number="200" hits="2" branch="false" />
            <line number="201" hits="2" branch="false" />
            <line number="202" hits="2" branch="false" />
            <line number="203" hits="2" branch="false" />
            <line number="205" hits="11" branch="true" condition-coverage="100% (2/2)" />
            <line number="206" hits="4" branch="false" />
            <line number="207" hits="4" branch="false" />
            <line number="208" hits="4" branch="false" />
            <line number="211" hits="7" branch="false" />
            <line number="212" hits="10" branch="true" condition-coverage="100% (4/4)" />
            <line number="213" hits="10" branch="false" />
            <line number="214" hits="10" branch="false" />
            <line number="215" hits="3" branch="false" />
            <line number="216" hits="3" branch="false" />
            <line number="217" hits="3" branch="false" />
            <line number="218" hits="7" branch="false" />
            <line number="219" hits="7" branch="false" />
            <line number="220" hits="15" branch="false" />
            <line number="221" hits="18" branch="false" />
            <line number="222" hits="35" branch="false" />
            <line number="223" hits="12" branch="true" condition-coverage="100% (2/2)" />
            <line number="224" hits="9" branch="false" />
            <line number="225" hits="9" branch="false" />
            <line number="226" hits="9" branch="false" />
            <line number="227" hits="3" branch="false" />
            <line number="228" hits="5" branch="false" />
            <line number="231" hits="12" branch="false" />
            <line number="232" hits="12" branch="true" condition-coverage="100% (4/4)" />
            <line number="233" hits="2" branch="false" />
            <line number="234" hits="2" branch="false" />
            <line number="237" hits="10" branch="false" />
            <line number="238" hits="10" branch="false" />
            <line number="239" hits="143" branch="true" condition-coverage="100% (2/2)" />
            <line number="240" hits="60" branch="false" />
            <line number="241" hits="60" branch="true" condition-coverage="100% (2/2)" />
            <line number="242" hits="37" branch="false" />
            <line number="243" hits="37" branch="false" />
            <line number="244" hits="37" branch="false" />
            <line number="246" hits="23" branch="false" />
            <line number="247" hits="23" branch="true" condition-coverage="100% (2/2)" />
            <line number="248" hits="1" branch="false" />
            <line number="249" hits="1" branch="false" />
            <line number="251" hits="22" branch="false" />
            <line number="252" hits="22" branch="false" />
            <line number="254" hits="22" branch="true" condition-coverage="100% (6/6)" />
            <line number="257" hits="4" branch="false" />
            <line number="258" hits="4" branch="false" />
            <line number="260" hits="5" branch="false" />
            <line number="261" hits="5" branch="false" />
            <line number="263" hits="5" branch="false" />
            <line number="264" hits="5" branch="false" />
            <line number="266" hits="3" branch="true" condition-coverage="100% (2/2)" />
            <line number="267" hits="1" branch="false" />
            <line number="268" hits="1" branch="false" />
            <line number="269" hits="1" branch="false" />
            <line number="271" hits="2" branch="false" />
            <line number="272" hits="2" branch="false" />
            <line number="273" hits="2" branch="false" />
            <line number="274" hits="3" branch="false" />
            <line number="276" hits="4" branch="false" />
            <line number="277" hits="4" branch="false" />
            <line number="279" hits="1" branch="false" />
            <line number="280" hits="1" branch="false" />
            <line number="282" hits="22" branch="true" condition-coverage="100% (2/2)" />
            <line number="283" hits="2" branch="false" />
            <line number="284" hits="2" branch="false" />
            <line number="286" hits="20" branch="true" condition-coverage="100% (8/8)" />
            <line number="287" hits="4" branch="false" />
            <line number="288" hits="4" branch="false" />
            <line number="290" hits="16" branch="false" />
            <line number="291" hits="16" branch="false" />
            <line number="292" hits="53" branch="false" />
            <line number="293" hits="3" branch="true" condition-coverage="100% (2/2)" />
            <line number="294" hits="1" branch="false" />
            <line number="295" hits="1" branch="false" />
            <line number="298" hits="2" branch="false" />
            <line number="299" hits="2" branch="false" />
            <line number="302" hits="12" branch="false" />
          </lines>
        </class>
        <class name="MyTools.Unit" filename="D:\SoftwareEngineering\individual-project-JiaFeiMiao-K-Cat\ExercisesGenerator\Tools\MyTools.cs" line-rate="1" branch-rate="1" complexity="6">
          <methods>
            <method name="ToString" signature="()" line-rate="1" branch-rate="1" complexity="4">
              <lines>
                <line number="60" hits="14" branch="false" />
                <line number="61" hits="14" branch="true" condition-coverage="100% (2/2)" />
                <line number="62" hits="7" branch="false" />
                <line number="63" hits="7" branch="true" condition-coverage="100% (2/2)" />
                <line number="64" hits="3" branch="false" />
                <line number="65" hits="3" branch="false" />
                <line number="68" hits="4" branch="false" />
                <line number="69" hits="4" branch="false" />
                <line number="73" hits="7" branch="false" />
                <line number="74" hits="7" branch="false" />
                <line number="76" hits="14" branch="false" />
              </lines>
            </method>
            <method name=".ctor" signature="(...)" line-rate="1" branch-rate="1" complexity="1">
              <lines>
                <line number="50" hits="116" branch="false" />
                <line number="51" hits="116" branch="false" />
                <line number="52" hits="116" branch="false" />
                <line number="53" hits="116" branch="false" />
              </lines>
            </method>
            <method name=".ctor" signature="(...)" line-rate="1" branch-rate="1" complexity="1">
              <lines>
                <line number="55" hits="30" branch="false" />
                <line number="56" hits="30" branch="false" />
                <line number="57" hits="30" branch="false" />
                <line number="58" hits="30" branch="false" />
              </lines>
            </method>
          </methods>
          <lines>
            <line number="50" hits="116" branch="false" />
            <line number="51" hits="116" branch="false" />
            <line number="52" hits="116" branch="false" />
            <line number="53" hits="116" branch="false" />
            <line number="55" hits="30" branch="false" />
            <line number="56" hits="30" branch="false" />
            <line number="57" hits="30" branch="false" />
            <line number="58" hits="30" branch="false" />
            <line number="60" hits="14" branch="false" />
            <line number="61" hits="14" branch="true" condition-coverage="100% (2/2)" />
            <line number="62" hits="7" branch="false" />
            <line number="63" hits="7" branch="true" condition-coverage="100% (2/2)" />
            <line number="64" hits="3" branch="false" />
            <line number="65" hits="3" branch="false" />
            <line number="68" hits="4" branch="false" />
            <line number="69" hits="4" branch="false" />
            <line number="73" hits="7" branch="false" />
            <line number="74" hits="7" branch="false" />
            <line number="76" hits="14" branch="false" />
          </lines>
        </class>
      </classes>
    </package>
    <package name="ToolsUnitTest" line-rate="1" branch-rate="1" complexity="6">
      <classes>
        <class name="ToolsUnitTest.Tests" filename="D:\SoftwareEngineering\individual-project-JiaFeiMiao-K-Cat\ExercisesGenerator\ToolsUnitTest\UnitTest1.cs" line-rate="1" branch-rate="1" complexity="6">
          <methods>
            <method name="Setup" signature="()" line-rate="1" branch-rate="1" complexity="1">
              <lines>
                <line number="14" hits="5" branch="false" />
                <line number="15" hits="5" branch="false" />
              </lines>
            </method>
            <method name="TestQuickPower" signature="()" line-rate="1" branch-rate="1" complexity="1">
              <lines>
                <line number="19" hits="1" branch="false" />
                <line number="20" hits="1" branch="false" />
                <line number="21" hits="1" branch="false" />
                <line number="22" hits="1" branch="false" />
                <line number="23" hits="1" branch="false" />
                <line number="24" hits="1" branch="false" />
                <line number="25" hits="1" branch="false" />
                <line number="26" hits="1" branch="false" />
              </lines>
            </method>
            <method name="TestListToString" signature="()" line-rate="1" branch-rate="1" complexity="1">
              <lines>
                <line number="29" hits="1" branch="false" />
                <line number="31" hits="1" branch="false" />
                <line number="32" hits="1" branch="false" />
                <line number="34" hits="1" branch="false" />
                <line number="35" hits="1" branch="false" />
                <line number="36" hits="1" branch="false" />
                <line number="37" hits="1" branch="false" />
                <line number="38" hits="1" branch="false" />
                <line number="39" hits="1" branch="false" />
                <line number="40" hits="1" branch="false" />
                <line number="42" hits="1" branch="false" />
                <line number="43" hits="1" branch="false" />
                <line number="44" hits="1" branch="false" />
                <line number="45" hits="1" branch="false" />
                <line number="46" hits="1" branch="false" />
                <line number="47" hits="1" branch="false" />
                <line number="48" hits="1" branch="false" />
                <line number="49" hits="1" branch="false" />
                <line number="50" hits="1" branch="false" />
                <line number="51" hits="1" branch="false" />
                <line number="52" hits="1" branch="false" />
                <line number="53" hits="1" branch="false" />
                <line number="54" hits="1" branch="false" />
                <line number="55" hits="1" branch="false" />
                <line number="56" hits="1" branch="false" />
                <line number="57" hits="1" branch="false" />
              </lines>
            </method>
            <method name="TestStringToList" signature="()" line-rate="1" branch-rate="1" complexity="1">
              <lines>
                <line number="60" hits="1" branch="false" />
                <line number="62" hits="1" branch="false" />
                <line number="63" hits="1" branch="false" />
                <line number="64" hits="1" branch="false" />
                <line number="66" hits="1" branch="false" />
                <line number="67" hits="1" branch="false" />
                <line number="68" hits="1" branch="false" />
                <line number="69" hits="1" branch="false" />
                <line number="70" hits="1" branch="false" />
                <line number="71" hits="1" branch="false" />
                <line number="72" hits="1" branch="false" />
                <line number="74" hits="1" branch="false" />
                <line number="75" hits="1" branch="false" />
                <line number="76" hits="1" branch="false" />
                <line number="77" hits="1" branch="false" />
                <line number="78" hits="1" branch="false" />
                <line number="79" hits="1" branch="false" />
                <line number="80" hits="1" branch="false" />
                <line number="81" hits="1" branch="false" />
                <line number="82" hits="1" branch="false" />
                <line number="83" hits="1" branch="false" />
                <line number="84" hits="1" branch="false" />
                <line number="85" hits="1" branch="false" />
                <line number="86" hits="1" branch="false" />
                <line number="87" hits="1" branch="false" />
                <line number="88" hits="1" branch="false" />
                <line number="89" hits="1" branch="false" />
              </lines>
            </method>
            <method name="TestInfixToPostfix" signature="()" line-rate="1" branch-rate="1" complexity="1">
              <lines>
                <line number="92" hits="1" branch="false" />
                <line number="94" hits="1" branch="false" />
                <line number="95" hits="1" branch="false" />
                <line number="98" hits="1" branch="false" />
                <line number="99" hits="1" branch="false" />
                <line number="100" hits="1" branch="false" />
                <line number="101" hits="1" branch="false" />
                <line number="102" hits="1" branch="false" />
                <line number="103" hits="1" branch="false" />
                <line number="104" hits="1" branch="false" />
                <line number="105" hits="1" branch="false" />
                <line number="106" hits="1" branch="false" />
                <line number="107" hits="1" branch="false" />
                <line number="108" hits="1" branch="false" />
                <line number="109" hits="1" branch="false" />
                <line number="110" hits="1" branch="false" />
                <line number="111" hits="1" branch="false" />
                <line number="112" hits="1" branch="false" />
                <line number="113" hits="1" branch="false" />
                <line number="114" hits="1" branch="false" />
                <line number="117" hits="1" branch="false" />
                <line number="118" hits="1" branch="false" />
                <line number="119" hits="1" branch="false" />
                <line number="120" hits="1" branch="false" />
                <line number="121" hits="1" branch="false" />
                <line number="122" hits="1" branch="false" />
                <line number="123" hits="1" branch="false" />
                <line number="124" hits="1" branch="false" />
                <line number="125" hits="1" branch="false" />
                <line number="126" hits="1" branch="false" />
                <line number="127" hits="1" branch="false" />
                <line number="128" hits="1" branch="false" />
                <line number="129" hits="1" branch="false" />
                <line number="130" hits="1" branch="false" />
                <line number="131" hits="1" branch="false" />
                <line number="132" hits="1" branch="false" />
                <line number="133" hits="1" branch="false" />
                <line number="134" hits="1" branch="false" />
                <line number="136" hits="1" branch="false" />
                <line number="137" hits="1" branch="false" />
                <line number="138" hits="1" branch="false" />
                <line number="139" hits="1" branch="false" />
                <line number="140" hits="1" branch="false" />
                <line number="141" hits="1" branch="false" />
                <line number="142" hits="1" branch="false" />
                <line number="143" hits="1" branch="false" />
                <line number="144" hits="1" branch="false" />
                <line number="145" hits="1" branch="false" />
                <line number="146" hits="1" branch="false" />
                <line number="147" hits="1" branch="false" />
                <line number="148" hits="1" branch="false" />
                <line number="149" hits="1" branch="false" />
                <line number="150" hits="1" branch="false" />
                <line number="151" hits="1" branch="false" />
                <line number="152" hits="1" branch="false" />
                <line number="155" hits="1" branch="false" />
                <line number="156" hits="1" branch="false" />
                <line number="157" hits="1" branch="false" />
                <line number="158" hits="1" branch="false" />
                <line number="159" hits="1" branch="false" />
                <line number="160" hits="1" branch="false" />
                <line number="161" hits="1" branch="false" />
                <line number="162" hits="1" branch="false" />
                <line number="163" hits="1" branch="false" />
                <line number="164" hits="1" branch="false" />
                <line number="165" hits="1" branch="false" />
                <line number="166" hits="1" branch="false" />
                <line number="167" hits="1" branch="false" />
                <line number="168" hits="1" branch="false" />
                <line number="169" hits="1" branch="false" />
                <line number="170" hits="1" branch="false" />
                <line number="171" hits="1" branch="false" />
                <line number="172" hits="1" branch="false" />
                <line number="174" hits="1" branch="false" />
                <line number="175" hits="1" branch="false" />
                <line number="176" hits="1" branch="false" />
                <line number="177" hits="1" branch="false" />
                <line number="178" hits="1" branch="false" />
                <line number="179" hits="1" branch="false" />
                <line number="180" hits="1" branch="false" />
                <line number="181" hits="1" branch="false" />
                <line number="182" hits="1" branch="false" />
                <line number="183" hits="1" branch="false" />
                <line number="184" hits="1" branch="false" />
                <line number="185" hits="1" branch="false" />
                <line number="186" hits="1" branch="false" />
                <line number="187" hits="1" branch="false" />
                <line number="188" hits="1" branch="false" />
                <line number="189" hits="1" branch="false" />
                <line number="190" hits="1" branch="false" />
                <line number="191" hits="1" branch="false" />
              </lines>
            </method>
            <method name="TestCalculatePostfix" signature="()" line-rate="1" branch-rate="1" complexity="1">
              <lines>
                <line number="194" hits="1" branch="false" />
                <line number="196" hits="1" branch="false" />
                <line number="197" hits="1" branch="false" />
                <line number="198" hits="1" branch="false" />
                <line number="201" hits="1" branch="false" />
                <line number="202" hits="1" branch="false" />
                <line number="203" hits="1" branch="false" />
                <line number="204" hits="1" branch="false" />
                <line number="205" hits="1" branch="false" />
                <line number="206" hits="1" branch="false" />
                <line number="207" hits="1" branch="false" />
                <line number="208" hits="1" branch="false" />
                <line number="209" hits="1" branch="false" />
                <line number="210" hits="1" branch="false" />
                <line number="211" hits="1" branch="false" />
                <line number="212" hits="1" branch="false" />
                <line number="213" hits="1" branch="false" />
                <line number="214" hits="1" branch="false" />
                <line number="215" hits="1" branch="false" />
                <line number="216" hits="1" branch="false" />
                <line number="217" hits="1" branch="false" />
                <line number="218" hits="1" branch="false" />
                <line number="219" hits="1" branch="false" />
                <line number="220" hits="1" branch="false" />
                <line number="223" hits="1" branch="false" />
                <line number="224" hits="1" branch="false" />
                <line number="225" hits="1" branch="false" />
                <line number="226" hits="1" branch="false" />
                <line number="229" hits="1" branch="false" />
                <line number="230" hits="1" branch="false" />
                <line number="231" hits="1" branch="false" />
                <line number="232" hits="1" branch="false" />
                <line number="233" hits="1" branch="false" />
                <line number="234" hits="1" branch="false" />
                <line number="237" hits="1" branch="false" />
                <line number="238" hits="1" branch="false" />
                <line number="239" hits="1" branch="false" />
                <line number="240" hits="1" branch="false" />
                <line number="241" hits="1" branch="false" />
                <line number="242" hits="1" branch="false" />
                <line number="245" hits="1" branch="false" />
                <line number="246" hits="1" branch="false" />
                <line number="247" hits="1" branch="false" />
                <line number="248" hits="1" branch="false" />
                <line number="251" hits="1" branch="false" />
                <line number="252" hits="1" branch="false" />
                <line number="253" hits="1" branch="false" />
                <line number="254" hits="1" branch="false" />
                <line number="255" hits="1" branch="false" />
              </lines>
            </method>
          </methods>
          <lines>
            <line number="14" hits="5" branch="false" />
            <line number="15" hits="5" branch="false" />
            <line number="19" hits="1" branch="false" />
            <line number="20" hits="1" branch="false" />
            <line number="21" hits="1" branch="false" />
            <line number="22" hits="1" branch="false" />
            <line number="23" hits="1" branch="false" />
            <line number="24" hits="1" branch="false" />
            <line number="25" hits="1" branch="false" />
            <line number="26" hits="1" branch="false" />
            <line number="29" hits="1" branch="false" />
            <line number="31" hits="1" branch="false" />
            <line number="32" hits="1" branch="false" />
            <line number="34" hits="1" branch="false" />
            <line number="35" hits="1" branch="false" />
            <line number="36" hits="1" branch="false" />
            <line number="37" hits="1" branch="false" />
            <line number="38" hits="1" branch="false" />
            <line number="39" hits="1" branch="false" />
            <line number="40" hits="1" branch="false" />
            <line number="42" hits="1" branch="false" />
            <line number="43" hits="1" branch="false" />
            <line number="44" hits="1" branch="false" />
            <line number="45" hits="1" branch="false" />
            <line number="46" hits="1" branch="false" />
            <line number="47" hits="1" branch="false" />
            <line number="48" hits="1" branch="false" />
            <line number="49" hits="1" branch="false" />
            <line number="50" hits="1" branch="false" />
            <line number="51" hits="1" branch="false" />
            <line number="52" hits="1" branch="false" />
            <line number="53" hits="1" branch="false" />
            <line number="54" hits="1" branch="false" />
            <line number="55" hits="1" branch="false" />
            <line number="56" hits="1" branch="false" />
            <line number="57" hits="1" branch="false" />
            <line number="60" hits="1" branch="false" />
            <line number="62" hits="1" branch="false" />
            <line number="63" hits="1" branch="false" />
            <line number="64" hits="1" branch="false" />
            <line number="66" hits="1" branch="false" />
            <line number="67" hits="1" branch="false" />
            <line number="68" hits="1" branch="false" />
            <line number="69" hits="1" branch="false" />
            <line number="70" hits="1" branch="false" />
            <line number="71" hits="1" branch="false" />
            <line number="72" hits="1" branch="false" />
            <line number="74" hits="1" branch="false" />
            <line number="75" hits="1" branch="false" />
            <line number="76" hits="1" branch="false" />
            <line number="77" hits="1" branch="false" />
            <line number="78" hits="1" branch="false" />
            <line number="79" hits="1" branch="false" />
            <line number="80" hits="1" branch="false" />
            <line number="81" hits="1" branch="false" />
            <line number="82" hits="1" branch="false" />
            <line number="83" hits="1" branch="false" />
            <line number="84" hits="1" branch="false" />
            <line number="85" hits="1" branch="false" />
            <line number="86" hits="1" branch="false" />
            <line number="87" hits="1" branch="false" />
            <line number="88" hits="1" branch="false" />
            <line number="89" hits="1" branch="false" />
            <line number="92" hits="1" branch="false" />
            <line number="94" hits="1" branch="false" />
            <line number="95" hits="1" branch="false" />
            <line number="98" hits="1" branch="false" />
            <line number="99" hits="1" branch="false" />
            <line number="100" hits="1" branch="false" />
            <line number="101" hits="1" branch="false" />
            <line number="102" hits="1" branch="false" />
            <line number="103" hits="1" branch="false" />
            <line number="104" hits="1" branch="false" />
            <line number="105" hits="1" branch="false" />
            <line number="106" hits="1" branch="false" />
            <line number="107" hits="1" branch="false" />
            <line number="108" hits="1" branch="false" />
            <line number="109" hits="1" branch="false" />
            <line number="110" hits="1" branch="false" />
            <line number="111" hits="1" branch="false" />
            <line number="112" hits="1" branch="false" />
            <line number="113" hits="1" branch="false" />
            <line number="114" hits="1" branch="false" />
            <line number="117" hits="1" branch="false" />
            <line number="118" hits="1" branch="false" />
            <line number="119" hits="1" branch="false" />
            <line number="120" hits="1" branch="false" />
            <line number="121" hits="1" branch="false" />
            <line number="122" hits="1" branch="false" />
            <line number="123" hits="1" branch="false" />
            <line number="124" hits="1" branch="false" />
            <line number="125" hits="1" branch="false" />
            <line number="126" hits="1" branch="false" />
            <line number="127" hits="1" branch="false" />
            <line number="128" hits="1" branch="false" />
            <line number="129" hits="1" branch="false" />
            <line number="130" hits="1" branch="false" />
            <line number="131" hits="1" branch="false" />
            <line number="132" hits="1" branch="false" />
            <line number="133" hits="1" branch="false" />
            <line number="134" hits="1" branch="false" />
            <line number="136" hits="1" branch="false" />
            <line number="137" hits="1" branch="false" />
            <line number="138" hits="1" branch="false" />
            <line number="139" hits="1" branch="false" />
            <line number="140" hits="1" branch="false" />
            <line number="141" hits="1" branch="false" />
            <line number="142" hits="1" branch="false" />
            <line number="143" hits="1" branch="false" />
            <line number="144" hits="1" branch="false" />
            <line number="145" hits="1" branch="false" />
            <line number="146" hits="1" branch="false" />
            <line number="147" hits="1" branch="false" />
            <line number="148" hits="1" branch="false" />
            <line number="149" hits="1" branch="false" />
            <line number="150" hits="1" branch="false" />
            <line number="151" hits="1" branch="false" />
            <line number="152" hits="1" branch="false" />
            <line number="155" hits="1" branch="false" />
            <line number="156" hits="1" branch="false" />
            <line number="157" hits="1" branch="false" />
            <line number="158" hits="1" branch="false" />
            <line number="159" hits="1" branch="false" />
            <line number="160" hits="1" branch="false" />
            <line number="161" hits="1" branch="false" />
            <line number="162" hits="1" branch="false" />
            <line number="163" hits="1" branch="false" />
            <line number="164" hits="1" branch="false" />
            <line number="165" hits="1" branch="false" />
            <line number="166" hits="1" branch="false" />
            <line number="167" hits="1" branch="false" />
            <line number="168" hits="1" branch="false" />
            <line number="169" hits="1" branch="false" />
            <line number="170" hits="1" branch="false" />
            <line number="171" hits="1" branch="false" />
            <line number="172" hits="1" branch="false" />
            <line number="174" hits="1" branch="false" />
            <line number="175" hits="1" branch="false" />
            <line number="176" hits="1" branch="false" />
            <line number="177" hits="1" branch="false" />
            <line number="178" hits="1" branch="false" />
            <line number="179" hits="1" branch="false" />
            <line number="180" hits="1" branch="false" />
            <line number="181" hits="1" branch="false" />
            <line number="182" hits="1" branch="false" />
            <line number="183" hits="1" branch="false" />
            <line number="184" hits="1" branch="false" />
            <line number="185" hits="1" branch="false" />
            <line number="186" hits="1" branch="false" />
            <line number="187" hits="1" branch="false" />
            <line number="188" hits="1" branch="false" />
            <line number="189" hits="1" branch="false" />
            <line number="190" hits="1" branch="false" />
            <line number="191" hits="1" branch="false" />
            <line number="194" hits="1" branch="false" />
            <line number="196" hits="1" branch="false" />
            <line number="197" hits="1" branch="false" />
            <line number="198" hits="1" branch="false" />
            <line number="201" hits="1" branch="false" />
            <line number="202" hits="1" branch="false" />
            <line number="203" hits="1" branch="false" />
            <line number="204" hits="1" branch="false" />
            <line number="205" hits="1" branch="false" />
            <line number="206" hits="1" branch="false" />
            <line number="207" hits="1" branch="false" />
            <line number="208" hits="1" branch="false" />
            <line number="209" hits="1" branch="false" />
            <line number="210" hits="1" branch="false" />
            <line number="211" hits="1" branch="false" />
            <line number="212" hits="1" branch="false" />
            <line number="213" hits="1" branch="false" />
            <line number="214" hits="1" branch="false" />
            <line number="215" hits="1" branch="false" />
            <line number="216" hits="1" branch="false" />
            <line number="217" hits="1" branch="false" />
            <line number="218" hits="1" branch="false" />
            <line number="219" hits="1" branch="false" />
            <line number="220" hits="1" branch="false" />
            <line number="223" hits="1" branch="false" />
            <line number="224" hits="1" branch="false" />
            <line number="225" hits="1" branch="false" />
            <line number="226" hits="1" branch="false" />
            <line number="229" hits="1" branch="false" />
            <line number="230" hits="1" branch="false" />
            <line number="231" hits="1" branch="false" />
            <line number="232" hits="1" branch="false" />
            <line number="233" hits="1" branch="false" />
            <line number="234" hits="1" branch="false" />
            <line number="237" hits="1" branch="false" />
            <line number="238" hits="1" branch="false" />
            <line number="239" hits="1" branch="false" />
            <line number="240" hits="1" branch="false" />
            <line number="241" hits="1" branch="false" />
            <line number="242" hits="1" branch="false" />
            <line number="245" hits="1" branch="false" />
            <line number="246" hits="1" branch="false" />
            <line number="247" hits="1" branch="false" />
            <line number="248" hits="1" branch="false" />
            <line number="251" hits="1" branch="false" />
            <line number="252" hits="1" branch="false" />
            <line number="253" hits="1" branch="false" />
            <line number="254" hits="1" branch="false" />
            <line number="255" hits="1" branch="false" />
          </lines>
        </class>
      </classes>
    </package>
  </packages>
</coverage>