TpTrace Verbose: 0 : 11880, 1, 2021/09/10, 23:33:49.312, 490850268242, vstest.console.dll, Version: 16.10.0
TpTrace Information: 0 : 11880, 1, 2021/09/10, 23:33:49.322, 490850362320, vstest.console.dll, FilePatternParser: The given file D:\SoftwareEngineering\individual-project-JiaFeiMiao-K-Cat\ExercisesGenerator\ToolsUnitTest\bin\Debug\net40\fine-code-coverage\build-output\ToolsUnitTest.dll is a full path.
TpTrace Verbose: 0 : 11880, 1, 2021/09/10, 23:33:49.332, 490850463559, vstest.console.dll, TestPluginCache.DiscoverTestExtensions: finding test extensions in assemblies ends with: RuntimeProvider.dll TPluginInfo: Microsoft.VisualStudio.TestPlatform.Common.ExtensionFramework.Utilities.TestRuntimePluginInformation TExtension: Microsoft.VisualStudio.TestPlatform.ObjectModel.Host.ITestRuntimeProvider
TpTrace Verbose: 0 : 11880, 1, 2021/09/10, 23:33:49.333, 490850467945, vstest.console.dll, TestPluginCache.GetExtensionPaths: Filtered extension paths: 
TpTrace Verbose: 0 : 11880, 1, 2021/09/10, 23:33:49.333, 490850468951, vstest.console.dll, TestPluginCache.GetExtensionPaths: Added default extension paths: C:\Program Files\dotnet\sdk\5.0.302\Extensions\Microsoft.Diagnostics.NETCore.Client.dll
C:\Program Files\dotnet\sdk\5.0.302\Extensions\Microsoft.TestPlatform.Extensions.BlameDataCollector.dll
C:\Program Files\dotnet\sdk\5.0.302\Extensions\Microsoft.TestPlatform.Extensions.EventLogCollector.dll
C:\Program Files\dotnet\sdk\5.0.302\Extensions\Microsoft.TestPlatform.TestHostRuntimeProvider.dll
C:\Program Files\dotnet\sdk\5.0.302\Extensions\Microsoft.VisualStudio.TestPlatform.Extensions.Html.TestLogger.dll
C:\Program Files\dotnet\sdk\5.0.302\Extensions\Microsoft.VisualStudio.TestPlatform.Extensions.Trx.TestLogger.dll
TpTrace Verbose: 0 : 11880, 1, 2021/09/10, 23:33:49.333, 490850469743, vstest.console.dll, TestPluginCache.GetExtensionPaths: Added unfilterableExtensionPaths: 
TpTrace Information: 0 : 11880, 1, 2021/09/10, 23:33:49.333, 490850476570, vstest.console.dll, AssemblyResolver.ctor: Creating AssemblyResolver with searchDirectories C:\Program Files\dotnet\sdk\5.0.302\Extensions,C:\Program Files\dotnet\sdk\5.0.302
TpTrace Verbose: 0 : 11880, 1, 2021/09/10, 23:33:49.334, 490850485408, vstest.console.dll, TestPluginCache.DiscoverTestExtensions: Discovering the extensions using extension path.
TpTrace Verbose: 0 : 11880, 1, 2021/09/10, 23:33:49.334, 490850486367, vstest.console.dll, TestPluginCache.GetExtensionPaths: Filtered extension paths: 
TpTrace Verbose: 0 : 11880, 1, 2021/09/10, 23:33:49.334, 490850486729, vstest.console.dll, TestPluginCache.GetExtensionPaths: Added default extension paths: C:\Program Files\dotnet\sdk\5.0.302\Extensions\Microsoft.Diagnostics.NETCore.Client.dll
C:\Program Files\dotnet\sdk\5.0.302\Extensions\Microsoft.TestPlatform.Extensions.BlameDataCollector.dll
C:\Program Files\dotnet\sdk\5.0.302\Extensions\Microsoft.TestPlatform.Extensions.EventLogCollector.dll
C:\Program Files\dotnet\sdk\5.0.302\Extensions\Microsoft.TestPlatform.TestHostRuntimeProvider.dll
C:\Program Files\dotnet\sdk\5.0.302\Extensions\Microsoft.VisualStudio.TestPlatform.Extensions.Html.TestLogger.dll
C:\Program Files\dotnet\sdk\5.0.302\Extensions\Microsoft.VisualStudio.TestPlatform.Extensions.Trx.TestLogger.dll
TpTrace Verbose: 0 : 11880, 1, 2021/09/10, 23:33:49.334, 490850486977, vstest.console.dll, TestPluginCache.GetExtensionPaths: Added unfilterableExtensionPaths: 
TpTrace Verbose: 0 : 11880, 1, 2021/09/10, 23:33:49.335, 490850487442, vstest.console.dll, TestPluginCache.DiscoverTestExtensions: Discovering the extensions using allExtensionPaths: C:\Program Files\dotnet\sdk\5.0.302\Extensions\Microsoft.Diagnostics.NETCore.Client.dll
C:\Program Files\dotnet\sdk\5.0.302\Extensions\Microsoft.TestPlatform.Extensions.BlameDataCollector.dll
C:\Program Files\dotnet\sdk\5.0.302\Extensions\Microsoft.TestPlatform.Extensions.EventLogCollector.dll
C:\Program Files\dotnet\sdk\5.0.302\Extensions\Microsoft.TestPlatform.TestHostRuntimeProvider.dll
C:\Program Files\dotnet\sdk\5.0.302\Extensions\Microsoft.VisualStudio.TestPlatform.Extensions.Html.TestLogger.dll
C:\Program Files\dotnet\sdk\5.0.302\Extensions\Microsoft.VisualStudio.TestPlatform.Extensions.Trx.TestLogger.dll
TpTrace Information: 0 : 11880, 1, 2021/09/10, 23:33:49.335, 490850488661, vstest.console.dll, AssemblyResolver.AddSearchDirectories: Adding more searchDirectories C:\Program Files\dotnet\sdk\5.0.302\Extensions,C:\Program Files\dotnet\sdk\5.0.302
TpTrace Information: 0 : 11880, 1, 2021/09/10, 23:33:49.335, 490850489616, vstest.console.dll, AssemblyResolver.AddSearchDirectories: Adding more searchDirectories C:\Program Files\dotnet\sdk\5.0.302\Extensions,C:\Program Files\dotnet\sdk\5.0.302
TpTrace Information: 0 : 11880, 1, 2021/09/10, 23:33:49.335, 490850490251, vstest.console.dll, AssemblyResolver.AddSearchDirectories: Adding more searchDirectories C:\Program Files\dotnet\sdk\5.0.302\Extensions,C:\Program Files\dotnet\sdk\5.0.302
TpTrace Information: 0 : 11880, 1, 2021/09/10, 23:33:49.335, 490850490476, vstest.console.dll, AssemblyResolver.AddSearchDirectories: Adding more searchDirectories C:\Program Files\dotnet\sdk\5.0.302\Extensions,C:\Program Files\dotnet\sdk\5.0.302
TpTrace Information: 0 : 11880, 1, 2021/09/10, 23:33:49.335, 490850490723, vstest.console.dll, AssemblyResolver.AddSearchDirectories: Adding more searchDirectories C:\Program Files\dotnet\sdk\5.0.302\Extensions,C:\Program Files\dotnet\sdk\5.0.302
TpTrace Information: 0 : 11880, 1, 2021/09/10, 23:33:49.335, 490850490937, vstest.console.dll, AssemblyResolver.AddSearchDirectories: Adding more searchDirectories C:\Program Files\dotnet\sdk\5.0.302\Extensions,C:\Program Files\dotnet\sdk\5.0.302
TpTrace Information: 0 : 11880, 1, 2021/09/10, 23:33:49.336, 490850497576, vstest.console.dll, AssemblyResolver.OnResolve: Microsoft.Diagnostics.NETCore.Client: Resolving assembly.
TpTrace Information: 0 : 11880, 1, 2021/09/10, 23:33:49.336, 490850499559, vstest.console.dll, AssemblyResolver.OnResolve: Microsoft.Diagnostics.NETCore.Client: Searching in: 'C:\Program Files\dotnet\sdk\5.0.302\Extensions'.
TpTrace Information: 0 : 11880, 1, 2021/09/10, 23:33:49.337, 490850517181, vstest.console.dll, AssemblyResolver.OnResolve: Microsoft.Diagnostics.NETCore.Client: Loading assembly 'C:\Program Files\dotnet\sdk\5.0.302\Extensions\Microsoft.Diagnostics.NETCore.Client.dll'.
TpTrace Information: 0 : 11880, 1, 2021/09/10, 23:33:49.339, 490850527524, vstest.console.dll, AssemblyResolver.OnResolve: Resolved assembly: Microsoft.Diagnostics.NETCore.Client, from path: C:\Program Files\dotnet\sdk\5.0.302\Extensions\Microsoft.Diagnostics.NETCore.Client.dll
TpTrace Information: 0 : 11880, 1, 2021/09/10, 23:33:49.341, 490850554887, vstest.console.dll, AssemblyResolver.OnResolve: Microsoft.Bcl.AsyncInterfaces: Resolving assembly.
TpTrace Information: 0 : 11880, 1, 2021/09/10, 23:33:49.341, 490850555662, vstest.console.dll, AssemblyResolver.OnResolve: Microsoft.Bcl.AsyncInterfaces: Searching in: 'C:\Program Files\dotnet\sdk\5.0.302\Extensions'.
TpTrace Information: 0 : 11880, 1, 2021/09/10, 23:33:49.341, 490850556705, vstest.console.dll, AssemblyResolver.OnResolve: Microsoft.Bcl.AsyncInterfaces: Assembly path does not exist: 'C:\Program Files\dotnet\sdk\5.0.302\Extensions\Microsoft.Bcl.AsyncInterfaces.dll', returning.
TpTrace Information: 0 : 11880, 1, 2021/09/10, 23:33:49.342, 490850557556, vstest.console.dll, AssemblyResolver.OnResolve: Microsoft.Bcl.AsyncInterfaces: Assembly path does not exist: 'C:\Program Files\dotnet\sdk\5.0.302\Extensions\Microsoft.Bcl.AsyncInterfaces.exe', returning.
TpTrace Information: 0 : 11880, 1, 2021/09/10, 23:33:49.342, 490850557864, vstest.console.dll, AssemblyResolver.OnResolve: Microsoft.Bcl.AsyncInterfaces: Searching in: 'C:\Program Files\dotnet\sdk\5.0.302'.
TpTrace Information: 0 : 11880, 1, 2021/09/10, 23:33:49.342, 490850558799, vstest.console.dll, AssemblyResolver.OnResolve: Microsoft.Bcl.AsyncInterfaces: Assembly path does not exist: 'C:\Program Files\dotnet\sdk\5.0.302\Microsoft.Bcl.AsyncInterfaces.dll', returning.
TpTrace Information: 0 : 11880, 1, 2021/09/10, 23:33:49.342, 490850560357, vstest.console.dll, AssemblyResolver.OnResolve: Microsoft.Bcl.AsyncInterfaces: Assembly path does not exist: 'C:\Program Files\dotnet\sdk\5.0.302\Microsoft.Bcl.AsyncInterfaces.exe', returning.
TpTrace Information: 0 : 11880, 1, 2021/09/10, 23:33:49.342, 490850561037, vstest.console.dll, AssemblyResolver.OnResolve: Microsoft.Bcl.AsyncInterfaces: Failed to load assembly.
TpTrace Verbose: 0 : 11880, 1, 2021/09/10, 23:33:49.342, 490850561430, vstest.console.dll, CurrentDomainAssemblyResolve: Resolving assembly 'Microsoft.Bcl.AsyncInterfaces'.
TpTrace Information: 0 : 11880, 1, 2021/09/10, 23:33:49.342, 490850561964, vstest.console.dll, AssemblyResolver.OnResolve: Microsoft.Bcl.AsyncInterfaces: Resolving assembly.
TpTrace Information: 0 : 11880, 1, 2021/09/10, 23:33:49.342, 490850562326, vstest.console.dll, AssemblyResolver.OnResolve: Microsoft.Bcl.AsyncInterfaces: Resolved from cache.
TpTrace Verbose: 0 : 11880, 1, 2021/09/10, 23:33:49.342, 490850562566, vstest.console.dll, CurrentDomainAssemblyResolve: Resolving assembly 'Microsoft.Bcl.AsyncInterfaces'.
TpTrace Verbose: 0 : 11880, 1, 2021/09/10, 23:33:49.342, 490850562841, vstest.console.dll, CurrentDomainAssemblyResolve: Failed to resolve assembly 'Microsoft.Bcl.AsyncInterfaces'.
TpTrace Verbose: 0 : 11880, 1, 2021/09/10, 23:33:49.348, 490850619174, vstest.console.dll, CurrentDomainAssemblyResolve: Failed to resolve assembly 'Microsoft.Bcl.AsyncInterfaces'.
TpTrace Warning: 0 : 11880, 1, 2021/09/10, 23:33:49.371, 490850848672, vstest.console.dll, TestPluginDiscoverer: Failed to get types from assembly 'Microsoft.Diagnostics.NETCore.Client, Version=0.2.2.41902, Culture=neutral, PublicKeyToken=31bf3856ad364e35'.  Skipping test extension scan for this assembly.  Error: System.Reflection.ReflectionTypeLoadException: Unable to load one or more of the requested types.
Could not load file or assembly 'Microsoft.Bcl.AsyncInterfaces, Version=1.0.0.0, Culture=neutral, PublicKeyToken=cc7b13ffcd2ddd51'. 系统找不到指定的文件。
   at System.Reflection.RuntimeModule.GetTypes(RuntimeModule module)
   at System.Reflection.RuntimeModule.GetTypes()
   at System.Reflection.Assembly.GetTypes()
   at Microsoft.VisualStudio.TestPlatform.Common.ExtensionFramework.TestPluginDiscoverer.GetTestExtensionsFromAssembly[TPluginInfo,TExtension](Assembly assembly, Dictionary`2 pluginInfos)
System.IO.FileNotFoundException: Could not load file or assembly 'Microsoft.Bcl.AsyncInterfaces, Version=1.0.0.0, Culture=neutral, PublicKeyToken=cc7b13ffcd2ddd51'. 系统找不到指定的文件。
File name: 'Microsoft.Bcl.AsyncInterfaces, Version=1.0.0.0, Culture=neutral, PublicKeyToken=cc7b13ffcd2ddd51'
TpTrace Warning: 0 : 11880, 1, 2021/09/10, 23:33:49.371, 490850850646, vstest.console.dll, LoaderExceptions: System.IO.FileNotFoundException: Could not load file or assembly 'Microsoft.Bcl.AsyncInterfaces, Version=1.0.0.0, Culture=neutral, PublicKeyToken=cc7b13ffcd2ddd51'. 系统找不到指定的文件。
File name: 'Microsoft.Bcl.AsyncInterfaces, Version=1.0.0.0, Culture=neutral, PublicKeyToken=cc7b13ffcd2ddd51'
TpTrace Information: 0 : 11880, 1, 2021/09/10, 23:33:49.371, 490850852885, vstest.console.dll, AssemblyResolver.OnResolve: Microsoft.TestPlatform.Extensions.BlameDataCollector: Resolving assembly.
TpTrace Information: 0 : 11880, 1, 2021/09/10, 23:33:49.371, 490850853237, vstest.console.dll, AssemblyResolver.OnResolve: Microsoft.TestPlatform.Extensions.BlameDataCollector: Searching in: 'C:\Program Files\dotnet\sdk\5.0.302\Extensions'.
TpTrace Information: 0 : 11880, 1, 2021/09/10, 23:33:49.372, 490850860238, vstest.console.dll, AssemblyResolver.OnResolve: Microsoft.TestPlatform.Extensions.BlameDataCollector: Loading assembly 'C:\Program Files\dotnet\sdk\5.0.302\Extensions\Microsoft.TestPlatform.Extensions.BlameDataCollector.dll'.
TpTrace Information: 0 : 11880, 1, 2021/09/10, 23:33:49.373, 490850867948, vstest.console.dll, AssemblyResolver.OnResolve: Resolved assembly: Microsoft.TestPlatform.Extensions.BlameDataCollector, from path: C:\Program Files\dotnet\sdk\5.0.302\Extensions\Microsoft.TestPlatform.Extensions.BlameDataCollector.dll
TpTrace Information: 0 : 11880, 1, 2021/09/10, 23:33:49.374, 490850877624, vstest.console.dll, AssemblyResolver.OnResolve: Microsoft.TestPlatform.Extensions.EventLogCollector: Resolving assembly.
TpTrace Information: 0 : 11880, 1, 2021/09/10, 23:33:49.374, 490850878159, vstest.console.dll, AssemblyResolver.OnResolve: Microsoft.TestPlatform.Extensions.EventLogCollector: Searching in: 'C:\Program Files\dotnet\sdk\5.0.302\Extensions'.
TpTrace Information: 0 : 11880, 1, 2021/09/10, 23:33:49.374, 490850883892, vstest.console.dll, AssemblyResolver.OnResolve: Microsoft.TestPlatform.Extensions.EventLogCollector: Loading assembly 'C:\Program Files\dotnet\sdk\5.0.302\Extensions\Microsoft.TestPlatform.Extensions.EventLogCollector.dll'.
TpTrace Information: 0 : 11880, 1, 2021/09/10, 23:33:49.375, 490850888197, vstest.console.dll, AssemblyResolver.OnResolve: Resolved assembly: Microsoft.TestPlatform.Extensions.EventLogCollector, from path: C:\Program Files\dotnet\sdk\5.0.302\Extensions\Microsoft.TestPlatform.Extensions.EventLogCollector.dll
TpTrace Information: 0 : 11880, 1, 2021/09/10, 23:33:49.377, 490850909487, vstest.console.dll, AssemblyResolver.OnResolve: Microsoft.TestPlatform.TestHostRuntimeProvider: Resolving assembly.
TpTrace Information: 0 : 11880, 1, 2021/09/10, 23:33:49.377, 490850910302, vstest.console.dll, AssemblyResolver.OnResolve: Microsoft.TestPlatform.TestHostRuntimeProvider: Searching in: 'C:\Program Files\dotnet\sdk\5.0.302\Extensions'.
TpTrace Information: 0 : 11880, 1, 2021/09/10, 23:33:49.378, 490850921548, vstest.console.dll, AssemblyResolver.OnResolve: Microsoft.TestPlatform.TestHostRuntimeProvider: Loading assembly 'C:\Program Files\dotnet\sdk\5.0.302\Extensions\Microsoft.TestPlatform.TestHostRuntimeProvider.dll'.
TpTrace Information: 0 : 11880, 1, 2021/09/10, 23:33:49.378, 490850926629, vstest.console.dll, AssemblyResolver.OnResolve: Resolved assembly: Microsoft.TestPlatform.TestHostRuntimeProvider, from path: C:\Program Files\dotnet\sdk\5.0.302\Extensions\Microsoft.TestPlatform.TestHostRuntimeProvider.dll
TpTrace Information: 0 : 11880, 1, 2021/09/10, 23:33:49.379, 490850936921, vstest.console.dll, AssemblyResolver.OnResolve: Microsoft.VisualStudio.TestPlatform.Extensions.Html.TestLogger: Resolving assembly.
TpTrace Information: 0 : 11880, 1, 2021/09/10, 23:33:49.380, 490850937486, vstest.console.dll, AssemblyResolver.OnResolve: Microsoft.VisualStudio.TestPlatform.Extensions.Html.TestLogger: Searching in: 'C:\Program Files\dotnet\sdk\5.0.302\Extensions'.
TpTrace Information: 0 : 11880, 1, 2021/09/10, 23:33:49.380, 490850942827, vstest.console.dll, AssemblyResolver.OnResolve: Microsoft.VisualStudio.TestPlatform.Extensions.Html.TestLogger: Loading assembly 'C:\Program Files\dotnet\sdk\5.0.302\Extensions\Microsoft.VisualStudio.TestPlatform.Extensions.Html.TestLogger.dll'.
TpTrace Information: 0 : 11880, 1, 2021/09/10, 23:33:49.381, 490850949809, vstest.console.dll, AssemblyResolver.OnResolve: Resolved assembly: Microsoft.VisualStudio.TestPlatform.Extensions.Html.TestLogger, from path: C:\Program Files\dotnet\sdk\5.0.302\Extensions\Microsoft.VisualStudio.TestPlatform.Extensions.Html.TestLogger.dll
TpTrace Information: 0 : 11880, 1, 2021/09/10, 23:33:49.381, 490850952916, vstest.console.dll, AssemblyResolver.OnResolve: Microsoft.VisualStudio.TestPlatform.Extensions.Trx.TestLogger: Resolving assembly.
TpTrace Information: 0 : 11880, 1, 2021/09/10, 23:33:49.381, 490850953797, vstest.console.dll, AssemblyResolver.OnResolve: Microsoft.VisualStudio.TestPlatform.Extensions.Trx.TestLogger: Searching in: 'C:\Program Files\dotnet\sdk\5.0.302\Extensions'.
TpTrace Information: 0 : 11880, 1, 2021/09/10, 23:33:49.382, 490850966690, vstest.console.dll, AssemblyResolver.OnResolve: Microsoft.VisualStudio.TestPlatform.Extensions.Trx.TestLogger: Loading assembly 'C:\Program Files\dotnet\sdk\5.0.302\Extensions\Microsoft.VisualStudio.TestPlatform.Extensions.Trx.TestLogger.dll'.
TpTrace Information: 0 : 11880, 1, 2021/09/10, 23:33:49.383, 490850975305, vstest.console.dll, AssemblyResolver.OnResolve: Resolved assembly: Microsoft.VisualStudio.TestPlatform.Extensions.Trx.TestLogger, from path: C:\Program Files\dotnet\sdk\5.0.302\Extensions\Microsoft.VisualStudio.TestPlatform.Extensions.Trx.TestLogger.dll
TpTrace Verbose: 0 : 11880, 1, 2021/09/10, 23:33:49.384, 490850980501, vstest.console.dll, TestPluginCache: Discovered the extensions using extension path ''.
TpTrace Verbose: 0 : 11880, 1, 2021/09/10, 23:33:49.384, 490850980991, vstest.console.dll, TestPluginCache: Discoverers are ''.
TpTrace Verbose: 0 : 11880, 1, 2021/09/10, 23:33:49.384, 490850981216, vstest.console.dll, TestPluginCache: Executors are ''.
TpTrace Verbose: 0 : 11880, 1, 2021/09/10, 23:33:49.384, 490850981413, vstest.console.dll, TestPluginCache: Executors2 are ''.
TpTrace Verbose: 0 : 11880, 1, 2021/09/10, 23:33:49.384, 490850981603, vstest.console.dll, TestPluginCache: Setting providers are ''.
TpTrace Verbose: 0 : 11880, 1, 2021/09/10, 23:33:49.384, 490850981792, vstest.console.dll, TestPluginCache: Loggers are ''.
TpTrace Information: 0 : 11880, 1, 2021/09/10, 23:33:49.388, 490851021227, vstest.console.dll, RunTestsArgumentProcessor:Execute: Test run is starting.
TpTrace Verbose: 0 : 11880, 1, 2021/09/10, 23:33:49.388, 490851022092, vstest.console.dll, RunTestsArgumentProcessor:Execute: Queuing Test run.
TpTrace Information: 0 : 11880, 1, 2021/09/10, 23:33:49.388, 490851023648, vstest.console.dll, TestRequestManager.RunTests: run tests started.
TpTrace Information: 0 : 11880, 1, 2021/09/10, 23:33:49.391, 490851052662, vstest.console.dll, AssemblyMetadataProvider.GetFrameWork: Determined framework:'.NETFramework,Version=v4.0' for source: 'D:\SoftwareEngineering\individual-project-JiaFeiMiao-K-Cat\ExercisesGenerator\ToolsUnitTest\bin\Debug\net40\fine-code-coverage\build-output\ToolsUnitTest.dll'
TpTrace Information: 0 : 11880, 1, 2021/09/10, 23:33:49.391, 490851054841, vstest.console.dll, Determined framework for all sources: .NETFramework,Version=v4.0
TpTrace Information: 0 : 11880, 1, 2021/09/10, 23:33:49.392, 490851059177, vstest.console.dll, AssemblyMetadataProvider.GetArchitecture: Determined architecture:X64 info for assembly: D:\SoftwareEngineering\individual-project-JiaFeiMiao-K-Cat\ExercisesGenerator\ToolsUnitTest\bin\Debug\net40\fine-code-coverage\build-output\ToolsUnitTest.dll
TpTrace Information: 0 : 11880, 1, 2021/09/10, 23:33:49.394, 490851078368, vstest.console.dll, Determined platform for all sources: X64
TpTrace Information: 0 : 11880, 1, 2021/09/10, 23:33:49.396, 490851099805, vstest.console.dll, Compatible sources list : 
TpTrace Information: 0 : 11880, 1, 2021/09/10, 23:33:49.396, 490851100458, vstest.console.dll, D:\SoftwareEngineering\individual-project-JiaFeiMiao-K-Cat\ExercisesGenerator\ToolsUnitTest\bin\Debug\net40\fine-code-coverage\build-output\ToolsUnitTest.dll
TpTrace Information: 0 : 11880, 1, 2021/09/10, 23:33:49.399, 490851128340, vstest.console.dll, InferRunSettingsHelper.IsTestSettingsEnabled: Unable to navigate to RunSettings/MSTest. Current node: RunSettings
TpTrace Information: 0 : 11880, 1, 2021/09/10, 23:33:49.399, 490851136655, vstest.console.dll, AssemblyResolver.OnResolve: Microsoft.VisualStudio.TestPlatform.Fakes: Resolving assembly.
TpTrace Information: 0 : 11880, 1, 2021/09/10, 23:33:49.400, 490851137293, vstest.console.dll, AssemblyResolver.OnResolve: Microsoft.VisualStudio.TestPlatform.Fakes: Searching in: 'C:\Program Files\dotnet\sdk\5.0.302\Extensions'.
TpTrace Information: 0 : 11880, 1, 2021/09/10, 23:33:49.400, 490851138937, vstest.console.dll, AssemblyResolver.OnResolve: Microsoft.VisualStudio.TestPlatform.Fakes: Assembly path does not exist: 'C:\Program Files\dotnet\sdk\5.0.302\Extensions\Microsoft.VisualStudio.TestPlatform.Fakes.dll', returning.
TpTrace Information: 0 : 11880, 1, 2021/09/10, 23:33:49.400, 490851139897, vstest.console.dll, AssemblyResolver.OnResolve: Microsoft.VisualStudio.TestPlatform.Fakes: Assembly path does not exist: 'C:\Program Files\dotnet\sdk\5.0.302\Extensions\Microsoft.VisualStudio.TestPlatform.Fakes.exe', returning.
TpTrace Information: 0 : 11880, 1, 2021/09/10, 23:33:49.400, 490851140235, vstest.console.dll, AssemblyResolver.OnResolve: Microsoft.VisualStudio.TestPlatform.Fakes: Searching in: 'C:\Program Files\dotnet\sdk\5.0.302'.
TpTrace Information: 0 : 11880, 1, 2021/09/10, 23:33:49.400, 490851141177, vstest.console.dll, AssemblyResolver.OnResolve: Microsoft.VisualStudio.TestPlatform.Fakes: Assembly path does not exist: 'C:\Program Files\dotnet\sdk\5.0.302\Microsoft.VisualStudio.TestPlatform.Fakes.dll', returning.
TpTrace Information: 0 : 11880, 1, 2021/09/10, 23:33:49.400, 490851142030, vstest.console.dll, AssemblyResolver.OnResolve: Microsoft.VisualStudio.TestPlatform.Fakes: Assembly path does not exist: 'C:\Program Files\dotnet\sdk\5.0.302\Microsoft.VisualStudio.TestPlatform.Fakes.exe', returning.
TpTrace Information: 0 : 11880, 1, 2021/09/10, 23:33:49.400, 490851142311, vstest.console.dll, AssemblyResolver.OnResolve: Microsoft.VisualStudio.TestPlatform.Fakes: Failed to load assembly.
TpTrace Information: 0 : 11880, 1, 2021/09/10, 23:33:49.401, 490851149134, vstest.console.dll, Failed to create newly implemented Fakes Configurator. Reason:System.IO.FileNotFoundException: Could not load file or assembly 'Microsoft.VisualStudio.TestPlatform.Fakes, Version=16.0.0.0, Culture=neutral, PublicKeyToken=null'. 系统找不到指定的文件。
File name: 'Microsoft.VisualStudio.TestPlatform.Fakes, Version=16.0.0.0, Culture=neutral, PublicKeyToken=null'
   at System.Reflection.RuntimeAssembly.InternalLoad(ObjectHandleOnStack assemblyName, ObjectHandleOnStack requestingAssembly, StackCrawlMarkHandle stackMark, Boolean throwOnFileNotFound, ObjectHandleOnStack assemblyLoadContext, ObjectHandleOnStack retAssembly)
   at System.Reflection.RuntimeAssembly.InternalLoad(AssemblyName assemblyName, RuntimeAssembly requestingAssembly, StackCrawlMark& stackMark, Boolean throwOnFileNotFound, AssemblyLoadContext assemblyLoadContext)
   at System.Reflection.Assembly.Load(AssemblyName assemblyRef)
   at Microsoft.VisualStudio.TestPlatform.Common.Utilities.FakesUtilities.TryGetFakesCrossPlatformDataCollectorConfigurator() 
TpTrace Verbose: 0 : 11880, 1, 2021/09/10, 23:33:49.404, 490851181894, vstest.console.dll, TestPluginCache.DiscoverTestExtensions: finding test extensions in assemblies ends with: TestLogger.dll TPluginInfo: Microsoft.VisualStudio.TestPlatform.Common.ExtensionFramework.Utilities.TestLoggerPluginInformation TExtension: Microsoft.VisualStudio.TestPlatform.ObjectModel.Client.ITestLogger
TpTrace Verbose: 0 : 11880, 1, 2021/09/10, 23:33:49.404, 490851182673, vstest.console.dll, TestPluginCache.GetExtensionPaths: Filtered extension paths: 
TpTrace Verbose: 0 : 11880, 1, 2021/09/10, 23:33:49.404, 490851182947, vstest.console.dll, TestPluginCache.GetExtensionPaths: Added default extension paths: C:\Program Files\dotnet\sdk\5.0.302\Extensions\Microsoft.Diagnostics.NETCore.Client.dll
C:\Program Files\dotnet\sdk\5.0.302\Extensions\Microsoft.TestPlatform.Extensions.BlameDataCollector.dll
C:\Program Files\dotnet\sdk\5.0.302\Extensions\Microsoft.TestPlatform.Extensions.EventLogCollector.dll
C:\Program Files\dotnet\sdk\5.0.302\Extensions\Microsoft.TestPlatform.TestHostRuntimeProvider.dll
C:\Program Files\dotnet\sdk\5.0.302\Extensions\Microsoft.VisualStudio.TestPlatform.Extensions.Html.TestLogger.dll
C:\Program Files\dotnet\sdk\5.0.302\Extensions\Microsoft.VisualStudio.TestPlatform.Extensions.Trx.TestLogger.dll
TpTrace Verbose: 0 : 11880, 1, 2021/09/10, 23:33:49.404, 490851183234, vstest.console.dll, TestPluginCache.GetExtensionPaths: Added unfilterableExtensionPaths: 
TpTrace Information: 0 : 11880, 1, 2021/09/10, 23:33:49.404, 490851185367, vstest.console.dll, AssemblyResolver.AddSearchDirectories: Adding more searchDirectories C:\Program Files\dotnet\sdk\5.0.302\Extensions,C:\Program Files\dotnet\sdk\5.0.302
TpTrace Verbose: 0 : 11880, 1, 2021/09/10, 23:33:49.404, 490851185831, vstest.console.dll, TestPluginCache.DiscoverTestExtensions: Discovering the extensions using extension path.
TpTrace Verbose: 0 : 11880, 1, 2021/09/10, 23:33:49.404, 490851186518, vstest.console.dll, TestPluginCache.GetExtensionPaths: Filtered extension paths: 
TpTrace Verbose: 0 : 11880, 1, 2021/09/10, 23:33:49.404, 490851186771, vstest.console.dll, TestPluginCache.GetExtensionPaths: Added default extension paths: C:\Program Files\dotnet\sdk\5.0.302\Extensions\Microsoft.Diagnostics.NETCore.Client.dll
C:\Program Files\dotnet\sdk\5.0.302\Extensions\Microsoft.TestPlatform.Extensions.BlameDataCollector.dll
C:\Program Files\dotnet\sdk\5.0.302\Extensions\Microsoft.TestPlatform.Extensions.EventLogCollector.dll
C:\Program Files\dotnet\sdk\5.0.302\Extensions\Microsoft.TestPlatform.TestHostRuntimeProvider.dll
C:\Program Files\dotnet\sdk\5.0.302\Extensions\Microsoft.VisualStudio.TestPlatform.Extensions.Html.TestLogger.dll
C:\Program Files\dotnet\sdk\5.0.302\Extensions\Microsoft.VisualStudio.TestPlatform.Extensions.Trx.TestLogger.dll
TpTrace Verbose: 0 : 11880, 1, 2021/09/10, 23:33:49.404, 490851187026, vstest.console.dll, TestPluginCache.GetExtensionPaths: Added unfilterableExtensionPaths: 
TpTrace Verbose: 0 : 11880, 1, 2021/09/10, 23:33:49.405, 490851187285, vstest.console.dll, TestPluginCache.DiscoverTestExtensions: Discovering the extensions using allExtensionPaths: C:\Program Files\dotnet\sdk\5.0.302\Extensions\Microsoft.Diagnostics.NETCore.Client.dll
C:\Program Files\dotnet\sdk\5.0.302\Extensions\Microsoft.TestPlatform.Extensions.BlameDataCollector.dll
C:\Program Files\dotnet\sdk\5.0.302\Extensions\Microsoft.TestPlatform.Extensions.EventLogCollector.dll
C:\Program Files\dotnet\sdk\5.0.302\Extensions\Microsoft.TestPlatform.TestHostRuntimeProvider.dll
C:\Program Files\dotnet\sdk\5.0.302\Extensions\Microsoft.VisualStudio.TestPlatform.Extensions.Html.TestLogger.dll
C:\Program Files\dotnet\sdk\5.0.302\Extensions\Microsoft.VisualStudio.TestPlatform.Extensions.Trx.TestLogger.dll
TpTrace Information: 0 : 11880, 1, 2021/09/10, 23:33:49.405, 490851187647, vstest.console.dll, AssemblyResolver.AddSearchDirectories: Adding more searchDirectories C:\Program Files\dotnet\sdk\5.0.302\Extensions,C:\Program Files\dotnet\sdk\5.0.302
TpTrace Information: 0 : 11880, 1, 2021/09/10, 23:33:49.405, 490851187899, vstest.console.dll, AssemblyResolver.AddSearchDirectories: Adding more searchDirectories C:\Program Files\dotnet\sdk\5.0.302\Extensions,C:\Program Files\dotnet\sdk\5.0.302
TpTrace Information: 0 : 11880, 1, 2021/09/10, 23:33:49.405, 490851188114, vstest.console.dll, AssemblyResolver.AddSearchDirectories: Adding more searchDirectories C:\Program Files\dotnet\sdk\5.0.302\Extensions,C:\Program Files\dotnet\sdk\5.0.302
TpTrace Information: 0 : 11880, 1, 2021/09/10, 23:33:49.405, 490851188325, vstest.console.dll, AssemblyResolver.AddSearchDirectories: Adding more searchDirectories C:\Program Files\dotnet\sdk\5.0.302\Extensions,C:\Program Files\dotnet\sdk\5.0.302
TpTrace Information: 0 : 11880, 1, 2021/09/10, 23:33:49.405, 490851188568, vstest.console.dll, AssemblyResolver.AddSearchDirectories: Adding more searchDirectories C:\Program Files\dotnet\sdk\5.0.302\Extensions,C:\Program Files\dotnet\sdk\5.0.302
TpTrace Information: 0 : 11880, 1, 2021/09/10, 23:33:49.405, 490851188780, vstest.console.dll, AssemblyResolver.AddSearchDirectories: Adding more searchDirectories C:\Program Files\dotnet\sdk\5.0.302\Extensions,C:\Program Files\dotnet\sdk\5.0.302
TpTrace Information: 0 : 11880, 1, 2021/09/10, 23:33:49.405, 490851190849, vstest.console.dll, AssemblyResolver.OnResolve: Microsoft.Bcl.AsyncInterfaces: Resolving assembly.
TpTrace Information: 0 : 11880, 1, 2021/09/10, 23:33:49.405, 490851191218, vstest.console.dll, AssemblyResolver.OnResolve: Microsoft.Bcl.AsyncInterfaces: Resolved from cache.
TpTrace Verbose: 0 : 11880, 1, 2021/09/10, 23:33:49.405, 490851191466, vstest.console.dll, CurrentDomainAssemblyResolve: Resolving assembly 'Microsoft.Bcl.AsyncInterfaces'.
TpTrace Information: 0 : 11880, 1, 2021/09/10, 23:33:49.405, 490851191843, vstest.console.dll, AssemblyResolver.OnResolve: Microsoft.Bcl.AsyncInterfaces: Resolving assembly.
TpTrace Information: 0 : 11880, 1, 2021/09/10, 23:33:49.405, 490851192069, vstest.console.dll, AssemblyResolver.OnResolve: Microsoft.Bcl.AsyncInterfaces: Resolved from cache.
TpTrace Verbose: 0 : 11880, 1, 2021/09/10, 23:33:49.405, 490851192302, vstest.console.dll, CurrentDomainAssemblyResolve: Resolving assembly 'Microsoft.Bcl.AsyncInterfaces'.
TpTrace Verbose: 0 : 11880, 1, 2021/09/10, 23:33:49.405, 490851192521, vstest.console.dll, CurrentDomainAssemblyResolve: Failed to resolve assembly 'Microsoft.Bcl.AsyncInterfaces'.
TpTrace Verbose: 0 : 11880, 1, 2021/09/10, 23:33:49.405, 490851193681, vstest.console.dll, CurrentDomainAssemblyResolve: Failed to resolve assembly 'Microsoft.Bcl.AsyncInterfaces'.
TpTrace Warning: 0 : 11880, 1, 2021/09/10, 23:33:49.405, 490851196427, vstest.console.dll, TestPluginDiscoverer: Failed to get types from assembly 'Microsoft.Diagnostics.NETCore.Client, Version=0.2.2.41902, Culture=neutral, PublicKeyToken=31bf3856ad364e35'.  Skipping test extension scan for this assembly.  Error: System.Reflection.ReflectionTypeLoadException: Unable to load one or more of the requested types.
Could not load file or assembly 'Microsoft.Bcl.AsyncInterfaces, Version=1.0.0.0, Culture=neutral, PublicKeyToken=cc7b13ffcd2ddd51'. 系统找不到指定的文件。
   at System.Reflection.RuntimeModule.GetTypes(RuntimeModule module)
   at System.Reflection.RuntimeModule.GetTypes()
   at System.Reflection.Assembly.GetTypes()
   at Microsoft.VisualStudio.TestPlatform.Common.ExtensionFramework.TestPluginDiscoverer.GetTestExtensionsFromAssembly[TPluginInfo,TExtension](Assembly assembly, Dictionary`2 pluginInfos)
System.IO.FileNotFoundException: Could not load file or assembly 'Microsoft.Bcl.AsyncInterfaces, Version=1.0.0.0, Culture=neutral, PublicKeyToken=cc7b13ffcd2ddd51'. 系统找不到指定的文件。
File name: 'Microsoft.Bcl.AsyncInterfaces, Version=1.0.0.0, Culture=neutral, PublicKeyToken=cc7b13ffcd2ddd51'
TpTrace Warning: 0 : 11880, 1, 2021/09/10, 23:33:49.405, 490851196842, vstest.console.dll, LoaderExceptions: System.IO.FileNotFoundException: Could not load file or assembly 'Microsoft.Bcl.AsyncInterfaces, Version=1.0.0.0, Culture=neutral, PublicKeyToken=cc7b13ffcd2ddd51'. 系统找不到指定的文件。
File name: 'Microsoft.Bcl.AsyncInterfaces, Version=1.0.0.0, Culture=neutral, PublicKeyToken=cc7b13ffcd2ddd51'
TpTrace Verbose: 0 : 11880, 1, 2021/09/10, 23:33:49.406, 490851199398, vstest.console.dll, TestPluginCache: Discovered the extensions using extension path ''.
TpTrace Verbose: 0 : 11880, 1, 2021/09/10, 23:33:49.406, 490851199741, vstest.console.dll, TestPluginCache: Discoverers are ''.
TpTrace Verbose: 0 : 11880, 1, 2021/09/10, 23:33:49.406, 490851199949, vstest.console.dll, TestPluginCache: Executors are ''.
TpTrace Verbose: 0 : 11880, 1, 2021/09/10, 23:33:49.406, 490851200136, vstest.console.dll, TestPluginCache: Executors2 are ''.
TpTrace Verbose: 0 : 11880, 1, 2021/09/10, 23:33:49.406, 490851200320, vstest.console.dll, TestPluginCache: Setting providers are ''.
TpTrace Verbose: 0 : 11880, 1, 2021/09/10, 23:33:49.406, 490851200831, vstest.console.dll, TestPluginCache: Loggers are 'logger://Microsoft/TestPlatform/Extensions/Blame/v1,logger://Microsoft/TestPlatform/HtmlLogger/v1,logger://Microsoft/TestPlatform/TrxLogger/v1'.
TpTrace Information: 0 : 11880, 1, 2021/09/10, 23:33:49.406, 490851205955, vstest.console.dll, TestPluginManager.CreateTestExtension: Attempting to load test extension: Microsoft.TestPlatform.Extensions.BlameDataCollector.BlameLogger
TpTrace Information: 0 : 11880, 1, 2021/09/10, 23:33:49.414, 490851282833, vstest.console.dll, TestPluginManager.CreateTestExtension: Attempting to load test extension: Microsoft.VisualStudio.TestPlatform.CrossPlatEngine.Hosting.DefaultTestHostManager
TpTrace Verbose: 0 : 11880, 1, 2021/09/10, 23:33:49.415, 490851289226, vstest.console.dll, TestEngine: Initializing Parallel Execution as MaxCpuCount is set to: 1
TpTrace Information: 0 : 11880, 1, 2021/09/10, 23:33:49.415, 490851293786, vstest.console.dll, InferRunSettingsHelper.IsTestSettingsEnabled: Unable to navigate to RunSettings/MSTest. Current node: RunSettings
TpTrace Verbose: 0 : 11880, 1, 2021/09/10, 23:33:49.433, 490851467740, vstest.console.dll, TestRequestSender is acting as server
TpTrace Verbose: 0 : 11880, 1, 2021/09/10, 23:33:49.434, 490851480042, vstest.console.dll, DataCollectionRequestSender.InitializeCommunication : Initialize communication. 
TpTrace Information: 0 : 11880, 1, 2021/09/10, 23:33:49.447, 490851614461, vstest.console.dll, Listening on Endpoint : 127.0.0.1:56529
TpTrace Verbose: 0 : 11880, 1, 2021/09/10, 23:33:49.458, 490851720490, vstest.console.dll, DotnetDataCollectionLauncher: Full path of dotnet.exe is C:\Program Files\dotnet\dotnet.exe
TpTrace Verbose: 0 : 11880, 1, 2021/09/10, 23:33:49.458, 490851724421, vstest.console.dll, DotnetDataCollectionLauncher: Adding  --runtimeconfig "C:\Program Files\dotnet\sdk\5.0.302\datacollector.runtimeconfig.json" in args
TpTrace Verbose: 0 : 11880, 1, 2021/09/10, 23:33:49.458, 490851725773, vstest.console.dll, DotnetDataCollectionLauncher: Adding  --depsfile "C:\Program Files\dotnet\sdk\5.0.302\datacollector.deps.json" in args
TpTrace Information: 0 : 11880, 1, 2021/09/10, 23:33:49.469, 490851836159, vstest.console.dll, ProxyDataCollectionManager.Initialize: Launched datacollector processId: 32380 port: 56529
TpTrace Information: 0 : 11880, 1, 2021/09/10, 23:33:49.470, 490851837918, vstest.console.dll, ProxyDataCollectionManager.Initialize: waiting for connection with timeout: 90 seconds
TpTrace Verbose: 0 : 11880, 1, 2021/09/10, 23:33:49.470, 490851838822, vstest.console.dll, DataCollectionRequestSender.WaitForRequestHandlerConnection : Waiting for connection with timeout: 90000
TpTrace Information: 0 : 11880, 6, 2021/09/10, 23:33:49.625, 490853393563, vstest.console.dll, Using the buffer size of 16384 bytes
TpTrace Information: 0 : 11880, 6, 2021/09/10, 23:33:49.625, 490853394562, vstest.console.dll, Accepted Client request and set the flag
TpTrace Verbose: 0 : 11880, 1, 2021/09/10, 23:33:49.625, 490853394498, vstest.console.dll, ProxyDataCollectionManager.InvokeDataCollectionServiceAction: Starting.
TpTrace Information: 0 : 11880, 1, 2021/09/10, 23:33:49.625, 490853395801, vstest.console.dll, ProxyDataCollectionManager.BeforeTestRunStart: Get environment variable and port for datacollector processId: 32380 port: 56529
TpTrace Verbose: 0 : 11880, 1, 2021/09/10, 23:33:49.625, 490853396752, vstest.console.dll, DataCollectionRequestSender.SendBeforeTestRunStartAndGetResult : Send BeforeTestRunStart message with settingsXml <RunSettings><RunConfiguration><ResultsDirectory>D:\SoftwareEngineering\individual-project-JiaFeiMiao-K-Cat\ExercisesGenerator\ToolsUnitTest\bin\Debug\net40\fine-code-coverage\coverage-tool-output</ResultsDirectory><TargetPlatform>X64</TargetPlatform><TargetFrameworkVersion>.NETFramework,Version=v4.0</TargetFrameworkVersion><DesignMode>False</DesignMode><CollectSourceInformation>False</CollectSourceInformation><TestAdaptersPaths>C:\Program Files\dotnet\sdk\5.0.302\Extensions</TestAdaptersPaths></RunConfiguration><LoggerRunSettings><Loggers><Logger friendlyName="blame" enabled="True" /><Logger friendlyName="Console" uri="logger://microsoft/TestPlatform/ConsoleLogger/v1" assemblyQualifiedName="Microsoft.VisualStudio.TestPlatform.CommandLine.Internal.ConsoleLogger, vstest.console, Version=15.0.0.0, Culture=neutral, PublicKeyToken=b03f5f7f11d50a3a" codeBase="C:\Program Files\dotnet\sdk\5.0.302\vstest.console.dll" enabled="True" /></Loggers></LoggerRunSettings><DataCollectionRunSettings><DataCollectors><DataCollector friendlyName="blame" enabled="True"><Configuration><ResultsDirectory>D:\SoftwareEngineering\individual-project-JiaFeiMiao-K-Cat\ExercisesGenerator\ToolsUnitTest\bin\Debug\net40\fine-code-coverage\coverage-tool-output</ResultsDirectory></Configuration></DataCollector></DataCollectors></DataCollectionRunSettings></RunSettings> and sources System.Linq.Enumerable+Concat2Iterator`1[System.String]: 
TpTrace Verbose: 0 : 11880, 1, 2021/09/10, 23:33:49.694, 490854083995, vstest.console.dll, DataCollectionRequestSender.SendBeforeTestRunStartAndGetResult : Received message: (DataCollection.SendMessage) -> {
  "FriendlyName": null,
  "Uri": null,
  "TestCaseId": "00000000-0000-0000-0000-000000000000",
  "Message": "Logging DataCollector Diagnostics in file: D:\\SoftwareEngineering\\individual-project-JiaFeiMiao-K-Cat\\ExercisesGenerator\\ToolsUnitTest\\bin\\Debug\\net40\\fine-code-coverage\\coverage-tool-output\\diagnostics.datacollector.21-09-10_23-33-49_45335_1.log",
  "Level": 0
}
TpTrace Information: 0 : 11880, 1, 2021/09/10, 23:33:49.699, 490854136022, vstest.console.dll, AssemblyResolver.OnResolve: Microsoft.VisualStudio.TestPlatform.Common.resources: Resolving assembly.
TpTrace Information: 0 : 11880, 1, 2021/09/10, 23:33:49.699, 490854137025, vstest.console.dll, AssemblyResolver.OnResolve: Microsoft.VisualStudio.TestPlatform.Common.resources: Searching in: 'C:\Program Files\dotnet\sdk\5.0.302\Extensions'.
TpTrace Information: 0 : 11880, 1, 2021/09/10, 23:33:49.700, 490854138374, vstest.console.dll, AssemblyResolver.OnResolve: Microsoft.VisualStudio.TestPlatform.Common.resources: Assembly path does not exist: 'C:\Program Files\dotnet\sdk\5.0.302\Extensions\Microsoft.VisualStudio.TestPlatform.Common.resources.dll', returning.
TpTrace Information: 0 : 11880, 1, 2021/09/10, 23:33:49.700, 490854139527, vstest.console.dll, AssemblyResolver.OnResolve: Microsoft.VisualStudio.TestPlatform.Common.resources: Assembly path does not exist: 'C:\Program Files\dotnet\sdk\5.0.302\Extensions\Microsoft.VisualStudio.TestPlatform.Common.resources.exe', returning.
TpTrace Information: 0 : 11880, 1, 2021/09/10, 23:33:49.700, 490854139883, vstest.console.dll, AssemblyResolver.OnResolve: Microsoft.VisualStudio.TestPlatform.Common.resources: Searching in: 'C:\Program Files\dotnet\sdk\5.0.302'.
TpTrace Information: 0 : 11880, 1, 2021/09/10, 23:33:49.700, 490854140847, vstest.console.dll, AssemblyResolver.OnResolve: Microsoft.VisualStudio.TestPlatform.Common.resources: Assembly path does not exist: 'C:\Program Files\dotnet\sdk\5.0.302\Microsoft.VisualStudio.TestPlatform.Common.resources.dll', returning.
TpTrace Information: 0 : 11880, 1, 2021/09/10, 23:33:49.700, 490854141916, vstest.console.dll, AssemblyResolver.OnResolve: Microsoft.VisualStudio.TestPlatform.Common.resources: Assembly path does not exist: 'C:\Program Files\dotnet\sdk\5.0.302\Microsoft.VisualStudio.TestPlatform.Common.resources.exe', returning.
TpTrace Information: 0 : 11880, 1, 2021/09/10, 23:33:49.700, 490854142281, vstest.console.dll, AssemblyResolver.OnResolve: Microsoft.VisualStudio.TestPlatform.Common.resources: Failed to load assembly.
TpTrace Verbose: 0 : 11880, 1, 2021/09/10, 23:33:49.886, 490856001360, vstest.console.dll, DataCollectionRequestSender.SendBeforeTestRunStartAndGetResult : Received message: (DataCollection.BeforeTestRunStartResult) -> {
  "EnvironmentVariables": {},
  "DataCollectionEventsPort": 56531
}
TpTrace Information: 0 : 11880, 1, 2021/09/10, 23:33:49.889, 490856033030, vstest.console.dll, ProxyDataCollectionManager.BeforeTestRunStart: SendBeforeTestRunStartAndGetResult successful, env variable from datacollector:   and testhost port: 56531
TpTrace Information: 0 : 11880, 1, 2021/09/10, 23:33:49.889, 490856033986, vstest.console.dll, ProxyDataCollectionManager.InvokeDataCollectionServiceAction: Completed.
TpTrace Verbose: 0 : 11880, 1, 2021/09/10, 23:33:49.889, 490856034972, vstest.console.dll, TestRunRequest.ExecuteAsync: Creating test run request.
TpTrace Verbose: 0 : 11880, 1, 2021/09/10, 23:33:49.890, 490856037562, vstest.console.dll, TestRunRequest.ExecuteAsync: Starting.
TpTrace Information: 0 : 11880, 1, 2021/09/10, 23:33:49.890, 490856040138, vstest.console.dll, TestRunRequest.ExecuteAsync: Starting run with settings:TestRunCriteria:
   KeepAlive=False,FrequencyOfRunStatsChangeEvent=10,RunStatsChangeEventTimeout=00:00:01.5000000,TestCaseFilter=,TestExecutorLauncher=
   Settingsxml=<RunSettings>
  <RunConfiguration>
    <ResultsDirectory>D:\SoftwareEngineering\individual-project-JiaFeiMiao-K-Cat\ExercisesGenerator\ToolsUnitTest\bin\Debug\net40\fine-code-coverage\coverage-tool-output</ResultsDirectory>
    <TargetPlatform>X64</TargetPlatform>
    <TargetFrameworkVersion>.NETFramework,Version=v4.0</TargetFrameworkVersion>
    <DesignMode>False</DesignMode>
    <CollectSourceInformation>False</CollectSourceInformation>
  </RunConfiguration>
  <LoggerRunSettings>
    <Loggers>
      <Logger friendlyName="blame" enabled="True" />
      <Logger friendlyName="Console" uri="logger://microsoft/TestPlatform/ConsoleLogger/v1" assemblyQualifiedName="Microsoft.VisualStudio.TestPlatform.CommandLine.Internal.ConsoleLogger, vstest.console, Version=15.0.0.0, Culture=neutral, PublicKeyToken=b03f5f7f11d50a3a" codeBase="C:\Program Files\dotnet\sdk\5.0.302\vstest.console.dll" enabled="True" />
    </Loggers>
  </LoggerRunSettings>
  <DataCollectionRunSettings>
    <DataCollectors>
      <DataCollector friendlyName="blame" enabled="True">
        <Configuration>
          <ResultsDirectory>D:\SoftwareEngineering\individual-project-JiaFeiMiao-K-Cat\ExercisesGenerator\ToolsUnitTest\bin\Debug\net40\fine-code-coverage\coverage-tool-output</ResultsDirectory>
        </Configuration>
      </DataCollector>
    </DataCollectors>
  </DataCollectionRunSettings>
</RunSettings>

TpTrace Verbose: 0 : 11880, 1, 2021/09/10, 23:33:49.890, 490856040688, vstest.console.dll, TestRunRequest.ExecuteAsync: Wait for the first run request is over.
TpTrace Verbose: 0 : 11880, 1, 2021/09/10, 23:33:49.890, 490856045289, vstest.console.dll, TestRunRequest:SendTestRunMessage: Starting.
TpTrace Information: 0 : 11880, 1, 2021/09/10, 23:33:49.890, 490856046312, vstest.console.dll, TestRunRequest:SendTestRunMessage: Completed.
TpTrace Verbose: 0 : 11880, 1, 2021/09/10, 23:33:49.891, 490856048776, vstest.console.dll, ProxyExecutionManager: Test host is always Lazy initialize.
TpTrace Verbose: 0 : 11880, 1, 2021/09/10, 23:33:49.891, 490856050800, vstest.console.dll, TestRequestSender.InitializeCommunication: initialize communication. 
TpTrace Information: 0 : 11880, 1, 2021/09/10, 23:33:49.891, 490856055200, vstest.console.dll, SocketServer.Start: Listening on endpoint : 127.0.0.1:56532
TpTrace Verbose: 0 : 11880, 1, 2021/09/10, 23:33:49.896, 490856097359, vstest.console.dll, DefaultTestHostmanager: Full path of TestHost\testhost.exe is C:\Program Files\dotnet\sdk\5.0.302\Extensions\..//TestHost\testhost.exe
TpTrace Verbose: 0 : 11880, 9, 2021/09/10, 23:33:49.896, 490856106371, vstest.console.dll, Launching default test Host Process C:\Program Files\dotnet\sdk\5.0.302\Extensions\..//TestHost\testhost.exe with arguments  --port 56532 --endpoint 127.0.0.1:056532 --role client --parentprocessid 11880 --diag "D:\SoftwareEngineering\individual-project-JiaFeiMiao-K-Cat\ExercisesGenerator\ToolsUnitTest\bin\Debug\net40\fine-code-coverage\coverage-tool-output\diagnostics.host.21-09-10_23-33-49_89207_1.log" --tracelevel 4 --datacollectionport 56531 --telemetryoptedin false
TpTrace Verbose: 0 : 11880, 9, 2021/09/10, 23:33:49.896, 490856107079, vstest.console.dll, DefaultTestHostManager: Starting process 'C:\Program Files\dotnet\sdk\5.0.302\Extensions\..//TestHost\testhost.exe' with command line ' --port 56532 --endpoint 127.0.0.1:056532 --role client --parentprocessid 11880 --diag "D:\SoftwareEngineering\individual-project-JiaFeiMiao-K-Cat\ExercisesGenerator\ToolsUnitTest\bin\Debug\net40\fine-code-coverage\coverage-tool-output\diagnostics.host.21-09-10_23-33-49_89207_1.log" --tracelevel 4 --datacollectionport 56531 --telemetryoptedin false'
TpTrace Verbose: 0 : 11880, 9, 2021/09/10, 23:33:49.914, 490856280510, vstest.console.dll, Test Runtime launched
TpTrace Verbose: 0 : 11880, 1, 2021/09/10, 23:33:49.915, 490856290489, vstest.console.dll, TestRequestSender.WaitForRequestHandlerConnection: waiting for connection with timeout: 90000
TpTrace Verbose: 0 : 11880, 9, 2021/09/10, 23:33:50.044, 490857582100, vstest.console.dll, SocketServer.OnClientConnected: Client connected for endPoint: 127.0.0.1:56532, starting MessageLoopAsync:
TpTrace Verbose: 0 : 11880, 13, 2021/09/10, 23:33:50.044, 490857584499, vstest.console.dll, TcpClientExtensions.MessageLoopAsync: Polling on remoteEndPoint: 127.0.0.1:56533 localEndPoint: 127.0.0.1:56532
TpTrace Verbose: 0 : 11880, 13, 2021/09/10, 23:33:50.230, 490859437986, vstest.console.dll, TcpClientExtensions.MessageLoopAsync: NotifyDataAvailable remoteEndPoint: 127.0.0.1:56533 localEndPoint: 127.0.0.1:56532
TpTrace Verbose: 0 : 11880, 13, 2021/09/10, 23:33:50.230, 490859442288, vstest.console.dll, TestRequestSender.CheckVersionWithTestHost: onMessageReceived received message: (ProtocolVersion) -> 5
TpTrace Verbose: 0 : 11880, 13, 2021/09/10, 23:33:50.230, 490859445910, vstest.console.dll, TcpClientExtensions.MessageLoopAsync: Polling on remoteEndPoint: 127.0.0.1:56533 localEndPoint: 127.0.0.1:56532
TpTrace Verbose: 0 : 11880, 1, 2021/09/10, 23:33:50.231, 490859447782, vstest.console.dll, TestPluginCache.GetExtensionPaths: Filtered extension paths: 
TpTrace Verbose: 0 : 11880, 1, 2021/09/10, 23:33:50.231, 490859448345, vstest.console.dll, TestPluginCache.GetExtensionPaths: Added default extension paths: C:\Program Files\dotnet\sdk\5.0.302\Extensions\Microsoft.Diagnostics.NETCore.Client.dll
C:\Program Files\dotnet\sdk\5.0.302\Extensions\Microsoft.TestPlatform.Extensions.BlameDataCollector.dll
C:\Program Files\dotnet\sdk\5.0.302\Extensions\Microsoft.TestPlatform.Extensions.EventLogCollector.dll
C:\Program Files\dotnet\sdk\5.0.302\Extensions\Microsoft.TestPlatform.TestHostRuntimeProvider.dll
C:\Program Files\dotnet\sdk\5.0.302\Extensions\Microsoft.VisualStudio.TestPlatform.Extensions.Html.TestLogger.dll
C:\Program Files\dotnet\sdk\5.0.302\Extensions\Microsoft.VisualStudio.TestPlatform.Extensions.Trx.TestLogger.dll
TpTrace Verbose: 0 : 11880, 1, 2021/09/10, 23:33:50.231, 490859448670, vstest.console.dll, TestPluginCache.GetExtensionPaths: Added unfilterableExtensionPaths: 
TpTrace Verbose: 0 : 11880, 1, 2021/09/10, 23:33:50.235, 490859488334, vstest.console.dll, TestRequestSender.InitializeExecution: Sending initializing execution with message: {"Version":5,"MessageType":"TestExecution.Initialize","Payload":["C:\\Program Files\\dotnet\\sdk\\5.0.302\\Extensions\\Microsoft.Diagnostics.NETCore.Client.dll","C:\\Program Files\\dotnet\\sdk\\5.0.302\\Extensions\\Microsoft.TestPlatform.Extensions.BlameDataCollector.dll","C:\\Program Files\\dotnet\\sdk\\5.0.302\\Extensions\\Microsoft.TestPlatform.Extensions.EventLogCollector.dll","C:\\Program Files\\dotnet\\sdk\\5.0.302\\Extensions\\Microsoft.TestPlatform.TestHostRuntimeProvider.dll","C:\\Program Files\\dotnet\\sdk\\5.0.302\\Extensions\\Microsoft.VisualStudio.TestPlatform.Extensions.Html.TestLogger.dll","C:\\Program Files\\dotnet\\sdk\\5.0.302\\Extensions\\Microsoft.VisualStudio.TestPlatform.Extensions.Trx.TestLogger.dll","D:\\SoftwareEngineering\\individual-project-JiaFeiMiao-K-Cat\\ExercisesGenerator\\ToolsUnitTest\\bin\\Debug\\net40\\fine-code-coverage\\build-output\\NUnit3.TestAdapter.dll"]}
TpTrace Verbose: 0 : 11880, 1, 2021/09/10, 23:33:50.241, 490859550843, vstest.console.dll, TestRequestSender.StartTestRun: Sending test run with message: {"Version":5,"MessageType":"TestExecution.StartWithSources","Payload":{"AdapterSourceMap":{"_none_":["D:\\SoftwareEngineering\\individual-project-JiaFeiMiao-K-Cat\\ExercisesGenerator\\ToolsUnitTest\\bin\\Debug\\net40\\fine-code-coverage\\build-output\\ToolsUnitTest.dll"]},"RunSettings":"<RunSettings>\r\n  <RunConfiguration>\r\n    <ResultsDirectory>D:\\SoftwareEngineering\\individual-project-JiaFeiMiao-K-Cat\\ExercisesGenerator\\ToolsUnitTest\\bin\\Debug\\net40\\fine-code-coverage\\coverage-tool-output</ResultsDirectory>\r\n    <TargetPlatform>X64</TargetPlatform>\r\n    <TargetFrameworkVersion>.NETFramework,Version=v4.0</TargetFrameworkVersion>\r\n    <DesignMode>False</DesignMode>\r\n    <CollectSourceInformation>False</CollectSourceInformation>\r\n  </RunConfiguration>\r\n  <LoggerRunSettings>\r\n    <Loggers>\r\n      <Logger friendlyName=\"blame\" enabled=\"True\" />\r\n      <Logger friendlyName=\"Console\" uri=\"logger://microsoft/TestPlatform/ConsoleLogger/v1\" assemblyQualifiedName=\"Microsoft.VisualStudio.TestPlatform.CommandLine.Internal.ConsoleLogger, vstest.console, Version=15.0.0.0, Culture=neutral, PublicKeyToken=b03f5f7f11d50a3a\" codeBase=\"C:\\Program Files\\dotnet\\sdk\\5.0.302\\vstest.console.dll\" enabled=\"True\" />\r\n    </Loggers>\r\n  </LoggerRunSettings>\r\n  <DataCollectionRunSettings>\r\n    <DataCollectors>\r\n      <DataCollector friendlyName=\"blame\" enabled=\"True\">\r\n        <Configuration>\r\n          <ResultsDirectory>D:\\SoftwareEngineering\\individual-project-JiaFeiMiao-K-Cat\\ExercisesGenerator\\ToolsUnitTest\\bin\\Debug\\net40\\fine-code-coverage\\coverage-tool-output</ResultsDirectory>\r\n        </Configuration>\r\n      </DataCollector>\r\n    </DataCollectors>\r\n  </DataCollectionRunSettings>\r\n</RunSettings>","TestExecutionContext":{"FrequencyOfRunStatsChangeEvent":10,"RunStatsChangeEventTimeout":"00:00:01.5000000","InIsolation":false,"KeepAlive":false,"AreTestCaseLevelEventsRequired":false,"IsDebug":false,"TestCaseFilter":null,"FilterOptions":null},"Package":null}}
TpTrace Information: 0 : 11880, 1, 2021/09/10, 23:33:50.241, 490859552411, vstest.console.dll, TestRunRequest.ExecuteAsync: Started.
TpTrace Verbose: 0 : 11880, 1, 2021/09/10, 23:33:50.241, 490859553220, vstest.console.dll, TestRunRequest.WaitForCompletion: Waiting with timeout -1.
TpTrace Verbose: 0 : 11880, 13, 2021/09/10, 23:33:50.263, 490859776525, vstest.console.dll, TcpClientExtensions.MessageLoopAsync: NotifyDataAvailable remoteEndPoint: 127.0.0.1:56533 localEndPoint: 127.0.0.1:56532
TpTrace Verbose: 0 : 11880, 13, 2021/09/10, 23:33:50.264, 490859778267, vstest.console.dll, TestRequestSender.OnExecutionMessageReceived: Received message: {"Version":5,"MessageType":"TestSession.Message","Payload":{"MessageLevel":0,"Message":"在文件 D:\\SoftwareEngineering\\individual-project-JiaFeiMiao-K-Cat\\ExercisesGenerator\\ToolsUnitTest\\bin\\Debug\\net40\\fine-code-coverage\\coverage-tool-output\\diagnostics.host.21-09-10_23-33-49_89207_1.log 中记录 TestHost 诊断"}}
TpTrace Verbose: 0 : 11880, 13, 2021/09/10, 23:33:50.266, 490859800915, vstest.console.dll, TestRunRequest:SendTestRunMessage: Starting.
TpTrace Information: 0 : 11880, 13, 2021/09/10, 23:33:50.266, 490859802566, vstest.console.dll, TestRunRequest:SendTestRunMessage: Completed.
TpTrace Verbose: 0 : 11880, 13, 2021/09/10, 23:33:50.266, 490859803132, vstest.console.dll, TcpClientExtensions.MessageLoopAsync: Polling on remoteEndPoint: 127.0.0.1:56533 localEndPoint: 127.0.0.1:56532
TpTrace Verbose: 0 : 11880, 13, 2021/09/10, 23:33:50.575, 490862894706, vstest.console.dll, TcpClientExtensions.MessageLoopAsync: NotifyDataAvailable remoteEndPoint: 127.0.0.1:56533 localEndPoint: 127.0.0.1:56532
TpTrace Verbose: 0 : 11880, 13, 2021/09/10, 23:33:50.575, 490862895764, vstest.console.dll, TestRequestSender.OnExecutionMessageReceived: Received message: {"Version":5,"MessageType":"TestSession.Message","Payload":{"MessageLevel":0,"Message":"NUnit Adapter 3.16.1.0: Test execution started"}}
TpTrace Verbose: 0 : 11880, 13, 2021/09/10, 23:33:50.576, 490862897539, vstest.console.dll, TestRunRequest:SendTestRunMessage: Starting.
TpTrace Information: 0 : 11880, 13, 2021/09/10, 23:33:50.576, 490862898041, vstest.console.dll, TestRunRequest:SendTestRunMessage: Completed.
TpTrace Verbose: 0 : 11880, 13, 2021/09/10, 23:33:50.576, 490862898298, vstest.console.dll, TcpClientExtensions.MessageLoopAsync: Polling on remoteEndPoint: 127.0.0.1:56533 localEndPoint: 127.0.0.1:56532
TpTrace Verbose: 0 : 11880, 13, 2021/09/10, 23:33:50.616, 490863300897, vstest.console.dll, TcpClientExtensions.MessageLoopAsync: NotifyDataAvailable remoteEndPoint: 127.0.0.1:56533 localEndPoint: 127.0.0.1:56532
TpTrace Verbose: 0 : 11880, 13, 2021/09/10, 23:33:50.616, 490863302337, vstest.console.dll, TestRequestSender.OnExecutionMessageReceived: Received message: {"Version":5,"MessageType":"TestSession.Message","Payload":{"MessageLevel":0,"Message":"Running all tests in D:\\SoftwareEngineering\\individual-project-JiaFeiMiao-K-Cat\\ExercisesGenerator\\ToolsUnitTest\\bin\\Debug\\net40\\fine-code-coverage\\build-output\\ToolsUnitTest.dll"}}
TpTrace Verbose: 0 : 11880, 13, 2021/09/10, 23:33:50.616, 490863304059, vstest.console.dll, TestRunRequest:SendTestRunMessage: Starting.
TpTrace Information: 0 : 11880, 13, 2021/09/10, 23:33:50.616, 490863305158, vstest.console.dll, TestRunRequest:SendTestRunMessage: Completed.
TpTrace Verbose: 0 : 11880, 13, 2021/09/10, 23:33:50.616, 490863305575, vstest.console.dll, TcpClientExtensions.MessageLoopAsync: Polling on remoteEndPoint: 127.0.0.1:56533 localEndPoint: 127.0.0.1:56532
TpTrace Verbose: 0 : 11880, 13, 2021/09/10, 23:33:50.932, 490866461478, vstest.console.dll, TcpClientExtensions.MessageLoopAsync: NotifyDataAvailable remoteEndPoint: 127.0.0.1:56533 localEndPoint: 127.0.0.1:56532
TpTrace Verbose: 0 : 11880, 13, 2021/09/10, 23:33:50.932, 490866462877, vstest.console.dll, TestRequestSender.OnExecutionMessageReceived: Received message: {"Version":5,"MessageType":"TestSession.Message","Payload":{"MessageLevel":0,"Message":"   NUnit3TestExecutor converted 5 of 5 NUnit test cases"}}
TpTrace Verbose: 0 : 11880, 13, 2021/09/10, 23:33:50.932, 490866464933, vstest.console.dll, TestRunRequest:SendTestRunMessage: Starting.
TpTrace Information: 0 : 11880, 13, 2021/09/10, 23:33:50.932, 490866466505, vstest.console.dll, TestRunRequest:SendTestRunMessage: Completed.
TpTrace Verbose: 0 : 11880, 13, 2021/09/10, 23:33:50.932, 490866467170, vstest.console.dll, TcpClientExtensions.MessageLoopAsync: Polling on remoteEndPoint: 127.0.0.1:56533 localEndPoint: 127.0.0.1:56532
TpTrace Verbose: 0 : 11880, 13, 2021/09/10, 23:33:51.148, 490868619490, vstest.console.dll, TcpClientExtensions.MessageLoopAsync: NotifyDataAvailable remoteEndPoint: 127.0.0.1:56533 localEndPoint: 127.0.0.1:56532
TpTrace Verbose: 0 : 11880, 13, 2021/09/10, 23:33:51.148, 490868620602, vstest.console.dll, TestRequestSender.OnExecutionMessageReceived: Received message: {"Version":5,"MessageType":"TestSession.Message","Payload":{"MessageLevel":0,"Message":"NUnit Adapter 3.16.1.0: Test execution complete"}}
TpTrace Verbose: 0 : 11880, 13, 2021/09/10, 23:33:51.148, 490868621645, vstest.console.dll, TestRunRequest:SendTestRunMessage: Starting.
TpTrace Information: 0 : 11880, 13, 2021/09/10, 23:33:51.148, 490868622061, vstest.console.dll, TestRunRequest:SendTestRunMessage: Completed.
TpTrace Verbose: 0 : 11880, 13, 2021/09/10, 23:33:51.148, 490868622652, vstest.console.dll, TcpClientExtensions.MessageLoopAsync: Polling on remoteEndPoint: 127.0.0.1:56533 localEndPoint: 127.0.0.1:56532
TpTrace Verbose: 0 : 11880, 13, 2021/09/10, 23:33:51.188, 490869022905, vstest.console.dll, TcpClientExtensions.MessageLoopAsync: NotifyDataAvailable remoteEndPoint: 127.0.0.1:56533 localEndPoint: 127.0.0.1:56532
TpTrace Verbose: 0 : 11880, 13, 2021/09/10, 23:33:51.188, 490869024569, vstest.console.dll, TestRequestSender.OnExecutionMessageReceived: Received message: {"Version":5,"MessageType":"TestExecution.Completed","Payload":{"TestRunCompleteArgs":{"TestRunStatistics":{"ExecutedTests":5,"Stats":{"Passed":5}},"IsCanceled":false,"IsAborted":false,"Error":null,"AttachmentSets":[],"ElapsedTimeInRunningTests":"00:00:00.6023316","Metrics":{}},"LastRunTests":{"NewTestResults":[{"TestCase":{"Id":"d6b6e39c-181d-cc94-0b19-316fa3aa4b56","FullyQualifiedName":"ToolsUnitTest.Tests.TestCalculatePostfix","DisplayName":"TestCalculatePostfix","ExecutorUri":"executor://NUnit3TestExecutor","Source":"D:\\SoftwareEngineering\\individual-project-JiaFeiMiao-K-Cat\\ExercisesGenerator\\ToolsUnitTest\\bin\\Debug\\net40\\fine-code-coverage\\build-output\\ToolsUnitTest.dll","CodeFilePath":null,"LineNumber":0,"Properties":[]},"Attachments":[],"Outcome":1,"ErrorMessage":null,"ErrorStackTrace":null,"DisplayName":"TestCalculatePostfix","Messages":[],"ComputerName":"LAPTOP-LGFH7TT9","Duration":"00:00:00.1000000","StartTime":"2021-09-10T15:33:50.9780051+00:00","EndTime":"2021-09-10T15:33:51.0778646+00:00","Properties":[]},{"TestCase":{"Id":"1618cbab-458a-3213-fc03-8029798a6eb4","FullyQualifiedName":"ToolsUnitTest.Tests.TestInfixToPostfix","DisplayName":"TestInfixToPostfix","ExecutorUri":"executor://NUnit3TestExecutor","Source":"D:\\SoftwareEngineering\\individual-project-JiaFeiMiao-K-Cat\\ExercisesGenerator\\ToolsUnitTest\\bin\\Debug\\net40\\fine-code-coverage\\build-output\\ToolsUnitTest.dll","CodeFilePath":null,"LineNumber":0,"Properties":[]},"Attachments":[],"Outcome":1,"ErrorMessage":null,"ErrorStackTrace":null,"DisplayName":"TestInfixToPostfix","Messages":[],"ComputerName":"LAPTOP-LGFH7TT9","Duration":"00:00:00.0150000","StartTime":"2021-09-10T15:33:51.0803615+00:00","EndTime":"2021-09-10T15:33:51.0955045+00:00","Properties":[]},{"TestCase":{"Id":"cba2f2c8-677f-5e65-85bb-d077f6e33044","FullyQualifiedName":"ToolsUnitTest.Tests.TestListToString","DisplayName":"TestListToString","ExecutorUri":"executor://NUnit3TestExecutor","Source":"D:\\SoftwareEngineering\\individual-project-JiaFeiMiao-K-Cat\\ExercisesGenerator\\ToolsUnitTest\\bin\\Debug\\net40\\fine-code-coverage\\build-output\\ToolsUnitTest.dll","CodeFilePath":null,"LineNumber":0,"Properties":[]},"Attachments":[],"Outcome":1,"ErrorMessage":null,"ErrorStackTrace":null,"DisplayName":"TestListToString","Messages":[],"ComputerName":"LAPTOP-LGFH7TT9","Duration":"00:00:00.0010000","StartTime":"2021-09-10T15:33:51.0955045+00:00","EndTime":"2021-09-10T15:33:51.0964302+00:00","Properties":[]},{"TestCase":{"Id":"b2a2f890-c747-9a68-cab1-6a833f9d0689","FullyQualifiedName":"ToolsUnitTest.Tests.TestQuickPower","DisplayName":"TestQuickPower","ExecutorUri":"executor://NUnit3TestExecutor","Source":"D:\\SoftwareEngineering\\individual-project-JiaFeiMiao-K-Cat\\ExercisesGenerator\\ToolsUnitTest\\bin\\Debug\\net40\\fine-code-coverage\\build-output\\ToolsUnitTest.dll","CodeFilePath":null,"LineNumber":0,"Properties":[]},"Attachments":[],"Outcome":1,"ErrorMessage":null,"ErrorStackTrace":null,"DisplayName":"TestQuickPower","Messages":[],"ComputerName":"LAPTOP-LGFH7TT9","Duration":"00:00:00.0000001","StartTime":"2021-09-10T15:33:51.0964302+00:00","EndTime":"2021-09-10T15:33:51.0974862+00:00","Properties":[]},{"TestCase":{"Id":"635e9e65-ecf9-bed2-7c16-a21257d00f95","FullyQualifiedName":"ToolsUnitTest.Tests.TestStringToList","DisplayName":"TestStringToList","ExecutorUri":"executor://NUnit3TestExecutor","Source":"D:\\SoftwareEngineering\\individual-project-JiaFeiMiao-K-Cat\\ExercisesGenerator\\ToolsUnitTest\\bin\\Debug\\net40\\fine-code-coverage\\build-output\\ToolsUnitTest.dll","CodeFilePath":null,"LineNumber":0,"Properties":[]},"Attachments":[],"Outcome":1,"ErrorMessage":null,"ErrorStackTrace":null,"DisplayName":"TestStringToList","Messages":[],"ComputerName":"LAPTOP-LGFH7TT9","Duration":"00:00:00.0340000","StartTime":"2021-09-10T15:33:51.0974862+00:00","EndTime":"2021-09-10T15:33:51.1306178+00:00","Properties":[]}],"TestRunStatistics":{"ExecutedTests":5,"Stats":{"Passed":5}},"ActiveTests":[]},"RunAttachments":[],"ExecutorUris":["executor://nunit3testexecutor/"]}}
TpTrace Verbose: 0 : 11880, 13, 2021/09/10, 23:33:51.191, 490869051006, vstest.console.dll, TestRequestSender.EndSession: Sending end session.
TpTrace Verbose: 0 : 11880, 13, 2021/09/10, 23:33:51.191, 490869052844, vstest.console.dll, ProxyOperationManager.Close: waiting for test host to exit for 100 ms
TpTrace Warning: 0 : 11880, 11, 2021/09/10, 23:33:51.200, 490869142598, vstest.console.dll, TestHostManagerCallbacks.ErrorReceivedCallback Test host standard error line: 
TpTrace Verbose: 0 : 11880, 6, 2021/09/10, 23:33:51.206, 490869206264, vstest.console.dll, TestHostProvider.ExitCallBack: Host exited starting callback.
TpTrace Information: 0 : 11880, 6, 2021/09/10, 23:33:51.207, 490869211924, vstest.console.dll, TestHostManagerCallbacks.ExitCallBack: Testhost processId: 30872 exited with exitcode: 0 error: ''
TpTrace Verbose: 0 : 11880, 6, 2021/09/10, 23:33:51.207, 490869212869, vstest.console.dll, CrossPlatEngine.TestHostManagerHostExited: calling on client process exit callback.
TpTrace Information: 0 : 11880, 6, 2021/09/10, 23:33:51.207, 490869213336, vstest.console.dll, TestRequestSender.OnClientProcessExit: Test host process exited. Standard error: 
TpTrace Information: 0 : 11880, 6, 2021/09/10, 23:33:51.207, 490869213689, vstest.console.dll, SocketServer.Stop: Stop server endPoint: 127.0.0.1:56532
TpTrace Information: 0 : 11880, 6, 2021/09/10, 23:33:51.207, 490869213968, vstest.console.dll, SocketServer.Stop: Cancellation requested. Stopping message loop.
TpTrace Warning: 0 : 11880, 13, 2021/09/10, 23:33:51.207, 490869213714, vstest.console.dll, ProxyOperationManager: Timed out waiting for test host to exit. Will terminate process.
TpTrace Verbose: 0 : 11880, 13, 2021/09/10, 23:33:51.208, 490869219637, vstest.console.dll, ProxyDataCollectionManager.InvokeDataCollectionServiceAction: Starting.
TpTrace Information: 0 : 11880, 13, 2021/09/10, 23:33:51.208, 490869220431, vstest.console.dll, ProxyDataCollectionManager.AfterTestRunEnd: Get attachment set for datacollector processId: 32380 port: 56529
TpTrace Verbose: 0 : 11880, 13, 2021/09/10, 23:33:51.208, 490869220829, vstest.console.dll, DataCollectionRequestSender.SendAfterTestRunStartAndGetResult : Send AfterTestRunEnd message with isCancelled: False
TpTrace Verbose: 0 : 11880, 13, 2021/09/10, 23:33:51.213, 490869277193, vstest.console.dll, DataCollectionRequestSender.SendAfterTestRunStartAndGetResult : Received message: (DataCollection.AfterTestRunEndResult) -> {
  "AttachmentSets": [],
  "Metrics": {}
}
TpTrace Information: 0 : 11880, 13, 2021/09/10, 23:33:51.217, 490869309258, vstest.console.dll, ProxyDataCollectionManager.InvokeDataCollectionServiceAction: Completed.
TpTrace Warning: 0 : 11880, 8, 2021/09/10, 23:33:51.240, 490869541683, vstest.console.dll, DataCollectionLauncher.ErrorReceivedCallback datacollector standard error line: 
TpTrace Information: 0 : 11880, 6, 2021/09/10, 23:33:51.245, 490869594516, vstest.console.dll, DataCollectionLauncher.ExitCallBack: Data collector exited with exitcode: 0 error: ''
TpTrace Verbose: 0 : 11880, 13, 2021/09/10, 23:33:51.258, 490869720398, vstest.console.dll, TestRunRequest:TestRunComplete: Starting. IsAborted:False IsCanceled:False.
TpTrace Verbose: 0 : 11880, 13, 2021/09/10, 23:33:51.258, 490869721243, vstest.console.dll, TestRequestSender.EndSession: Sending end session.
TpTrace Verbose: 0 : 11880, 13, 2021/09/10, 23:33:51.258, 490869722970, vstest.console.dll, ProxyOperationManager.Close: waiting for test host to exit for 100 ms
TpTrace Warning: 0 : 11880, 13, 2021/09/10, 23:33:51.258, 490869723664, vstest.console.dll, ProxyOperationManager: Timed out waiting for test host to exit. Will terminate process.
TpTrace Information: 0 : 11880, 13, 2021/09/10, 23:33:51.259, 490869728760, vstest.console.dll, AssemblyResolver.OnResolve: System.Diagnostics.Process.resources: Resolving assembly.
TpTrace Information: 0 : 11880, 13, 2021/09/10, 23:33:51.259, 490869729204, vstest.console.dll, AssemblyResolver.OnResolve: System.Diagnostics.Process.resources: Searching in: 'C:\Program Files\dotnet\sdk\5.0.302\Extensions'.
TpTrace Information: 0 : 11880, 13, 2021/09/10, 23:33:51.259, 490869730258, vstest.console.dll, AssemblyResolver.OnResolve: System.Diagnostics.Process.resources: Assembly path does not exist: 'C:\Program Files\dotnet\sdk\5.0.302\Extensions\System.Diagnostics.Process.resources.dll', returning.
TpTrace Information: 0 : 11880, 13, 2021/09/10, 23:33:51.262, 490869761383, vstest.console.dll, AssemblyResolver.OnResolve: System.Diagnostics.Process.resources: Assembly path does not exist: 'C:\Program Files\dotnet\sdk\5.0.302\Extensions\System.Diagnostics.Process.resources.exe', returning.
TpTrace Information: 0 : 11880, 13, 2021/09/10, 23:33:51.262, 490869762805, vstest.console.dll, AssemblyResolver.OnResolve: System.Diagnostics.Process.resources: Searching in: 'C:\Program Files\dotnet\sdk\5.0.302'.
TpTrace Information: 0 : 11880, 13, 2021/09/10, 23:33:51.262, 490869763756, vstest.console.dll, AssemblyResolver.OnResolve: System.Diagnostics.Process.resources: Assembly path does not exist: 'C:\Program Files\dotnet\sdk\5.0.302\System.Diagnostics.Process.resources.dll', returning.
TpTrace Information: 0 : 11880, 13, 2021/09/10, 23:33:51.262, 490869764640, vstest.console.dll, AssemblyResolver.OnResolve: System.Diagnostics.Process.resources: Assembly path does not exist: 'C:\Program Files\dotnet\sdk\5.0.302\System.Diagnostics.Process.resources.exe', returning.
TpTrace Information: 0 : 11880, 13, 2021/09/10, 23:33:51.262, 490869765328, vstest.console.dll, AssemblyResolver.OnResolve: System.Diagnostics.Process.resources: Failed to load assembly.
TpTrace Information: 0 : 11880, 13, 2021/09/10, 23:33:51.263, 490869767653, vstest.console.dll, AssemblyResolver.OnResolve: System.Diagnostics.Process.resources: Resolving assembly.
TpTrace Information: 0 : 11880, 13, 2021/09/10, 23:33:51.263, 490869768030, vstest.console.dll, AssemblyResolver.OnResolve: System.Diagnostics.Process.resources: Resolved from cache.
TpTrace Information: 0 : 11880, 13, 2021/09/10, 23:33:51.263, 490869769810, vstest.console.dll, AssemblyResolver.OnResolve: System.Diagnostics.Process.resources: Resolving assembly.
TpTrace Information: 0 : 11880, 13, 2021/09/10, 23:33:51.263, 490869770080, vstest.console.dll, AssemblyResolver.OnResolve: System.Diagnostics.Process.resources: Resolved from cache.
TpTrace Warning: 0 : 11880, 13, 2021/09/10, 23:33:51.263, 490869771623, vstest.console.dll, TestLoggerManager.HandleTestRunStatsChange: Ignoring as the object is disposed.
TpTrace Verbose: 0 : 11880, 13, 2021/09/10, 23:33:51.263, 490869772343, vstest.console.dll, TestLoggerManager.HandleTestRunComplete: Ignoring as the object is disposed.
TpTrace Information: 0 : 11880, 13, 2021/09/10, 23:33:51.264, 490869780847, vstest.console.dll, TestRunRequest:TestRunComplete: Completed.
TpTrace Verbose: 0 : 11880, 13, 2021/09/10, 23:33:51.264, 490869781681, vstest.console.dll, TestRequestSender.SetOperationComplete: Setting operation complete.
TpTrace Verbose: 0 : 11880, 1, 2021/09/10, 23:33:51.264, 490869781859, vstest.console.dll, TestRunRequest.Dispose: Starting.
TpTrace Information: 0 : 11880, 1, 2021/09/10, 23:33:51.264, 490869782698, vstest.console.dll, TestRunRequest.Dispose: Completed.
TpTrace Information: 0 : 11880, 13, 2021/09/10, 23:33:51.264, 490869781971, vstest.console.dll, SocketServer.Stop: Stop server endPoint: 127.0.0.1:56532
TpTrace Information: 0 : 11880, 1, 2021/09/10, 23:33:51.264, 490869783022, vstest.console.dll, TestRequestManager.RunTests: run tests completed.
TpTrace Information: 0 : 11880, 13, 2021/09/10, 23:33:51.264, 490869783383, vstest.console.dll, SocketServer.Stop: Cancellation requested. Stopping message loop.
TpTrace Information: 0 : 11880, 1, 2021/09/10, 23:33:51.264, 490869783940, vstest.console.dll, RunTestsArgumentProcessor:Execute: Test run is completed.
TpTrace Information: 0 : 11880, 13, 2021/09/10, 23:33:51.264, 490869783961, vstest.console.dll, SocketServer.PrivateStop: Stop server endPoint: 127.0.0.1:56532 error: 
TpTrace Verbose: 0 : 11880, 1, 2021/09/10, 23:33:51.264, 490869785170, vstest.console.dll, Executor.Execute: Exiting with exit code of 0
TpTrace Verbose: 0 : 11880, 13, 2021/09/10, 23:33:51.265, 490869788120, vstest.console.dll, LengthPrefixCommunicationChannel.Dispose: Dispose reader and writer.
TpTrace Information: 0 : 11880, 13, 2021/09/10, 23:33:51.265, 490869788714, vstest.console.dll, SocketServer.Stop: Raise disconnected event endPoint: 127.0.0.1:56532 error: 
TpTrace Verbose: 0 : 11880, 13, 2021/09/10, 23:33:51.265, 490869789245, vstest.console.dll, TestRequestSender: OnTestRunAbort: Operation is already complete. Skip error message.
