<?xml version="1.0" encoding="utf-8"?>
<!DOCTYPE coverage SYSTEM "http://cobertura.sourceforge.net/xml/coverage-04.dtd">
<coverage line-rate="0.9297658862876255" branch-rate="0.7909967845659164" lines-covered="834" lines-valid="897" branches-covered="246" branches-valid="311" complexity="350" version="0" timestamp="1633644937">
  <sources>
    <source>D:\PairCoding\pair-coding-project-a_team\ExercisesGenerator\</source>
    <source>C:\</source>
  </sources>
  <packages>
    <package name="Tools" line-rate="0.8753117206982544" branch-rate="0.8724279835390947" complexity="262">
      <classes>
        <class name="Tools.Expression" filename="D:\PairCoding\pair-coding-project-a_team\ExercisesGenerator\Tools\Expression.cs" line-rate="0.8131313131313131" branch-rate="0.8235294117647058" complexity="154">
          <methods>
            <method name="FillCanUseOperators" signature="()" line-rate="0" branch-rate="0" complexity="8">
              <lines>
                <line number="31" hits="0" branch="false" />
                <line number="32" hits="0" branch="true" condition-coverage="0% (0/2)" />
                <line number="34" hits="0" branch="false" />
                <line number="36" hits="0" branch="true" condition-coverage="0% (0/2)" />
                <line number="38" hits="0" branch="false" />
                <line number="40" hits="0" branch="true" condition-coverage="0% (0/2)" />
                <line number="42" hits="0" branch="false" />
                <line number="44" hits="0" branch="true" condition-coverage="0% (0/2)" />
                <line number="46" hits="0" branch="false" />
                <line number="48" hits="0" branch="false" />
              </lines>
            </method>
            <method name="GetRandomExpression" signature="()" line-rate="0" branch-rate="0" complexity="18">
              <lines>
                <line number="56" hits="0" branch="false" />
                <line number="57" hits="0" branch="false" />
                <line number="59" hits="0" branch="false" />
                <line number="60" hits="0" branch="false" />
                <line number="62" hits="0" branch="true" condition-coverage="0% (0/2)" />
                <line number="64" hits="0" branch="false" />
                <line number="65" hits="0" branch="false" />
                <line number="66" hits="0" branch="true" condition-coverage="0% (0/4)" />
                <line number="68" hits="0" branch="false" />
                <line number="69" hits="0" branch="false" />
                <line number="72" hits="0" branch="true" condition-coverage="0% (0/2)" />
                <line number="74" hits="0" branch="false" />
                <line number="76" hits="0" branch="false" />
                <line number="77" hits="0" branch="true" condition-coverage="0% (0/2)" />
                <line number="79" hits="0" branch="false" />
                <line number="80" hits="0" branch="false" />
                <line number="81" hits="0" branch="true" condition-coverage="0% (0/2)" />
                <line number="84" hits="0" branch="true" condition-coverage="0% (0/2)" />
                <line number="86" hits="0" branch="false" />
                <line number="89" hits="0" branch="false" />
                <line number="90" hits="0" branch="true" condition-coverage="0% (0/2)" />
                <line number="92" hits="0" branch="false" />
                <line number="94" hits="0" branch="false" />
                <line number="95" hits="0" branch="true" condition-coverage="0% (0/2)" />
                <line number="97" hits="0" branch="false" />
                <line number="99" hits="0" branch="false" />
                <line number="102" hits="0" branch="false" />
              </lines>
            </method>
            <method name="StringToExpression" signature="(...)" line-rate="1" branch-rate="0.9827586206896551" complexity="58">
              <lines>
                <line number="112" hits="10" branch="true" condition-coverage="100% (2/2)" />
                <line number="114" hits="1" branch="false" />
                <line number="116" hits="9" branch="false" />
                <line number="118" hits="9" branch="false" />
                <line number="119" hits="234" branch="true" condition-coverage="100% (2/2)" />
                <line number="121" hits="108" branch="true" condition-coverage="100% (2/2)" />
                <line number="123" hits="32" branch="false" />
                <line number="124" hits="32" branch="false" />
                <line number="125" hits="98" branch="true" condition-coverage="100% (4/4)" />
                <line number="127" hits="33" branch="false" />
                <line number="128" hits="33" branch="false" />
                <line number="130" hits="32" branch="false" />
                <line number="131" hits="32" branch="false" />
                <line number="133" hits="76" branch="true" condition-coverage="100% (2/2)" />
                <line number="135" hits="10" branch="false" />
                <line number="136" hits="10" branch="true" condition-coverage="100% (2/2)" />
                <line number="137" hits="10" branch="false" />
                <line number="139" hits="10" branch="false" />
                <line number="140" hits="10" branch="false" />
                <line number="141" hits="10" branch="false" />
                <line number="142" hits="30" branch="true" condition-coverage="100% (4/4)" />
                <line number="144" hits="10" branch="false" />
                <line number="145" hits="10" branch="false" />
                <line number="148" hits="10" branch="false" />
                <line number="149" hits="40" branch="true" condition-coverage="100% (4/4)" />
                <line number="151" hits="10" branch="false" />
                <line number="152" hits="10" branch="false" />
                <line number="155" hits="10" branch="false" />
                <line number="156" hits="10" branch="false" />
                <line number="157" hits="10" branch="false" />
                <line number="158" hits="10" branch="false" />
                <line number="159" hits="10" branch="false" />
                <line number="161" hits="66" branch="true" condition-coverage="100% (2/2)" />
                <line number="163" hits="5" branch="false" />
                <line number="164" hits="20" branch="true" condition-coverage="100% (4/4)" />
                <line number="166" hits="5" branch="false" />
                <line number="167" hits="5" branch="false" />
                <line number="170" hits="5" branch="false" />
                <line number="171" hits="20" branch="true" condition-coverage="100% (4/4)" />
                <line number="173" hits="5" branch="false" />
                <line number="174" hits="5" branch="false" />
                <line number="177" hits="5" branch="false" />
                <line number="178" hits="5" branch="false" />
                <line number="179" hits="5" branch="false" />
                <line number="181" hits="61" branch="true" condition-coverage="100% (4/4)" />
                <line number="183" hits="34" branch="true" condition-coverage="100% (6/6)" />
                <line number="185" hits="10" branch="true" condition-coverage="50% (1/2)" />
                <line number="186" hits="10" branch="false" />
                <line number="187" hits="10" branch="false" />
                <line number="188" hits="50" branch="true" condition-coverage="100% (4/4)" />
                <line number="190" hits="15" branch="false" />
                <line number="191" hits="15" branch="false" />
                <line number="193" hits="10" branch="false" />
                <line number="194" hits="10" branch="false" />
                <line number="195" hits="10" branch="false" />
                <line number="199" hits="24" branch="true" condition-coverage="100% (2/2)" />
                <line number="202" hits="27" branch="true" condition-coverage="100% (4/4)" />
                <line number="204" hits="15" branch="true" condition-coverage="100% (2/2)" />
                <line number="208" hits="12" branch="true" condition-coverage="100% (2/2)" />
                <line number="212" hits="9" branch="false" />
              </lines>
            </method>
            <method name="ExpressionToString" signature="(...)" line-rate="1" branch-rate="1" complexity="6">
              <lines>
                <line number="222" hits="3" branch="true" condition-coverage="100% (4/4)" />
                <line number="224" hits="2" branch="false" />
                <line number="226" hits="1" branch="false" />
                <line number="227" hits="28" branch="true" condition-coverage="100% (2/2)" />
                <line number="229" hits="13" branch="false" />
                <line number="230" hits="13" branch="false" />
                <line number="233" hits="1" branch="false" />
              </lines>
            </method>
            <method name="ExpressionToHTML" signature="(...)" line-rate="1" branch-rate="1" complexity="6">
              <lines>
                <line number="243" hits="3" branch="true" condition-coverage="100% (4/4)" />
                <line number="245" hits="2" branch="false" />
                <line number="247" hits="1" branch="false" />
                <line number="248" hits="28" branch="true" condition-coverage="100% (2/2)" />
                <line number="250" hits="13" branch="false" />
                <line number="251" hits="13" branch="false" />
                <line number="254" hits="1" branch="false" />
              </lines>
            </method>
            <method name="InfixToPostfix" signature="(...)" line-rate="1" branch-rate="1" complexity="22">
              <lines>
                <line number="264" hits="7" branch="true" condition-coverage="100% (4/4)" />
                <line number="266" hits="2" branch="false" />
                <line number="268" hits="5" branch="false" />
                <line number="269" hits="5" branch="false" />
                <line number="270" hits="124" branch="true" condition-coverage="100% (2/2)" />
                <line number="272" hits="57" branch="true" condition-coverage="100% (2/2)" />
                <line number="274" hits="29" branch="true" condition-coverage="100% (2/2)" />
                <line number="276" hits="5" branch="false" />
                <line number="280" hits="24" branch="true" condition-coverage="100% (2/2)" />
                <line number="282" hits="3" branch="false" />
                <line number="284" hits="21" branch="true" condition-coverage="100% (2/2)" />
                <line number="286" hits="6" branch="true" condition-coverage="100% (2/2)" />
                <line number="288" hits="3" branch="false" />
                <line number="290" hits="3" branch="false" />
                <line number="294" hits="31" branch="true" condition-coverage="100% (4/4)" />
                <line number="295" hits="31" branch="false" />
                <line number="297" hits="13" branch="false" />
                <line number="299" hits="18" branch="false" />
                <line number="305" hits="28" branch="false" />
                <line number="308" hits="12" branch="true" condition-coverage="100% (2/2)" />
                <line number="310" hits="7" branch="false" />
                <line number="312" hits="5" branch="false" />
              </lines>
            </method>
            <method name="CalculatePostfix" signature="(...)" line-rate="1" branch-rate="1" complexity="19">
              <lines>
                <line number="327" hits="8" branch="true" condition-coverage="100% (4/4)" />
                <line number="329" hits="2" branch="false" />
                <line number="333" hits="6" branch="false" />
                <line number="334" hits="58" branch="true" condition-coverage="100% (2/2)" />
                <line number="336" hits="25" branch="true" condition-coverage="100% (2/2)" />
                <line number="338" hits="10" branch="true" condition-coverage="100% (2/2)" />
                <line number="340" hits="1" branch="false" />
                <line number="342" hits="9" branch="false" />
                <line number="343" hits="9" branch="false" />
                <line number="345" hits="9" branch="true" condition-coverage="100% (5/5)" />
                <line number="348" hits="3" branch="false" />
                <line number="349" hits="3" branch="false" />
                <line number="351" hits="2" branch="false" />
                <line number="352" hits="2" branch="false" />
                <line number="354" hits="1" branch="false" />
                <line number="355" hits="1" branch="false" />
                <line number="359" hits="2" branch="false" />
                <line number="360" hits="1" branch="false" />
                <line number="361" hits="1" branch="false" />
                <line number="363" hits="1" branch="false" />
                <line number="367" hits="1" branch="false" />
                <line number="369" hits="7" branch="true" condition-coverage="100% (2/2)" />
                <line number="371" hits="1" branch="false" />
                <line number="373" hits="6" branch="false" />
                <line number="377" hits="15" branch="false" />
                <line number="380" hits="2" branch="true" condition-coverage="100% (2/2)" />
                <line number="382" hits="1" branch="false" />
                <line number="386" hits="1" branch="false" />
                <line number="387" hits="1" branch="false" />
                <line number="389" hits="1" branch="false" />
              </lines>
            </method>
            <method name="PostfixToTree" signature="(...)" line-rate="1" branch-rate="1" complexity="16">
              <lines>
                <line number="403" hits="6" branch="true" condition-coverage="100% (4/4)" />
                <line number="405" hits="2" branch="false" />
                <line number="407" hits="4" branch="false" />
                <line number="408" hits="74" branch="true" condition-coverage="100% (2/2)" />
                <line number="410" hits="33" branch="true" condition-coverage="100% (2/2)" />
                <line number="412" hits="14" branch="true" condition-coverage="100% (4/4)" />
                <line number="414" hits="12" branch="false" />
                <line number="415" hits="12" branch="false" />
                <line number="416" hits="12" branch="false" />
                <line number="417" hits="12" branch="true" condition-coverage="100% (2/2)" />
                <line number="419" hits="6" branch="false" />
                <line number="420" hits="6" branch="false" />
                <line number="424" hits="6" branch="false" />
                <line number="425" hits="6" branch="false" />
                <line number="427" hits="12" branch="false" />
                <line number="431" hits="2" branch="false" />
                <line number="432" hits="2" branch="false" />
                <line number="433" hits="2" branch="false" />
                <line number="434" hits="2" branch="false" />
                <line number="435" hits="2" branch="false" />
                <line number="436" hits="2" branch="false" />
                <line number="441" hits="19" branch="false" />
                <line number="442" hits="19" branch="false" />
                <line number="445" hits="4" branch="true" condition-coverage="100% (2/2)" />
                <line number="447" hits="1" branch="false" />
                <line number="450" hits="3" branch="false" />
              </lines>
            </method>
            <method name=".cctor" signature="()" line-rate="1" branch-rate="1" complexity="1">
              <lines>
                <line number="13" hits="1" branch="false" />
                <line number="14" hits="1" branch="false" />
                <line number="15" hits="1" branch="false" />
                <line number="16" hits="1" branch="false" />
                <line number="17" hits="1" branch="false" />
                <line number="18" hits="1" branch="false" />
                <line number="19" hits="1" branch="false" />
                <line number="20" hits="1" branch="false" />
                <line number="24" hits="1" branch="false" />
              </lines>
            </method>
          </methods>
          <lines>
            <line number="13" hits="1" branch="false" />
            <line number="14" hits="1" branch="false" />
            <line number="15" hits="1" branch="false" />
            <line number="16" hits="1" branch="false" />
            <line number="17" hits="1" branch="false" />
            <line number="18" hits="1" branch="false" />
            <line number="19" hits="1" branch="false" />
            <line number="20" hits="1" branch="false" />
            <line number="24" hits="1" branch="false" />
            <line number="31" hits="0" branch="false" />
            <line number="32" hits="0" branch="true" condition-coverage="0% (0/2)" />
            <line number="34" hits="0" branch="false" />
            <line number="36" hits="0" branch="true" condition-coverage="0% (0/2)" />
            <line number="38" hits="0" branch="false" />
            <line number="40" hits="0" branch="true" condition-coverage="0% (0/2)" />
            <line number="42" hits="0" branch="false" />
            <line number="44" hits="0" branch="true" condition-coverage="0% (0/2)" />
            <line number="46" hits="0" branch="false" />
            <line number="48" hits="0" branch="false" />
            <line number="56" hits="0" branch="false" />
            <line number="57" hits="0" branch="false" />
            <line number="59" hits="0" branch="false" />
            <line number="60" hits="0" branch="false" />
            <line number="62" hits="0" branch="true" condition-coverage="0% (0/2)" />
            <line number="64" hits="0" branch="false" />
            <line number="65" hits="0" branch="false" />
            <line number="66" hits="0" branch="true" condition-coverage="0% (0/4)" />
            <line number="68" hits="0" branch="false" />
            <line number="69" hits="0" branch="false" />
            <line number="72" hits="0" branch="true" condition-coverage="0% (0/2)" />
            <line number="74" hits="0" branch="false" />
            <line number="76" hits="0" branch="false" />
            <line number="77" hits="0" branch="true" condition-coverage="0% (0/2)" />
            <line number="79" hits="0" branch="false" />
            <line number="80" hits="0" branch="false" />
            <line number="81" hits="0" branch="true" condition-coverage="0% (0/2)" />
            <line number="84" hits="0" branch="true" condition-coverage="0% (0/2)" />
            <line number="86" hits="0" branch="false" />
            <line number="89" hits="0" branch="false" />
            <line number="90" hits="0" branch="true" condition-coverage="0% (0/2)" />
            <line number="92" hits="0" branch="false" />
            <line number="94" hits="0" branch="false" />
            <line number="95" hits="0" branch="true" condition-coverage="0% (0/2)" />
            <line number="97" hits="0" branch="false" />
            <line number="99" hits="0" branch="false" />
            <line number="102" hits="0" branch="false" />
            <line number="112" hits="10" branch="true" condition-coverage="100% (2/2)" />
            <line number="114" hits="1" branch="false" />
            <line number="116" hits="9" branch="false" />
            <line number="118" hits="9" branch="false" />
            <line number="119" hits="234" branch="true" condition-coverage="100% (2/2)" />
            <line number="121" hits="108" branch="true" condition-coverage="100% (2/2)" />
            <line number="123" hits="32" branch="false" />
            <line number="124" hits="32" branch="false" />
            <line number="125" hits="98" branch="true" condition-coverage="100% (4/4)" />
            <line number="127" hits="33" branch="false" />
            <line number="128" hits="33" branch="false" />
            <line number="130" hits="32" branch="false" />
            <line number="131" hits="32" branch="false" />
            <line number="133" hits="76" branch="true" condition-coverage="100% (2/2)" />
            <line number="135" hits="10" branch="false" />
            <line number="136" hits="10" branch="true" condition-coverage="100% (2/2)" />
            <line number="137" hits="10" branch="false" />
            <line number="139" hits="10" branch="false" />
            <line number="140" hits="10" branch="false" />
            <line number="141" hits="10" branch="false" />
            <line number="142" hits="30" branch="true" condition-coverage="100% (4/4)" />
            <line number="144" hits="10" branch="false" />
            <line number="145" hits="10" branch="false" />
            <line number="148" hits="10" branch="false" />
            <line number="149" hits="40" branch="true" condition-coverage="100% (4/4)" />
            <line number="151" hits="10" branch="false" />
            <line number="152" hits="10" branch="false" />
            <line number="155" hits="10" branch="false" />
            <line number="156" hits="10" branch="false" />
            <line number="157" hits="10" branch="false" />
            <line number="158" hits="10" branch="false" />
            <line number="159" hits="10" branch="false" />
            <line number="161" hits="66" branch="true" condition-coverage="100% (2/2)" />
            <line number="163" hits="5" branch="false" />
            <line number="164" hits="20" branch="true" condition-coverage="100% (4/4)" />
            <line number="166" hits="5" branch="false" />
            <line number="167" hits="5" branch="false" />
            <line number="170" hits="5" branch="false" />
            <line number="171" hits="20" branch="true" condition-coverage="100% (4/4)" />
            <line number="173" hits="5" branch="false" />
            <line number="174" hits="5" branch="false" />
            <line number="177" hits="5" branch="false" />
            <line number="178" hits="5" branch="false" />
            <line number="179" hits="5" branch="false" />
            <line number="181" hits="61" branch="true" condition-coverage="100% (4/4)" />
            <line number="183" hits="34" branch="true" condition-coverage="100% (6/6)" />
            <line number="185" hits="10" branch="true" condition-coverage="50% (1/2)" />
            <line number="186" hits="10" branch="false" />
            <line number="187" hits="10" branch="false" />
            <line number="188" hits="50" branch="true" condition-coverage="100% (4/4)" />
            <line number="190" hits="15" branch="false" />
            <line number="191" hits="15" branch="false" />
            <line number="193" hits="10" branch="false" />
            <line number="194" hits="10" branch="false" />
            <line number="195" hits="10" branch="false" />
            <line number="199" hits="24" branch="true" condition-coverage="100% (2/2)" />
            <line number="202" hits="27" branch="true" condition-coverage="100% (4/4)" />
            <line number="204" hits="15" branch="true" condition-coverage="100% (2/2)" />
            <line number="208" hits="12" branch="true" condition-coverage="100% (2/2)" />
            <line number="212" hits="9" branch="false" />
            <line number="222" hits="3" branch="true" condition-coverage="100% (4/4)" />
            <line number="224" hits="2" branch="false" />
            <line number="226" hits="1" branch="false" />
            <line number="227" hits="28" branch="true" condition-coverage="100% (2/2)" />
            <line number="229" hits="13" branch="false" />
            <line number="230" hits="13" branch="false" />
            <line number="233" hits="1" branch="false" />
            <line number="243" hits="3" branch="true" condition-coverage="100% (4/4)" />
            <line number="245" hits="2" branch="false" />
            <line number="247" hits="1" branch="false" />
            <line number="248" hits="28" branch="true" condition-coverage="100% (2/2)" />
            <line number="250" hits="13" branch="false" />
            <line number="251" hits="13" branch="false" />
            <line number="254" hits="1" branch="false" />
            <line number="264" hits="7" branch="true" condition-coverage="100% (4/4)" />
            <line number="266" hits="2" branch="false" />
            <line number="268" hits="5" branch="false" />
            <line number="269" hits="5" branch="false" />
            <line number="270" hits="124" branch="true" condition-coverage="100% (2/2)" />
            <line number="272" hits="57" branch="true" condition-coverage="100% (2/2)" />
            <line number="274" hits="29" branch="true" condition-coverage="100% (2/2)" />
            <line number="276" hits="5" branch="false" />
            <line number="280" hits="24" branch="true" condition-coverage="100% (2/2)" />
            <line number="282" hits="3" branch="false" />
            <line number="284" hits="21" branch="true" condition-coverage="100% (2/2)" />
            <line number="286" hits="6" branch="true" condition-coverage="100% (2/2)" />
            <line number="288" hits="3" branch="false" />
            <line number="290" hits="3" branch="false" />
            <line number="294" hits="31" branch="true" condition-coverage="100% (4/4)" />
            <line number="295" hits="31" branch="false" />
            <line number="297" hits="13" branch="false" />
            <line number="299" hits="18" branch="false" />
            <line number="305" hits="28" branch="false" />
            <line number="308" hits="12" branch="true" condition-coverage="100% (2/2)" />
            <line number="310" hits="7" branch="false" />
            <line number="312" hits="5" branch="false" />
            <line number="327" hits="8" branch="true" condition-coverage="100% (4/4)" />
            <line number="329" hits="2" branch="false" />
            <line number="333" hits="6" branch="false" />
            <line number="334" hits="58" branch="true" condition-coverage="100% (2/2)" />
            <line number="336" hits="25" branch="true" condition-coverage="100% (2/2)" />
            <line number="338" hits="10" branch="true" condition-coverage="100% (2/2)" />
            <line number="340" hits="1" branch="false" />
            <line number="342" hits="9" branch="false" />
            <line number="343" hits="9" branch="false" />
            <line number="345" hits="9" branch="true" condition-coverage="100% (5/5)" />
            <line number="348" hits="3" branch="false" />
            <line number="349" hits="3" branch="false" />
            <line number="351" hits="2" branch="false" />
            <line number="352" hits="2" branch="false" />
            <line number="354" hits="1" branch="false" />
            <line number="355" hits="1" branch="false" />
            <line number="359" hits="2" branch="false" />
            <line number="360" hits="1" branch="false" />
            <line number="361" hits="1" branch="false" />
            <line number="363" hits="1" branch="false" />
            <line number="367" hits="1" branch="false" />
            <line number="369" hits="7" branch="true" condition-coverage="100% (2/2)" />
            <line number="371" hits="1" branch="false" />
            <line number="373" hits="6" branch="false" />
            <line number="377" hits="15" branch="false" />
            <line number="380" hits="2" branch="true" condition-coverage="100% (2/2)" />
            <line number="382" hits="1" branch="false" />
            <line number="386" hits="1" branch="false" />
            <line number="387" hits="1" branch="false" />
            <line number="389" hits="1" branch="false" />
            <line number="403" hits="6" branch="true" condition-coverage="100% (4/4)" />
            <line number="405" hits="2" branch="false" />
            <line number="407" hits="4" branch="false" />
            <line number="408" hits="74" branch="true" condition-coverage="100% (2/2)" />
            <line number="410" hits="33" branch="true" condition-coverage="100% (2/2)" />
            <line number="412" hits="14" branch="true" condition-coverage="100% (4/4)" />
            <line number="414" hits="12" branch="false" />
            <line number="415" hits="12" branch="false" />
            <line number="416" hits="12" branch="false" />
            <line number="417" hits="12" branch="true" condition-coverage="100% (2/2)" />
            <line number="419" hits="6" branch="false" />
            <line number="420" hits="6" branch="false" />
            <line number="424" hits="6" branch="false" />
            <line number="425" hits="6" branch="false" />
            <line number="427" hits="12" branch="false" />
            <line number="431" hits="2" branch="false" />
            <line number="432" hits="2" branch="false" />
            <line number="433" hits="2" branch="false" />
            <line number="434" hits="2" branch="false" />
            <line number="435" hits="2" branch="false" />
            <line number="436" hits="2" branch="false" />
            <line number="441" hits="19" branch="false" />
            <line number="442" hits="19" branch="false" />
            <line number="445" hits="4" branch="true" condition-coverage="100% (2/2)" />
            <line number="447" hits="1" branch="false" />
            <line number="450" hits="3" branch="false" />
          </lines>
        </class>
        <class name="Tools.Fraction" filename="D:\PairCoding\pair-coding-project-a_team\ExercisesGenerator\Tools\Fraction.cs" line-rate="0.9295774647887324" branch-rate="1" complexity="27">
          <methods>
            <method name="GCD" signature="(...)" line-rate="1" branch-rate="1" complexity="2">
              <lines>
                <line number="33" hits="407" branch="true" condition-coverage="100% (2/2)" />
                <line number="34" hits="407" branch="false" />
              </lines>
            </method>
            <method name="Reduce" signature="()" line-rate="1" branch-rate="1" complexity="4">
              <lines>
                <line number="42" hits="122" branch="true" condition-coverage="100% (2/2)" />
                <line number="44" hits="9" branch="false" />
                <line number="46" hits="9" branch="false" />
                <line number="48" hits="113" branch="false" />
                <line number="49" hits="113" branch="false" />
                <line number="50" hits="113" branch="false" />
                <line number="51" hits="113" branch="true" condition-coverage="100% (2/2)" />
                <line number="53" hits="24" branch="false" />
                <line number="54" hits="24" branch="false" />
                <line number="56" hits="113" branch="false" />
              </lines>
            </method>
            <method name="op_Addition" signature="(...)" line-rate="1" branch-rate="1" complexity="1">
              <lines>
                <line number="60" hits="10" branch="false" />
                <line number="61" hits="10" branch="false" />
                <line number="62" hits="10" branch="false" />
                <line number="63" hits="10" branch="false" />
                <line number="64" hits="10" branch="false" />
                <line number="66" hits="10" branch="false" />
              </lines>
            </method>
            <method name="op_Subtraction" signature="(...)" line-rate="1" branch-rate="1" complexity="1">
              <lines>
                <line number="71" hits="10" branch="false" />
                <line number="72" hits="10" branch="false" />
                <line number="73" hits="10" branch="false" />
                <line number="74" hits="10" branch="false" />
                <line number="75" hits="10" branch="false" />
                <line number="77" hits="10" branch="false" />
              </lines>
            </method>
            <method name="op_Multiply" signature="(...)" line-rate="1" branch-rate="1" complexity="1">
              <lines>
                <line number="82" hits="9" branch="false" />
                <line number="83" hits="9" branch="false" />
                <line number="84" hits="9" branch="false" />
                <line number="85" hits="9" branch="false" />
                <line number="87" hits="9" branch="false" />
              </lines>
            </method>
            <method name="op_Division" signature="(...)" line-rate="1" branch-rate="1" complexity="2">
              <lines>
                <line number="99" hits="9" branch="true" condition-coverage="100% (2/2)" />
                <line number="101" hits="3" branch="false" />
                <line number="103" hits="6" branch="false" />
                <line number="104" hits="6" branch="false" />
                <line number="105" hits="6" branch="false" />
                <line number="106" hits="6" branch="false" />
                <line number="108" hits="6" branch="false" />
              </lines>
            </method>
            <method name="GetRandomFraction" signature="()" line-rate="0" branch-rate="1" complexity="1">
              <lines>
                <line number="117" hits="0" branch="false" />
                <line number="118" hits="0" branch="false" />
                <line number="119" hits="0" branch="false" />
                <line number="121" hits="0" branch="false" />
              </lines>
            </method>
            <method name="ToString" signature="()" line-rate="1" branch-rate="1" complexity="6">
              <lines>
                <line number="126" hits="9" branch="false" />
                <line number="127" hits="9" branch="true" condition-coverage="100% (2/2)" />
                <line number="129" hits="6" branch="false" />
                <line number="130" hits="6" branch="false" />
                <line number="131" hits="6" branch="true" condition-coverage="100% (2/2)" />
                <line number="133" hits="2" branch="false" />
                <line number="136" hits="6" branch="false" />
                <line number="138" hits="3" branch="true" condition-coverage="100% (2/2)" />
                <line number="140" hits="2" branch="false" />
                <line number="144" hits="1" branch="false" />
              </lines>
            </method>
            <method name="ToHTML" signature="()" line-rate="1" branch-rate="1" complexity="6">
              <lines>
                <line number="154" hits="8" branch="false" />
                <line number="155" hits="8" branch="true" condition-coverage="100% (2/2)" />
                <line number="157" hits="5" branch="false" />
                <line number="158" hits="5" branch="false" />
                <line number="159" hits="5" branch="true" condition-coverage="100% (2/2)" />
                <line number="161" hits="2" branch="false" />
                <line number="164" hits="5" branch="false" />
                <line number="165" hits="5" branch="false" />
                <line number="167" hits="3" branch="true" condition-coverage="100% (2/2)" />
                <line number="169" hits="2" branch="false" />
                <line number="170" hits="2" branch="false" />
                <line number="174" hits="1" branch="false" />
              </lines>
            </method>
            <method name=".ctor" signature="()" line-rate="1" branch-rate="1" complexity="1">
              <lines>
                <line number="13" hits="28" branch="false" />
                <line number="15" hits="28" branch="false" />
                <line number="16" hits="28" branch="false" />
                <line number="17" hits="28" branch="false" />
              </lines>
            </method>
            <method name=".ctor" signature="(...)" line-rate="1" branch-rate="1" complexity="1">
              <lines>
                <line number="19" hits="191" branch="false" />
                <line number="21" hits="191" branch="false" />
                <line number="22" hits="191" branch="false" />
                <line number="23" hits="191" branch="false" />
              </lines>
            </method>
            <method name=".cctor" signature="()" line-rate="0" branch-rate="1" complexity="1">
              <lines>
                <line number="11" hits="0" branch="false" />
              </lines>
            </method>
          </methods>
          <lines>
            <line number="11" hits="0" branch="false" />
            <line number="13" hits="28" branch="false" />
            <line number="15" hits="28" branch="false" />
            <line number="16" hits="28" branch="false" />
            <line number="17" hits="28" branch="false" />
            <line number="19" hits="191" branch="false" />
            <line number="21" hits="191" branch="false" />
            <line number="22" hits="191" branch="false" />
            <line number="23" hits="191" branch="false" />
            <line number="33" hits="407" branch="true" condition-coverage="100% (2/2)" />
            <line number="34" hits="407" branch="false" />
            <line number="42" hits="122" branch="true" condition-coverage="100% (2/2)" />
            <line number="44" hits="9" branch="false" />
            <line number="46" hits="9" branch="false" />
            <line number="48" hits="113" branch="false" />
            <line number="49" hits="113" branch="false" />
            <line number="50" hits="113" branch="false" />
            <line number="51" hits="113" branch="true" condition-coverage="100% (2/2)" />
            <line number="53" hits="24" branch="false" />
            <line number="54" hits="24" branch="false" />
            <line number="56" hits="113" branch="false" />
            <line number="60" hits="10" branch="false" />
            <line number="61" hits="10" branch="false" />
            <line number="62" hits="10" branch="false" />
            <line number="63" hits="10" branch="false" />
            <line number="64" hits="10" branch="false" />
            <line number="66" hits="10" branch="false" />
            <line number="71" hits="10" branch="false" />
            <line number="72" hits="10" branch="false" />
            <line number="73" hits="10" branch="false" />
            <line number="74" hits="10" branch="false" />
            <line number="75" hits="10" branch="false" />
            <line number="77" hits="10" branch="false" />
            <line number="82" hits="9" branch="false" />
            <line number="83" hits="9" branch="false" />
            <line number="84" hits="9" branch="false" />
            <line number="85" hits="9" branch="false" />
            <line number="87" hits="9" branch="false" />
            <line number="99" hits="9" branch="true" condition-coverage="100% (2/2)" />
            <line number="101" hits="3" branch="false" />
            <line number="103" hits="6" branch="false" />
            <line number="104" hits="6" branch="false" />
            <line number="105" hits="6" branch="false" />
            <line number="106" hits="6" branch="false" />
            <line number="108" hits="6" branch="false" />
            <line number="117" hits="0" branch="false" />
            <line number="118" hits="0" branch="false" />
            <line number="119" hits="0" branch="false" />
            <line number="121" hits="0" branch="false" />
            <line number="126" hits="9" branch="false" />
            <line number="127" hits="9" branch="true" condition-coverage="100% (2/2)" />
            <line number="129" hits="6" branch="false" />
            <line number="130" hits="6" branch="false" />
            <line number="131" hits="6" branch="true" condition-coverage="100% (2/2)" />
            <line number="133" hits="2" branch="false" />
            <line number="136" hits="6" branch="false" />
            <line number="138" hits="3" branch="true" condition-coverage="100% (2/2)" />
            <line number="140" hits="2" branch="false" />
            <line number="144" hits="1" branch="false" />
            <line number="154" hits="8" branch="false" />
            <line number="155" hits="8" branch="true" condition-coverage="100% (2/2)" />
            <line number="157" hits="5" branch="false" />
            <line number="158" hits="5" branch="false" />
            <line number="159" hits="5" branch="true" condition-coverage="100% (2/2)" />
            <line number="161" hits="2" branch="false" />
            <line number="164" hits="5" branch="false" />
            <line number="165" hits="5" branch="false" />
            <line number="167" hits="3" branch="true" condition-coverage="100% (2/2)" />
            <line number="169" hits="2" branch="false" />
            <line number="170" hits="2" branch="false" />
            <line number="174" hits="1" branch="false" />
          </lines>
        </class>
        <class name="Tools.Node" filename="D:\PairCoding\pair-coding-project-a_team\ExercisesGenerator\Tools\Node.cs" line-rate="1" branch-rate="1" complexity="26">
          <methods>
            <method name="ToString" signature="()" line-rate="1" branch-rate="1" complexity="4">
              <lines>
                <line number="37" hits="43" branch="true" condition-coverage="100% (4/4)" />
                <line number="38" hits="43" branch="false" />
                <line number="39" hits="43" branch="false" />
              </lines>
            </method>
            <method name="CompareTo" signature="(...)" line-rate="1" branch-rate="1" complexity="20">
              <lines>
                <line number="49" hits="18" branch="true" condition-coverage="100% (2/2)" />
                <line number="51" hits="1" branch="false" />
                <line number="53" hits="17" branch="true" condition-coverage="100% (2/2)" />
                <line number="55" hits="6" branch="false" />
                <line number="56" hits="6" branch="false" />
                <line number="57" hits="6" branch="false" />
                <line number="58" hits="6" branch="false" />
                <line number="59" hits="17" branch="true" condition-coverage="100% (4/4)" />
                <line number="61" hits="13" branch="false" />
                <line number="62" hits="13" branch="true" condition-coverage="100% (2/2)" />
                <line number="64" hits="6" branch="false" />
                <line number="66" hits="13" branch="true" condition-coverage="100% (2/2)" />
                <line number="68" hits="4" branch="false" />
                <line number="71" hits="13" branch="false" />
                <line number="72" hits="13" branch="true" condition-coverage="100% (2/2)" />
                <line number="74" hits="4" branch="false" />
                <line number="76" hits="13" branch="true" condition-coverage="100% (2/2)" />
                <line number="78" hits="4" branch="false" />
                <line number="81" hits="13" branch="true" condition-coverage="100% (2/2)" />
                <line number="83" hits="2" branch="false" />
                <line number="86" hits="4" branch="true" condition-coverage="100% (2/2)" />
                <line number="88" hits="1" branch="false" />
                <line number="92" hits="3" branch="false" />
                <line number="97" hits="11" branch="false" />
              </lines>
            </method>
            <method name=".ctor" signature="()" line-rate="1" branch-rate="1" complexity="1">
              <lines>
                <line number="17" hits="1" branch="false" />
                <line number="19" hits="1" branch="false" />
                <line number="20" hits="1" branch="false" />
                <line number="21" hits="1" branch="false" />
                <line number="22" hits="1" branch="false" />
              </lines>
            </method>
            <method name=".ctor" signature="(...)" line-rate="1" branch-rate="1" complexity="1">
              <lines>
                <line number="24" hits="43" branch="false" />
                <line number="26" hits="43" branch="false" />
                <line number="27" hits="43" branch="false" />
                <line number="28" hits="43" branch="false" />
                <line number="29" hits="43" branch="false" />
              </lines>
            </method>
          </methods>
          <lines>
            <line number="17" hits="1" branch="false" />
            <line number="19" hits="1" branch="false" />
            <line number="20" hits="1" branch="false" />
            <line number="21" hits="1" branch="false" />
            <line number="22" hits="1" branch="false" />
            <line number="24" hits="43" branch="false" />
            <line number="26" hits="43" branch="false" />
            <line number="27" hits="43" branch="false" />
            <line number="28" hits="43" branch="false" />
            <line number="29" hits="43" branch="false" />
            <line number="37" hits="43" branch="true" condition-coverage="100% (4/4)" />
            <line number="38" hits="43" branch="false" />
            <line number="39" hits="43" branch="false" />
            <line number="49" hits="18" branch="true" condition-coverage="100% (2/2)" />
            <line number="51" hits="1" branch="false" />
            <line number="53" hits="17" branch="true" condition-coverage="100% (2/2)" />
            <line number="55" hits="6" branch="false" />
            <line number="56" hits="6" branch="false" />
            <line number="57" hits="6" branch="false" />
            <line number="58" hits="6" branch="false" />
            <line number="59" hits="17" branch="true" condition-coverage="100% (4/4)" />
            <line number="61" hits="13" branch="false" />
            <line number="62" hits="13" branch="true" condition-coverage="100% (2/2)" />
            <line number="64" hits="6" branch="false" />
            <line number="66" hits="13" branch="true" condition-coverage="100% (2/2)" />
            <line number="68" hits="4" branch="false" />
            <line number="71" hits="13" branch="false" />
            <line number="72" hits="13" branch="true" condition-coverage="100% (2/2)" />
            <line number="74" hits="4" branch="false" />
            <line number="76" hits="13" branch="true" condition-coverage="100% (2/2)" />
            <line number="78" hits="4" branch="false" />
            <line number="81" hits="13" branch="true" condition-coverage="100% (2/2)" />
            <line number="83" hits="2" branch="false" />
            <line number="86" hits="4" branch="true" condition-coverage="100% (2/2)" />
            <line number="88" hits="1" branch="false" />
            <line number="92" hits="3" branch="false" />
            <line number="97" hits="11" branch="false" />
          </lines>
        </class>
        <class name="Tools.Operator" filename="D:\PairCoding\pair-coding-project-a_team\ExercisesGenerator\Tools\Operator.cs" line-rate="1" branch-rate="1" complexity="2">
          <methods>
            <method name=".ctor" signature="()" line-rate="1" branch-rate="1" complexity="1">
              <lines>
                <line number="17" hits="86" branch="false" />
                <line number="19" hits="86" branch="false" />
              </lines>
            </method>
            <method name=".ctor" signature="(...)" line-rate="1" branch-rate="1" complexity="1">
              <lines>
                <line number="21" hits="34" branch="false" />
                <line number="23" hits="34" branch="false" />
                <line number="24" hits="34" branch="false" />
                <line number="25" hits="34" branch="false" />
                <line number="26" hits="34" branch="false" />
              </lines>
            </method>
          </methods>
          <lines>
            <line number="17" hits="86" branch="false" />
            <line number="19" hits="86" branch="false" />
            <line number="21" hits="34" branch="false" />
            <line number="23" hits="34" branch="false" />
            <line number="24" hits="34" branch="false" />
            <line number="25" hits="34" branch="false" />
            <line number="26" hits="34" branch="false" />
          </lines>
        </class>
        <class name="Tools.Unit" filename="D:\PairCoding\pair-coding-project-a_team\ExercisesGenerator\Tools\Unit.cs" line-rate="0.9090909090909091" branch-rate="0.9130434782608695" complexity="53">
          <methods>
            <method name="ToString" signature="()" line-rate="1" branch-rate="1" complexity="6">
              <lines>
                <line number="46" hits="61" branch="true" condition-coverage="100% (2/2)" />
                <line number="48" hits="6" branch="false" />
                <line number="51" hits="61" branch="true" condition-coverage="100% (4/4)" />
                <line number="54" hits="29" branch="false" />
                <line number="56" hits="5" branch="false" />
                <line number="58" hits="26" branch="false" />
                <line number="60" hits="1" branch="false" />
              </lines>
            </method>
            <method name="ToHTML" signature="()" line-rate="1" branch-rate="1" complexity="6">
              <lines>
                <line number="70" hits="18" branch="true" condition-coverage="100% (2/2)" />
                <line number="72" hits="5" branch="false" />
                <line number="75" hits="18" branch="true" condition-coverage="100% (4/4)" />
                <line number="78" hits="5" branch="false" />
                <line number="80" hits="4" branch="false" />
                <line number="82" hits="8" branch="false" />
                <line number="84" hits="1" branch="false" />
              </lines>
            </method>
            <method name="InRange" signature="()" line-rate="1" branch-rate="1" complexity="10">
              <lines>
                <line number="94" hits="12" branch="true" condition-coverage="100% (4/4)" />
                <line number="97" hits="3" branch="true" condition-coverage="100% (2/2)" />
                <line number="98" hits="3" branch="false" />
                <line number="100" hits="8" branch="false" />
                <line number="101" hits="8" branch="false" />
                <line number="102" hits="8" branch="false" />
                <line number="103" hits="8" branch="true" condition-coverage="100% (4/4)" />
                <line number="104" hits="8" branch="false" />
                <line number="105" hits="8" branch="false" />
                <line number="107" hits="1" branch="false" />
              </lines>
            </method>
            <method name="GetRandomOperand" signature="()" line-rate="0" branch-rate="0" complexity="4">
              <lines>
                <line number="117" hits="0" branch="false" />
                <line number="118" hits="0" branch="true" condition-coverage="0% (0/2)" />
                <line number="120" hits="0" branch="true" condition-coverage="0% (0/2)" />
                <line number="122" hits="0" branch="false" />
                <line number="123" hits="0" branch="false" />
                <line number="127" hits="0" branch="false" />
                <line number="130" hits="0" branch="false" />
              </lines>
            </method>
            <method name="ChangeType" signature="()" line-rate="1" branch-rate="1" complexity="8">
              <lines>
                <line number="138" hits="76" branch="true" condition-coverage="100% (2/2)" />
                <line number="140" hits="1" branch="false" />
                <line number="143" hits="75" branch="true" condition-coverage="100% (2/2)" />
                <line number="145" hits="18" branch="false" />
                <line number="147" hits="18" branch="false" />
                <line number="150" hits="57" branch="false" />
                <line number="152" hits="57" branch="true" condition-coverage="100% (2/2)" />
                <line number="154" hits="13" branch="false" />
                <line number="156" hits="57" branch="true" condition-coverage="100% (2/2)" />
                <line number="158" hits="3" branch="false" />
                <line number="160" hits="57" branch="false" />
              </lines>
            </method>
            <method name="op_Addition" signature="(...)" line-rate="1" branch-rate="1" complexity="1">
              <lines>
                <line number="163" hits="6" branch="false" />
                <line number="164" hits="6" branch="false" />
                <line number="165" hits="6" branch="false" />
                <line number="166" hits="6" branch="false" />
                <line number="168" hits="6" branch="false" />
              </lines>
            </method>
            <method name="op_Subtraction" signature="(...)" line-rate="1" branch-rate="1" complexity="1">
              <lines>
                <line number="172" hits="5" branch="false" />
                <line number="173" hits="5" branch="false" />
                <line number="174" hits="5" branch="false" />
                <line number="175" hits="5" branch="false" />
                <line number="177" hits="5" branch="false" />
              </lines>
            </method>
            <method name="op_Multiply" signature="(...)" line-rate="1" branch-rate="1" complexity="1">
              <lines>
                <line number="181" hits="5" branch="false" />
                <line number="182" hits="5" branch="false" />
                <line number="183" hits="5" branch="false" />
                <line number="184" hits="5" branch="false" />
                <line number="186" hits="5" branch="false" />
              </lines>
            </method>
            <method name="op_Division" signature="(...)" line-rate="1" branch-rate="1" complexity="1">
              <lines>
                <line number="198" hits="5" branch="false" />
                <line number="199" hits="5" branch="false" />
                <line number="202" hits="5" branch="false" />
                <line number="203" hits="3" branch="false" />
                <line number="204" hits="2" branch="false" />
                <line number="206" hits="2" branch="false" />
                <line number="209" hits="3" branch="false" />
                <line number="211" hits="3" branch="false" />
              </lines>
            </method>
            <method name="CompareTo" signature="(...)" line-rate="1" branch-rate="1" complexity="12">
              <lines>
                <line number="220" hits="80" branch="true" condition-coverage="100% (2/2)" />
                <line number="222" hits="1" branch="false" />
                <line number="224" hits="79" branch="true" condition-coverage="100% (2/2)" />
                <line number="226" hits="4" branch="false" />
                <line number="228" hits="75" branch="true" condition-coverage="100% (2/2)" />
                <line number="230" hits="7" branch="false" />
                <line number="234" hits="68" branch="true" condition-coverage="100% (4/4)" />
                <line number="237" hits="32" branch="false" />
                <line number="239" hits="11" branch="true" condition-coverage="100% (2/2)" />
                <line number="241" hits="2" branch="false" />
                <line number="245" hits="9" branch="false" />
                <line number="248" hits="25" branch="false" />
              </lines>
            </method>
            <method name=".ctor" signature="()" line-rate="1" branch-rate="1" complexity="1">
              <lines>
                <line number="30" hits="7" branch="false" />
                <line number="32" hits="7" branch="false" />
                <line number="33" hits="7" branch="false" />
                <line number="34" hits="7" branch="false" />
                <line number="35" hits="7" branch="false" />
              </lines>
            </method>
            <method name=".ctor" signature="(...)" line-rate="1" branch-rate="1" complexity="1">
              <lines>
                <line number="37" hits="178" branch="false" />
                <line number="39" hits="178" branch="false" />
                <line number="40" hits="178" branch="false" />
                <line number="41" hits="178" branch="false" />
                <line number="42" hits="178" branch="false" />
              </lines>
            </method>
            <method name=".cctor" signature="()" line-rate="0" branch-rate="1" complexity="1">
              <lines>
                <line number="28" hits="0" branch="false" />
              </lines>
            </method>
          </methods>
          <lines>
            <line number="28" hits="0" branch="false" />
            <line number="30" hits="7" branch="false" />
            <line number="32" hits="7" branch="false" />
            <line number="33" hits="7" branch="false" />
            <line number="34" hits="7" branch="false" />
            <line number="35" hits="7" branch="false" />
            <line number="37" hits="178" branch="false" />
            <line number="39" hits="178" branch="false" />
            <line number="40" hits="178" branch="false" />
            <line number="41" hits="178" branch="false" />
            <line number="42" hits="178" branch="false" />
            <line number="46" hits="61" branch="true" condition-coverage="100% (2/2)" />
            <line number="48" hits="6" branch="false" />
            <line number="51" hits="61" branch="true" condition-coverage="100% (4/4)" />
            <line number="54" hits="29" branch="false" />
            <line number="56" hits="5" branch="false" />
            <line number="58" hits="26" branch="false" />
            <line number="60" hits="1" branch="false" />
            <line number="70" hits="18" branch="true" condition-coverage="100% (2/2)" />
            <line number="72" hits="5" branch="false" />
            <line number="75" hits="18" branch="true" condition-coverage="100% (4/4)" />
            <line number="78" hits="5" branch="false" />
            <line number="80" hits="4" branch="false" />
            <line number="82" hits="8" branch="false" />
            <line number="84" hits="1" branch="false" />
            <line number="94" hits="12" branch="true" condition-coverage="100% (4/4)" />
            <line number="97" hits="3" branch="true" condition-coverage="100% (2/2)" />
            <line number="98" hits="3" branch="false" />
            <line number="100" hits="8" branch="false" />
            <line number="101" hits="8" branch="false" />
            <line number="102" hits="8" branch="false" />
            <line number="103" hits="8" branch="true" condition-coverage="100% (4/4)" />
            <line number="104" hits="8" branch="false" />
            <line number="105" hits="8" branch="false" />
            <line number="107" hits="1" branch="false" />
            <line number="117" hits="0" branch="false" />
            <line number="118" hits="0" branch="true" condition-coverage="0% (0/2)" />
            <line number="120" hits="0" branch="true" condition-coverage="0% (0/2)" />
            <line number="122" hits="0" branch="false" />
            <line number="123" hits="0" branch="false" />
            <line number="127" hits="0" branch="false" />
            <line number="130" hits="0" branch="false" />
            <line number="138" hits="76" branch="true" condition-coverage="100% (2/2)" />
            <line number="140" hits="1" branch="false" />
            <line number="143" hits="75" branch="true" condition-coverage="100% (2/2)" />
            <line number="145" hits="18" branch="false" />
            <line number="147" hits="18" branch="false" />
            <line number="150" hits="57" branch="false" />
            <line number="152" hits="57" branch="true" condition-coverage="100% (2/2)" />
            <line number="154" hits="13" branch="false" />
            <line number="156" hits="57" branch="true" condition-coverage="100% (2/2)" />
            <line number="158" hits="3" branch="false" />
            <line number="160" hits="57" branch="false" />
            <line number="163" hits="6" branch="false" />
            <line number="164" hits="6" branch="false" />
            <line number="165" hits="6" branch="false" />
            <line number="166" hits="6" branch="false" />
            <line number="168" hits="6" branch="false" />
            <line number="172" hits="5" branch="false" />
            <line number="173" hits="5" branch="false" />
            <line number="174" hits="5" branch="false" />
            <line number="175" hits="5" branch="false" />
            <line number="177" hits="5" branch="false" />
            <line number="181" hits="5" branch="false" />
            <line number="182" hits="5" branch="false" />
            <line number="183" hits="5" branch="false" />
            <line number="184" hits="5" branch="false" />
            <line number="186" hits="5" branch="false" />
            <line number="198" hits="5" branch="false" />
            <line number="199" hits="5" branch="false" />
            <line number="202" hits="5" branch="false" />
            <line number="203" hits="3" branch="false" />
            <line number="204" hits="2" branch="false" />
            <line number="206" hits="2" branch="false" />
            <line number="209" hits="3" branch="false" />
            <line number="211" hits="3" branch="false" />
            <line number="220" hits="80" branch="true" condition-coverage="100% (2/2)" />
            <line number="222" hits="1" branch="false" />
            <line number="224" hits="79" branch="true" condition-coverage="100% (2/2)" />
            <line number="226" hits="4" branch="false" />
            <line number="228" hits="75" branch="true" condition-coverage="100% (2/2)" />
            <line number="230" hits="7" branch="false" />
            <line number="234" hits="68" branch="true" condition-coverage="100% (4/4)" />
            <line number="237" hits="32" branch="false" />
            <line number="239" hits="11" branch="true" condition-coverage="100% (2/2)" />
            <line number="241" hits="2" branch="false" />
            <line number="245" hits="9" branch="false" />
            <line number="248" hits="25" branch="false" />
          </lines>
        </class>
      </classes>
    </package>
    <package name="ToolsUnitTest" line-rate="0.9737903225806451" branch-rate="0.5" complexity="88">
      <classes>
        <class name="AutoGeneratedProgram" filename="C:\Users\Admin\.nuget\packages\microsoft.net.test.sdk\16.9.4\build\netcoreapp2.1\Microsoft.NET.Test.Sdk.Program.cs" line-rate="0" branch-rate="1" complexity="1">
          <methods>
            <method name="Main" signature="(...)" line-rate="0" branch-rate="1" complexity="1">
              <lines>
                <line number="4" hits="0" branch="false" />
              </lines>
            </method>
          </methods>
          <lines>
            <line number="4" hits="0" branch="false" />
          </lines>
        </class>
        <class name="ToolsUnitTest.ExpressionTest" filename="D:\PairCoding\pair-coding-project-a_team\ExercisesGenerator\ToolsUnitTest\ExpressionTest.cs" line-rate="0.9516908212560387" branch-rate="1" complexity="7">
          <methods>
            <method name="Setup" signature="()" line-rate="1" branch-rate="1" complexity="1">
              <lines>
                <line number="13" hits="6" branch="false" />
              </lines>
            </method>
            <method name="TestStringToExpression" signature="()" line-rate="1" branch-rate="1" complexity="1">
              <lines>
                <line number="18" hits="1" branch="false" />
                <line number="19" hits="1" branch="false" />
                <line number="20" hits="1" branch="false" />
                <line number="22" hits="1" branch="false" />
                <line number="23" hits="1" branch="false" />
                <line number="24" hits="1" branch="false" />
                <line number="25" hits="1" branch="false" />
                <line number="26" hits="1" branch="false" />
                <line number="27" hits="1" branch="false" />
                <line number="28" hits="1" branch="false" />
                <line number="29" hits="1" branch="false" />
                <line number="30" hits="1" branch="false" />
                <line number="31" hits="1" branch="false" />
                <line number="32" hits="1" branch="false" />
                <line number="33" hits="1" branch="false" />
                <line number="34" hits="1" branch="false" />
                <line number="35" hits="1" branch="false" />
                <line number="36" hits="1" branch="false" />
                <line number="37" hits="1" branch="false" />
                <line number="38" hits="1" branch="false" />
                <line number="39" hits="1" branch="false" />
                <line number="40" hits="1" branch="false" />
                <line number="41" hits="1" branch="false" />
                <line number="42" hits="1" branch="false" />
                <line number="43" hits="1" branch="false" />
                <line number="44" hits="1" branch="false" />
                <line number="45" hits="1" branch="false" />
                <line number="46" hits="1" branch="false" />
                <line number="47" hits="1" branch="false" />
                <line number="48" hits="1" branch="false" />
                <line number="49" hits="1" branch="false" />
                <line number="50" hits="1" branch="false" />
              </lines>
            </method>
            <method name="TestExpressionToString" signature="()" line-rate="1" branch-rate="1" complexity="1">
              <lines>
                <line number="55" hits="1" branch="false" />
                <line number="56" hits="1" branch="false" />
                <line number="57" hits="1" branch="false" />
                <line number="58" hits="1" branch="false" />
                <line number="59" hits="1" branch="false" />
                <line number="60" hits="1" branch="false" />
                <line number="61" hits="1" branch="false" />
                <line number="62" hits="1" branch="false" />
                <line number="63" hits="1" branch="false" />
              </lines>
            </method>
            <method name="TestExpressionToHTML" signature="()" line-rate="1" branch-rate="1" complexity="1">
              <lines>
                <line number="68" hits="1" branch="false" />
                <line number="69" hits="1" branch="false" />
                <line number="70" hits="1" branch="false" />
                <line number="71" hits="1" branch="false" />
                <line number="72" hits="1" branch="false" />
                <line number="73" hits="1" branch="false" />
                <line number="74" hits="1" branch="false" />
                <line number="75" hits="1" branch="false" />
                <line number="76" hits="1" branch="false" />
                <line number="77" hits="1" branch="false" />
                <line number="78" hits="1" branch="false" />
              </lines>
            </method>
            <method name="TestInfixToPostfix" signature="()" line-rate="1" branch-rate="1" complexity="1">
              <lines>
                <line number="83" hits="1" branch="false" />
                <line number="84" hits="1" branch="false" />
                <line number="85" hits="1" branch="false" />
                <line number="86" hits="1" branch="false" />
                <line number="87" hits="1" branch="false" />
                <line number="88" hits="1" branch="false" />
                <line number="89" hits="1" branch="false" />
                <line number="90" hits="1" branch="false" />
                <line number="91" hits="1" branch="false" />
                <line number="92" hits="1" branch="false" />
                <line number="93" hits="1" branch="false" />
                <line number="94" hits="1" branch="false" />
                <line number="95" hits="1" branch="false" />
                <line number="96" hits="1" branch="false" />
                <line number="97" hits="1" branch="false" />
                <line number="98" hits="1" branch="false" />
                <line number="99" hits="1" branch="false" />
                <line number="100" hits="1" branch="false" />
                <line number="101" hits="1" branch="false" />
                <line number="102" hits="1" branch="false" />
                <line number="103" hits="1" branch="false" />
                <line number="104" hits="1" branch="false" />
                <line number="105" hits="1" branch="false" />
                <line number="106" hits="1" branch="false" />
                <line number="107" hits="1" branch="false" />
                <line number="108" hits="1" branch="false" />
                <line number="109" hits="1" branch="false" />
                <line number="110" hits="1" branch="false" />
                <line number="111" hits="1" branch="false" />
                <line number="112" hits="1" branch="false" />
                <line number="113" hits="1" branch="false" />
              </lines>
            </method>
            <method name="TestCalculatePostfix" signature="()" line-rate="0.9113924050632911" branch-rate="1" complexity="1">
              <lines>
                <line number="118" hits="1" branch="false" />
                <line number="119" hits="1" branch="false" />
                <line number="120" hits="1" branch="false" />
                <line number="121" hits="1" branch="false" />
                <line number="122" hits="1" branch="false" />
                <line number="123" hits="1" branch="false" />
                <line number="124" hits="1" branch="false" />
                <line number="125" hits="1" branch="false" />
                <line number="126" hits="1" branch="false" />
                <line number="128" hits="1" branch="false" />
                <line number="129" hits="1" branch="false" />
                <line number="132" hits="1" branch="false" />
                <line number="133" hits="0" branch="false" />
                <line number="136" hits="1" branch="false" />
                <line number="137" hits="1" branch="false" />
                <line number="138" hits="1" branch="false" />
                <line number="140" hits="1" branch="false" />
                <line number="141" hits="1" branch="false" />
                <line number="142" hits="1" branch="false" />
                <line number="143" hits="1" branch="false" />
                <line number="144" hits="1" branch="false" />
                <line number="145" hits="1" branch="false" />
                <line number="146" hits="1" branch="false" />
                <line number="149" hits="1" branch="false" />
                <line number="150" hits="0" branch="false" />
                <line number="153" hits="1" branch="false" />
                <line number="154" hits="1" branch="false" />
                <line number="155" hits="1" branch="false" />
                <line number="157" hits="1" branch="false" />
                <line number="158" hits="1" branch="false" />
                <line number="159" hits="1" branch="false" />
                <line number="160" hits="1" branch="false" />
                <line number="161" hits="1" branch="false" />
                <line number="162" hits="1" branch="false" />
                <line number="165" hits="1" branch="false" />
                <line number="166" hits="0" branch="false" />
                <line number="169" hits="1" branch="false" />
                <line number="170" hits="1" branch="false" />
                <line number="171" hits="1" branch="false" />
                <line number="173" hits="1" branch="false" />
                <line number="174" hits="1" branch="false" />
                <line number="177" hits="1" branch="false" />
                <line number="178" hits="0" branch="false" />
                <line number="181" hits="1" branch="false" />
                <line number="182" hits="1" branch="false" />
                <line number="183" hits="1" branch="false" />
                <line number="185" hits="1" branch="false" />
                <line number="186" hits="1" branch="false" />
                <line number="189" hits="1" branch="false" />
                <line number="190" hits="0" branch="false" />
                <line number="193" hits="1" branch="false" />
                <line number="194" hits="1" branch="false" />
                <line number="195" hits="1" branch="false" />
                <line number="197" hits="1" branch="false" />
                <line number="198" hits="1" branch="false" />
                <line number="199" hits="1" branch="false" />
                <line number="200" hits="1" branch="false" />
                <line number="201" hits="1" branch="false" />
                <line number="202" hits="1" branch="false" />
                <line number="205" hits="1" branch="false" />
                <line number="206" hits="0" branch="false" />
                <line number="209" hits="1" branch="false" />
                <line number="210" hits="1" branch="false" />
                <line number="211" hits="1" branch="false" />
                <line number="213" hits="1" branch="false" />
                <line number="214" hits="1" branch="false" />
                <line number="215" hits="1" branch="false" />
                <line number="216" hits="1" branch="false" />
                <line number="217" hits="1" branch="false" />
                <line number="218" hits="1" branch="false" />
                <line number="219" hits="1" branch="false" />
                <line number="220" hits="1" branch="false" />
                <line number="221" hits="1" branch="false" />
                <line number="224" hits="1" branch="false" />
                <line number="225" hits="0" branch="false" />
                <line number="228" hits="1" branch="false" />
                <line number="229" hits="1" branch="false" />
                <line number="230" hits="1" branch="false" />
                <line number="231" hits="1" branch="false" />
              </lines>
            </method>
            <method name="TestPostfixToTree" signature="()" line-rate="0.9318181818181818" branch-rate="1" complexity="1">
              <lines>
                <line number="236" hits="1" branch="false" />
                <line number="237" hits="1" branch="false" />
                <line number="238" hits="1" branch="false" />
                <line number="239" hits="1" branch="false" />
                <line number="240" hits="1" branch="false" />
                <line number="241" hits="1" branch="false" />
                <line number="243" hits="1" branch="false" />
                <line number="244" hits="1" branch="false" />
                <line number="245" hits="1" branch="false" />
                <line number="246" hits="1" branch="false" />
                <line number="247" hits="1" branch="false" />
                <line number="249" hits="1" branch="false" />
                <line number="250" hits="1" branch="false" />
                <line number="251" hits="1" branch="false" />
                <line number="252" hits="1" branch="false" />
                <line number="253" hits="1" branch="false" />
                <line number="255" hits="1" branch="false" />
                <line number="256" hits="1" branch="false" />
                <line number="259" hits="1" branch="false" />
                <line number="260" hits="0" branch="false" />
                <line number="263" hits="1" branch="false" />
                <line number="264" hits="1" branch="false" />
                <line number="265" hits="1" branch="false" />
                <line number="267" hits="1" branch="false" />
                <line number="268" hits="1" branch="false" />
                <line number="271" hits="1" branch="false" />
                <line number="272" hits="0" branch="false" />
                <line number="275" hits="1" branch="false" />
                <line number="276" hits="1" branch="false" />
                <line number="277" hits="1" branch="false" />
                <line number="279" hits="1" branch="false" />
                <line number="280" hits="1" branch="false" />
                <line number="281" hits="1" branch="false" />
                <line number="282" hits="1" branch="false" />
                <line number="283" hits="1" branch="false" />
                <line number="284" hits="1" branch="false" />
                <line number="285" hits="1" branch="false" />
                <line number="286" hits="1" branch="false" />
                <line number="289" hits="1" branch="false" />
                <line number="290" hits="0" branch="false" />
                <line number="293" hits="1" branch="false" />
                <line number="294" hits="1" branch="false" />
                <line number="295" hits="1" branch="false" />
                <line number="296" hits="1" branch="false" />
              </lines>
            </method>
          </methods>
          <lines>
            <line number="13" hits="6" branch="false" />
            <line number="18" hits="1" branch="false" />
            <line number="19" hits="1" branch="false" />
            <line number="20" hits="1" branch="false" />
            <line number="22" hits="1" branch="false" />
            <line number="23" hits="1" branch="false" />
            <line number="24" hits="1" branch="false" />
            <line number="25" hits="1" branch="false" />
            <line number="26" hits="1" branch="false" />
            <line number="27" hits="1" branch="false" />
            <line number="28" hits="1" branch="false" />
            <line number="29" hits="1" branch="false" />
            <line number="30" hits="1" branch="false" />
            <line number="31" hits="1" branch="false" />
            <line number="32" hits="1" branch="false" />
            <line number="33" hits="1" branch="false" />
            <line number="34" hits="1" branch="false" />
            <line number="35" hits="1" branch="false" />
            <line number="36" hits="1" branch="false" />
            <line number="37" hits="1" branch="false" />
            <line number="38" hits="1" branch="false" />
            <line number="39" hits="1" branch="false" />
            <line number="40" hits="1" branch="false" />
            <line number="41" hits="1" branch="false" />
            <line number="42" hits="1" branch="false" />
            <line number="43" hits="1" branch="false" />
            <line number="44" hits="1" branch="false" />
            <line number="45" hits="1" branch="false" />
            <line number="46" hits="1" branch="false" />
            <line number="47" hits="1" branch="false" />
            <line number="48" hits="1" branch="false" />
            <line number="49" hits="1" branch="false" />
            <line number="50" hits="1" branch="false" />
            <line number="55" hits="1" branch="false" />
            <line number="56" hits="1" branch="false" />
            <line number="57" hits="1" branch="false" />
            <line number="58" hits="1" branch="false" />
            <line number="59" hits="1" branch="false" />
            <line number="60" hits="1" branch="false" />
[...]
                <line number="53" hits="1" branch="false" />
                <line number="54" hits="1" branch="false" />
              </lines>
            </method>
          </methods>
          <lines>
            <line number="13" hits="2" branch="false" />
            <line number="18" hits="1" branch="false" />
            <line number="19" hits="1" branch="false" />
            <line number="20" hits="1" branch="false" />
            <line number="21" hits="1" branch="false" />
            <line number="22" hits="1" branch="false" />
            <line number="27" hits="1" branch="false" />
            <line number="28" hits="1" branch="false" />
            <line number="30" hits="1" branch="false" />
            <line number="31" hits="1" branch="false" />
            <line number="33" hits="1" branch="false" />
            <line number="34" hits="1" branch="false" />
            <line number="36" hits="1" branch="false" />
            <line number="37" hits="1" branch="false" />
            <line number="38" hits="1" branch="false" />
            <line number="39" hits="1" branch="false" />
            <line number="41" hits="1" branch="false" />
            <line number="42" hits="1" branch="false" />
            <line number="43" hits="1" branch="false" />
            <line number="44" hits="1" branch="false" />
            <line number="46" hits="1" branch="false" />
            <line number="48" hits="1" branch="false" />
            <line number="49" hits="1" branch="false" />
            <line number="51" hits="1" branch="false" />
            <line number="52" hits="1" branch="false" />
            <line number="53" hits="1" branch="false" />
            <line number="54" hits="1" branch="false" />
          </lines>
        </class>
        <class name="ToolsUnitTest.UnitTest" filename="D:\PairCoding\pair-coding-project-a_team\ExercisesGenerator\ToolsUnitTest\UnitTest.cs" line-rate="0.9922480620155039" branch-rate="0.5" complexity="31">
          <methods>
            <method name="Setup" signature="()" line-rate="1" branch-rate="1" complexity="1">
              <lines>
                <line number="12" hits="9" branch="false" />
              </lines>
            </method>
            <method name="TestInRange" signature="()" line-rate="1" branch-rate="1" complexity="1">
              <lines>
                <line number="17" hits="1" branch="false" />
                <line number="18" hits="1" branch="false" />
                <line number="19" hits="1" branch="false" />
                <line number="21" hits="1" branch="false" />
                <line number="23" hits="1" branch="false" />
                <line number="25" hits="1" branch="false" />
                <line number="26" hits="1" branch="false" />
                <line number="28" hits="1" branch="false" />
                <line number="29" hits="1" branch="false" />
                <line number="31" hits="1" branch="false" />
                <line number="32" hits="1" branch="false" />
                <line number="34" hits="1" branch="false" />
                <line number="35" hits="1" branch="false" />
                <line number="36" hits="1" branch="false" />
              </lines>
            </method>
            <method name="TestCompareTo" signature="()" line-rate="1" branch-rate="1" complexity="1">
              <lines>
                <line number="41" hits="1" branch="false" />
                <line number="42" hits="1" branch="false" />
                <line number="44" hits="1" branch="false" />
                <line number="46" hits="1" branch="false" />
                <line number="47" hits="1" branch="false" />
                <line number="48" hits="1" branch="false" />
                <line number="50" hits="1" branch="false" />
                <line number="51" hits="1" branch="false" />
                <line number="53" hits="1" branch="false" />
                <line number="54" hits="1" branch="false" />
                <line number="56" hits="1" branch="false" />
                <line number="57" hits="1" branch="false" />
                <line number="59" hits="1" branch="false" />
                <line number="60" hits="1" branch="false" />
                <line number="61" hits="1" branch="false" />
                <line number="62" hits="1" branch="false" />
                <line number="64" hits="1" branch="false" />
                <line number="65" hits="1" branch="false" />
                <line number="66" hits="1" branch="false" />
                <line number="67" hits="1" branch="false" />
                <line number="69" hits="1" branch="false" />
                <line number="70" hits="1" branch="false" />
                <line number="71" hits="1" branch="false" />
                <line number="72" hits="1" branch="false" />
              </lines>
            </method>
            <method name="TestChangeType" signature="()" line-rate="1" branch-rate="0.5" complexity="2">
              <lines>
                <line number="77" hits="1" branch="false" />
                <line number="78" hits="1" branch="false" />
                <line number="79" hits="1" branch="false" />
                <line number="81" hits="1" branch="false" />
                <line number="82" hits="1" branch="false" />
                <line number="83" hits="1" branch="true" condition-coverage="50% (1/2)" />
                <line number="84" hits="1" branch="false" />
                <line number="86" hits="1" branch="false" />
                <line number="87" hits="1" branch="false" />
                <line number="88" hits="1" branch="false" />
                <line number="89" hits="1" branch="false" />
              </lines>
            </method>
            <method name="TestToString" signature="()" line-rate="1" branch-rate="1" complexity="1">
              <lines>
                <line number="94" hits="1" branch="false" />
                <line number="96" hits="1" branch="false" />
                <line number="98" hits="1" branch="false" />
                <line number="99" hits="1" branch="false" />
                <line number="101" hits="1" branch="false" />
                <line number="102" hits="1" branch="false" />
                <line number="104" hits="1" branch="false" />
                <line number="105" hits="1" branch="false" />
                <line number="107" hits="1" branch="false" />
                <line number="108" hits="1" branch="false" />
                <line number="109" hits="1" branch="false" />
              </lines>
            </method>
            <method name="TestToHTML" signature="()" line-rate="1" branch-rate="1" complexity="1">
              <lines>
                <line number="114" hits="1" branch="false" />
                <line number="116" hits="1" branch="false" />
                <line number="118" hits="1" branch="false" />
                <line number="119" hits="1" branch="false" />
                <line number="121" hits="1" branch="false" />
                <line number="122" hits="1" branch="false" />
                <line number="123" hits="1" branch="false" />
                <line number="125" hits="1" branch="false" />
                <line number="126" hits="1" branch="false" />
                <line number="128" hits="1" branch="false" />
                <line number="129" hits="1" branch="false" />
                <line number="130" hits="1" branch="false" />
              </lines>
            </method>
            <method name="TestAddition" signature="()" line-rate="1" branch-rate="0.5" complexity="6">
              <lines>
                <line number="135" hits="1" branch="false" />
                <line number="136" hits="1" branch="false" />
                <line number="138" hits="1" branch="false" />
                <line number="139" hits="1" branch="true" condition-coverage="50% (1/2)" />
                <line number="141" hits="1" branch="false" />
                <line number="142" hits="1" branch="false" />
                <line number="143" hits="1" branch="true" condition-coverage="50% (1/2)" />
                <line number="145" hits="1" branch="false" />
                <line number="146" hits="1" branch="false" />
                <line number="147" hits="1" branch="false" />
                <line number="148" hits="1" branch="true" condition-coverage="50% (1/2)" />
                <line number="149" hits="1" branch="false" />
              </lines>
            </method>
            <method name="TestSubscribe" signature="()" line-rate="1" branch-rate="0.5" complexity="6">
              <lines>
                <line number="154" hits="1" branch="false" />
                <line number="155" hits="1" branch="false" />
                <line number="157" hits="1" branch="false" />
                <line number="158" hits="1" branch="true" condition-coverage="50% (1/2)" />
                <line number="160" hits="1" branch="false" />
                <line number="161" hits="1" branch="false" />
                <line number="162" hits="1" branch="true" condition-coverage="50% (1/2)" />
                <line number="164" hits="1" branch="false" />
                <line number="165" hits="1" branch="false" />
                <line number="166" hits="1" branch="false" />
                <line number="167" hits="1" branch="true" condition-coverage="50% (1/2)" />
                <line number="168" hits="1" branch="false" />
              </lines>
            </method>
            <method name="TestMultiply" signature="()" line-rate="1" branch-rate="0.5" complexity="8">
              <lines>
                <line number="173" hits="1" branch="false" />
                <line number="174" hits="1" branch="false" />
                <line number="176" hits="1" branch="false" />
                <line number="177" hits="1" branch="true" condition-coverage="50% (1/2)" />
                <line number="179" hits="1" branch="false" />
                <line number="180" hits="1" branch="false" />
                <line number="181" hits="1" branch="true" condition-coverage="50% (1/2)" />
                <line number="183" hits="1" branch="false" />
                <line number="184" hits="1" branch="false" />
                <line number="185" hits="1" branch="false" />
                <line number="186" hits="1" branch="true" condition-coverage="50% (1/2)" />
                <line number="188" hits="1" branch="false" />
                <line number="189" hits="1" branch="false" />
                <line number="190" hits="1" branch="false" />
                <line number="191" hits="1" branch="true" condition-coverage="50% (1/2)" />
                <line number="192" hits="1" branch="false" />
              </lines>
            </method>
            <method name="TestDivid" signature="()" line-rate="0.9375" branch-rate="0.5" complexity="4">
              <lines>
                <line number="197" hits="1" branch="false" />
                <line number="198" hits="1" branch="false" />
                <line number="200" hits="1" branch="false" />
                <line number="201" hits="1" branch="true" condition-coverage="50% (1/2)" />
                <line number="203" hits="1" branch="false" />
                <line number="204" hits="1" branch="false" />
                <line number="207" hits="1" branch="false" />
                <line number="208" hits="0" branch="false" />
                <line number="211" hits="1" branch="false" />
                <line number="212" hits="1" branch="false" />
                <line number="213" hits="1" branch="false" />
                <line number="215" hits="1" branch="false" />
                <line number="216" hits="1" branch="false" />
                <line number="217" hits="1" branch="false" />
                <line number="218" hits="1" branch="true" condition-coverage="50% (1/2)" />
                <line number="219" hits="1" branch="false" />
              </lines>
            </method>
          </methods>
          <lines>
            <line number="12" hits="9" branch="false" />
            <line number="17" hits="1" branch="false" />
            <line number="18" hits="1" branch="false" />
            <line number="19" hits="1" branch="false" />
            <line number="21" hits="1" branch="false" />
            <line number="23" hits="1" branch="false" />
            <line number="25" hits="1" branch="false" />
            <line number="26" hits="1" branch="false" />
            <line number="28" hits="1" branch="false" />
            <line number="29" hits="1" branch="false" />
            <line number="31" hits="1" branch="false" />
            <line number="32" hits="1" branch="false" />
            <line number="34" hits="1" branch="false" />
            <line number="35" hits="1" branch="false" />
            <line number="36" hits="1" branch="false" />
            <line number="41" hits="1" branch="false" />
            <line number="42" hits="1" branch="false" />
            <line number="44" hits="1" branch="false" />
            <line number="46" hits="1" branch="false" />
            <line number="47" hits="1" branch="false" />
            <line number="48" hits="1" branch="false" />
            <line number="50" hits="1" branch="false" />
            <line number="51" hits="1" branch="false" />
            <line number="53" hits="1" branch="false" />
            <line number="54" hits="1" branch="false" />
            <line number="56" hits="1" branch="false" />
            <line number="57" hits="1" branch="false" />
            <line number="59" hits="1" branch="false" />
            <line number="60" hits="1" branch="false" />
            <line number="61" hits="1" branch="false" />
            <line number="62" hits="1" branch="false" />
            <line number="64" hits="1" branch="false" />
            <line number="65" hits="1" branch="false" />
            <line number="66" hits="1" branch="false" />
            <line number="67" hits="1" branch="false" />
            <line number="69" hits="1" branch="false" />
            <line number="70" hits="1" branch="false" />
            <line number="71" hits="1" branch="false" />
            <line number="72" hits="1" branch="false" />
            <line number="77" hits="1" branch="false" />
            <line number="78" hits="1" branch="false" />
            <line number="79" hits="1" branch="false" />
            <line number="81" hits="1" branch="false" />
            <line number="82" hits="1" branch="false" />
            <line number="83" hits="1" branch="true" condition-coverage="50% (1/2)" />
            <line number="84" hits="1" branch="false" />
            <line number="86" hits="1" branch="false" />
            <line number="87" hits="1" branch="false" />
            <line number="88" hits="1" branch="false" />
            <line number="89" hits="1" branch="false" />
            <line number="94" hits="1" branch="false" />
            <line number="96" hits="1" branch="false" />
            <line number="98" hits="1" branch="false" />
            <line number="99" hits="1" branch="false" />
            <line number="101" hits="1" branch="false" />
            <line number="102" hits="1" branch="false" />
            <line number="104" hits="1" branch="false" />
            <line number="105" hits="1" branch="false" />
            <line number="107" hits="1" branch="false" />
            <line number="108" hits="1" branch="false" />
            <line number="109" hits="1" branch="false" />
            <line number="114" hits="1" branch="false" />
            <line number="116" hits="1" branch="false" />
            <line number="118" hits="1" branch="false" />
            <line number="119" hits="1" branch="false" />
            <line number="121" hits="1" branch="false" />
            <line number="122" hits="1" branch="false" />
            <line number="123" hits="1" branch="false" />
            <line number="125" hits="1" branch="false" />
            <line number="126" hits="1" branch="false" />
            <line number="128" hits="1" branch="false" />
            <line number="129" hits="1" branch="false" />
            <line number="130" hits="1" branch="false" />
            <line number="135" hits="1" branch="false" />
            <line number="136" hits="1" branch="false" />
            <line number="138" hits="1" branch="false" />
            <line number="139" hits="1" branch="true" condition-coverage="50% (1/2)" />
            <line number="141" hits="1" branch="false" />
            <line number="142" hits="1" branch="false" />
            <line number="143" hits="1" branch="true" condition-coverage="50% (1/2)" />
            <line number="145" hits="1" branch="false" />
            <line number="146" hits="1" branch="false" />
            <line number="147" hits="1" branch="false" />
            <line number="148" hits="1" branch="true" condition-coverage="50% (1/2)" />
            <line number="149" hits="1" branch="false" />
            <line number="154" hits="1" branch="false" />
            <line number="155" hits="1" branch="false" />
            <line number="157" hits="1" branch="false" />
            <line number="158" hits="1" branch="true" condition-coverage="50% (1/2)" />
            <line number="160" hits="1" branch="false" />
            <line number="161" hits="1" branch="false" />
            <line number="162" hits="1" branch="true" condition-coverage="50% (1/2)" />
            <line number="164" hits="1" branch="false" />
            <line number="165" hits="1" branch="false" />
            <line number="166" hits="1" branch="false" />
            <line number="167" hits="1" branch="true" condition-coverage="50% (1/2)" />
            <line number="168" hits="1" branch="false" />
            <line number="173" hits="1" branch="false" />
            <line number="174" hits="1" branch="false" />
            <line number="176" hits="1" branch="false" />
            <line number="177" hits="1" branch="true" condition-coverage="50% (1/2)" />
            <line number="179" hits="1" branch="false" />
            <line number="180" hits="1" branch="false" />
            <line number="181" hits="1" branch="true" condition-coverage="50% (1/2)" />
            <line number="183" hits="1" branch="false" />
            <line number="184" hits="1" branch="false" />
            <line number="185" hits="1" branch="false" />
            <line number="186" hits="1" branch="true" condition-coverage="50% (1/2)" />
            <line number="188" hits="1" branch="false" />
            <line number="189" hits="1" branch="false" />
            <line number="190" hits="1" branch="false" />
            <line number="191" hits="1" branch="true" condition-coverage="50% (1/2)" />
            <line number="192" hits="1" branch="false" />
            <line number="197" hits="1" branch="false" />
            <line number="198" hits="1" branch="false" />
            <line number="200" hits="1" branch="false" />
            <line number="201" hits="1" branch="true" condition-coverage="50% (1/2)" />
            <line number="203" hits="1" branch="false" />
            <line number="204" hits="1" branch="false" />
            <line number="207" hits="1" branch="false" />
            <line number="208" hits="0" branch="false" />
            <line number="211" hits="1" branch="false" />
            <line number="212" hits="1" branch="false" />
            <line number="213" hits="1" branch="false" />
            <line number="215" hits="1" branch="false" />
            <line number="216" hits="1" branch="false" />
            <line number="217" hits="1" branch="false" />
            <line number="218" hits="1" branch="true" condition-coverage="50% (1/2)" />
            <line number="219" hits="1" branch="false" />
          </lines>
        </class>
      </classes>
    </package>
  </packages>
</coverage>