TpTrace Verbose: 0 : 118840, 1, 2021/10/07, 22:15:35.479, 2879139897779, vstest.console.dll, Version: 16.10.0
TpTrace Information: 0 : 118840, 1, 2021/10/07, 22:15:35.490, 2879139989434, vstest.console.dll, FilePatternParser: The given file D:\PairCoding\pair-coding-project-a_team\ExercisesGenerator\ToolsUnitTest\bin\Release\net5.0\fine-code-coverage\build-output\ToolsUnitTest.dll is a full path.
TpTrace Verbose: 0 : 118840, 1, 2021/10/07, 22:15:35.497, 2879140058485, vstest.console.dll, TestPluginCache.DiscoverTestExtensions: finding test extensions in assemblies ends with: RuntimeProvider.dll TPluginInfo: Microsoft.VisualStudio.TestPlatform.Common.ExtensionFramework.Utilities.TestRuntimePluginInformation TExtension: Microsoft.VisualStudio.TestPlatform.ObjectModel.Host.ITestRuntimeProvider
TpTrace Verbose: 0 : 118840, 1, 2021/10/07, 22:15:35.503, 2879140125247, vstest.console.dll, TestPluginCache.GetExtensionPaths: Filtered extension paths: 
TpTrace Verbose: 0 : 118840, 1, 2021/10/07, 22:15:35.504, 2879140126957, vstest.console.dll, TestPluginCache.GetExtensionPaths: Added default extension paths: C:\Program Files\dotnet\sdk\5.0.302\Extensions\Microsoft.Diagnostics.NETCore.Client.dll
C:\Program Files\dotnet\sdk\5.0.302\Extensions\Microsoft.TestPlatform.Extensions.BlameDataCollector.dll
C:\Program Files\dotnet\sdk\5.0.302\Extensions\Microsoft.TestPlatform.Extensions.EventLogCollector.dll
C:\Program Files\dotnet\sdk\5.0.302\Extensions\Microsoft.TestPlatform.TestHostRuntimeProvider.dll
C:\Program Files\dotnet\sdk\5.0.302\Extensions\Microsoft.VisualStudio.TestPlatform.Extensions.Html.TestLogger.dll
C:\Program Files\dotnet\sdk\5.0.302\Extensions\Microsoft.VisualStudio.TestPlatform.Extensions.Trx.TestLogger.dll
TpTrace Verbose: 0 : 118840, 1, 2021/10/07, 22:15:35.504, 2879140127413, vstest.console.dll, TestPluginCache.GetExtensionPaths: Added unfilterableExtensionPaths: 
TpTrace Information: 0 : 118840, 1, 2021/10/07, 22:15:35.505, 2879140137553, vstest.console.dll, AssemblyResolver.ctor: Creating AssemblyResolver with searchDirectories C:\Program Files\dotnet\sdk\5.0.302\Extensions,C:\Program Files\dotnet\sdk\5.0.302
TpTrace Verbose: 0 : 118840, 1, 2021/10/07, 22:15:35.506, 2879140153663, vstest.console.dll, TestPluginCache.DiscoverTestExtensions: Discovering the extensions using extension path.
TpTrace Verbose: 0 : 118840, 1, 2021/10/07, 22:15:35.507, 2879140155940, vstest.console.dll, TestPluginCache.GetExtensionPaths: Filtered extension paths: 
TpTrace Verbose: 0 : 118840, 1, 2021/10/07, 22:15:35.507, 2879140156640, vstest.console.dll, TestPluginCache.GetExtensionPaths: Added default extension paths: C:\Program Files\dotnet\sdk\5.0.302\Extensions\Microsoft.Diagnostics.NETCore.Client.dll
C:\Program Files\dotnet\sdk\5.0.302\Extensions\Microsoft.TestPlatform.Extensions.BlameDataCollector.dll
C:\Program Files\dotnet\sdk\5.0.302\Extensions\Microsoft.TestPlatform.Extensions.EventLogCollector.dll
C:\Program Files\dotnet\sdk\5.0.302\Extensions\Microsoft.TestPlatform.TestHostRuntimeProvider.dll
C:\Program Files\dotnet\sdk\5.0.302\Extensions\Microsoft.VisualStudio.TestPlatform.Extensions.Html.TestLogger.dll
C:\Program Files\dotnet\sdk\5.0.302\Extensions\Microsoft.VisualStudio.TestPlatform.Extensions.Trx.TestLogger.dll
TpTrace Verbose: 0 : 118840, 1, 2021/10/07, 22:15:35.507, 2879140157151, vstest.console.dll, TestPluginCache.GetExtensionPaths: Added unfilterableExtensionPaths: 
TpTrace Verbose: 0 : 118840, 1, 2021/10/07, 22:15:35.507, 2879140158107, vstest.console.dll, TestPluginCache.DiscoverTestExtensions: Discovering the extensions using allExtensionPaths: C:\Program Files\dotnet\sdk\5.0.302\Extensions\Microsoft.Diagnostics.NETCore.Client.dll
C:\Program Files\dotnet\sdk\5.0.302\Extensions\Microsoft.TestPlatform.Extensions.BlameDataCollector.dll
C:\Program Files\dotnet\sdk\5.0.302\Extensions\Microsoft.TestPlatform.Extensions.EventLogCollector.dll
C:\Program Files\dotnet\sdk\5.0.302\Extensions\Microsoft.TestPlatform.TestHostRuntimeProvider.dll
C:\Program Files\dotnet\sdk\5.0.302\Extensions\Microsoft.VisualStudio.TestPlatform.Extensions.Html.TestLogger.dll
C:\Program Files\dotnet\sdk\5.0.302\Extensions\Microsoft.VisualStudio.TestPlatform.Extensions.Trx.TestLogger.dll
TpTrace Information: 0 : 118840, 1, 2021/10/07, 22:15:35.507, 2879140160328, vstest.console.dll, AssemblyResolver.AddSearchDirectories: Adding more searchDirectories C:\Program Files\dotnet\sdk\5.0.302\Extensions,C:\Program Files\dotnet\sdk\5.0.302
TpTrace Information: 0 : 118840, 1, 2021/10/07, 22:15:35.507, 2879140161096, vstest.console.dll, AssemblyResolver.AddSearchDirectories: Adding more searchDirectories C:\Program Files\dotnet\sdk\5.0.302\Extensions,C:\Program Files\dotnet\sdk\5.0.302
TpTrace Information: 0 : 118840, 1, 2021/10/07, 22:15:35.507, 2879140161433, vstest.console.dll, AssemblyResolver.AddSearchDirectories: Adding more searchDirectories C:\Program Files\dotnet\sdk\5.0.302\Extensions,C:\Program Files\dotnet\sdk\5.0.302
TpTrace Information: 0 : 118840, 1, 2021/10/07, 22:15:35.507, 2879140161685, vstest.console.dll, AssemblyResolver.AddSearchDirectories: Adding more searchDirectories C:\Program Files\dotnet\sdk\5.0.302\Extensions,C:\Program Files\dotnet\sdk\5.0.302
TpTrace Information: 0 : 118840, 1, 2021/10/07, 22:15:35.507, 2879140161962, vstest.console.dll, AssemblyResolver.AddSearchDirectories: Adding more searchDirectories C:\Program Files\dotnet\sdk\5.0.302\Extensions,C:\Program Files\dotnet\sdk\5.0.302
TpTrace Information: 0 : 118840, 1, 2021/10/07, 22:15:35.507, 2879140162252, vstest.console.dll, AssemblyResolver.AddSearchDirectories: Adding more searchDirectories C:\Program Files\dotnet\sdk\5.0.302\Extensions,C:\Program Files\dotnet\sdk\5.0.302
TpTrace Information: 0 : 118840, 1, 2021/10/07, 22:15:35.508, 2879140166824, vstest.console.dll, AssemblyResolver.OnResolve: Microsoft.Diagnostics.NETCore.Client: Resolving assembly.
TpTrace Information: 0 : 118840, 1, 2021/10/07, 22:15:35.508, 2879140167877, vstest.console.dll, AssemblyResolver.OnResolve: Microsoft.Diagnostics.NETCore.Client: Searching in: 'C:\Program Files\dotnet\sdk\5.0.302\Extensions'.
TpTrace Information: 0 : 118840, 1, 2021/10/07, 22:15:35.508, 2879140173043, vstest.console.dll, AssemblyResolver.OnResolve: Microsoft.Diagnostics.NETCore.Client: Loading assembly 'C:\Program Files\dotnet\sdk\5.0.302\Extensions\Microsoft.Diagnostics.NETCore.Client.dll'.
TpTrace Information: 0 : 118840, 1, 2021/10/07, 22:15:35.509, 2879140178767, vstest.console.dll, AssemblyResolver.OnResolve: Resolved assembly: Microsoft.Diagnostics.NETCore.Client, from path: C:\Program Files\dotnet\sdk\5.0.302\Extensions\Microsoft.Diagnostics.NETCore.Client.dll
TpTrace Information: 0 : 118840, 1, 2021/10/07, 22:15:35.513, 2879140220282, vstest.console.dll, AssemblyResolver.OnResolve: Microsoft.Bcl.AsyncInterfaces: Resolving assembly.
TpTrace Information: 0 : 118840, 1, 2021/10/07, 22:15:35.513, 2879140221368, vstest.console.dll, AssemblyResolver.OnResolve: Microsoft.Bcl.AsyncInterfaces: Searching in: 'C:\Program Files\dotnet\sdk\5.0.302\Extensions'.
TpTrace Information: 0 : 118840, 1, 2021/10/07, 22:15:35.513, 2879140223193, vstest.console.dll, AssemblyResolver.OnResolve: Microsoft.Bcl.AsyncInterfaces: Assembly path does not exist: 'C:\Program Files\dotnet\sdk\5.0.302\Extensions\Microsoft.Bcl.AsyncInterfaces.dll', returning.
TpTrace Information: 0 : 118840, 1, 2021/10/07, 22:15:35.513, 2879140224252, vstest.console.dll, AssemblyResolver.OnResolve: Microsoft.Bcl.AsyncInterfaces: Assembly path does not exist: 'C:\Program Files\dotnet\sdk\5.0.302\Extensions\Microsoft.Bcl.AsyncInterfaces.exe', returning.
TpTrace Information: 0 : 118840, 1, 2021/10/07, 22:15:35.513, 2879140224617, vstest.console.dll, AssemblyResolver.OnResolve: Microsoft.Bcl.AsyncInterfaces: Searching in: 'C:\Program Files\dotnet\sdk\5.0.302'.
TpTrace Information: 0 : 118840, 1, 2021/10/07, 22:15:35.514, 2879140226997, vstest.console.dll, AssemblyResolver.OnResolve: Microsoft.Bcl.AsyncInterfaces: Assembly path does not exist: 'C:\Program Files\dotnet\sdk\5.0.302\Microsoft.Bcl.AsyncInterfaces.dll', returning.
TpTrace Information: 0 : 118840, 1, 2021/10/07, 22:15:35.514, 2879140228758, vstest.console.dll, AssemblyResolver.OnResolve: Microsoft.Bcl.AsyncInterfaces: Assembly path does not exist: 'C:\Program Files\dotnet\sdk\5.0.302\Microsoft.Bcl.AsyncInterfaces.exe', returning.
TpTrace Information: 0 : 118840, 1, 2021/10/07, 22:15:35.514, 2879140229649, vstest.console.dll, AssemblyResolver.OnResolve: Microsoft.Bcl.AsyncInterfaces: Failed to load assembly.
TpTrace Verbose: 0 : 118840, 1, 2021/10/07, 22:15:35.514, 2879140230188, vstest.console.dll, CurrentDomainAssemblyResolve: Resolving assembly 'Microsoft.Bcl.AsyncInterfaces'.
TpTrace Information: 0 : 118840, 1, 2021/10/07, 22:15:35.514, 2879140230986, vstest.console.dll, AssemblyResolver.OnResolve: Microsoft.Bcl.AsyncInterfaces: Resolving assembly.
TpTrace Information: 0 : 118840, 1, 2021/10/07, 22:15:35.514, 2879140231415, vstest.console.dll, AssemblyResolver.OnResolve: Microsoft.Bcl.AsyncInterfaces: Resolved from cache.
TpTrace Verbose: 0 : 118840, 1, 2021/10/07, 22:15:35.514, 2879140231744, vstest.console.dll, CurrentDomainAssemblyResolve: Resolving assembly 'Microsoft.Bcl.AsyncInterfaces'.
TpTrace Verbose: 0 : 118840, 1, 2021/10/07, 22:15:35.514, 2879140232118, vstest.console.dll, CurrentDomainAssemblyResolve: Failed to resolve assembly 'Microsoft.Bcl.AsyncInterfaces'.
TpTrace Verbose: 0 : 118840, 1, 2021/10/07, 22:15:35.515, 2879140242224, vstest.console.dll, CurrentDomainAssemblyResolve: Failed to resolve assembly 'Microsoft.Bcl.AsyncInterfaces'.
TpTrace Warning: 0 : 118840, 1, 2021/10/07, 22:15:35.534, 2879140434303, vstest.console.dll, TestPluginDiscoverer: Failed to get types from assembly 'Microsoft.Diagnostics.NETCore.Client, Version=0.2.2.41902, Culture=neutral, PublicKeyToken=31bf3856ad364e35'.  Skipping test extension scan for this assembly.  Error: System.Reflection.ReflectionTypeLoadException: Unable to load one or more of the requested types.
Could not load file or assembly 'Microsoft.Bcl.AsyncInterfaces, Version=1.0.0.0, Culture=neutral, PublicKeyToken=cc7b13ffcd2ddd51'. 系统找不到指定的文件。
   at System.Reflection.RuntimeModule.GetTypes(RuntimeModule module)
   at System.Reflection.RuntimeModule.GetTypes()
   at System.Reflection.Assembly.GetTypes()
   at Microsoft.VisualStudio.TestPlatform.Common.ExtensionFramework.TestPluginDiscoverer.GetTestExtensionsFromAssembly[TPluginInfo,TExtension](Assembly assembly, Dictionary`2 pluginInfos)
System.IO.FileNotFoundException: Could not load file or assembly 'Microsoft.Bcl.AsyncInterfaces, Version=1.0.0.0, Culture=neutral, PublicKeyToken=cc7b13ffcd2ddd51'. 系统找不到指定的文件。
File name: 'Microsoft.Bcl.AsyncInterfaces, Version=1.0.0.0, Culture=neutral, PublicKeyToken=cc7b13ffcd2ddd51'
TpTrace Warning: 0 : 118840, 1, 2021/10/07, 22:15:35.535, 2879140436703, vstest.console.dll, LoaderExceptions: System.IO.FileNotFoundException: Could not load file or assembly 'Microsoft.Bcl.AsyncInterfaces, Version=1.0.0.0, Culture=neutral, PublicKeyToken=cc7b13ffcd2ddd51'. 系统找不到指定的文件。
File name: 'Microsoft.Bcl.AsyncInterfaces, Version=1.0.0.0, Culture=neutral, PublicKeyToken=cc7b13ffcd2ddd51'
TpTrace Information: 0 : 118840, 1, 2021/10/07, 22:15:35.535, 2879140437860, vstest.console.dll, AssemblyResolver.OnResolve: Microsoft.TestPlatform.Extensions.BlameDataCollector: Resolving assembly.
TpTrace Information: 0 : 118840, 1, 2021/10/07, 22:15:35.535, 2879140438241, vstest.console.dll, AssemblyResolver.OnResolve: Microsoft.TestPlatform.Extensions.BlameDataCollector: Searching in: 'C:\Program Files\dotnet\sdk\5.0.302\Extensions'.
TpTrace Information: 0 : 118840, 1, 2021/10/07, 22:15:35.535, 2879140441352, vstest.console.dll, AssemblyResolver.OnResolve: Microsoft.TestPlatform.Extensions.BlameDataCollector: Loading assembly 'C:\Program Files\dotnet\sdk\5.0.302\Extensions\Microsoft.TestPlatform.Extensions.BlameDataCollector.dll'.
TpTrace Information: 0 : 118840, 1, 2021/10/07, 22:15:35.536, 2879140445835, vstest.console.dll, AssemblyResolver.OnResolve: Resolved assembly: Microsoft.TestPlatform.Extensions.BlameDataCollector, from path: C:\Program Files\dotnet\sdk\5.0.302\Extensions\Microsoft.TestPlatform.Extensions.BlameDataCollector.dll
TpTrace Information: 0 : 118840, 1, 2021/10/07, 22:15:35.536, 2879140451014, vstest.console.dll, AssemblyResolver.OnResolve: Microsoft.TestPlatform.Extensions.EventLogCollector: Resolving assembly.
TpTrace Information: 0 : 118840, 1, 2021/10/07, 22:15:35.536, 2879140451484, vstest.console.dll, AssemblyResolver.OnResolve: Microsoft.TestPlatform.Extensions.EventLogCollector: Searching in: 'C:\Program Files\dotnet\sdk\5.0.302\Extensions'.
TpTrace Information: 0 : 118840, 1, 2021/10/07, 22:15:35.536, 2879140453889, vstest.console.dll, AssemblyResolver.OnResolve: Microsoft.TestPlatform.Extensions.EventLogCollector: Loading assembly 'C:\Program Files\dotnet\sdk\5.0.302\Extensions\Microsoft.TestPlatform.Extensions.EventLogCollector.dll'.
TpTrace Information: 0 : 118840, 1, 2021/10/07, 22:15:35.537, 2879140457102, vstest.console.dll, AssemblyResolver.OnResolve: Resolved assembly: Microsoft.TestPlatform.Extensions.EventLogCollector, from path: C:\Program Files\dotnet\sdk\5.0.302\Extensions\Microsoft.TestPlatform.Extensions.EventLogCollector.dll
TpTrace Information: 0 : 118840, 1, 2021/10/07, 22:15:35.538, 2879140471086, vstest.console.dll, AssemblyResolver.OnResolve: Microsoft.TestPlatform.TestHostRuntimeProvider: Resolving assembly.
TpTrace Information: 0 : 118840, 1, 2021/10/07, 22:15:35.538, 2879140471723, vstest.console.dll, AssemblyResolver.OnResolve: Microsoft.TestPlatform.TestHostRuntimeProvider: Searching in: 'C:\Program Files\dotnet\sdk\5.0.302\Extensions'.
TpTrace Information: 0 : 118840, 1, 2021/10/07, 22:15:35.538, 2879140474422, vstest.console.dll, AssemblyResolver.OnResolve: Microsoft.TestPlatform.TestHostRuntimeProvider: Loading assembly 'C:\Program Files\dotnet\sdk\5.0.302\Extensions\Microsoft.TestPlatform.TestHostRuntimeProvider.dll'.
TpTrace Information: 0 : 118840, 1, 2021/10/07, 22:15:35.539, 2879140478074, vstest.console.dll, AssemblyResolver.OnResolve: Resolved assembly: Microsoft.TestPlatform.TestHostRuntimeProvider, from path: C:\Program Files\dotnet\sdk\5.0.302\Extensions\Microsoft.TestPlatform.TestHostRuntimeProvider.dll
TpTrace Information: 0 : 118840, 1, 2021/10/07, 22:15:35.540, 2879140487387, vstest.console.dll, AssemblyResolver.OnResolve: Microsoft.VisualStudio.TestPlatform.Extensions.Html.TestLogger: Resolving assembly.
TpTrace Information: 0 : 118840, 1, 2021/10/07, 22:15:35.540, 2879140487959, vstest.console.dll, AssemblyResolver.OnResolve: Microsoft.VisualStudio.TestPlatform.Extensions.Html.TestLogger: Searching in: 'C:\Program Files\dotnet\sdk\5.0.302\Extensions'.
TpTrace Information: 0 : 118840, 1, 2021/10/07, 22:15:35.540, 2879140490478, vstest.console.dll, AssemblyResolver.OnResolve: Microsoft.VisualStudio.TestPlatform.Extensions.Html.TestLogger: Loading assembly 'C:\Program Files\dotnet\sdk\5.0.302\Extensions\Microsoft.VisualStudio.TestPlatform.Extensions.Html.TestLogger.dll'.
TpTrace Information: 0 : 118840, 1, 2021/10/07, 22:15:35.540, 2879140494396, vstest.console.dll, AssemblyResolver.OnResolve: Resolved assembly: Microsoft.VisualStudio.TestPlatform.Extensions.Html.TestLogger, from path: C:\Program Files\dotnet\sdk\5.0.302\Extensions\Microsoft.VisualStudio.TestPlatform.Extensions.Html.TestLogger.dll
TpTrace Information: 0 : 118840, 1, 2021/10/07, 22:15:35.541, 2879140497071, vstest.console.dll, AssemblyResolver.OnResolve: Microsoft.VisualStudio.TestPlatform.Extensions.Trx.TestLogger: Resolving assembly.
TpTrace Information: 0 : 118840, 1, 2021/10/07, 22:15:35.541, 2879140497510, vstest.console.dll, AssemblyResolver.OnResolve: Microsoft.VisualStudio.TestPlatform.Extensions.Trx.TestLogger: Searching in: 'C:\Program Files\dotnet\sdk\5.0.302\Extensions'.
TpTrace Information: 0 : 118840, 1, 2021/10/07, 22:15:35.541, 2879140499840, vstest.console.dll, AssemblyResolver.OnResolve: Microsoft.VisualStudio.TestPlatform.Extensions.Trx.TestLogger: Loading assembly 'C:\Program Files\dotnet\sdk\5.0.302\Extensions\Microsoft.VisualStudio.TestPlatform.Extensions.Trx.TestLogger.dll'.
TpTrace Information: 0 : 118840, 1, 2021/10/07, 22:15:35.541, 2879140504646, vstest.console.dll, AssemblyResolver.OnResolve: Resolved assembly: Microsoft.VisualStudio.TestPlatform.Extensions.Trx.TestLogger, from path: C:\Program Files\dotnet\sdk\5.0.302\Extensions\Microsoft.VisualStudio.TestPlatform.Extensions.Trx.TestLogger.dll
TpTrace Verbose: 0 : 118840, 1, 2021/10/07, 22:15:35.542, 2879140509153, vstest.console.dll, TestPluginCache: Discovered the extensions using extension path ''.
TpTrace Verbose: 0 : 118840, 1, 2021/10/07, 22:15:35.542, 2879140509628, vstest.console.dll, TestPluginCache: Discoverers are ''.
TpTrace Verbose: 0 : 118840, 1, 2021/10/07, 22:15:35.542, 2879140509936, vstest.console.dll, TestPluginCache: Executors are ''.
TpTrace Verbose: 0 : 118840, 1, 2021/10/07, 22:15:35.542, 2879140510155, vstest.console.dll, TestPluginCache: Executors2 are ''.
TpTrace Verbose: 0 : 118840, 1, 2021/10/07, 22:15:35.542, 2879140510362, vstest.console.dll, TestPluginCache: Setting providers are ''.
TpTrace Verbose: 0 : 118840, 1, 2021/10/07, 22:15:35.542, 2879140510569, vstest.console.dll, TestPluginCache: Loggers are ''.
TpTrace Information: 0 : 118840, 1, 2021/10/07, 22:15:35.547, 2879140562514, vstest.console.dll, RunTestsArgumentProcessor:Execute: Test run is starting.
TpTrace Verbose: 0 : 118840, 1, 2021/10/07, 22:15:35.547, 2879140563504, vstest.console.dll, RunTestsArgumentProcessor:Execute: Queuing Test run.
TpTrace Information: 0 : 118840, 1, 2021/10/07, 22:15:35.548, 2879140565286, vstest.console.dll, TestRequestManager.RunTests: run tests started.
TpTrace Information: 0 : 118840, 1, 2021/10/07, 22:15:35.550, 2879140592769, vstest.console.dll, AssemblyMetadataProvider.GetFrameWork: Determined framework:'.NETCoreApp,Version=v5.0' for source: 'D:\PairCoding\pair-coding-project-a_team\ExercisesGenerator\ToolsUnitTest\bin\Release\net5.0\fine-code-coverage\build-output\ToolsUnitTest.dll'
TpTrace Information: 0 : 118840, 1, 2021/10/07, 22:15:35.550, 2879140594434, vstest.console.dll, Determined framework for all sources: .NETCoreApp,Version=v5.0
TpTrace Information: 0 : 118840, 1, 2021/10/07, 22:15:35.551, 2879140598346, vstest.console.dll, AssemblyMetadataProvider.GetArchitecture: Determined architecture:AnyCPU info for assembly: D:\PairCoding\pair-coding-project-a_team\ExercisesGenerator\ToolsUnitTest\bin\Release\net5.0\fine-code-coverage\build-output\ToolsUnitTest.dll
TpTrace Information: 0 : 118840, 1, 2021/10/07, 22:15:35.552, 2879140614148, vstest.console.dll, Determined platform for all sources: X64
TpTrace Information: 0 : 118840, 1, 2021/10/07, 22:15:35.555, 2879140636993, vstest.console.dll, Compatible sources list : 
TpTrace Information: 0 : 118840, 1, 2021/10/07, 22:15:35.555, 2879140638153, vstest.console.dll, D:\PairCoding\pair-coding-project-a_team\ExercisesGenerator\ToolsUnitTest\bin\Release\net5.0\fine-code-coverage\build-output\ToolsUnitTest.dll
TpTrace Information: 0 : 118840, 1, 2021/10/07, 22:15:35.557, 2879140657377, vstest.console.dll, InferRunSettingsHelper.IsTestSettingsEnabled: Unable to navigate to RunSettings/MSTest. Current node: RunSettings
TpTrace Information: 0 : 118840, 1, 2021/10/07, 22:15:35.557, 2879140664437, vstest.console.dll, AssemblyResolver.OnResolve: Microsoft.VisualStudio.TestPlatform.Fakes: Resolving assembly.
TpTrace Information: 0 : 118840, 1, 2021/10/07, 22:15:35.557, 2879140665126, vstest.console.dll, AssemblyResolver.OnResolve: Microsoft.VisualStudio.TestPlatform.Fakes: Searching in: 'C:\Program Files\dotnet\sdk\5.0.302\Extensions'.
TpTrace Information: 0 : 118840, 1, 2021/10/07, 22:15:35.558, 2879140666983, vstest.console.dll, AssemblyResolver.OnResolve: Microsoft.VisualStudio.TestPlatform.Fakes: Assembly path does not exist: 'C:\Program Files\dotnet\sdk\5.0.302\Extensions\Microsoft.VisualStudio.TestPlatform.Fakes.dll', returning.
TpTrace Information: 0 : 118840, 1, 2021/10/07, 22:15:35.558, 2879140668102, vstest.console.dll, AssemblyResolver.OnResolve: Microsoft.VisualStudio.TestPlatform.Fakes: Assembly path does not exist: 'C:\Program Files\dotnet\sdk\5.0.302\Extensions\Microsoft.VisualStudio.TestPlatform.Fakes.exe', returning.
TpTrace Information: 0 : 118840, 1, 2021/10/07, 22:15:35.558, 2879140668520, vstest.console.dll, AssemblyResolver.OnResolve: Microsoft.VisualStudio.TestPlatform.Fakes: Searching in: 'C:\Program Files\dotnet\sdk\5.0.302'.
TpTrace Information: 0 : 118840, 1, 2021/10/07, 22:15:35.558, 2879140669555, vstest.console.dll, AssemblyResolver.OnResolve: Microsoft.VisualStudio.TestPlatform.Fakes: Assembly path does not exist: 'C:\Program Files\dotnet\sdk\5.0.302\Microsoft.VisualStudio.TestPlatform.Fakes.dll', returning.
TpTrace Information: 0 : 118840, 1, 2021/10/07, 22:15:35.558, 2879140670518, vstest.console.dll, AssemblyResolver.OnResolve: Microsoft.VisualStudio.TestPlatform.Fakes: Assembly path does not exist: 'C:\Program Files\dotnet\sdk\5.0.302\Microsoft.VisualStudio.TestPlatform.Fakes.exe', returning.
TpTrace Information: 0 : 118840, 1, 2021/10/07, 22:15:35.558, 2879140670835, vstest.console.dll, AssemblyResolver.OnResolve: Microsoft.VisualStudio.TestPlatform.Fakes: Failed to load assembly.
TpTrace Information: 0 : 118840, 1, 2021/10/07, 22:15:35.558, 2879140673985, vstest.console.dll, Failed to create newly implemented Fakes Configurator. Reason:System.IO.FileNotFoundException: Could not load file or assembly 'Microsoft.VisualStudio.TestPlatform.Fakes, Version=16.0.0.0, Culture=neutral, PublicKeyToken=null'. 系统找不到指定的文件。
File name: 'Microsoft.VisualStudio.TestPlatform.Fakes, Version=16.0.0.0, Culture=neutral, PublicKeyToken=null'
   at System.Reflection.RuntimeAssembly.InternalLoad(ObjectHandleOnStack assemblyName, ObjectHandleOnStack requestingAssembly, StackCrawlMarkHandle stackMark, Boolean throwOnFileNotFound, ObjectHandleOnStack assemblyLoadContext, ObjectHandleOnStack retAssembly)
   at System.Reflection.RuntimeAssembly.InternalLoad(AssemblyName assemblyName, RuntimeAssembly requestingAssembly, StackCrawlMark& stackMark, Boolean throwOnFileNotFound, AssemblyLoadContext assemblyLoadContext)
   at System.Reflection.Assembly.Load(AssemblyName assemblyRef)
   at Microsoft.VisualStudio.TestPlatform.Common.Utilities.FakesUtilities.TryGetFakesCrossPlatformDataCollectorConfigurator() 
TpTrace Verbose: 0 : 118840, 1, 2021/10/07, 22:15:35.562, 2879140713703, vstest.console.dll, TestPluginCache.DiscoverTestExtensions: finding test extensions in assemblies ends with: TestLogger.dll TPluginInfo: Microsoft.VisualStudio.TestPlatform.Common.ExtensionFramework.Utilities.TestLoggerPluginInformation TExtension: Microsoft.VisualStudio.TestPlatform.ObjectModel.Client.ITestLogger
TpTrace Verbose: 0 : 118840, 1, 2021/10/07, 22:15:35.562, 2879140714740, vstest.console.dll, TestPluginCache.GetExtensionPaths: Filtered extension paths: 
TpTrace Verbose: 0 : 118840, 1, 2021/10/07, 22:15:35.562, 2879140715074, vstest.console.dll, TestPluginCache.GetExtensionPaths: Added default extension paths: C:\Program Files\dotnet\sdk\5.0.302\Extensions\Microsoft.Diagnostics.NETCore.Client.dll
C:\Program Files\dotnet\sdk\5.0.302\Extensions\Microsoft.TestPlatform.Extensions.BlameDataCollector.dll
C:\Program Files\dotnet\sdk\5.0.302\Extensions\Microsoft.TestPlatform.Extensions.EventLogCollector.dll
C:\Program Files\dotnet\sdk\5.0.302\Extensions\Microsoft.TestPlatform.TestHostRuntimeProvider.dll
C:\Program Files\dotnet\sdk\5.0.302\Extensions\Microsoft.VisualStudio.TestPlatform.Extensions.Html.TestLogger.dll
C:\Program Files\dotnet\sdk\5.0.302\Extensions\Microsoft.VisualStudio.TestPlatform.Extensions.Trx.TestLogger.dll
TpTrace Verbose: 0 : 118840, 1, 2021/10/07, 22:15:35.563, 2879140715413, vstest.console.dll, TestPluginCache.GetExtensionPaths: Added unfilterableExtensionPaths: 
TpTrace Information: 0 : 118840, 1, 2021/10/07, 22:15:35.563, 2879140717557, vstest.console.dll, AssemblyResolver.AddSearchDirectories: Adding more searchDirectories C:\Program Files\dotnet\sdk\5.0.302\Extensions,C:\Program Files\dotnet\sdk\5.0.302
TpTrace Verbose: 0 : 118840, 1, 2021/10/07, 22:15:35.563, 2879140718092, vstest.console.dll, TestPluginCache.DiscoverTestExtensions: Discovering the extensions using extension path.
TpTrace Verbose: 0 : 118840, 1, 2021/10/07, 22:15:35.563, 2879140718437, vstest.console.dll, TestPluginCache.GetExtensionPaths: Filtered extension paths: 
TpTrace Verbose: 0 : 118840, 1, 2021/10/07, 22:15:35.563, 2879140718708, vstest.console.dll, TestPluginCache.GetExtensionPaths: Added default extension paths: C:\Program Files\dotnet\sdk\5.0.302\Extensions\Microsoft.Diagnostics.NETCore.Client.dll
C:\Program Files\dotnet\sdk\5.0.302\Extensions\Microsoft.TestPlatform.Extensions.BlameDataCollector.dll
C:\Program Files\dotnet\sdk\5.0.302\Extensions\Microsoft.TestPlatform.Extensions.EventLogCollector.dll
C:\Program Files\dotnet\sdk\5.0.302\Extensions\Microsoft.TestPlatform.TestHostRuntimeProvider.dll
C:\Program Files\dotnet\sdk\5.0.302\Extensions\Microsoft.VisualStudio.TestPlatform.Extensions.Html.TestLogger.dll
C:\Program Files\dotnet\sdk\5.0.302\Extensions\Microsoft.VisualStudio.TestPlatform.Extensions.Trx.TestLogger.dll
TpTrace Verbose: 0 : 118840, 1, 2021/10/07, 22:15:35.563, 2879140719002, vstest.console.dll, TestPluginCache.GetExtensionPaths: Added unfilterableExtensionPaths: 
TpTrace Verbose: 0 : 118840, 1, 2021/10/07, 22:15:35.563, 2879140719253, vstest.console.dll, TestPluginCache.DiscoverTestExtensions: Discovering the extensions using allExtensionPaths: C:\Program Files\dotnet\sdk\5.0.302\Extensions\Microsoft.Diagnostics.NETCore.Client.dll
C:\Program Files\dotnet\sdk\5.0.302\Extensions\Microsoft.TestPlatform.Extensions.BlameDataCollector.dll
C:\Program Files\dotnet\sdk\5.0.302\Extensions\Microsoft.TestPlatform.Extensions.EventLogCollector.dll
C:\Program Files\dotnet\sdk\5.0.302\Extensions\Microsoft.TestPlatform.TestHostRuntimeProvider.dll
C:\Program Files\dotnet\sdk\5.0.302\Extensions\Microsoft.VisualStudio.TestPlatform.Extensions.Html.TestLogger.dll
C:\Program Files\dotnet\sdk\5.0.302\Extensions\Microsoft.VisualStudio.TestPlatform.Extensions.Trx.TestLogger.dll
TpTrace Information: 0 : 118840, 1, 2021/10/07, 22:15:35.563, 2879140719703, vstest.console.dll, AssemblyResolver.AddSearchDirectories: Adding more searchDirectories C:\Program Files\dotnet\sdk\5.0.302\Extensions,C:\Program Files\dotnet\sdk\5.0.302
TpTrace Information: 0 : 118840, 1, 2021/10/07, 22:15:35.563, 2879140719990, vstest.console.dll, AssemblyResolver.AddSearchDirectories: Adding more searchDirectories C:\Program Files\dotnet\sdk\5.0.302\Extensions,C:\Program Files\dotnet\sdk\5.0.302
TpTrace Information: 0 : 118840, 1, 2021/10/07, 22:15:35.563, 2879140720231, vstest.console.dll, AssemblyResolver.AddSearchDirectories: Adding more searchDirectories C:\Program Files\dotnet\sdk\5.0.302\Extensions,C:\Program Files\dotnet\sdk\5.0.302
TpTrace Information: 0 : 118840, 1, 2021/10/07, 22:15:35.563, 2879140720516, vstest.console.dll, AssemblyResolver.AddSearchDirectories: Adding more searchDirectories C:\Program Files\dotnet\sdk\5.0.302\Extensions,C:\Program Files\dotnet\sdk\5.0.302
TpTrace Information: 0 : 118840, 1, 2021/10/07, 22:15:35.563, 2879140720754, vstest.console.dll, AssemblyResolver.AddSearchDirectories: Adding more searchDirectories C:\Program Files\dotnet\sdk\5.0.302\Extensions,C:\Program Files\dotnet\sdk\5.0.302
TpTrace Information: 0 : 118840, 1, 2021/10/07, 22:15:35.563, 2879140720987, vstest.console.dll, AssemblyResolver.AddSearchDirectories: Adding more searchDirectories C:\Program Files\dotnet\sdk\5.0.302\Extensions,C:\Program Files\dotnet\sdk\5.0.302
TpTrace Information: 0 : 118840, 1, 2021/10/07, 22:15:35.563, 2879140723144, vstest.console.dll, AssemblyResolver.OnResolve: Microsoft.Bcl.AsyncInterfaces: Resolving assembly.
TpTrace Information: 0 : 118840, 1, 2021/10/07, 22:15:35.563, 2879140723559, vstest.console.dll, AssemblyResolver.OnResolve: Microsoft.Bcl.AsyncInterfaces: Resolved from cache.
TpTrace Verbose: 0 : 118840, 1, 2021/10/07, 22:15:35.563, 2879140723832, vstest.console.dll, CurrentDomainAssemblyResolve: Resolving assembly 'Microsoft.Bcl.AsyncInterfaces'.
TpTrace Information: 0 : 118840, 1, 2021/10/07, 22:15:35.563, 2879140724253, vstest.console.dll, AssemblyResolver.OnResolve: Microsoft.Bcl.AsyncInterfaces: Resolving assembly.
TpTrace Information: 0 : 118840, 1, 2021/10/07, 22:15:35.563, 2879140724622, vstest.console.dll, AssemblyResolver.OnResolve: Microsoft.Bcl.AsyncInterfaces: Resolved from cache.
TpTrace Verbose: 0 : 118840, 1, 2021/10/07, 22:15:35.563, 2879140724943, vstest.console.dll, CurrentDomainAssemblyResolve: Resolving assembly 'Microsoft.Bcl.AsyncInterfaces'.
TpTrace Verbose: 0 : 118840, 1, 2021/10/07, 22:15:35.563, 2879140725173, vstest.console.dll, CurrentDomainAssemblyResolve: Failed to resolve assembly 'Microsoft.Bcl.AsyncInterfaces'.
TpTrace Verbose: 0 : 118840, 1, 2021/10/07, 22:15:35.564, 2879140726372, vstest.console.dll, CurrentDomainAssemblyResolve: Failed to resolve assembly 'Microsoft.Bcl.AsyncInterfaces'.
TpTrace Warning: 0 : 118840, 1, 2021/10/07, 22:15:35.564, 2879140728656, vstest.console.dll, TestPluginDiscoverer: Failed to get types from assembly 'Microsoft.Diagnostics.NETCore.Client, Version=0.2.2.41902, Culture=neutral, PublicKeyToken=31bf3856ad364e35'.  Skipping test extension scan for this assembly.  Error: System.Reflection.ReflectionTypeLoadException: Unable to load one or more of the requested types.
Could not load file or assembly 'Microsoft.Bcl.AsyncInterfaces, Version=1.0.0.0, Culture=neutral, PublicKeyToken=cc7b13ffcd2ddd51'. 系统找不到指定的文件。
   at System.Reflection.RuntimeModule.GetTypes(RuntimeModule module)
   at System.Reflection.RuntimeModule.GetTypes()
   at System.Reflection.Assembly.GetTypes()
   at Microsoft.VisualStudio.TestPlatform.Common.ExtensionFramework.TestPluginDiscoverer.GetTestExtensionsFromAssembly[TPluginInfo,TExtension](Assembly assembly, Dictionary`2 pluginInfos)
System.IO.FileNotFoundException: Could not load file or assembly 'Microsoft.Bcl.AsyncInterfaces, Version=1.0.0.0, Culture=neutral, PublicKeyToken=cc7b13ffcd2ddd51'. 系统找不到指定的文件。
File name: 'Microsoft.Bcl.AsyncInterfaces, Version=1.0.0.0, Culture=neutral, PublicKeyToken=cc7b13ffcd2ddd51'
TpTrace Warning: 0 : 118840, 1, 2021/10/07, 22:15:35.564, 2879140729150, vstest.console.dll, LoaderExceptions: System.IO.FileNotFoundException: Could not load file or assembly 'Microsoft.Bcl.AsyncInterfaces, Version=1.0.0.0, Culture=neutral, PublicKeyToken=cc7b13ffcd2ddd51'. 系统找不到指定的文件。
File name: 'Microsoft.Bcl.AsyncInterfaces, Version=1.0.0.0, Culture=neutral, PublicKeyToken=cc7b13ffcd2ddd51'
TpTrace Verbose: 0 : 118840, 1, 2021/10/07, 22:15:35.564, 2879140732120, vstest.console.dll, TestPluginCache: Discovered the extensions using extension path ''.
TpTrace Verbose: 0 : 118840, 1, 2021/10/07, 22:15:35.564, 2879140732522, vstest.console.dll, TestPluginCache: Discoverers are ''.
TpTrace Verbose: 0 : 118840, 1, 2021/10/07, 22:15:35.564, 2879140732802, vstest.console.dll, TestPluginCache: Executors are ''.
TpTrace Verbose: 0 : 118840, 1, 2021/10/07, 22:15:35.564, 2879140733015, vstest.console.dll, TestPluginCache: Executors2 are ''.
TpTrace Verbose: 0 : 118840, 1, 2021/10/07, 22:15:35.564, 2879140733219, vstest.console.dll, TestPluginCache: Setting providers are ''.
TpTrace Verbose: 0 : 118840, 1, 2021/10/07, 22:15:35.564, 2879140733757, vstest.console.dll, TestPluginCache: Loggers are 'logger://Microsoft/TestPlatform/Extensions/Blame/v1,logger://Microsoft/TestPlatform/HtmlLogger/v1,logger://Microsoft/TestPlatform/TrxLogger/v1'.
TpTrace Information: 0 : 118840, 1, 2021/10/07, 22:15:35.565, 2879140739105, vstest.console.dll, TestPluginManager.CreateTestExtension: Attempting to load test extension: Microsoft.TestPlatform.Extensions.BlameDataCollector.BlameLogger
TpTrace Information: 0 : 118840, 1, 2021/10/07, 22:15:35.572, 2879140814379, vstest.console.dll, TestPluginManager.CreateTestExtension: Attempting to load test extension: Microsoft.VisualStudio.TestPlatform.CrossPlatEngine.Hosting.DefaultTestHostManager
TpTrace Information: 0 : 118840, 1, 2021/10/07, 22:15:35.573, 2879140817140, vstest.console.dll, TestPluginManager.CreateTestExtension: Attempting to load test extension: Microsoft.VisualStudio.TestPlatform.CrossPlatEngine.Hosting.DotnetTestHostManager
TpTrace Verbose: 0 : 118840, 1, 2021/10/07, 22:15:35.573, 2879140821961, vstest.console.dll, TestEngine: Initializing Parallel Execution as MaxCpuCount is set to: 1
TpTrace Information: 0 : 118840, 1, 2021/10/07, 22:15:35.574, 2879140826179, vstest.console.dll, InferRunSettingsHelper.IsTestSettingsEnabled: Unable to navigate to RunSettings/MSTest. Current node: RunSettings
TpTrace Verbose: 0 : 118840, 1, 2021/10/07, 22:15:35.587, 2879140961238, vstest.console.dll, TestRequestSender is acting as server
TpTrace Verbose: 0 : 118840, 4, 2021/10/07, 22:15:35.590, 2879140990516, vstest.console.dll, DataCollectionRequestSender.InitializeCommunication : Initialize communication. 
TpTrace Information: 0 : 118840, 4, 2021/10/07, 22:15:35.602, 2879141113331, vstest.console.dll, Listening on Endpoint : 127.0.0.1:57350
TpTrace Verbose: 0 : 118840, 4, 2021/10/07, 22:15:35.612, 2879141210317, vstest.console.dll, DotnetDataCollectionLauncher: Full path of dotnet.exe is C:\Program Files\dotnet\dotnet.exe
TpTrace Verbose: 0 : 118840, 4, 2021/10/07, 22:15:35.612, 2879141212471, vstest.console.dll, DotnetDataCollectionLauncher: Adding  --runtimeconfig "C:\Program Files\dotnet\sdk\5.0.302\datacollector.runtimeconfig.json" in args
TpTrace Verbose: 0 : 118840, 4, 2021/10/07, 22:15:35.612, 2879141213678, vstest.console.dll, DotnetDataCollectionLauncher: Adding  --depsfile "C:\Program Files\dotnet\sdk\5.0.302\datacollector.deps.json" in args
TpTrace Information: 0 : 118840, 4, 2021/10/07, 22:15:35.623, 2879141321235, vstest.console.dll, ProxyDataCollectionManager.Initialize: Launched datacollector processId: 16584 port: 57350
TpTrace Information: 0 : 118840, 4, 2021/10/07, 22:15:35.623, 2879141322605, vstest.console.dll, ProxyDataCollectionManager.Initialize: waiting for connection with timeout: 90 seconds
TpTrace Verbose: 0 : 118840, 4, 2021/10/07, 22:15:35.623, 2879141323118, vstest.console.dll, DataCollectionRequestSender.WaitForRequestHandlerConnection : Waiting for connection with timeout: 90000
TpTrace Information: 0 : 118840, 7, 2021/10/07, 22:15:35.790, 2879142986256, vstest.console.dll, Using the buffer size of 16384 bytes
TpTrace Verbose: 0 : 118840, 4, 2021/10/07, 22:15:35.790, 2879142986742, vstest.console.dll, ProxyDataCollectionManager.InvokeDataCollectionServiceAction: Starting.
TpTrace Information: 0 : 118840, 7, 2021/10/07, 22:15:35.790, 2879142987788, vstest.console.dll, Accepted Client request and set the flag
TpTrace Information: 0 : 118840, 4, 2021/10/07, 22:15:35.790, 2879142988019, vstest.console.dll, ProxyDataCollectionManager.BeforeTestRunStart: Get environment variable and port for datacollector processId: 16584 port: 57350
TpTrace Verbose: 0 : 118840, 4, 2021/10/07, 22:15:35.790, 2879142989686, vstest.console.dll, DataCollectionRequestSender.SendBeforeTestRunStartAndGetResult : Send BeforeTestRunStart message with settingsXml <RunSettings><RunConfiguration><ResultsDirectory>D:\PairCoding\pair-coding-project-a_team\ExercisesGenerator\ToolsUnitTest\bin\Release\net5.0\fine-code-coverage\coverage-tool-output</ResultsDirectory><TargetPlatform>X64</TargetPlatform><TargetFrameworkVersion>.NETCoreApp,Version=v5.0</TargetFrameworkVersion><DesignMode>False</DesignMode><CollectSourceInformation>False</CollectSourceInformation><TestAdaptersPaths>C:\Program Files\dotnet\sdk\5.0.302\Extensions</TestAdaptersPaths></RunConfiguration><LoggerRunSettings><Loggers><Logger friendlyName="blame" enabled="True" /><Logger friendlyName="Console" uri="logger://microsoft/TestPlatform/ConsoleLogger/v1" assemblyQualifiedName="Microsoft.VisualStudio.TestPlatform.CommandLine.Internal.ConsoleLogger, vstest.console, Version=15.0.0.0, Culture=neutral, PublicKeyToken=b03f5f7f11d50a3a" codeBase="C:\Program Files\dotnet\sdk\5.0.302\vstest.console.dll" enabled="True" /></Loggers></LoggerRunSettings><DataCollectionRunSettings><DataCollectors><DataCollector friendlyName="blame" enabled="True"><Configuration><ResultsDirectory>D:\PairCoding\pair-coding-project-a_team\ExercisesGenerator\ToolsUnitTest\bin\Release\net5.0\fine-code-coverage\coverage-tool-output</ResultsDirectory></Configuration></DataCollector></DataCollectors></DataCollectionRunSettings></RunSettings> and sources System.Linq.Enumerable+Concat2Iterator`1[System.String]: 
TpTrace Verbose: 0 : 118840, 4, 2021/10/07, 22:15:35.854, 2879143634137, vstest.console.dll, DataCollectionRequestSender.SendBeforeTestRunStartAndGetResult : Received message: (DataCollection.SendMessage) -> {
  "FriendlyName": null,
  "Uri": null,
  "TestCaseId": "00000000-0000-0000-0000-000000000000",
  "Message": "Logging DataCollector Diagnostics in file: D:\\PairCoding\\pair-coding-project-a_team\\ExercisesGenerator\\ToolsUnitTest\\bin\\Release\\net5.0\\fine-code-coverage\\coverage-tool-output\\diagnostics.datacollector.21-10-07_22-15-35_60862_4.log",
  "Level": 0
}
TpTrace Information: 0 : 118840, 4, 2021/10/07, 22:15:35.860, 2879143686665, vstest.console.dll, AssemblyResolver.OnResolve: Microsoft.VisualStudio.TestPlatform.Common.resources: Resolving assembly.
TpTrace Information: 0 : 118840, 4, 2021/10/07, 22:15:35.860, 2879143687791, vstest.console.dll, AssemblyResolver.OnResolve: Microsoft.VisualStudio.TestPlatform.Common.resources: Searching in: 'C:\Program Files\dotnet\sdk\5.0.302\Extensions'.
TpTrace Information: 0 : 118840, 4, 2021/10/07, 22:15:35.860, 2879143689452, vstest.console.dll, AssemblyResolver.OnResolve: Microsoft.VisualStudio.TestPlatform.Common.resources: Assembly path does not exist: 'C:\Program Files\dotnet\sdk\5.0.302\Extensions\Microsoft.VisualStudio.TestPlatform.Common.resources.dll', returning.
TpTrace Information: 0 : 118840, 4, 2021/10/07, 22:15:35.860, 2879143690618, vstest.console.dll, AssemblyResolver.OnResolve: Microsoft.VisualStudio.TestPlatform.Common.resources: Assembly path does not exist: 'C:\Program Files\dotnet\sdk\5.0.302\Extensions\Microsoft.VisualStudio.TestPlatform.Common.resources.exe', returning.
TpTrace Information: 0 : 118840, 4, 2021/10/07, 22:15:35.860, 2879143690970, vstest.console.dll, AssemblyResolver.OnResolve: Microsoft.VisualStudio.TestPlatform.Common.resources: Searching in: 'C:\Program Files\dotnet\sdk\5.0.302'.
TpTrace Information: 0 : 118840, 4, 2021/10/07, 22:15:35.860, 2879143691938, vstest.console.dll, AssemblyResolver.OnResolve: Microsoft.VisualStudio.TestPlatform.Common.resources: Assembly path does not exist: 'C:\Program Files\dotnet\sdk\5.0.302\Microsoft.VisualStudio.TestPlatform.Common.resources.dll', returning.
TpTrace Information: 0 : 118840, 4, 2021/10/07, 22:15:35.860, 2879143692883, vstest.console.dll, AssemblyResolver.OnResolve: Microsoft.VisualStudio.TestPlatform.Common.resources: Assembly path does not exist: 'C:\Program Files\dotnet\sdk\5.0.302\Microsoft.VisualStudio.TestPlatform.Common.resources.exe', returning.
TpTrace Information: 0 : 118840, 4, 2021/10/07, 22:15:35.860, 2879143693227, vstest.console.dll, AssemblyResolver.OnResolve: Microsoft.VisualStudio.TestPlatform.Common.resources: Failed to load assembly.
TpTrace Verbose: 0 : 118840, 4, 2021/10/07, 22:15:36.049, 2879145578236, vstest.console.dll, DataCollectionRequestSender.SendBeforeTestRunStartAndGetResult : Received message: (DataCollection.BeforeTestRunStartResult) -> {
  "EnvironmentVariables": {},
  "DataCollectionEventsPort": 57352
}
TpTrace Information: 0 : 118840, 4, 2021/10/07, 22:15:36.052, 2879145609306, vstest.console.dll, ProxyDataCollectionManager.BeforeTestRunStart: SendBeforeTestRunStartAndGetResult successful, env variable from datacollector:   and testhost port: 57352
TpTrace Information: 0 : 118840, 4, 2021/10/07, 22:15:36.052, 2879145610118, vstest.console.dll, ProxyDataCollectionManager.InvokeDataCollectionServiceAction: Completed.
TpTrace Verbose: 0 : 118840, 1, 2021/10/07, 22:15:36.052, 2879145612000, vstest.console.dll, TestRunRequest.ExecuteAsync: Creating test run request.
TpTrace Verbose: 0 : 118840, 1, 2021/10/07, 22:15:36.052, 2879145614232, vstest.console.dll, TestRunRequest.ExecuteAsync: Starting.
TpTrace Information: 0 : 118840, 1, 2021/10/07, 22:15:36.053, 2879145616437, vstest.console.dll, TestRunRequest.ExecuteAsync: Starting run with settings:TestRunCriteria:
   KeepAlive=False,FrequencyOfRunStatsChangeEvent=10,RunStatsChangeEventTimeout=00:00:01.5000000,TestCaseFilter=,TestExecutorLauncher=
   Settingsxml=<RunSettings>
  <RunConfiguration>
    <ResultsDirectory>D:\PairCoding\pair-coding-project-a_team\ExercisesGenerator\ToolsUnitTest\bin\Release\net5.0\fine-code-coverage\coverage-tool-output</ResultsDirectory>
    <TargetPlatform>X64</TargetPlatform>
    <TargetFrameworkVersion>.NETCoreApp,Version=v5.0</TargetFrameworkVersion>
    <DesignMode>False</DesignMode>
    <CollectSourceInformation>False</CollectSourceInformation>
  </RunConfiguration>
  <LoggerRunSettings>
    <Loggers>
      <Logger friendlyName="blame" enabled="True" />
      <Logger friendlyName="Console" uri="logger://microsoft/TestPlatform/ConsoleLogger/v1" assemblyQualifiedName="Microsoft.VisualStudio.TestPlatform.CommandLine.Internal.ConsoleLogger, vstest.console, Version=15.0.0.0, Culture=neutral, PublicKeyToken=b03f5f7f11d50a3a" codeBase="C:\Program Files\dotnet\sdk\5.0.302\vstest.console.dll" enabled="True" />
    </Loggers>
  </LoggerRunSettings>
  <DataCollectionRunSettings>
    <DataCollectors>
      <DataCollector friendlyName="blame" enabled="True">
        <Configuration>
          <ResultsDirectory>D:\PairCoding\pair-coding-project-a_team\ExercisesGenerator\ToolsUnitTest\bin\Release\net5.0\fine-code-coverage\coverage-tool-output</ResultsDirectory>
        </Configuration>
      </DataCollector>
    </DataCollectors>
  </DataCollectionRunSettings>
</RunSettings>

TpTrace Verbose: 0 : 118840, 1, 2021/10/07, 22:15:36.053, 2879145617082, vstest.console.dll, TestRunRequest.ExecuteAsync: Wait for the first run request is over.
TpTrace Verbose: 0 : 118840, 1, 2021/10/07, 22:15:36.053, 2879145620891, vstest.console.dll, ParallelProxyExecutionManager: Start execution. Total sources: 1
TpTrace Information: 0 : 118840, 1, 2021/10/07, 22:15:36.054, 2879145625849, vstest.console.dll, ProxyParallelExecutionManager: Triggering test run for next source: D:\PairCoding\pair-coding-project-a_team\ExercisesGenerator\ToolsUnitTest\bin\Release\net5.0\fine-code-coverage\build-output\ToolsUnitTest.dll
TpTrace Verbose: 0 : 118840, 4, 2021/10/07, 22:15:36.054, 2879145627368, vstest.console.dll, ParallelProxyExecutionManager: Execution started. Started clients: 1
TpTrace Verbose: 0 : 118840, 1, 2021/10/07, 22:15:36.054, 2879145627444, vstest.console.dll, ProxyParallelExecutionManager: No sources available for execution.
TpTrace Information: 0 : 118840, 1, 2021/10/07, 22:15:36.054, 2879145628239, vstest.console.dll, TestRunRequest.ExecuteAsync: Started.
TpTrace Verbose: 0 : 118840, 1, 2021/10/07, 22:15:36.054, 2879145628768, vstest.console.dll, TestRunRequest.WaitForCompletion: Waiting with timeout -1.
TpTrace Verbose: 0 : 118840, 4, 2021/10/07, 22:15:36.054, 2879145630085, vstest.console.dll, TestRunRequest:SendTestRunMessage: Starting.
TpTrace Information: 0 : 118840, 4, 2021/10/07, 22:15:36.054, 2879145630929, vstest.console.dll, TestRunRequest:SendTestRunMessage: Completed.
TpTrace Verbose: 0 : 118840, 4, 2021/10/07, 22:15:36.054, 2879145633281, vstest.console.dll, ProxyExecutionManager: Test host is always Lazy initialize.
TpTrace Verbose: 0 : 118840, 4, 2021/10/07, 22:15:36.054, 2879145635113, vstest.console.dll, TestRequestSender.InitializeCommunication: initialize communication. 
TpTrace Information: 0 : 118840, 4, 2021/10/07, 22:15:36.055, 2879145640650, vstest.console.dll, SocketServer.Start: Listening on endpoint : 127.0.0.1:57353
TpTrace Verbose: 0 : 118840, 4, 2021/10/07, 22:15:36.056, 2879145647498, vstest.console.dll, DotnetTestHostmanager: Adding  --runtimeconfig "D:\PairCoding\pair-coding-project-a_team\ExercisesGenerator\ToolsUnitTest\bin\Release\net5.0\fine-code-coverage\build-output\ToolsUnitTest.runtimeconfig.json" in args
TpTrace Verbose: 0 : 118840, 4, 2021/10/07, 22:15:36.056, 2879145648460, vstest.console.dll, DotnetTestHostmanager: Adding  --depsfile "D:\PairCoding\pair-coding-project-a_team\ExercisesGenerator\ToolsUnitTest\bin\Release\net5.0\fine-code-coverage\build-output\ToolsUnitTest.deps.json" in args
TpTrace Verbose: 0 : 118840, 4, 2021/10/07, 22:15:36.056, 2879145650310, vstest.console.dll, DotnetTestHostManager: Testhost.exe/testhost.x86.exe found at path: D:\PairCoding\pair-coding-project-a_team\ExercisesGenerator\ToolsUnitTest\bin\Release\net5.0\fine-code-coverage\build-output\testhost.exe
TpTrace Verbose: 0 : 118840, 4, 2021/10/07, 22:15:36.056, 2879145650737, vstest.console.dll, DotnetTestHostmanager: Full path of host exe is D:\PairCoding\pair-coding-project-a_team\ExercisesGenerator\ToolsUnitTest\bin\Release\net5.0\fine-code-coverage\build-output\testhost.exe
TpTrace Verbose: 0 : 118840, 6, 2021/10/07, 22:15:36.057, 2879145659204, vstest.console.dll, DotnetTestHostManager: Starting process 'D:\PairCoding\pair-coding-project-a_team\ExercisesGenerator\ToolsUnitTest\bin\Release\net5.0\fine-code-coverage\build-output\testhost.exe' with command line ' --runtimeconfig "D:\PairCoding\pair-coding-project-a_team\ExercisesGenerator\ToolsUnitTest\bin\Release\net5.0\fine-code-coverage\build-output\ToolsUnitTest.runtimeconfig.json" --depsfile "D:\PairCoding\pair-coding-project-a_team\ExercisesGenerator\ToolsUnitTest\bin\Release\net5.0\fine-code-coverage\build-output\ToolsUnitTest.deps.json" --port 57353 --endpoint 127.0.0.1:057353 --role client --parentprocessid 118840 --diag "D:\PairCoding\pair-coding-project-a_team\ExercisesGenerator\ToolsUnitTest\bin\Release\net5.0\fine-code-coverage\coverage-tool-output\diagnostics.host.21-10-07_22-15-36_05578_4.log" --tracelevel 4 --datacollectionport 57352 --telemetryoptedin false'
TpTrace Verbose: 0 : 118840, 6, 2021/10/07, 22:15:36.065, 2879145743080, vstest.console.dll, Test Runtime launched
TpTrace Verbose: 0 : 118840, 4, 2021/10/07, 22:15:36.066, 2879145750758, vstest.console.dll, TestRequestSender.WaitForRequestHandlerConnection: waiting for connection with timeout: 90000
TpTrace Verbose: 0 : 118840, 6, 2021/10/07, 22:15:36.252, 2879147615141, vstest.console.dll, SocketServer.OnClientConnected: Client connected for endPoint: 127.0.0.1:57353, starting MessageLoopAsync:
TpTrace Verbose: 0 : 118840, 14, 2021/10/07, 22:15:36.253, 2879147617933, vstest.console.dll, TcpClientExtensions.MessageLoopAsync: Polling on remoteEndPoint: 127.0.0.1:57354 localEndPoint: 127.0.0.1:57353
TpTrace Verbose: 0 : 118840, 14, 2021/10/07, 22:15:36.390, 2879148991196, vstest.console.dll, TcpClientExtensions.MessageLoopAsync: NotifyDataAvailable remoteEndPoint: 127.0.0.1:57354 localEndPoint: 127.0.0.1:57353
TpTrace Verbose: 0 : 118840, 14, 2021/10/07, 22:15:36.390, 2879148994833, vstest.console.dll, TestRequestSender.CheckVersionWithTestHost: onMessageReceived received message: (ProtocolVersion) -> 5
TpTrace Verbose: 0 : 118840, 14, 2021/10/07, 22:15:36.391, 2879149000030, vstest.console.dll, TcpClientExtensions.MessageLoopAsync: Polling on remoteEndPoint: 127.0.0.1:57354 localEndPoint: 127.0.0.1:57353
TpTrace Verbose: 0 : 118840, 4, 2021/10/07, 22:15:36.391, 2879149000874, vstest.console.dll, TestPluginCache.GetExtensionPaths: Filtered extension paths: 
TpTrace Verbose: 0 : 118840, 4, 2021/10/07, 22:15:36.391, 2879149001595, vstest.console.dll, TestPluginCache.GetExtensionPaths: Added default extension paths: C:\Program Files\dotnet\sdk\5.0.302\Extensions\Microsoft.Diagnostics.NETCore.Client.dll
C:\Program Files\dotnet\sdk\5.0.302\Extensions\Microsoft.TestPlatform.Extensions.BlameDataCollector.dll
C:\Program Files\dotnet\sdk\5.0.302\Extensions\Microsoft.TestPlatform.Extensions.EventLogCollector.dll
C:\Program Files\dotnet\sdk\5.0.302\Extensions\Microsoft.TestPlatform.TestHostRuntimeProvider.dll
C:\Program Files\dotnet\sdk\5.0.302\Extensions\Microsoft.VisualStudio.TestPlatform.Extensions.Html.TestLogger.dll
C:\Program Files\dotnet\sdk\5.0.302\Extensions\Microsoft.VisualStudio.TestPlatform.Extensions.Trx.TestLogger.dll
TpTrace Verbose: 0 : 118840, 4, 2021/10/07, 22:15:36.391, 2879149001906, vstest.console.dll, TestPluginCache.GetExtensionPaths: Added unfilterableExtensionPaths: 
TpTrace Verbose: 0 : 118840, 4, 2021/10/07, 22:15:36.396, 2879149045394, vstest.console.dll, TestRequestSender.InitializeExecution: Sending initializing execution with message: {"Version":5,"MessageType":"TestExecution.Initialize","Payload":["D:\\PairCoding\\pair-coding-project-a_team\\ExercisesGenerator\\ToolsUnitTest\\bin\\Release\\net5.0\\fine-code-coverage\\build-output\\NUnit3.TestAdapter.dll"]}
TpTrace Verbose: 0 : 118840, 4, 2021/10/07, 22:15:36.404, 2879149131898, vstest.console.dll, TestRequestSender.StartTestRun: Sending test run with message: {"Version":5,"MessageType":"TestExecution.StartWithSources","Payload":{"AdapterSourceMap":{"_none_":["D:\\PairCoding\\pair-coding-project-a_team\\ExercisesGenerator\\ToolsUnitTest\\bin\\Release\\net5.0\\fine-code-coverage\\build-output\\ToolsUnitTest.dll"]},"RunSettings":"<RunSettings>\r\n  <RunConfiguration>\r\n    <ResultsDirectory>D:\\PairCoding\\pair-coding-project-a_team\\ExercisesGenerator\\ToolsUnitTest\\bin\\Release\\net5.0\\fine-code-coverage\\coverage-tool-output</ResultsDirectory>\r\n    <TargetPlatform>X64</TargetPlatform>\r\n    <TargetFrameworkVersion>.NETCoreApp,Version=v5.0</TargetFrameworkVersion>\r\n    <DesignMode>False</DesignMode>\r\n    <CollectSourceInformation>False</CollectSourceInformation>\r\n  </RunConfiguration>\r\n  <LoggerRunSettings>\r\n    <Loggers>\r\n      <Logger friendlyName=\"blame\" enabled=\"True\" />\r\n      <Logger friendlyName=\"Console\" uri=\"logger://microsoft/TestPlatform/ConsoleLogger/v1\" assemblyQualifiedName=\"Microsoft.VisualStudio.TestPlatform.CommandLine.Internal.ConsoleLogger, vstest.console, Version=15.0.0.0, Culture=neutral, PublicKeyToken=b03f5f7f11d50a3a\" codeBase=\"C:\\Program Files\\dotnet\\sdk\\5.0.302\\vstest.console.dll\" enabled=\"True\" />\r\n    </Loggers>\r\n  </LoggerRunSettings>\r\n  <DataCollectionRunSettings>\r\n    <DataCollectors>\r\n      <DataCollector friendlyName=\"blame\" enabled=\"True\">\r\n        <Configuration>\r\n          <ResultsDirectory>D:\\PairCoding\\pair-coding-project-a_team\\ExercisesGenerator\\ToolsUnitTest\\bin\\Release\\net5.0\\fine-code-coverage\\coverage-tool-output</ResultsDirectory>\r\n        </Configuration>\r\n      </DataCollector>\r\n    </DataCollectors>\r\n  </DataCollectionRunSettings>\r\n</RunSettings>","TestExecutionContext":{"FrequencyOfRunStatsChangeEvent":10,"RunStatsChangeEventTimeout":"00:00:01.5000000","InIsolation":false,"KeepAlive":false,"AreTestCaseLevelEventsRequired":false,"IsDebug":false,"TestCaseFilter":null,"FilterOptions":null},"Package":null}}
TpTrace Verbose: 0 : 118840, 14, 2021/10/07, 22:15:36.405, 2879149141926, vstest.console.dll, TcpClientExtensions.MessageLoopAsync: NotifyDataAvailable remoteEndPoint: 127.0.0.1:57354 localEndPoint: 127.0.0.1:57353
TpTrace Verbose: 0 : 118840, 14, 2021/10/07, 22:15:36.405, 2879149144034, vstest.console.dll, TestRequestSender.OnExecutionMessageReceived: Received message: {"Version":5,"MessageType":"TestSession.Message","Payload":{"MessageLevel":0,"Message":"在文件 D:\\PairCoding\\pair-coding-project-a_team\\ExercisesGenerator\\ToolsUnitTest\\bin\\Release\\net5.0\\fine-code-coverage\\coverage-tool-output\\diagnostics.host.21-10-07_22-15-36_05578_4.log 中记录 TestHost 诊断"}}
TpTrace Verbose: 0 : 118840, 14, 2021/10/07, 22:15:36.408, 2879149166255, vstest.console.dll, TestRunRequest:SendTestRunMessage: Starting.
TpTrace Information: 0 : 118840, 14, 2021/10/07, 22:15:36.408, 2879149167873, vstest.console.dll, TestRunRequest:SendTestRunMessage: Completed.
TpTrace Verbose: 0 : 118840, 14, 2021/10/07, 22:15:36.408, 2879149168587, vstest.console.dll, TcpClientExtensions.MessageLoopAsync: Polling on remoteEndPoint: 127.0.0.1:57354 localEndPoint: 127.0.0.1:57353
TpTrace Verbose: 0 : 118840, 14, 2021/10/07, 22:15:36.706, 2879152154937, vstest.console.dll, TcpClientExtensions.MessageLoopAsync: NotifyDataAvailable remoteEndPoint: 127.0.0.1:57354 localEndPoint: 127.0.0.1:57353
TpTrace Verbose: 0 : 118840, 14, 2021/10/07, 22:15:36.707, 2879152156248, vstest.console.dll, TestRequestSender.OnExecutionMessageReceived: Received message: {"Version":5,"MessageType":"TestSession.Message","Payload":{"MessageLevel":0,"Message":"NUnit Adapter 3.17.0.0: Test execution started"}}
TpTrace Verbose: 0 : 118840, 14, 2021/10/07, 22:15:36.707, 2879152159257, vstest.console.dll, TestRunRequest:SendTestRunMessage: Starting.
TpTrace Information: 0 : 118840, 14, 2021/10/07, 22:15:36.707, 2879152160130, vstest.console.dll, TestRunRequest:SendTestRunMessage: Completed.
TpTrace Verbose: 0 : 118840, 14, 2021/10/07, 22:15:36.707, 2879152160553, vstest.console.dll, TcpClientExtensions.MessageLoopAsync: Polling on remoteEndPoint: 127.0.0.1:57354 localEndPoint: 127.0.0.1:57353
TpTrace Verbose: 0 : 118840, 14, 2021/10/07, 22:15:36.745, 2879152540887, vstest.console.dll, TcpClientExtensions.MessageLoopAsync: NotifyDataAvailable remoteEndPoint: 127.0.0.1:57354 localEndPoint: 127.0.0.1:57353
TpTrace Verbose: 0 : 118840, 14, 2021/10/07, 22:15:36.745, 2879152542566, vstest.console.dll, TestRequestSender.OnExecutionMessageReceived: Received message: {"Version":5,"MessageType":"TestSession.Message","Payload":{"MessageLevel":0,"Message":"Running all tests in D:\\PairCoding\\pair-coding-project-a_team\\ExercisesGenerator\\ToolsUnitTest\\bin\\Release\\net5.0\\fine-code-coverage\\build-output\\ToolsUnitTest.dll"}}
TpTrace Verbose: 0 : 118840, 14, 2021/10/07, 22:15:36.745, 2879152545113, vstest.console.dll, TestRunRequest:SendTestRunMessage: Starting.
TpTrace Information: 0 : 118840, 14, 2021/10/07, 22:15:36.746, 2879152545971, vstest.console.dll, TestRunRequest:SendTestRunMessage: Completed.
TpTrace Verbose: 0 : 118840, 14, 2021/10/07, 22:15:36.746, 2879152546689, vstest.console.dll, TcpClientExtensions.MessageLoopAsync: Polling on remoteEndPoint: 127.0.0.1:57354 localEndPoint: 127.0.0.1:57353
TpTrace Verbose: 0 : 118840, 14, 2021/10/07, 22:15:36.875, 2879153842837, vstest.console.dll, TcpClientExtensions.MessageLoopAsync: NotifyDataAvailable remoteEndPoint: 127.0.0.1:57354 localEndPoint: 127.0.0.1:57353
TpTrace Verbose: 0 : 118840, 14, 2021/10/07, 22:15:36.875, 2879153844197, vstest.console.dll, TestRequestSender.OnExecutionMessageReceived: Received message: {"Version":5,"MessageType":"TestSession.Message","Payload":{"MessageLevel":0,"Message":"   NUnit3TestExecutor discovered 25 of 25 NUnit test cases"}}
TpTrace Verbose: 0 : 118840, 14, 2021/10/07, 22:15:36.876, 2879153845755, vstest.console.dll, TestRunRequest:SendTestRunMessage: Starting.
TpTrace Information: 0 : 118840, 14, 2021/10/07, 22:15:36.876, 2879153846348, vstest.console.dll, TestRunRequest:SendTestRunMessage: Completed.
TpTrace Verbose: 0 : 118840, 14, 2021/10/07, 22:15:36.876, 2879153846633, vstest.console.dll, TcpClientExtensions.MessageLoopAsync: Polling on remoteEndPoint: 127.0.0.1:57354 localEndPoint: 127.0.0.1:57353
TpTrace Verbose: 0 : 118840, 14, 2021/10/07, 22:15:37.017, 2879155256521, vstest.console.dll, TcpClientExtensions.MessageLoopAsync: NotifyDataAvailable remoteEndPoint: 127.0.0.1:57354 localEndPoint: 127.0.0.1:57353
TpTrace Verbose: 0 : 118840, 14, 2021/10/07, 22:15:37.017, 2879155258618, vstest.console.dll, TestRequestSender.OnExecutionMessageReceived: Received message: {"Version":5,"MessageType":"TestExecution.StatsChange","Payload":{"NewTestResults":[{"TestCase":{"Id":"784dfbdb-6a87-ec3e-111a-1e778e5b0fdd","FullyQualifiedName":"ToolsUnitTest.ExpressionTest.TestCalculatePostfix","DisplayName":"TestCalculatePostfix","ExecutorUri":"executor://NUnit3TestExecutor","Source":"D:\\PairCoding\\pair-coding-project-a_team\\ExercisesGenerator\\ToolsUnitTest\\bin\\Release\\net5.0\\fine-code-coverage\\build-output\\ToolsUnitTest.dll","CodeFilePath":null,"LineNumber":0,"Properties":[]},"Attachments":[],"Outcome":1,"ErrorMessage":null,"ErrorStackTrace":null,"DisplayName":"TestCalculatePostfix","Messages":[],"ComputerName":"LAPTOP-LGFH7TT9","Duration":"00:00:00.0370570","StartTime":"2021-10-07T14:15:36.9068581+00:00","EndTime":"2021-10-07T14:15:36.9438313+00:00","Properties":[]},{"TestCase":{"Id":"ddbcd5cd-501c-3aed-b9f4-d0d080dfd7bc","FullyQualifiedName":"ToolsUnitTest.ExpressionTest.TestExpressionToHTML","DisplayName":"TestExpressionToHTML","ExecutorUri":"executor://NUnit3TestExecutor","Source":"D:\\PairCoding\\pair-coding-project-a_team\\ExercisesGenerator\\ToolsUnitTest\\bin\\Release\\net5.0\\fine-code-coverage\\build-output\\ToolsUnitTest.dll","CodeFilePath":null,"LineNumber":0,"Properties":[]},"Attachments":[],"Outcome":1,"ErrorMessage":null,"ErrorStackTrace":null,"DisplayName":"TestExpressionToHTML","Messages":[],"ComputerName":"LAPTOP-LGFH7TT9","Duration":"00:00:00.0037440","StartTime":"2021-10-07T14:15:36.946125+00:00","EndTime":"2021-10-07T14:15:36.9498699+00:00","Properties":[]},{"TestCase":{"Id":"843a7382-759f-74f6-add7-7cd25a5eaf27","FullyQualifiedName":"ToolsUnitTest.ExpressionTest.TestExpressionToString","DisplayName":"TestExpressionToString","ExecutorUri":"executor://NUnit3TestExecutor","Source":"D:\\PairCoding\\pair-coding-project-a_team\\ExercisesGenerator\\ToolsUnitTest\\bin\\Release\\net5.0\\fine-code-coverage\\build-output\\ToolsUnitTest.dll","CodeFilePath":null,"LineNumber":0,"Properties":[]},"Attachments":[],"Outcome":1,"ErrorMessage":null,"ErrorStackTrace":null,"DisplayName":"TestExpressionToString","Messages":[],"ComputerName":"LAPTOP-LGFH7TT9","Duration":"00:00:00.0009830","StartTime":"2021-10-07T14:15:36.9499016+00:00","EndTime":"2021-10-07T14:15:36.9508841+00:00","Properties":[]},{"TestCase":{"Id":"cc4b185a-a498-c7c5-bc33-276ba09cfb0a","FullyQualifiedName":"ToolsUnitTest.ExpressionTest.TestInfixToPostfix","DisplayName":"TestInfixToPostfix","ExecutorUri":"executor://NUnit3TestExecutor","Source":"D:\\PairCoding\\pair-coding-project-a_team\\ExercisesGenerator\\ToolsUnitTest\\bin\\Release\\net5.0\\fine-code-coverage\\build-output\\ToolsUnitTest.dll","CodeFilePath":null,"LineNumber":0,"Properties":[]},"Attachments":[],"Outcome":1,"ErrorMessage":null,"ErrorStackTrace":null,"DisplayName":"TestInfixToPostfix","Messages":[],"ComputerName":"LAPTOP-LGFH7TT9","Duration":"00:00:00.0022780","StartTime":"2021-10-07T14:15:36.9508987+00:00","EndTime":"2021-10-07T14:15:36.9531761+00:00","Properties":[]},{"TestCase":{"Id":"d6a38d23-9ab6-d6bd-ffb9-0723906abea9","FullyQualifiedName":"ToolsUnitTest.ExpressionTest.TestPostfixToTree","DisplayName":"TestPostfixToTree","ExecutorUri":"executor://NUnit3TestExecutor","Source":"D:\\PairCoding\\pair-coding-project-a_team\\ExercisesGenerator\\ToolsUnitTest\\bin\\Release\\net5.0\\fine-code-coverage\\build-output\\ToolsUnitTest.dll","CodeFilePath":null,"LineNumber":0,"Properties":[]},"Attachments":[],"Outcome":1,"ErrorMessage":null,"ErrorStackTrace":null,"DisplayName":"TestPostfixToTree","Messages":[],"ComputerName":"LAPTOP-LGFH7TT9","Duration":"00:00:00.0037290","StartTime":"2021-10-07T14:15:36.953194+00:00","EndTime":"2021-10-07T14:15:36.9569217+00:00","Properties":[]},{"TestCase":{"Id":"f334232e-1373-e89b-5418-92798d5bdd6c","FullyQualifiedName":"ToolsUnitTest.ExpressionTest.TestStringToExpression","DisplayName":"TestStringToExpression","ExecutorUri":"executor://NUnit3TestExecutor","Source":"D:\\PairCoding\\pair-coding-project-a_team\\ExercisesGenerator\\ToolsUnitTest\\bin\\Release\\net5.0\\fine-code-coverage\\build-output\\ToolsUnitTest.dll","CodeFilePath":null,"LineNumber":0,"Properties":[]},"Attachments":[],"Outcome":1,"ErrorMessage":null,"ErrorStackTrace":null,"DisplayName":"TestStringToExpression","Messages":[],"ComputerName":"LAPTOP-LGFH7TT9","Duration":"00:00:00.0006120","StartTime":"2021-10-07T14:15:36.9569452+00:00","EndTime":"2021-10-07T14:15:36.9575562+00:00","Properties":[]},{"TestCase":{"Id":"acb61e67-68c1-a189-ce2d-879f01082685","FullyQualifiedName":"ToolsUnitTest.FractionTests.TestAddition","DisplayName":"TestAddition","ExecutorUri":"executor://NUnit3TestExecutor","Source":"D:\\PairCoding\\pair-coding-project-a_team\\ExercisesGenerator\\ToolsUnitTest\\bin\\Release\\net5.0\\fine-code-coverage\\build-output\\ToolsUnitTest.dll","CodeFilePath":null,"LineNumber":0,"Properties":[]},"Attachments":[],"Outcome":1,"ErrorMessage":null,"ErrorStackTrace":null,"DisplayName":"TestAddition","Messages":[],"ComputerName":"LAPTOP-LGFH7TT9","Duration":"00:00:00.0005220","StartTime":"2021-10-07T14:15:36.9605572+00:00","EndTime":"2021-10-07T14:15:36.9610774+00:00","Properties":[]},{"TestCase":{"Id":"1a978f58-96dc-6522-acde-3573ef51bd70","FullyQualifiedName":"ToolsUnitTest.FractionTests.TestDivid","DisplayName":"TestDivid","ExecutorUri":"executor://NUnit3TestExecutor","Source":"D:\\PairCoding\\pair-coding-project-a_team\\ExercisesGenerator\\ToolsUnitTest\\bin\\Release\\net5.0\\fine-code-coverage\\build-output\\ToolsUnitTest.dll","CodeFilePath":null,"LineNumber":0,"Properties":[]},"Attachments":[],"Outcome":1,"ErrorMessage":null,"ErrorStackTrace":null,"DisplayName":"TestDivid","Messages":[],"ComputerName":"LAPTOP-LGFH7TT9","Duration":"00:00:00.0008810","StartTime":"2021-10-07T14:15:36.9611136+00:00","EndTime":"2021-10-07T14:15:36.9619942+00:00","Properties":[]},{"TestCase":{"Id":"fc6f25d7-ae97-9e46-f7d7-80a01fbe6a32","FullyQualifiedName":"ToolsUnitTest.FractionTests.TestGCD","DisplayName":"TestGCD","ExecutorUri":"executor://NUnit3TestExecutor","Source":"D:\\PairCoding\\pair-coding-project-a_team\\ExercisesGenerator\\ToolsUnitTest\\bin\\Release\\net5.0\\fine-code-coverage\\build-output\\ToolsUnitTest.dll","CodeFilePath":null,"LineNumber":0,"Properties":[]},"Attachments":[],"Outcome":1,"ErrorMessage":null,"ErrorStackTrace":null,"DisplayName":"TestGCD","Messages":[],"ComputerName":"LAPTOP-LGFH7TT9","Duration":"00:00:00.0007159","StartTime":"2021-10-07T14:15:36.9620183+00:00","EndTime":"2021-10-07T14:15:36.9627332+00:00","Properties":[]}],"TestRunStatistics":{"ExecutedTests":9,"Stats":{"Passed":9}},"ActiveTests":[{"Id":"bfad5444-62f3-4700-1669-6d80596dac31","FullyQualifiedName":"ToolsUnitTest.FractionTests.TestMultiply","DisplayName":"TestMultiply","ExecutorUri":"executor://NUnit3TestExecutor","Source":"D:\\PairCoding\\pair-coding-project-a_team\\ExercisesGenerator\\ToolsUnitTest\\bin\\Release\\net5.0\\fine-code-coverage\\build-output\\ToolsUnitTest.dll","CodeFilePath":null,"LineNumber":0,"Properties":[]}]}}
TpTrace Verbose: 0 : 118840, 14, 2021/10/07, 22:15:37.042, 2879155507459, vstest.console.dll, TestRunRequest:SendTestRunStatsChange: Starting.
TpTrace Verbose: 0 : 118840, 14, 2021/10/07, 22:15:37.042, 2879155508667, vstest.console.dll, InProgress is TestMultiply
TpTrace Information: 0 : 118840, 14, 2021/10/07, 22:15:37.042, 2879155510433, vstest.console.dll, TestRunRequest:SendTestRunStatsChange: Completed.
TpTrace Verbose: 0 : 118840, 14, 2021/10/07, 22:15:37.042, 2879155510873, vstest.console.dll, TcpClientExtensions.MessageLoopAsync: Polling on remoteEndPoint: 127.0.0.1:57354 localEndPoint: 127.0.0.1:57353
TpTrace Verbose: 0 : 118840, 14, 2021/10/07, 22:15:37.042, 2879155511229, vstest.console.dll, TcpClientExtensions.MessageLoopAsync: NotifyDataAvailable remoteEndPoint: 127.0.0.1:57354 localEndPoint: 127.0.0.1:57353
TpTrace Verbose: 0 : 118840, 14, 2021/10/07, 22:15:37.042, 2879155512412, vstest.console.dll, TestRequestSender.OnExecutionMessageReceived: Received message: {"Version":5,"MessageType":"TestExecution.StatsChange","Payload":{"NewTestResults":[{"TestCase":{"Id":"bfad5444-62f3-4700-1669-6d80596dac31","FullyQualifiedName":"ToolsUnitTest.FractionTests.TestMultiply","DisplayName":"TestMultiply","ExecutorUri":"executor://NUnit3TestExecutor","Source":"D:\\PairCoding\\pair-coding-project-a_team\\ExercisesGenerator\\ToolsUnitTest\\bin\\Release\\net5.0\\fine-code-coverage\\build-output\\ToolsUnitTest.dll","CodeFilePath":null,"LineNumber":0,"Properties":[]},"Attachments":[],"Outcome":1,"ErrorMessage":null,"ErrorStackTrace":null,"DisplayName":"TestMultiply","Messages":[],"ComputerName":"LAPTOP-LGFH7TT9","Duration":"00:00:00.0003570","StartTime":"2021-10-07T14:15:36.9627568+00:00","EndTime":"2021-10-07T14:15:36.9631134+00:00","Properties":[]},{"TestCase":{"Id":"d321c65d-90a1-8e52-fb18-394dda5c9c34","FullyQualifiedName":"ToolsUnitTest.FractionTests.TestReduce","DisplayName":"TestReduce","ExecutorUri":"executor://NUnit3TestExecutor","Source":"D:\\PairCoding\\pair-coding-project-a_team\\ExercisesGenerator\\ToolsUnitTest\\bin\\Release\\net5.0\\fine-code-coverage\\build-output\\ToolsUnitTest.dll","CodeFilePath":null,"LineNumber":0,"Properties":[]},"Attachments":[],"Outcome":1,"ErrorMessage":null,"ErrorStackTrace":null,"DisplayName":"TestReduce","Messages":[],"ComputerName":"LAPTOP-LGFH7TT9","Duration":"00:00:00.0003480","StartTime":"2021-10-07T14:15:36.9631272+00:00","EndTime":"2021-10-07T14:15:36.9634749+00:00","Properties":[]},{"TestCase":{"Id":"15efa977-152d-6351-d4be-b45049d56f95","FullyQualifiedName":"ToolsUnitTest.FractionTests.TestSubscribe","DisplayName":"TestSubscribe","ExecutorUri":"executor://NUnit3TestExecutor","Source":"D:\\PairCoding\\pair-coding-project-a_team\\ExercisesGenerator\\ToolsUnitTest\\bin\\Release\\net5.0\\fine-code-coverage\\build-output\\ToolsUnitTest.dll","CodeFilePath":null,"LineNumber":0,"Properties":[]},"Attachments":[],"Outcome":1,"ErrorMessage":null,"ErrorStackTrace":null,"DisplayName":"TestSubscribe","Messages":[],"ComputerName":"LAPTOP-LGFH7TT9","Duration":"00:00:00.0002740","StartTime":"2021-10-07T14:15:36.9634883+00:00","EndTime":"2021-10-07T14:15:36.9637625+00:00","Properties":[]},{"TestCase":{"Id":"04d95188-a37c-82bb-d541-f1d8be222a87","FullyQualifiedName":"ToolsUnitTest.FractionTests.TestToHTML","DisplayName":"TestToHTML","ExecutorUri":"executor://NUnit3TestExecutor","Source":"D:\\PairCoding\\pair-coding-project-a_team\\ExercisesGenerator\\ToolsUnitTest\\bin\\Release\\net5.0\\fine-code-coverage\\build-output\\ToolsUnitTest.dll","CodeFilePath":null,"LineNumber":0,"Properties":[]},"Attachments":[],"Outcome":1,"ErrorMessage":null,"ErrorStackTrace":null,"DisplayName":"TestToHTML","Messages":[],"ComputerName":"LAPTOP-LGFH7TT9","Duration":"00:00:00.0001460","StartTime":"2021-10-07T14:15:36.9637725+00:00","EndTime":"2021-10-07T14:15:36.9639181+00:00","Properties":[]},{"TestCase":{"Id":"13d6ab53-c3a3-4cb6-504e-4dd5081ebd7d","FullyQualifiedName":"ToolsUnitTest.FractionTests.TestToString","DisplayName":"TestToString","ExecutorUri":"executor://NUnit3TestExecutor","Source":"D:\\PairCoding\\pair-coding-project-a_team\\ExercisesGenerator\\ToolsUnitTest\\bin\\Release\\net5.0\\fine-code-coverage\\build-output\\ToolsUnitTest.dll","CodeFilePath":null,"LineNumber":0,"Properties":[]},"Attachments":[],"Outcome":1,"ErrorMessage":null,"ErrorStackTrace":null,"DisplayName":"TestToString","Messages":[],"ComputerName":"LAPTOP-LGFH7TT9","Duration":"00:00:00.0001330","StartTime":"2021-10-07T14:15:36.9639265+00:00","EndTime":"2021-10-07T14:15:36.964059+00:00","Properties":[]},{"TestCase":{"Id":"8ea5fe32-1dab-12b1-d05a-f530a27c0723","FullyQualifiedName":"ToolsUnitTest.NodeTest.TestCompareTo","DisplayName":"TestCompareTo","ExecutorUri":"executor://NUnit3TestExecutor","Source":"D:\\PairCoding\\pair-coding-project-a_team\\ExercisesGenerator\\ToolsUnitTest\\bin\\Release\\net5.0\\fine-code-coverage\\build-output\\ToolsUnitTest.dll","CodeFilePath":null,"LineNumber":0,"Properties":[]},"Attachments":[],"Outcome":1,"ErrorMessage":null,"ErrorStackTrace":null,"DisplayName":"TestCompareTo","Messages":[],"ComputerName":"LAPTOP-LGFH7TT9","Duration":"00:00:00.0003710","StartTime":"2021-10-07T14:15:36.96417+00:00","EndTime":"2021-10-07T14:15:36.9645402+00:00","Properties":[]},{"TestCase":{"Id":"480efed5-aaba-4694-db99-4ceed54a531c","FullyQualifiedName":"ToolsUnitTest.NodeTest.TestToString","DisplayName":"TestToString","ExecutorUri":"executor://NUnit3TestExecutor","Source":"D:\\PairCoding\\pair-coding-project-a_team\\ExercisesGenerator\\ToolsUnitTest\\bin\\Release\\net5.0\\fine-code-coverage\\build-output\\ToolsUnitTest.dll","CodeFilePath":null,"LineNumber":0,"Properties":[]},"Attachments":[],"Outcome":1,"ErrorMessage":null,"ErrorStackTrace":null,"DisplayName":"TestToString","Messages":[],"ComputerName":"LAPTOP-LGFH7TT9","Duration":"00:00:00.0001299","StartTime":"2021-10-07T14:15:36.9645587+00:00","EndTime":"2021-10-07T14:15:36.9646885+00:00","Properties":[]},{"TestCase":{"Id":"fd6c0969-1080-56aa-7c59-e4f1ed55b26a","FullyQualifiedName":"ToolsUnitTest.UnitTest.TestAddition","DisplayName":"TestAddition","ExecutorUri":"executor://NUnit3TestExecutor","Source":"D:\\PairCoding\\pair-coding-project-a_team\\ExercisesGenerator\\ToolsUnitTest\\bin\\Release\\net5.0\\fine-code-coverage\\build-output\\ToolsUnitTest.dll","CodeFilePath":null,"LineNumber":0,"Properties":[]},"Attachments":[],"Outcome":1,"ErrorMessage":null,"ErrorStackTrace":null,"DisplayName":"TestAddition","Messages":[],"ComputerName":"LAPTOP-LGFH7TT9","Duration":"00:00:00.0002240","StartTime":"2021-10-07T14:15:36.9647572+00:00","EndTime":"2021-10-07T14:15:36.9649813+00:00","Properties":[]},{"TestCase":{"Id":"bf5cab17-7e78-f488-87c4-90e5a0fd494b","FullyQualifiedName":"ToolsUnitTest.UnitTest.TestChangeType","DisplayName":"TestChangeType","ExecutorUri":"executor://NUnit3TestExecutor","Source":"D:\\PairCoding\\pair-coding-project-a_team\\ExercisesGenerator\\ToolsUnitTest\\bin\\Release\\net5.0\\fine-code-coverage\\build-output\\ToolsUnitTest.dll","CodeFilePath":null,"LineNumber":0,"Properties":[]},"Attachments":[],"Outcome":1,"ErrorMessage":null,"ErrorStackTrace":null,"DisplayName":"TestChangeType","Messages":[],"ComputerName":"LAPTOP-LGFH7TT9","Duration":"00:00:00.0001480","StartTime":"2021-10-07T14:15:36.9649898+00:00","EndTime":"2021-10-07T14:15:36.9651375+00:00","Properties":[]}],"TestRunStatistics":{"ExecutedTests":18,"Stats":{"Passed":18}},"ActiveTests":[{"Id":"ff00bb9c-6afb-2ac5-b13f-8a1dc7b40a0a","FullyQualifiedName":"ToolsUnitTest.UnitTest.TestCompareTo","DisplayName":"TestCompareTo","ExecutorUri":"executor://NUnit3TestExecutor","Source":"D:\\PairCoding\\pair-coding-project-a_team\\ExercisesGenerator\\ToolsUnitTest\\bin\\Release\\net5.0\\fine-code-coverage\\build-output\\ToolsUnitTest.dll","CodeFilePath":null,"LineNumber":0,"Properties":[]}]}}
TpTrace Verbose: 0 : 118840, 14, 2021/10/07, 22:15:37.044, 2879155533683, vstest.console.dll, TestRunRequest:SendTestRunStatsChange: Starting.
TpTrace Verbose: 0 : 118840, 14, 2021/10/07, 22:15:37.044, 2879155534466, vstest.console.dll, InProgress is TestCompareTo
TpTrace Information: 0 : 118840, 14, 2021/10/07, 22:15:37.044, 2879155535190, vstest.console.dll, TestRunRequest:SendTestRunStatsChange: Completed.
TpTrace Verbose: 0 : 118840, 14, 2021/10/07, 22:15:37.045, 2879155535582, vstest.console.dll, TcpClientExtensions.MessageLoopAsync: Polling on remoteEndPoint: 127.0.0.1:57354 localEndPoint: 127.0.0.1:57353
TpTrace Verbose: 0 : 118840, 14, 2021/10/07, 22:15:37.055, 2879155641730, vstest.console.dll, TcpClientExtensions.MessageLoopAsync: NotifyDataAvailable remoteEndPoint: 127.0.0.1:57354 localEndPoint: 127.0.0.1:57353
TpTrace Verbose: 0 : 118840, 14, 2021/10/07, 22:15:37.055, 2879155642681, vstest.console.dll, TestRequestSender.OnExecutionMessageReceived: Received message: {"Version":5,"MessageType":"TestSession.Message","Payload":{"MessageLevel":0,"Message":"NUnit Adapter 3.17.0.0: Test execution complete"}}
TpTrace Verbose: 0 : 118840, 14, 2021/10/07, 22:15:37.055, 2879155643791, vstest.console.dll, TestRunRequest:SendTestRunMessage: Starting.
TpTrace Information: 0 : 118840, 14, 2021/10/07, 22:15:37.055, 2879155644261, vstest.console.dll, TestRunRequest:SendTestRunMessage: Completed.
TpTrace Verbose: 0 : 118840, 14, 2021/10/07, 22:15:37.055, 2879155644510, vstest.console.dll, TcpClientExtensions.MessageLoopAsync: Polling on remoteEndPoint: 127.0.0.1:57354 localEndPoint: 127.0.0.1:57353
TpTrace Verbose: 0 : 118840, 14, 2021/10/07, 22:15:37.071, 2879155797224, vstest.console.dll, TcpClientExtensions.MessageLoopAsync: NotifyDataAvailable remoteEndPoint: 127.0.0.1:57354 localEndPoint: 127.0.0.1:57353
TpTrace Verbose: 0 : 118840, 14, 2021/10/07, 22:15:37.071, 2879155798767, vstest.console.dll, TestRequestSender.OnExecutionMessageReceived: Received message: {"Version":5,"MessageType":"TestExecution.Completed","Payload":{"TestRunCompleteArgs":{"TestRunStatistics":{"ExecutedTests":25,"Stats":{"Passed":25}},"IsCanceled":false,"IsAborted":false,"Error":null,"AttachmentSets":[],"ElapsedTimeInRunningTests":"00:00:00.3686360","Metrics":{}},"LastRunTests":{"NewTestResults":[{"TestCase":{"Id":"ff00bb9c-6afb-2ac5-b13f-8a1dc7b40a0a","FullyQualifiedName":"ToolsUnitTest.UnitTest.TestCompareTo","DisplayName":"TestCompareTo","ExecutorUri":"executor://NUnit3TestExecutor","Source":"D:\\PairCoding\\pair-coding-project-a_team\\ExercisesGenerator\\ToolsUnitTest\\bin\\Release\\net5.0\\fine-code-coverage\\build-output\\ToolsUnitTest.dll","CodeFilePath":null,"LineNumber":0,"Properties":[]},"Attachments":[],"Outcome":1,"ErrorMessage":null,"ErrorStackTrace":null,"DisplayName":"TestCompareTo","Messages":[],"ComputerName":"LAPTOP-LGFH7TT9","Duration":"00:00:00.0002900","StartTime":"2021-10-07T14:15:36.9651456+00:00","EndTime":"2021-10-07T14:15:36.9654352+00:00","Properties":[]},{"TestCase":{"Id":"24845d19-ce8b-7b08-3759-6f89adc6fa6a","FullyQualifiedName":"ToolsUnitTest.UnitTest.TestDivid","DisplayName":"TestDivid","ExecutorUri":"executor://NUnit3TestExecutor","Source":"D:\\PairCoding\\pair-coding-project-a_team\\ExercisesGenerator\\ToolsUnitTest\\bin\\Release\\net5.0\\fine-code-coverage\\build-output\\ToolsUnitTest.dll","CodeFilePath":null,"LineNumber":0,"Properties":[]},"Attachments":[],"Outcome":1,"ErrorMessage":null,"ErrorStackTrace":null,"DisplayName":"TestDivid","Messages":[],"ComputerName":"LAPTOP-LGFH7TT9","Duration":"00:00:00.0003080","StartTime":"2021-10-07T14:15:36.9654442+00:00","EndTime":"2021-10-07T14:15:36.965752+00:00","Properties":[]},{"TestCase":{"Id":"ed9a66cb-e876-72a7-a50b-96499f61d0d0","FullyQualifiedName":"ToolsUnitTest.UnitTest.TestInRange","DisplayName":"TestInRange","ExecutorUri":"executor://NUnit3TestExecutor","Source":"D:\\PairCoding\\pair-coding-project-a_team\\ExercisesGenerator\\ToolsUnitTest\\bin\\Release\\net5.0\\fine-code-coverage\\build-output\\ToolsUnitTest.dll","CodeFilePath":null,"LineNumber":0,"Properties":[]},"Attachments":[],"Outcome":1,"ErrorMessage":null,"ErrorStackTrace":null,"DisplayName":"TestInRange","Messages":[],"ComputerName":"LAPTOP-LGFH7TT9","Duration":"00:00:00.0004570","StartTime":"2021-10-07T14:15:36.9657607+00:00","EndTime":"2021-10-07T14:15:36.9662177+00:00","Properties":[]},{"TestCase":{"Id":"9792bb3e-4048-e406-3038-c45caf13ddb4","FullyQualifiedName":"ToolsUnitTest.UnitTest.TestMultiply","DisplayName":"TestMultiply","ExecutorUri":"executor://NUnit3TestExecutor","Source":"D:\\PairCoding\\pair-coding-project-a_team\\ExercisesGenerator\\ToolsUnitTest\\bin\\Release\\net5.0\\fine-code-coverage\\build-output\\ToolsUnitTest.dll","CodeFilePath":null,"LineNumber":0,"Properties":[]},"Attachments":[],"Outcome":1,"ErrorMessage":null,"ErrorStackTrace":null,"DisplayName":"TestMultiply","Messages":[],"ComputerName":"LAPTOP-LGFH7TT9","Duration":"00:00:00.0002840","StartTime":"2021-10-07T14:15:36.9662292+00:00","EndTime":"2021-10-07T14:15:36.9665133+00:00","Properties":[]},{"TestCase":{"Id":"00679c8e-121c-0b14-11cc-bc01b7d8ea54","FullyQualifiedName":"ToolsUnitTest.UnitTest.TestSubscribe","DisplayName":"TestSubscribe","ExecutorUri":"executor://NUnit3TestExecutor","Source":"D:\\PairCoding\\pair-coding-project-a_team\\ExercisesGenerator\\ToolsUnitTest\\bin\\Release\\net5.0\\fine-code-coverage\\build-output\\ToolsUnitTest.dll","CodeFilePath":null,"LineNumber":0,"Properties":[]},"Attachments":[],"Outcome":1,"ErrorMessage":null,"ErrorStackTrace":null,"DisplayName":"TestSubscribe","Messages":[],"ComputerName":"LAPTOP-LGFH7TT9","Duration":"00:00:00.0001979","StartTime":"2021-10-07T14:15:36.9665226+00:00","EndTime":"2021-10-07T14:15:36.9667201+00:00","Properties":[]},{"TestCase":{"Id":"bb3be503-cf86-4627-a39e-7f9263ed71de","FullyQualifiedName":"ToolsUnitTest.UnitTest.TestToHTML","DisplayName":"TestToHTML","ExecutorUri":"executor://NUnit3TestExecutor","Source":"D:\\PairCoding\\pair-coding-project-a_team\\ExercisesGenerator\\ToolsUnitTest\\bin\\Release\\net5.0\\fine-code-coverage\\build-output\\ToolsUnitTest.dll","CodeFilePath":null,"LineNumber":0,"Properties":[]},"Attachments":[],"Outcome":1,"ErrorMessage":null,"ErrorStackTrace":null,"DisplayName":"TestToHTML","Messages":[],"ComputerName":"LAPTOP-LGFH7TT9","Duration":"00:00:00.0001650","StartTime":"2021-10-07T14:15:36.9667285+00:00","EndTime":"2021-10-07T14:15:36.9668932+00:00","Properties":[]},{"TestCase":{"Id":"1eca5adc-a1ed-62a7-9e04-b0dd78b73203","FullyQualifiedName":"ToolsUnitTest.UnitTest.TestToString","DisplayName":"TestToString","ExecutorUri":"executor://NUnit3TestExecutor","Source":"D:\\PairCoding\\pair-coding-project-a_team\\ExercisesGenerator\\ToolsUnitTest\\bin\\Release\\net5.0\\fine-code-coverage\\build-output\\ToolsUnitTest.dll","CodeFilePath":null,"LineNumber":0,"Properties":[]},"Attachments":[],"Outcome":1,"ErrorMessage":null,"ErrorStackTrace":null,"DisplayName":"TestToString","Messages":[],"ComputerName":"LAPTOP-LGFH7TT9","Duration":"00:00:00.0001610","StartTime":"2021-10-07T14:15:36.9669013+00:00","EndTime":"2021-10-07T14:15:36.9670617+00:00","Properties":[]}],"TestRunStatistics":{"ExecutedTests":25,"Stats":{"Passed":25}},"ActiveTests":[]},"RunAttachments":[],"ExecutorUris":["executor://nunit3testexecutor/"]}}
TpTrace Verbose: 0 : 118840, 14, 2021/10/07, 22:15:37.071, 2879155801741, vstest.console.dll, TestRequestSender.EndSession: Sending end session.
TpTrace Verbose: 0 : 118840, 14, 2021/10/07, 22:15:37.071, 2879155802820, vstest.console.dll, ProxyOperationManager.Close: waiting for test host to exit for 100 ms
TpTrace Warning: 0 : 118840, 10, 2021/10/07, 22:15:37.099, 2879156084472, vstest.console.dll, TestHostManagerCallbacks.ErrorReceivedCallback Test host standard error line: 
TpTrace Verbose: 0 : 118840, 7, 2021/10/07, 22:15:37.104, 2879156128451, vstest.console.dll, TestHostProvider.ExitCallBack: Host exited starting callback.
TpTrace Information: 0 : 118840, 7, 2021/10/07, 22:15:37.104, 2879156133146, vstest.console.dll, TestHostManagerCallbacks.ExitCallBack: Testhost processId: 117892 exited with exitcode: 0 error: ''
TpTrace Verbose: 0 : 118840, 7, 2021/10/07, 22:15:37.104, 2879156133634, vstest.console.dll, DotnetTestHostManager.OnHostExited: invoking OnHostExited callback
TpTrace Verbose: 0 : 118840, 7, 2021/10/07, 22:15:37.104, 2879156134007, vstest.console.dll, CrossPlatEngine.TestHostManagerHostExited: calling on client process exit callback.
TpTrace Information: 0 : 118840, 7, 2021/10/07, 22:15:37.104, 2879156134392, vstest.console.dll, TestRequestSender.OnClientProcessExit: Test host process exited. Standard error: 
TpTrace Warning: 0 : 118840, 14, 2021/10/07, 22:15:37.104, 2879156134694, vstest.console.dll, ProxyOperationManager: Timed out waiting for test host to exit. Will terminate process.
TpTrace Information: 0 : 118840, 7, 2021/10/07, 22:15:37.104, 2879156134864, vstest.console.dll, SocketServer.Stop: Stop server endPoint: 127.0.0.1:57353
TpTrace Information: 0 : 118840, 7, 2021/10/07, 22:15:37.105, 2879156135705, vstest.console.dll, SocketServer.Stop: Cancellation requested. Stopping message loop.
TpTrace Verbose: 0 : 118840, 14, 2021/10/07, 22:15:37.105, 2879156140483, vstest.console.dll, ProxyDataCollectionManager.InvokeDataCollectionServiceAction: Starting.
TpTrace Information: 0 : 118840, 14, 2021/10/07, 22:15:37.105, 2879156140926, vstest.console.dll, ProxyDataCollectionManager.AfterTestRunEnd: Get attachment set for datacollector processId: 16584 port: 57350
TpTrace Verbose: 0 : 118840, 14, 2021/10/07, 22:15:37.105, 2879156141304, vstest.console.dll, DataCollectionRequestSender.SendAfterTestRunStartAndGetResult : Send AfterTestRunEnd message with isCancelled: False
TpTrace Verbose: 0 : 118840, 14, 2021/10/07, 22:15:37.109, 2879156175448, vstest.console.dll, DataCollectionRequestSender.SendAfterTestRunStartAndGetResult : Received message: (DataCollection.AfterTestRunEndResult) -> {
  "AttachmentSets": [],
  "Metrics": {}
}
TpTrace Information: 0 : 118840, 14, 2021/10/07, 22:15:37.111, 2879156202772, vstest.console.dll, ProxyDataCollectionManager.InvokeDataCollectionServiceAction: Completed.
TpTrace Warning: 0 : 118840, 9, 2021/10/07, 22:15:37.129, 2879156381137, vstest.console.dll, DataCollectionLauncher.ErrorReceivedCallback datacollector standard error line: 
TpTrace Verbose: 0 : 118840, 14, 2021/10/07, 22:15:37.129, 2879156384243, vstest.console.dll, TestRunRequest:SendTestRunStatsChange: Starting.
TpTrace Information: 0 : 118840, 14, 2021/10/07, 22:15:37.129, 2879156385194, vstest.console.dll, TestRunRequest:SendTestRunStatsChange: Completed.
TpTrace Verbose: 0 : 118840, 14, 2021/10/07, 22:15:37.130, 2879156387416, vstest.console.dll, ParallelProxyExecutionManager: HandlePartialRunComplete: Total completed clients = 1, Run complete = True, Run canceled: False.
TpTrace Information: 0 : 118840, 7, 2021/10/07, 22:15:37.133, 2879156416027, vstest.console.dll, DataCollectionLauncher.ExitCallBack: Data collector exited with exitcode: 0 error: ''
TpTrace Verbose: 0 : 118840, 14, 2021/10/07, 22:15:37.153, 2879156624958, vstest.console.dll, TestRunRequest:TestRunComplete: Starting. IsAborted:False IsCanceled:False.
TpTrace Verbose: 0 : 118840, 14, 2021/10/07, 22:15:37.154, 2879156626605, vstest.console.dll, TestLoggerManager.HandleTestRunComplete: Ignoring as the object is disposed.
TpTrace Information: 0 : 118840, 14, 2021/10/07, 22:15:37.154, 2879156629188, vstest.console.dll, TestRunRequest:TestRunComplete: Completed.
TpTrace Verbose: 0 : 118840, 1, 2021/10/07, 22:15:37.154, 2879156629410, vstest.console.dll, TestRunRequest.Dispose: Starting.
TpTrace Verbose: 0 : 118840, 14, 2021/10/07, 22:15:37.154, 2879156629654, vstest.console.dll, TestRequestSender.SetOperationComplete: Setting operation complete.
TpTrace Information: 0 : 118840, 1, 2021/10/07, 22:15:37.154, 2879156630165, vstest.console.dll, TestRunRequest.Dispose: Completed.
TpTrace Information: 0 : 118840, 14, 2021/10/07, 22:15:37.154, 2879156630605, vstest.console.dll, SocketServer.Stop: Stop server endPoint: 127.0.0.1:57353
TpTrace Information: 0 : 118840, 14, 2021/10/07, 22:15:37.154, 2879156630896, vstest.console.dll, SocketServer.Stop: Cancellation requested. Stopping message loop.
TpTrace Information: 0 : 118840, 1, 2021/10/07, 22:15:37.154, 2879156631009, vstest.console.dll, TestRequestManager.RunTests: run tests completed.
TpTrace Information: 0 : 118840, 14, 2021/10/07, 22:15:37.154, 2879156631223, vstest.console.dll, SocketServer.PrivateStop: Stop server endPoint: 127.0.0.1:57353 error: 
TpTrace Information: 0 : 118840, 1, 2021/10/07, 22:15:37.154, 2879156631669, vstest.console.dll, RunTestsArgumentProcessor:Execute: Test run is completed.
TpTrace Verbose: 0 : 118840, 1, 2021/10/07, 22:15:37.154, 2879156632997, vstest.console.dll, Executor.Execute: Exiting with exit code of 0
TpTrace Verbose: 0 : 118840, 14, 2021/10/07, 22:15:37.155, 2879156635588, vstest.console.dll, LengthPrefixCommunicationChannel.Dispose: Dispose reader and writer.
TpTrace Information: 0 : 118840, 14, 2021/10/07, 22:15:37.155, 2879156636210, vstest.console.dll, SocketServer.Stop: Raise disconnected event endPoint: 127.0.0.1:57353 error: 
TpTrace Verbose: 0 : 118840, 14, 2021/10/07, 22:15:37.155, 2879156636736, vstest.console.dll, TestRequestSender: OnTestRunAbort: Operation is already complete. Skip error message.
TpTrace Verbose: 0 : 118840, 14, 2021/10/07, 22:15:37.155, 2879156636989, vstest.console.dll, TcpClientExtensions.MessageLoopAsync: exiting MessageLoopAsync remoteEndPoint: 127.0.0.1:57354 localEndPoint: 127.0.0.1:57353
